#
# There is insufficient memory for the Java Runtime Environment to continue.
# Native memory allocation (malloc) failed to allocate 2065376 bytes for Chunk::new
# Possible reasons:
#   The system is out of physical RAM or swap space
#   The process is running with CompressedOops enabled, and the Java Heap may be blocking the growth of the native heap
# Possible solutions:
#   Reduce memory load on the system
#   Increase physical memory or swap space
#   Check if swap backing store is full
#   Decrease Java heap size (-Xmx/-Xms)
#   Decrease number of Java threads
#   Decrease Java thread stack sizes (-Xss)
#   Set larger code cache with -XX:ReservedCodeCacheSize=
#   JVM is running with Unscaled Compressed Oops mode in which the Java heap is
#     placed in the first 4GB address space. The Java Heap base address is the
#     maximum limit for the native heap growth. Please use -XX:HeapBaseMinAddress
#     to set the Java Heap base and to place the Java Heap above 4GB virtual address.
# This output file may be truncated or incomplete.
#
#  Out of Memory Error (arena.cpp:189), pid=17460, tid=7764
#
# JRE version: Java(TM) SE Runtime Environment (17.0.12+8) (build 17.0.12+8-LTS-286)
# Java VM: Java HotSpot(TM) 64-Bit Server VM (17.0.12+8-LTS-286, mixed mode, sharing, tiered, compressed oops, compressed class ptrs, g1 gc, windows-amd64)
# No core dump will be written. Minidumps are not enabled by default on client versions of Windows
#

---------------  S U M M A R Y ------------

Command Line: -XX:+ShowCodeDetailsInExceptionMessages -Dspring.jmx.enabled=true -Dmanagement.endpoints.jmx.exposure.include=* -Dspring.application.admin.enabled=true -Dspring.boot.project.name=farmconnect-backend -Djava.rmi.server.hostname=localhost -Dcom.sun.management.jmxremote.port=45556 -Dcom.sun.management.jmxremote.authenticate=false -Dcom.sun.management.jmxremote.ssl=false com.farmconnect.farmconnectbackend.FarmconnectBackendApplication

Host: AMD Ryzen 5 5600H with Radeon Graphics         , 12 cores, 5G,  Windows 11 , 64 bit Build 26100 (10.0.26100.5074)
Time: Sun Aug 31 21:51:50 2025 India Standard Time elapsed time: 2.806652 seconds (0d 0h 0m 2s)

---------------  T H R E A D  ---------------

Current thread (0x0000019c487a8e50):  JavaThread "C2 CompilerThread0" daemon [_thread_in_native, id=7764, stack(0x0000002ad7c00000,0x0000002ad7d00000)]


Current CompileTask:
C2:   2806 2419       4       java.lang.invoke.MethodType::makeImpl (109 bytes)

Stack: [0x0000002ad7c00000,0x0000002ad7d00000]
Native frames: (J=compiled Java code, j=interpreted, Vv=VM code, C=native code)
V  [jvm.dll+0x67a04a]
V  [jvm.dll+0x7da4ed]
V  [jvm.dll+0x7dbe33]
V  [jvm.dll+0x7dc4a3]
V  [jvm.dll+0x24508f]
V  [jvm.dll+0xab773]
V  [jvm.dll+0xabd3c]
V  [jvm.dll+0x361bee]
V  [jvm.dll+0x32c431]
V  [jvm.dll+0x32b8ca]
V  [jvm.dll+0x21683f]
V  [jvm.dll+0x215c6f]
V  [jvm.dll+0x1a2960]
V  [jvm.dll+0x22610b]
V  [jvm.dll+0x2242ab]
V  [jvm.dll+0x79075c]
V  [jvm.dll+0x78abea]
V  [jvm.dll+0x678f35]
C  [ucrtbase.dll+0x37b0]
C  [KERNEL32.DLL+0x2e8d7]
C  [ntdll.dll+0x8d9c]


---------------  P R O C E S S  ---------------

Threads class SMR info:
_java_thread_list=0x0000019c8f038970, length=23, elements={
0x0000019c2b5b9350, 0x0000019c4877f930, 0x0000019c48780c70, 0x0000019c48796d00,
0x0000019c487971e0, 0x0000019c48798320, 0x0000019c4879f480, 0x0000019c487a8e50,
0x0000019c487aa430, 0x0000019c487aa950, 0x0000019c48768970, 0x0000019c48a45fe0,
0x0000019c48b95a20, 0x0000019c8e348320, 0x0000019c8e2fa650, 0x0000019c8e300440,
0x0000019c8eba5c30, 0x0000019c8e695e20, 0x0000019c8e696300, 0x0000019c8e7c4db0,
0x0000019c8e7c7b40, 0x0000019c8e7c7120, 0x0000019c8e7c8050
}

Java Threads: ( => current thread )
  0x0000019c2b5b9350 JavaThread "main" [_thread_blocked, id=12536, stack(0x0000002ad6f00000,0x0000002ad7000000)]
  0x0000019c4877f930 JavaThread "Reference Handler" daemon [_thread_blocked, id=5780, stack(0x0000002ad7600000,0x0000002ad7700000)]
  0x0000019c48780c70 JavaThread "Finalizer" daemon [_thread_blocked, id=8360, stack(0x0000002ad7700000,0x0000002ad7800000)]
  0x0000019c48796d00 JavaThread "Signal Dispatcher" daemon [_thread_blocked, id=17900, stack(0x0000002ad7800000,0x0000002ad7900000)]
  0x0000019c487971e0 JavaThread "Attach Listener" daemon [_thread_blocked, id=17956, stack(0x0000002ad7900000,0x0000002ad7a00000)]
  0x0000019c48798320 JavaThread "Service Thread" daemon [_thread_blocked, id=11848, stack(0x0000002ad7a00000,0x0000002ad7b00000)]
  0x0000019c4879f480 JavaThread "Monitor Deflation Thread" daemon [_thread_blocked, id=8900, stack(0x0000002ad7b00000,0x0000002ad7c00000)]
=>0x0000019c487a8e50 JavaThread "C2 CompilerThread0" daemon [_thread_in_native, id=7764, stack(0x0000002ad7c00000,0x0000002ad7d00000)]
  0x0000019c487aa430 JavaThread "C1 CompilerThread0" daemon [_thread_blocked, id=13816, stack(0x0000002ad7d00000,0x0000002ad7e00000)]
  0x0000019c487aa950 JavaThread "Sweeper thread" daemon [_thread_blocked, id=16872, stack(0x0000002ad7e00000,0x0000002ad7f00000)]
  0x0000019c48768970 JavaThread "Common-Cleaner" daemon [_thread_blocked, id=3560, stack(0x0000002ad7f00000,0x0000002ad8000000)]
  0x0000019c48a45fe0 JavaThread "Notification Thread" daemon [_thread_blocked, id=9976, stack(0x0000002ad8000000,0x0000002ad8100000)]
  0x0000019c48b95a20 JavaThread "C2 CompilerThread1" daemon [_thread_in_native, id=17476, stack(0x0000002ad8100000,0x0000002ad8200000)]
  0x0000019c8e348320 JavaThread "RMI TCP Accept-0" daemon [_thread_in_native, id=17424, stack(0x0000002ad8200000,0x0000002ad8300000)]
  0x0000019c8e2fa650 JavaThread "RMI TCP Accept-45556" daemon [_thread_in_native, id=18224, stack(0x0000002ad8300000,0x0000002ad8400000)]
  0x0000019c8e300440 JavaThread "RMI TCP Accept-0" daemon [_thread_in_native, id=17652, stack(0x0000002ad8400000,0x0000002ad8500000)]
  0x0000019c8eba5c30 JavaThread "RMI TCP Connection(1)-127.0.0.1" daemon [_thread_in_native, id=16428, stack(0x0000002ad8600000,0x0000002ad8700000)]
  0x0000019c8e695e20 JavaThread "RMI Scheduler(0)" daemon [_thread_blocked, id=12064, stack(0x0000002ad8700000,0x0000002ad8800000)]
  0x0000019c8e696300 JavaThread "RMI TCP Connection(2)-127.0.0.1" daemon [_thread_in_native, id=10108, stack(0x0000002ad8800000,0x0000002ad8900000)]
  0x0000019c8e7c4db0 JavaThread "JMX server connection timeout 22" daemon [_thread_blocked, id=8380, stack(0x0000002ad8900000,0x0000002ad8a00000)]
  0x0000019c8e7c7b40 JavaThread "Thread-0" [_thread_blocked, id=18160, stack(0x0000002ad9200000,0x0000002ad9300000)]
  0x0000019c8e7c7120 JavaThread "restartedMain" [_thread_in_vm, id=15700, stack(0x0000002ad9300000,0x0000002ad9400000)]
  0x0000019c8e7c8050 JavaThread "background-preinit" [_thread_in_native, id=17440, stack(0x0000002ad9600000,0x0000002ad9700000)]

Other Threads:
  0x0000019c487772f0 VMThread "VM Thread" [stack: 0x0000002ad7500000,0x0000002ad7600000] [id=15856]
  0x0000019c2b62d980 WatcherThread [stack: 0x0000002ad8500000,0x0000002ad8600000] [id=17648]
  0x0000019c2b60cdb0 GCTaskThread "GC Thread#0" [stack: 0x0000002ad7000000,0x0000002ad7100000] [id=18336]
  0x0000019c8e680b50 GCTaskThread "GC Thread#1" [stack: 0x0000002ad8a00000,0x0000002ad8b00000] [id=6276]
  0x0000019c8e4c6650 GCTaskThread "GC Thread#2" [stack: 0x0000002ad8b00000,0x0000002ad8c00000] [id=17192]
  0x0000019c8ef6eae0 GCTaskThread "GC Thread#3" [stack: 0x0000002ad8c00000,0x0000002ad8d00000] [id=16956]
  0x0000019c8e436730 GCTaskThread "GC Thread#4" [stack: 0x0000002ad8d00000,0x0000002ad8e00000] [id=11592]
  0x0000019c8e4369f0 GCTaskThread "GC Thread#5" [stack: 0x0000002ad8e00000,0x0000002ad8f00000] [id=1704]
  0x0000019c8ef13030 GCTaskThread "GC Thread#6" [stack: 0x0000002ad8f00000,0x0000002ad9000000] [id=14168]
  0x0000019c8ef132f0 GCTaskThread "GC Thread#7" [stack: 0x0000002ad9000000,0x0000002ad9100000] [id=4908]
  0x0000019c8f1f22b0 GCTaskThread "GC Thread#8" [stack: 0x0000002ad9400000,0x0000002ad9500000] [id=14548]
  0x0000019c8f740cb0 GCTaskThread "GC Thread#9" [stack: 0x0000002ad9500000,0x0000002ad9600000] [id=5108]
  0x0000019c2b6199e0 ConcurrentGCThread "G1 Main Marker" [stack: 0x0000002ad7100000,0x0000002ad7200000] [id=18312]
  0x0000019c2b61be10 ConcurrentGCThread "G1 Conc#0" [stack: 0x0000002ad7200000,0x0000002ad7300000] [id=17484]
  0x0000019c48632cd0 ConcurrentGCThread "G1 Refine#0" [stack: 0x0000002ad7300000,0x0000002ad7400000] [id=14136]
  0x0000019c8e6ae710 ConcurrentGCThread "G1 Refine#1" [stack: 0x0000002ad9100000,0x0000002ad9200000] [id=4700]
  0x0000019c48632fd0 ConcurrentGCThread "G1 Service" [stack: 0x0000002ad7400000,0x0000002ad7500000] [id=7448]

Threads with active compile tasks:
C2 CompilerThread0     2826 2419       4       java.lang.invoke.MethodType::makeImpl (109 bytes)
C1 CompilerThread0     2826 2617       3       org.springframework.asm.Type::getReturnType (13 bytes)
C2 CompilerThread1     2826 2613   !   4       java.util.zip.ZipFile$Source::getEntryPos (181 bytes)

VM state: not at safepoint (normal execution)

VM Mutex/Monitor currently owned by a thread: None

Heap address: 0x00000000a2400000, size: 1500 MB, Compressed Oops mode: 32-bit

CDS archive(s) mapped at: [0x0000019c49000000-0x0000019c49bd0000-0x0000019c49bd0000), size 12386304, SharedBaseAddress: 0x0000019c49000000, ArchiveRelocationMode: 1.
Compressed class space mapped at: 0x0000019c4a000000-0x0000019c8a000000, reserved size: 1073741824
Narrow klass base: 0x0000019c49000000, Narrow klass shift: 0, Narrow klass range: 0x100000000

GC Precious Log:
 CPUs: 12 total, 12 available
 Memory: 5996M
 Large Page Support: Disabled
 NUMA Support: Disabled
 Compressed Oops: Enabled (32-bit)
 Heap Region Size: 1M
 Heap Min Capacity: 8M
 Heap Initial Capacity: 94M
 Heap Max Capacity: 1500M
 Pre-touch: Disabled
 Parallel Workers: 10
 Concurrent Workers: 3
 Concurrent Refinement Workers: 10
 Periodic GC: Disabled

Heap:
 garbage-first heap   total 96256K, used 16684K [0x00000000a2400000, 0x0000000100000000)
  region size 1024K, 9 young (9216K), 5 survivors (5120K)
 Metaspace       used 20761K, committed 21184K, reserved 1114112K
  class space    used 2662K, committed 2880K, reserved 1048576K

Heap Regions: E=young(eden), S=young(survivor), O=old, HS=humongous(starts), HC=humongous(continues), CS=collection set, F=free, OA=open archive, CA=closed archive, TAMS=top-at-mark-start (previous, next)
|   0|0x00000000a2400000, 0x00000000a2500000, 0x00000000a2500000|100%|HS|  |TAMS 0x00000000a2400000, 0x00000000a2400000| Complete 
|   1|0x00000000a2500000, 0x00000000a2600000, 0x00000000a2600000|100%|HS|  |TAMS 0x00000000a2500000, 0x00000000a2500000| Complete 
|   2|0x00000000a2600000, 0x00000000a2700000, 0x00000000a2700000|100%| O|  |TAMS 0x00000000a2600000, 0x00000000a2600000| Untracked 
|   3|0x00000000a2700000, 0x00000000a2800000, 0x00000000a2800000|100%| O|  |TAMS 0x00000000a2700000, 0x00000000a2700000| Untracked 
|   4|0x00000000a2800000, 0x00000000a2900000, 0x00000000a2900000|100%| O|  |TAMS 0x00000000a2800000, 0x00000000a2800000| Untracked 
|   5|0x00000000a2900000, 0x00000000a2a00000, 0x00000000a2a00000|100%| O|  |TAMS 0x00000000a2900000, 0x00000000a2900000| Untracked 
|   6|0x00000000a2a00000, 0x00000000a2b00000, 0x00000000a2b00000|100%| O|  |TAMS 0x00000000a2a00000, 0x00000000a2a00000| Untracked 
|   7|0x00000000a2b00000, 0x00000000a2c00000, 0x00000000a2c00000|100%| O|  |TAMS 0x00000000a2b00000, 0x00000000a2b00000| Untracked 
|   8|0x00000000a2c00000, 0x00000000a2d00000, 0x00000000a2d00000|100%| O|  |TAMS 0x00000000a2c00000, 0x00000000a2c00000| Untracked 
|   9|0x00000000a2d00000, 0x00000000a2d37800, 0x00000000a2e00000| 21%| O|  |TAMS 0x00000000a2d00000, 0x00000000a2d00000| Untracked 
|  10|0x00000000a2e00000, 0x00000000a2e00000, 0x00000000a2f00000|  0%| F|  |TAMS 0x00000000a2e00000, 0x00000000a2e00000| Untracked 
|  11|0x00000000a2f00000, 0x00000000a2f00000, 0x00000000a3000000|  0%| F|  |TAMS 0x00000000a2f00000, 0x00000000a2f00000| Untracked 
|  12|0x00000000a3000000, 0x00000000a3000000, 0x00000000a3100000|  0%| F|  |TAMS 0x00000000a3000000, 0x00000000a3000000| Untracked 
|  13|0x00000000a3100000, 0x00000000a3100000, 0x00000000a3200000|  0%| F|  |TAMS 0x00000000a3100000, 0x00000000a3100000| Untracked 
|  14|0x00000000a3200000, 0x00000000a3200000, 0x00000000a3300000|  0%| F|  |TAMS 0x00000000a3200000, 0x00000000a3200000| Untracked 
|  15|0x00000000a3300000, 0x00000000a3300000, 0x00000000a3400000|  0%| F|  |TAMS 0x00000000a3300000, 0x00000000a3300000| Untracked 
|  16|0x00000000a3400000, 0x00000000a3400000, 0x00000000a3500000|  0%| F|  |TAMS 0x00000000a3400000, 0x00000000a3400000| Untracked 
|  17|0x00000000a3500000, 0x00000000a3500000, 0x00000000a3600000|  0%| F|  |TAMS 0x00000000a3500000, 0x00000000a3500000| Untracked 
|  18|0x00000000a3600000, 0x00000000a3600000, 0x00000000a3700000|  0%| F|  |TAMS 0x00000000a3600000, 0x00000000a3600000| Untracked 
|  19|0x00000000a3700000, 0x00000000a3700000, 0x00000000a3800000|  0%| F|  |TAMS 0x00000000a3700000, 0x00000000a3700000| Untracked 
|  20|0x00000000a3800000, 0x00000000a3800000, 0x00000000a3900000|  0%| F|  |TAMS 0x00000000a3800000, 0x00000000a3800000| Untracked 
|  21|0x00000000a3900000, 0x00000000a3900000, 0x00000000a3a00000|  0%| F|  |TAMS 0x00000000a3900000, 0x00000000a3900000| Untracked 
|  22|0x00000000a3a00000, 0x00000000a3a00000, 0x00000000a3b00000|  0%| F|  |TAMS 0x00000000a3a00000, 0x00000000a3a00000| Untracked 
|  23|0x00000000a3b00000, 0x00000000a3b00000, 0x00000000a3c00000|  0%| F|  |TAMS 0x00000000a3b00000, 0x00000000a3b00000| Untracked 
|  24|0x00000000a3c00000, 0x00000000a3c00000, 0x00000000a3d00000|  0%| F|  |TAMS 0x00000000a3c00000, 0x00000000a3c00000| Untracked 
|  25|0x00000000a3d00000, 0x00000000a3d00000, 0x00000000a3e00000|  0%| F|  |TAMS 0x00000000a3d00000, 0x00000000a3d00000| Untracked 
|  26|0x00000000a3e00000, 0x00000000a3e00000, 0x00000000a3f00000|  0%| F|  |TAMS 0x00000000a3e00000, 0x00000000a3e00000| Untracked 
|  27|0x00000000a3f00000, 0x00000000a3f00000, 0x00000000a4000000|  0%| F|  |TAMS 0x00000000a3f00000, 0x00000000a3f00000| Untracked 
|  28|0x00000000a4000000, 0x00000000a4000000, 0x00000000a4100000|  0%| F|  |TAMS 0x00000000a4000000, 0x00000000a4000000| Untracked 
|  29|0x00000000a4100000, 0x00000000a4100000, 0x00000000a4200000|  0%| F|  |TAMS 0x00000000a4100000, 0x00000000a4100000| Untracked 
|  30|0x00000000a4200000, 0x00000000a4200000, 0x00000000a4300000|  0%| F|  |TAMS 0x00000000a4200000, 0x00000000a4200000| Untracked 
|  31|0x00000000a4300000, 0x00000000a4300000, 0x00000000a4400000|  0%| F|  |TAMS 0x00000000a4300000, 0x00000000a4300000| Untracked 
|  32|0x00000000a4400000, 0x00000000a4400000, 0x00000000a4500000|  0%| F|  |TAMS 0x00000000a4400000, 0x00000000a4400000| Untracked 
|  33|0x00000000a4500000, 0x00000000a4500000, 0x00000000a4600000|  0%| F|  |TAMS 0x00000000a4500000, 0x00000000a4500000| Untracked 
|  34|0x00000000a4600000, 0x00000000a4600000, 0x00000000a4700000|  0%| F|  |TAMS 0x00000000a4600000, 0x00000000a4600000| Untracked 
|  35|0x00000000a4700000, 0x00000000a4700000, 0x00000000a4800000|  0%| F|  |TAMS 0x00000000a4700000, 0x00000000a4700000| Untracked 
|  36|0x00000000a4800000, 0x00000000a4800000, 0x00000000a4900000|  0%| F|  |TAMS 0x00000000a4800000, 0x00000000a4800000| Untracked 
|  37|0x00000000a4900000, 0x00000000a4900000, 0x00000000a4a00000|  0%| F|  |TAMS 0x00000000a4900000, 0x00000000a4900000| Untracked 
|  38|0x00000000a4a00000, 0x00000000a4a00000, 0x00000000a4b00000|  0%| F|  |TAMS 0x00000000a4a00000, 0x00000000a4a00000| Untracked 
|  39|0x00000000a4b00000, 0x00000000a4b00000, 0x00000000a4c00000|  0%| F|  |TAMS 0x00000000a4b00000, 0x00000000a4b00000| Untracked 
|  40|0x00000000a4c00000, 0x00000000a4c00000, 0x00000000a4d00000|  0%| F|  |TAMS 0x00000000a4c00000, 0x00000000a4c00000| Untracked 
|  41|0x00000000a4d00000, 0x00000000a4d00000, 0x00000000a4e00000|  0%| F|  |TAMS 0x00000000a4d00000, 0x00000000a4d00000| Untracked 
|  42|0x00000000a4e00000, 0x00000000a4e00000, 0x00000000a4f00000|  0%| F|  |TAMS 0x00000000a4e00000, 0x00000000a4e00000| Untracked 
|  43|0x00000000a4f00000, 0x00000000a4f00000, 0x00000000a5000000|  0%| F|  |TAMS 0x00000000a4f00000, 0x00000000a4f00000| Untracked 
|  44|0x00000000a5000000, 0x00000000a5000000, 0x00000000a5100000|  0%| F|  |TAMS 0x00000000a5000000, 0x00000000a5000000| Untracked 
|  45|0x00000000a5100000, 0x00000000a5100000, 0x00000000a5200000|  0%| F|  |TAMS 0x00000000a5100000, 0x00000000a5100000| Untracked 
|  46|0x00000000a5200000, 0x00000000a5200000, 0x00000000a5300000|  0%| F|  |TAMS 0x00000000a5200000, 0x00000000a5200000| Untracked 
|  47|0x00000000a5300000, 0x00000000a5300000, 0x00000000a5400000|  0%| F|  |TAMS 0x00000000a5300000, 0x00000000a5300000| Untracked 
|  48|0x00000000a5400000, 0x00000000a5400000, 0x00000000a5500000|  0%| F|  |TAMS 0x00000000a5400000, 0x00000000a5400000| Untracked 
|  49|0x00000000a5500000, 0x00000000a5500000, 0x00000000a5600000|  0%| F|  |TAMS 0x00000000a5500000, 0x00000000a5500000| Untracked 
|  50|0x00000000a5600000, 0x00000000a5600000, 0x00000000a5700000|  0%| F|  |TAMS 0x00000000a5600000, 0x00000000a5600000| Untracked 
|  51|0x00000000a5700000, 0x00000000a5700000, 0x00000000a5800000|  0%| F|  |TAMS 0x00000000a5700000, 0x00000000a5700000| Untracked 
|  52|0x00000000a5800000, 0x00000000a58139e0, 0x00000000a5900000|  7%| S|CS|TAMS 0x00000000a5800000, 0x00000000a5800000| Complete 
|  53|0x00000000a5900000, 0x00000000a5a00000, 0x00000000a5a00000|100%| S|CS|TAMS 0x00000000a5900000, 0x00000000a5900000| Complete 
|  54|0x00000000a5a00000, 0x00000000a5b00000, 0x00000000a5b00000|100%| S|CS|TAMS 0x00000000a5a00000, 0x00000000a5a00000| Complete 
|  55|0x00000000a5b00000, 0x00000000a5c00000, 0x00000000a5c00000|100%| S|CS|TAMS 0x00000000a5b00000, 0x00000000a5b00000| Complete 
|  56|0x00000000a5c00000, 0x00000000a5d00000, 0x00000000a5d00000|100%| S|CS|TAMS 0x00000000a5c00000, 0x00000000a5c00000| Complete 
|  57|0x00000000a5d00000, 0x00000000a5d00000, 0x00000000a5e00000|  0%| F|  |TAMS 0x00000000a5d00000, 0x00000000a5d00000| Untracked 
|  58|0x00000000a5e00000, 0x00000000a5e00000, 0x00000000a5f00000|  0%| F|  |TAMS 0x00000000a5e00000, 0x00000000a5e00000| Untracked 
|  59|0x00000000a5f00000, 0x00000000a5f00000, 0x00000000a6000000|  0%| F|  |TAMS 0x00000000a5f00000, 0x00000000a5f00000| Untracked 
|  60|0x00000000a6000000, 0x00000000a6000000, 0x00000000a6100000|  0%| F|  |TAMS 0x00000000a6000000, 0x00000000a6000000| Untracked 
|  61|0x00000000a6100000, 0x00000000a6100000, 0x00000000a6200000|  0%| F|  |TAMS 0x00000000a6100000, 0x00000000a6100000| Untracked 
|  62|0x00000000a6200000, 0x00000000a6200000, 0x00000000a6300000|  0%| F|  |TAMS 0x00000000a6200000, 0x00000000a6200000| Untracked 
|  63|0x00000000a6300000, 0x00000000a6300000, 0x00000000a6400000|  0%| F|  |TAMS 0x00000000a6300000, 0x00000000a6300000| Untracked 
|  64|0x00000000a6400000, 0x00000000a6400000, 0x00000000a6500000|  0%| F|  |TAMS 0x00000000a6400000, 0x00000000a6400000| Untracked 
|  65|0x00000000a6500000, 0x00000000a6500000, 0x00000000a6600000|  0%| F|  |TAMS 0x00000000a6500000, 0x00000000a6500000| Untracked 
|  66|0x00000000a6600000, 0x00000000a6600000, 0x00000000a6700000|  0%| F|  |TAMS 0x00000000a6600000, 0x00000000a6600000| Untracked 
|  67|0x00000000a6700000, 0x00000000a6700000, 0x00000000a6800000|  0%| F|  |TAMS 0x00000000a6700000, 0x00000000a6700000| Untracked 
|  68|0x00000000a6800000, 0x00000000a6800000, 0x00000000a6900000|  0%| F|  |TAMS 0x00000000a6800000, 0x00000000a6800000| Untracked 
|  69|0x00000000a6900000, 0x00000000a6900000, 0x00000000a6a00000|  0%| F|  |TAMS 0x00000000a6900000, 0x00000000a6900000| Untracked 
|  70|0x00000000a6a00000, 0x00000000a6a00000, 0x00000000a6b00000|  0%| F|  |TAMS 0x00000000a6a00000, 0x00000000a6a00000| Untracked 
|  71|0x00000000a6b00000, 0x00000000a6b00000, 0x00000000a6c00000|  0%| F|  |TAMS 0x00000000a6b00000, 0x00000000a6b00000| Untracked 
|  72|0x00000000a6c00000, 0x00000000a6c00000, 0x00000000a6d00000|  0%| F|  |TAMS 0x00000000a6c00000, 0x00000000a6c00000| Untracked 
|  73|0x00000000a6d00000, 0x00000000a6d00000, 0x00000000a6e00000|  0%| F|  |TAMS 0x00000000a6d00000, 0x00000000a6d00000| Untracked 
|  74|0x00000000a6e00000, 0x00000000a6e00000, 0x00000000a6f00000|  0%| F|  |TAMS 0x00000000a6e00000, 0x00000000a6e00000| Untracked 
|  75|0x00000000a6f00000, 0x00000000a6f00000, 0x00000000a7000000|  0%| F|  |TAMS 0x00000000a6f00000, 0x00000000a6f00000| Untracked 
|  76|0x00000000a7000000, 0x00000000a7000000, 0x00000000a7100000|  0%| F|  |TAMS 0x00000000a7000000, 0x00000000a7000000| Untracked 
|  77|0x00000000a7100000, 0x00000000a7100000, 0x00000000a7200000|  0%| F|  |TAMS 0x00000000a7100000, 0x00000000a7100000| Untracked 
|  78|0x00000000a7200000, 0x00000000a7200000, 0x00000000a7300000|  0%| F|  |TAMS 0x00000000a7200000, 0x00000000a7200000| Untracked 
|  79|0x00000000a7300000, 0x00000000a7300000, 0x00000000a7400000|  0%| F|  |TAMS 0x00000000a7300000, 0x00000000a7300000| Untracked 
|  80|0x00000000a7400000, 0x00000000a7400000, 0x00000000a7500000|  0%| F|  |TAMS 0x00000000a7400000, 0x00000000a7400000| Untracked 
|  81|0x00000000a7500000, 0x00000000a7500000, 0x00000000a7600000|  0%| F|  |TAMS 0x00000000a7500000, 0x00000000a7500000| Untracked 
|  82|0x00000000a7600000, 0x00000000a7600000, 0x00000000a7700000|  0%| F|  |TAMS 0x00000000a7600000, 0x00000000a7600000| Untracked 
|  83|0x00000000a7700000, 0x00000000a7700000, 0x00000000a7800000|  0%| F|  |TAMS 0x00000000a7700000, 0x00000000a7700000| Untracked 
|  84|0x00000000a7800000, 0x00000000a7800000, 0x00000000a7900000|  0%| F|  |TAMS 0x00000000a7800000, 0x00000000a7800000| Untracked 
|  85|0x00000000a7900000, 0x00000000a7900000, 0x00000000a7a00000|  0%| F|  |TAMS 0x00000000a7900000, 0x00000000a7900000| Untracked 
|  86|0x00000000a7a00000, 0x00000000a7a00000, 0x00000000a7b00000|  0%| F|  |TAMS 0x00000000a7a00000, 0x00000000a7a00000| Untracked 
|  87|0x00000000a7b00000, 0x00000000a7b00000, 0x00000000a7c00000|  0%| F|  |TAMS 0x00000000a7b00000, 0x00000000a7b00000| Untracked 
|  88|0x00000000a7c00000, 0x00000000a7c00000, 0x00000000a7d00000|  0%| F|  |TAMS 0x00000000a7c00000, 0x00000000a7c00000| Untracked 
|  89|0x00000000a7d00000, 0x00000000a7d00000, 0x00000000a7e00000|  0%| F|  |TAMS 0x00000000a7d00000, 0x00000000a7d00000| Untracked 
|  90|0x00000000a7e00000, 0x00000000a7f00000, 0x00000000a7f00000|100%| E|  |TAMS 0x00000000a7e00000, 0x00000000a7e00000| Complete 
|  91|0x00000000a7f00000, 0x00000000a8000000, 0x00000000a8000000|100%| E|CS|TAMS 0x00000000a7f00000, 0x00000000a7f00000| Complete 
|  92|0x00000000a8000000, 0x00000000a8100000, 0x00000000a8100000|100%| E|CS|TAMS 0x00000000a8000000, 0x00000000a8000000| Complete 
|  93|0x00000000a8100000, 0x00000000a8200000, 0x00000000a8200000|100%| E|CS|TAMS 0x00000000a8100000, 0x00000000a8100000| Complete 

Card table byte_map: [0x0000019c426a0000,0x0000019c42990000] _byte_map_base: 0x0000019c4218e000

Marking Bits (Prev, Next): (CMBitMap*) 0x0000019c2b60d3d0, (CMBitMap*) 0x0000019c2b60d410
 Prev Bits: [0x0000019c42c80000, 0x0000019c443f0000)
 Next Bits: [0x0000019c443f0000, 0x0000019c45b60000)

Polling page: 0x0000019c294f0000

Metaspace:

Usage:
  Non-class:     17.69 MB used.
      Class:      2.60 MB used.
       Both:     20.29 MB used.

Virtual space:
  Non-class space:       64.00 MB reserved,      17.88 MB ( 28%) committed,  1 nodes.
      Class space:        1.00 GB reserved,       2.81 MB ( <1%) committed,  1 nodes.
             Both:        1.06 GB reserved,      20.69 MB (  2%) committed. 

Chunk freelists:
   Non-Class:  14.06 MB
       Class:  13.22 MB
        Both:  27.28 MB

MaxMetaspaceSize: unlimited
CompressedClassSpaceSize: 1.00 GB
Initial GC threshold: 21.00 MB
Current GC threshold: 21.00 MB
CDS: on
MetaspaceReclaimPolicy: balanced
 - commit_granule_bytes: 65536.
 - commit_granule_words: 8192.
 - virtual_space_node_default_size: 8388608.
 - enlarge_chunks_in_place: 1.
 - new_chunks_are_fully_committed: 0.
 - uncommit_free_chunks: 1.
 - use_allocation_guard: 0.
 - handle_deallocations: 1.


Internal statistics:

num_allocs_failed_limit: 0.
num_arena_births: 454.
num_arena_deaths: 0.
num_vsnodes_births: 2.
num_vsnodes_deaths: 0.
num_space_committed: 331.
num_space_uncommitted: 0.
num_chunks_returned_to_freelist: 0.
num_chunks_taken_from_freelist: 1082.
num_chunk_merges: 0.
num_chunk_splits: 706.
num_chunks_enlarged: 492.
num_inconsistent_stats: 0.

CodeHeap 'non-profiled nmethods': size=120000Kb used=989Kb max_used=989Kb free=119010Kb
 bounds [0x0000019c3a930000, 0x0000019c3aba0000, 0x0000019c41e60000]
CodeHeap 'profiled nmethods': size=120000Kb used=5106Kb max_used=5106Kb free=114893Kb
 bounds [0x0000019c32e60000, 0x0000019c33360000, 0x0000019c3a390000]
CodeHeap 'non-nmethods': size=5760Kb used=1225Kb max_used=1260Kb free=4534Kb
 bounds [0x0000019c3a390000, 0x0000019c3a600000, 0x0000019c3a930000]
 total_blobs=3132 nmethods=2605 adapters=439
 compilation: enabled
              stopped_count=0, restarted_count=0
 full_count=0

Compilation events (20 events):
Event: 1.801 Thread 0x0000019c487aa430 2591       3       org.springframework.util.ConcurrentReferenceHashMap$Task::<init> (34 bytes)
Event: 1.801 Thread 0x0000019c487aa430 nmethod 2591 0x0000019c33349210 code [0x0000019c333493e0, 0x0000019c333496f8]
Event: 1.801 Thread 0x0000019c487aa430 2592       3       org.springframework.util.ConcurrentReferenceHashMap::doTask (18 bytes)
Event: 1.801 Thread 0x0000019c487aa430 nmethod 2592 0x0000019c33349810 code [0x0000019c333499c0, 0x0000019c33349bf8]
Event: 1.801 Thread 0x0000019c487aa430 2593       3       java.util.LinkedHashMap::keySet (25 bytes)
Event: 1.801 Thread 0x0000019c487aa430 nmethod 2593 0x0000019c33349d90 code [0x0000019c33349f40, 0x0000019c3334a318]
Event: 1.802 Thread 0x0000019c487aa430 2594       3       java.lang.Class::isEnum (27 bytes)
Event: 1.802 Thread 0x0000019c487aa430 nmethod 2594 0x0000019c3334a490 code [0x0000019c3334a640, 0x0000019c3334a848]
Event: 1.802 Thread 0x0000019c487aa430 2595       3       java.lang.reflect.Proxy::newProxyInstance (35 bytes)
Event: 1.803 Thread 0x0000019c487aa430 nmethod 2595 0x0000019c3334a910 code [0x0000019c3334ab00, 0x0000019c3334af58]
Event: 1.803 Thread 0x0000019c487aa430 2596       3       java.lang.reflect.Proxy::getProxyConstructor (92 bytes)
Event: 1.803 Thread 0x0000019c487aa430 nmethod 2596 0x0000019c3334b110 code [0x0000019c3334b420, 0x0000019c3334cbb8]
Event: 1.803 Thread 0x0000019c487aa430 2597       3       sun.reflect.annotation.AnnotationInvocationHandler::<init> (71 bytes)
Event: 1.803 Thread 0x0000019c487aa430 nmethod 2597 0x0000019c3334d190 code [0x0000019c3334d420, 0x0000019c3334de98]
Event: 1.803 Thread 0x0000019c487aa430 2599       1       org.springframework.core.type.classreading.SimpleAnnotationMetadata::getClassName (5 bytes)
Event: 1.804 Thread 0x0000019c487aa430 nmethod 2599 0x0000019c3aa1c610 code [0x0000019c3aa1c7a0, 0x0000019c3aa1c878]
Event: 1.804 Thread 0x0000019c487aa430 2598       1       org.springframework.core.io.DefaultResourceLoader::getProtocolResolvers (5 bytes)
Event: 1.804 Thread 0x0000019c487aa430 nmethod 2598 0x0000019c3aa1c910 code [0x0000019c3aa1caa0, 0x0000019c3aa1cb78]
Event: 2.547 Thread 0x0000019c487aa430 2600  s    3       java.io.BufferedOutputStream::write (67 bytes)
Event: 2.548 Thread 0x0000019c487aa430 nmethod 2600 0x0000019c3334e290 code [0x0000019c3334e4a0, 0x0000019c3334ec18]

GC Heap History (6 events):
Event: 0.558 GC heap before
{Heap before GC invocations=0 (full 0):
 garbage-first heap   total 96256K, used 24576K [0x00000000a2400000, 0x0000000100000000)
  region size 1024K, 23 young (23552K), 0 survivors (0K)
 Metaspace       used 7566K, committed 7744K, reserved 1114112K
  class space    used 876K, committed 960K, reserved 1048576K
}
Event: 0.567 GC heap after
{Heap after GC invocations=1 (full 0):
 garbage-first heap   total 96256K, used 9256K [0x00000000a2400000, 0x0000000100000000)
  region size 1024K, 3 young (3072K), 3 survivors (3072K)
 Metaspace       used 7566K, committed 7744K, reserved 1114112K
  class space    used 876K, committed 960K, reserved 1048576K
}
Event: 1.150 GC heap before
{Heap before GC invocations=1 (full 0):
 garbage-first heap   total 96256K, used 31784K [0x00000000a2400000, 0x0000000100000000)
  region size 1024K, 26 young (26624K), 3 survivors (3072K)
 Metaspace       used 12141K, committed 12480K, reserved 1114112K
  class space    used 1502K, committed 1664K, reserved 1048576K
}
Event: 1.160 GC heap after
{Heap after GC invocations=2 (full 0):
 garbage-first heap   total 96256K, used 11180K [0x00000000a2400000, 0x0000000100000000)
  region size 1024K, 2 young (2048K), 2 survivors (2048K)
 Metaspace       used 12141K, committed 12480K, reserved 1114112K
  class space    used 1502K, committed 1664K, reserved 1048576K
}
Event: 1.769 GC heap before
{Heap before GC invocations=2 (full 0):
 garbage-first heap   total 96256K, used 45996K [0x00000000a2400000, 0x0000000100000000)
  region size 1024K, 37 young (37888K), 2 survivors (2048K)
 Metaspace       used 19964K, committed 20352K, reserved 1114112K
  class space    used 2592K, committed 2816K, reserved 1048576K
}
Event: 1.775 GC heap after
{Heap after GC invocations=3 (full 0):
 garbage-first heap   total 96256K, used 13612K [0x00000000a2400000, 0x0000000100000000)
  region size 1024K, 5 young (5120K), 5 survivors (5120K)
 Metaspace       used 19964K, committed 20352K, reserved 1114112K
  class space    used 2592K, committed 2816K, reserved 1048576K
}

Deoptimization events (20 events):
Event: 1.712 Thread 0x0000019c8e7c7120 Uncommon trap: trap_request=0xffffff45 fr.pc=0x0000019c3aa0d1f0 relative=0x0000000000000f10
Event: 1.712 Thread 0x0000019c8e7c7120 Uncommon trap: reason=unstable_if action=reinterpret pc=0x0000019c3aa0d1f0 method=jdk.internal.org.objectweb.asm.SymbolTable.addType(Ljava/lang/String;)I @ 33 c2
Event: 1.712 Thread 0x0000019c8e7c7120 DEOPT PACKING pc=0x0000019c3aa0d1f0 sp=0x0000002ad93fc8a0
Event: 1.712 Thread 0x0000019c8e7c7120 DEOPT UNPACKING pc=0x0000019c3a3e23a3 sp=0x0000002ad93fc868 mode 2
Event: 1.727 Thread 0x0000019c8e7c7120 Uncommon trap: trap_request=0xffffff45 fr.pc=0x0000019c3a9bdbb4 relative=0x0000000000000ed4
Event: 1.727 Thread 0x0000019c8e7c7120 Uncommon trap: reason=unstable_if action=reinterpret pc=0x0000019c3a9bdbb4 method=jdk.internal.org.objectweb.asm.SymbolTable.put(Ljdk/internal/org/objectweb/asm/SymbolTable$Entry;)Ljdk/internal/org/objectweb/asm/SymbolTable$Entry; @ 13 c2
Event: 1.727 Thread 0x0000019c8e7c7120 DEOPT PACKING pc=0x0000019c3a9bdbb4 sp=0x0000002ad93fc670
Event: 1.727 Thread 0x0000019c8e7c7120 DEOPT UNPACKING pc=0x0000019c3a3e23a3 sp=0x0000002ad93fc5c8 mode 2
Event: 1.754 Thread 0x0000019c8e7c8050 Uncommon trap: trap_request=0xffffff45 fr.pc=0x0000019c3a94731c relative=0x00000000000003fc
Event: 1.754 Thread 0x0000019c8e7c8050 Uncommon trap: reason=unstable_if action=reinterpret pc=0x0000019c3a94731c method=java.lang.StringLatin1.canEncode(I)Z @ 4 c2
Event: 1.754 Thread 0x0000019c8e7c8050 DEOPT PACKING pc=0x0000019c3a94731c sp=0x0000002ad96fdc50
Event: 1.754 Thread 0x0000019c8e7c8050 DEOPT UNPACKING pc=0x0000019c3a3e23a3 sp=0x0000002ad96fdb78 mode 2
Event: 1.754 Thread 0x0000019c8e7c8050 Uncommon trap: trap_request=0xffffff45 fr.pc=0x0000019c3a947d08 relative=0x00000000000003e8
Event: 1.754 Thread 0x0000019c8e7c8050 Uncommon trap: reason=unstable_if action=reinterpret pc=0x0000019c3a947d08 method=java.lang.AbstractStringBuilder.isLatin1()Z @ 10 c2
Event: 1.754 Thread 0x0000019c8e7c8050 DEOPT PACKING pc=0x0000019c3a947d08 sp=0x0000002ad96fdc70
Event: 1.754 Thread 0x0000019c8e7c8050 DEOPT UNPACKING pc=0x0000019c3a3e23a3 sp=0x0000002ad96fdbf0 mode 2
Event: 1.754 Thread 0x0000019c8e7c8050 Uncommon trap: trap_request=0xffffff45 fr.pc=0x0000019c3a9bbfdc relative=0x000000000000005c
Event: 1.754 Thread 0x0000019c8e7c8050 Uncommon trap: reason=unstable_if action=reinterpret pc=0x0000019c3a9bbfdc method=java.lang.AbstractStringBuilder.isLatin1()Z @ 10 c2
Event: 1.754 Thread 0x0000019c8e7c8050 DEOPT PACKING pc=0x0000019c3a9bbfdc sp=0x0000002ad96fdc50
Event: 1.754 Thread 0x0000019c8e7c8050 DEOPT UNPACKING pc=0x0000019c3a3e23a3 sp=0x0000002ad96fdbe0 mode 2

Classes unloaded (0 events):
No events

Classes redefined (0 events):
No events

Internal exceptions (20 events):
Event: 1.013 Thread 0x0000019c8e7c7120 Exception <a 'java/lang/NoSuchMethodError'{0x00000000a6fc4ca8}: 'int java.lang.invoke.Invokers$Holder.linkToTargetMethod(java.lang.Object, java.lang.Object)'> (0x00000000a6fc4ca8) 
thrown [s\open\src\hotspot\share\interpreter\linkResolver.cpp, line 759]
Event: 1.034 Thread 0x0000019c8e7c7120 Exception <a 'java/lang/NoSuchMethodError'{0x00000000a6e48f60}: 'java.lang.Object java.lang.invoke.DirectMethodHandle$Holder.invokeSpecial(java.lang.Object, java.lang.Object, java.lang.Object, int, java.lang.Object)'> (0x00000000a6e48f60) 
thrown [s\open\src\hotspot\share\interpreter\linkResolver.cpp, line 759]
Event: 1.035 Thread 0x0000019c8e7c7120 Exception <a 'java/lang/NoSuchMethodError'{0x00000000a6e514c8}: 'java.lang.Object java.lang.invoke.DirectMethodHandle$Holder.newInvokeSpecial(java.lang.Object, java.lang.Object, java.lang.Object, int, java.lang.Object)'> (0x00000000a6e514c8) 
thrown [s\open\src\hotspot\share\interpreter\linkResolver.cpp, line 759]
Event: 1.036 Thread 0x0000019c8e7c7120 Exception <a 'java/lang/NoSuchMethodError'{0x00000000a6e58e98}: 'java.lang.Object java.lang.invoke.Invokers$Holder.linkToTargetMethod(java.lang.Object, java.lang.Object, int, java.lang.Object, java.lang.Object)'> (0x00000000a6e58e98) 
thrown [s\open\src\hotspot\share\interpreter\linkResolver.cpp, line 759]
Event: 1.038 Thread 0x0000019c8e7c7120 Exception <a 'java/lang/NoSuchMethodError'{0x00000000a6e69048}: 'java.lang.Object java.lang.invoke.DirectMethodHandle$Holder.newInvokeSpecial(java.lang.Object, int, java.lang.Object)'> (0x00000000a6e69048) 
thrown [s\open\src\hotspot\share\interpreter\linkResolver.cpp, line 759]
Event: 1.038 Thread 0x0000019c8e7c7120 Exception <a 'java/lang/NoSuchMethodError'{0x00000000a6e6ce08}: 'int java.lang.invoke.DirectMethodHandle$Holder.invokeSpecialIFC(java.lang.Object, java.lang.Object, java.lang.Object, java.lang.Object)'> (0x00000000a6e6ce08) 
thrown [s\open\src\hotspot\share\interpreter\linkResolver.cpp, line 759]
Event: 1.062 Thread 0x0000019c8e7c7120 Exception <a 'java/lang/NoSuchMethodError'{0x00000000a6d2fda8}: 'void java.lang.invoke.DirectMethodHandle$Holder.invokeInterface(java.lang.Object, java.lang.Object, java.lang.Object)'> (0x00000000a6d2fda8) 
thrown [s\open\src\hotspot\share\interpreter\linkResolver.cpp, line 759]
Event: 1.088 Thread 0x0000019c8e7c7120 Exception <a 'java/lang/NoSuchMethodError'{0x00000000a6ddd900}: 'void java.lang.invoke.DirectMethodHandle$Holder.invokeStaticInit(java.lang.Object, java.lang.Object, java.lang.Object)'> (0x00000000a6ddd900) 
thrown [s\open\src\hotspot\share\interpreter\linkResolver.cpp, line 759]
Event: 1.095 Thread 0x0000019c8e7c7120 Exception <a 'java/lang/NoSuchMethodError'{0x00000000a6c2f660}: 'java.lang.Object java.lang.invoke.DirectMethodHandle$Holder.invokeVirtual(java.lang.Object, java.lang.Object, java.lang.Object)'> (0x00000000a6c2f660) 
thrown [s\open\src\hotspot\share\interpreter\linkResolver.cpp, line 759]
Event: 1.120 Thread 0x0000019c8e7c7120 Exception <a 'java/lang/NoSuchMethodError'{0x00000000a6cf62b0}: 'java.lang.Object java.lang.invoke.DirectMethodHandle$Holder.newInvokeSpecial(java.lang.Object, long)'> (0x00000000a6cf62b0) 
thrown [s\open\src\hotspot\share\interpreter\linkResolver.cpp, line 759]
Event: 1.121 Thread 0x0000019c8e7c7120 Exception <a 'java/lang/NoSuchMethodError'{0x00000000a6cfd8b8}: 'void java.lang.invoke.DirectMethodHandle$Holder.invokeVirtual(java.lang.Object, java.lang.Object, java.lang.Object, java.lang.Object)'> (0x00000000a6cfd8b8) 
thrown [s\open\src\hotspot\share\interpreter\linkResolver.cpp, line 759]
Event: 1.140 Thread 0x0000019c8e7c7120 Exception <a 'java/lang/NoSuchMethodError'{0x00000000a6bb3890}: 'java.lang.Object java.lang.invoke.DirectMethodHandle$Holder.invokeSpecial(java.lang.Object, java.lang.Object, long, java.lang.Object, java.lang.Object, java.lang.Object, java.lang.Object, java.lang.Object, java.lang.Object)'> (0x00000000a6bb3890) 
thrown [s\open\src\hotspot\share\interpreter\linkResolver.cpp, line 759]
Event: 1.140 Thread 0x0000019c8e7c7120 Exception <a 'java/lang/NoSuchMethodError'{0x00000000a6bb8110}: 'java.lang.Object java.lang.invoke.DelegatingMethodHandle$Holder.reinvoke_L(java.lang.Object, long, java.lang.Object, java.lang.Object, java.lang.Object, java.lang.Object, java.lang.Object, java.lang.Object)'> (0x00000000a6bb8110) 
thrown [s\open\src\hotspot\share\interpreter\linkResolver.cpp, line 759]
Event: 1.225 Thread 0x0000019c8e7c7120 Exception <a 'java/lang/NoSuchMethodError'{0x00000000a80eb090}: 'java.lang.Object java.lang.invoke.DirectMethodHandle$Holder.invokeSpecial(java.lang.Object, java.lang.Object, java.lang.Object, java.lang.Object, java.lang.Object, java.lang.Object, java.lang.Object, java.lang.Object, java.lang.Object)'> (0x00000000a80eb090) 
thrown [s\open\src\hotspot\share\interpreter\linkResolver.cpp, line 759]
Event: 1.226 Thread 0x0000019c8e7c7120 Exception <a 'java/lang/NoSuchMethodError'{0x00000000a80ef9b8}: 'java.lang.Object java.lang.invoke.Invokers$Holder.invoke_MT(java.lang.Object, java.lang.Object, java.lang.Object, java.lang.Object, java.lang.Object, java.lang.Object, java.lang.Object, java.lang.Object, java.lang.Object)'> (0x00000000a80ef9b8) 
thrown [s\open\src\hotspot\share\interpreter\linkResolver.cpp, line 759]
Event: 1.242 Thread 0x0000019c8e7c7120 Exception <a 'java/lang/IncompatibleClassChangeError'{0x00000000a7ff9078}: Found class java.lang.Object, but interface was expected> (0x00000000a7ff9078) 
thrown [s\open\src\hotspot\share\interpreter\linkResolver.cpp, line 826]
Event: 1.260 Thread 0x0000019c8e7c8050 Exception <a 'java/lang/NoSuchMethodError'{0x00000000a7d6eaa8}: 'java.lang.Object java.lang.invoke.Invokers$Holder.invoke_MT(java.lang.Object, java.lang.Object, java.lang.Object)'> (0x00000000a7d6eaa8) 
thrown [s\open\src\hotspot\share\interpreter\linkResolver.cpp, line 759]
Event: 1.643 Thread 0x0000019c8e7c7120 Exception <a 'sun/nio/fs/WindowsException'{0x00000000a652fe58}> (0x00000000a652fe58) 
thrown [s\open\src\hotspot\share\prims\jni.cpp, line 516]
Event: 1.643 Thread 0x0000019c8e7c7120 Exception <a 'java/lang/NoSuchMethodError'{0x00000000a6531568}: 'int java.lang.invoke.DirectMethodHandle$Holder.invokeSpecial(java.lang.Object, java.lang.Object, java.lang.Object, java.lang.Object, java.lang.Object)'> (0x00000000a6531568) 
thrown [s\open\src\hotspot\share\interpreter\linkResolver.cpp, line 759]
Event: 1.645 Thread 0x0000019c8e7c7120 Exception <a 'java/lang/NoSuchMethodError'{0x00000000a653a258}: 'void java.lang.invoke.DirectMethodHandle$Holder.invokeVirtual(java.lang.Object, java.lang.Object)'> (0x00000000a653a258) 
thrown [s\open\src\hotspot\share\interpreter\linkResolver.cpp, line 759]

VM Operations (20 events):
Event: 0.558 Executing VM operation: G1CollectForAllocation
Event: 0.567 Executing VM operation: G1CollectForAllocation done
Event: 0.785 Executing VM operation: HandshakeAllThreads
Event: 0.785 Executing VM operation: HandshakeAllThreads done
Event: 1.068 Executing VM operation: ICBufferFull
Event: 1.068 Executing VM operation: ICBufferFull done
Event: 1.150 Executing VM operation: G1CollectForAllocation
Event: 1.160 Executing VM operation: G1CollectForAllocation done
Event: 1.215 Executing VM operation: HandshakeAllThreads
Event: 1.216 Executing VM operation: HandshakeAllThreads done
Event: 1.216 Executing VM operation: HandshakeAllThreads
Event: 1.216 Executing VM operation: HandshakeAllThreads done
Event: 1.617 Executing VM operation: HandshakeAllThreads
Event: 1.617 Executing VM operation: HandshakeAllThreads done
Event: 1.768 Executing VM operation: G1CollectForAllocation
Event: 1.769 Executing VM operation: G1CollectForAllocation done
Event: 1.769 Executing VM operation: G1CollectForAllocation
Event: 1.775 Executing VM operation: G1CollectForAllocation done
Event: 2.786 Executing VM operation: Cleanup
Event: 2.787 Executing VM operation: Cleanup done

Events (20 events):
Event: 1.718 loading class java/beans/Transient
Event: 1.718 loading class java/beans/Transient done
Event: 1.718 loading class java/beans/ConstructorProperties
Event: 1.718 loading class java/beans/ConstructorProperties done
Event: 1.721 loading class java/io/InvalidObjectException
Event: 1.721 loading class java/io/InvalidObjectException done
Event: 1.724 loading class java/util/concurrent/ConcurrentLinkedQueue
Event: 1.724 loading class java/util/concurrent/ConcurrentLinkedQueue done
Event: 1.724 loading class java/util/concurrent/ConcurrentLinkedQueue$Node
Event: 1.724 loading class java/util/concurrent/ConcurrentLinkedQueue$Node done
Event: 1.725 loading class java/util/concurrent/atomic/AtomicLongArray
Event: 1.726 loading class java/util/concurrent/atomic/AtomicLongArray done
Event: 1.726 loading class java/lang/invoke/VarHandleLongs$Array
Event: 1.726 loading class java/lang/invoke/VarHandleLongs$Array done
Event: 1.726 loading class java/util/concurrent/atomic/AtomicReferenceArray
Event: 1.726 loading class java/util/concurrent/atomic/AtomicReferenceArray done
Event: 1.754 loading class sun/text/resources/cldr/FormatData_en_US
Event: 1.754 loading class sun/text/resources/cldr/FormatData_en_US done
Event: 1.782 loading class java/io/CharArrayReader
Event: 1.782 loading class java/io/CharArrayReader done


Dynamic libraries:
0x00007ff6c55d0000 - 0x00007ff6c55e0000 	C:\Program Files\Java\jdk-17\bin\java.exe
0x00007fffc35a0000 - 0x00007fffc3809000 	C:\WINDOWS\SYSTEM32\ntdll.dll
0x00007fffc1430000 - 0x00007fffc14f9000 	C:\WINDOWS\System32\KERNEL32.DLL
0x00007fffc0a90000 - 0x00007fffc0e83000 	C:\WINDOWS\System32\KERNELBASE.dll
0x00007fffc08a0000 - 0x00007fffc09eb000 	C:\WINDOWS\System32\ucrtbase.dll
0x00007fffae250000 - 0x00007fffae269000 	C:\Program Files\Java\jdk-17\bin\jli.dll
0x00007fffae110000 - 0x00007fffae12b000 	C:\Program Files\Java\jdk-17\bin\VCRUNTIME140.dll
0x00007fffc1370000 - 0x00007fffc1424000 	C:\WINDOWS\System32\ADVAPI32.dll
0x00007fffc1800000 - 0x00007fffc18a9000 	C:\WINDOWS\System32\msvcrt.dll
0x00007fffc28e0000 - 0x00007fffc2986000 	C:\WINDOWS\System32\sechost.dll
0x00007fffc1e00000 - 0x00007fffc1f18000 	C:\WINDOWS\System32\RPCRT4.dll
0x00007fffc1b30000 - 0x00007fffc1cf4000 	C:\WINDOWS\System32\USER32.dll
0x00007fffa4bd0000 - 0x00007fffa4e63000 	C:\WINDOWS\WinSxS\amd64_microsoft.windows.common-controls_6595b64144ccf1df_6.0.26100.5074_none_3e0d6f78e32fd63f\COMCTL32.dll
0x00007fffc0f50000 - 0x00007fffc0f77000 	C:\WINDOWS\System32\win32u.dll
0x00007fffc2700000 - 0x00007fffc272b000 	C:\WINDOWS\System32\GDI32.dll
0x00007fffc0f80000 - 0x00007fffc10ad000 	C:\WINDOWS\System32\gdi32full.dll
0x00007fffc12c0000 - 0x00007fffc1363000 	C:\WINDOWS\System32\msvcp_win.dll
0x00007fffb98c0000 - 0x00007fffb98cb000 	C:\WINDOWS\SYSTEM32\VERSION.dll
0x00007fffc28a0000 - 0x00007fffc28cf000 	C:\WINDOWS\System32\IMM32.DLL
0x00007fffae240000 - 0x00007fffae24c000 	C:\Program Files\Java\jdk-17\bin\vcruntime140_1.dll
0x00007fffae080000 - 0x00007fffae10e000 	C:\Program Files\Java\jdk-17\bin\msvcp140.dll
0x00007ffef0890000 - 0x00007ffef1470000 	C:\Program Files\Java\jdk-17\bin\server\jvm.dll
0x00007fffc2730000 - 0x00007fffc2738000 	C:\WINDOWS\System32\PSAPI.DLL
0x00007fffb7bc0000 - 0x00007fffb7bf5000 	C:\WINDOWS\SYSTEM32\WINMM.dll
0x00007fff98a50000 - 0x00007fff98a5a000 	C:\WINDOWS\SYSTEM32\WSOCK32.dll
0x00007fffc34e0000 - 0x00007fffc3554000 	C:\WINDOWS\System32\ws2_32.DLL
0x00007fffbf4e0000 - 0x00007fffbf4fb000 	C:\WINDOWS\SYSTEM32\kernel.appcore.dll
0x00007fffae070000 - 0x00007fffae07a000 	C:\Program Files\Java\jdk-17\bin\jimage.dll
0x00007fffaaaf0000 - 0x00007fffaad32000 	C:\WINDOWS\SYSTEM32\DBGHELP.DLL
0x00007fffc2990000 - 0x00007fffc2d0b000 	C:\WINDOWS\System32\combase.dll
0x00007fffc2740000 - 0x00007fffc2817000 	C:\WINDOWS\System32\OLEAUT32.dll
0x00007fff8bbb0000 - 0x00007fff8bbed000 	C:\WINDOWS\SYSTEM32\dbgcore.DLL
0x00007fffc09f0000 - 0x00007fffc0a89000 	C:\WINDOWS\System32\bcryptPrimitives.dll
0x00007fffae030000 - 0x00007fffae055000 	C:\Program Files\Java\jdk-17\bin\java.dll
0x00007fffadb80000 - 0x00007fffadc57000 	C:\Program Files\Java\jdk-17\bin\jsvml.dll
0x00007fffc2d90000 - 0x00007fffc34dd000 	C:\WINDOWS\System32\SHELL32.dll
0x00007fffc0730000 - 0x00007fffc089c000 	C:\WINDOWS\System32\wintypes.dll
0x00007fffbe370000 - 0x00007fffbebc9000 	C:\WINDOWS\SYSTEM32\windows.storage.dll
0x00007fffc1d00000 - 0x00007fffc1df0000 	C:\WINDOWS\System32\SHCORE.dll
0x00007fffc18b0000 - 0x00007fffc1912000 	C:\WINDOWS\System32\shlwapi.dll
0x00007fffc0650000 - 0x00007fffc0679000 	C:\WINDOWS\SYSTEM32\profapi.dll
0x00007fffadff0000 - 0x00007fffae009000 	C:\Program Files\Java\jdk-17\bin\net.dll
0x00007fffb85b0000 - 0x00007fffb86cf000 	C:\WINDOWS\SYSTEM32\WINHTTP.dll
0x00007fffbfa90000 - 0x00007fffbfafb000 	C:\WINDOWS\system32\mswsock.dll
0x00007fffadfd0000 - 0x00007fffadfe6000 	C:\Program Files\Java\jdk-17\bin\nio.dll
0x00007fffae010000 - 0x00007fffae028000 	C:\Program Files\Java\jdk-17\bin\zip.dll
0x00007fffadfc0000 - 0x00007fffadfca000 	C:\Program Files\Java\jdk-17\bin\management.dll
0x00007fffadfb0000 - 0x00007fffadfbb000 	C:\Program Files\Java\jdk-17\bin\management_ext.dll
0x00007fff920f0000 - 0x00007fff92108000 	C:\WINDOWS\system32\napinsp.dll
0x00007fffbef60000 - 0x00007fffbf086000 	C:\WINDOWS\SYSTEM32\DNSAPI.dll
0x00007fffbeed0000 - 0x00007fffbef04000 	C:\WINDOWS\SYSTEM32\IPHLPAPI.DLL
0x00007fffc1920000 - 0x00007fffc192a000 	C:\WINDOWS\System32\NSI.dll
0x00007fff920d0000 - 0x00007fff920e2000 	C:\WINDOWS\System32\winrnr.dll
0x00007fff91720000 - 0x00007fff91748000 	C:\WINDOWS\system32\nlansp_c.dll
0x00007fffb8d60000 - 0x00007fffb8d76000 	C:\WINDOWS\system32\wshbth.dll
0x00007fffa8f80000 - 0x00007fffa8f8b000 	C:\Windows\System32\rasadhlp.dll
0x00007fffb5600000 - 0x00007fffb5686000 	C:\WINDOWS\System32\fwpuclnt.dll
0x00007fffbfd30000 - 0x00007fffbfd4b000 	C:\WINDOWS\SYSTEM32\CRYPTSP.dll
0x00007fffbf440000 - 0x00007fffbf47b000 	C:\WINDOWS\system32\rsaenh.dll
0x00007fffbfb30000 - 0x00007fffbfb5b000 	C:\WINDOWS\SYSTEM32\USERENV.dll
0x00007fffc0620000 - 0x00007fffc0646000 	C:\WINDOWS\SYSTEM32\bcrypt.dll
0x00007fffbfd50000 - 0x00007fffbfd5c000 	C:\WINDOWS\SYSTEM32\CRYPTBASE.dll
0x00007fffb80e0000 - 0x00007fffb80fe000 	C:\WINDOWS\SYSTEM32\dhcpcsvc6.DLL
0x00007fffb7ef0000 - 0x00007fffb7f13000 	C:\WINDOWS\SYSTEM32\dhcpcsvc.DLL
0x00007fffae270000 - 0x00007fffae280000 	C:\Program Files\Java\jdk-17\bin\verify.dll

dbghelp: loaded successfully - version: 4.0.5 - missing functions: none
symbol engine: initialized successfully - sym options: 0x614 - pdb path: .;C:\Program Files\Java\jdk-17\bin;C:\WINDOWS\SYSTEM32;C:\WINDOWS\WinSxS\amd64_microsoft.windows.common-controls_6595b64144ccf1df_6.0.26100.5074_none_3e0d6f78e32fd63f;C:\Program Files\Java\jdk-17\bin\server

VM Arguments:
jvm_args: -XX:+ShowCodeDetailsInExceptionMessages -Dspring.jmx.enabled=true -Dmanagement.endpoints.jmx.exposure.include=* -Dspring.application.admin.enabled=true -Dspring.boot.project.name=farmconnect-backend -Djava.rmi.server.hostname=localhost -Dcom.sun.management.jmxremote.port=45556 -Dcom.sun.management.jmxremote.authenticate=false -Dcom.sun.management.jmxremote.ssl=false 
java_command: com.farmconnect.farmconnectbackend.FarmconnectBackendApplication
java_class_path (initial): C:\Users\adity\StudioProjects\farmconnect-backend\target\classes;C:\Users\adity\.m2\repository\com\cloudinary\cloudinary-http44\1.32.2\cloudinary-http44-1.32.2.jar;C:\Users\adity\.m2\repository\com\cloudinary\cloudinary-core\1.32.2\cloudinary-core-1.32.2.jar;C:\Users\adity\.m2\repository\org\apache\commons\commons-lang3\3.17.0\commons-lang3-3.17.0.jar;C:\Users\adity\.m2\repository\org\apache\httpcomponents\httpclient\4.4\httpclient-4.4.jar;C:\Users\adity\.m2\repository\org\apache\httpcomponents\httpcore\4.4.16\httpcore-4.4.16.jar;C:\Users\adity\.m2\repository\commons-logging\commons-logging\1.2\commons-logging-1.2.jar;C:\Users\adity\.m2\repository\commons-codec\commons-codec\1.18.0\commons-codec-1.18.0.jar;C:\Users\adity\.m2\repository\org\apache\httpcomponents\httpmime\4.4\httpmime-4.4.jar;C:\Users\adity\.m2\repository\org\springframework\boot\spring-boot-starter-actuator\3.5.3\spring-boot-starter-actuator-3.5.3.jar;C:\Users\adity\.m2\repository\org\springframework\boot\spring-boot-starter\3.5.3\spring-boot-starter-3.5.3.jar;C:\Users\adity\.m2\repository\org\springframework\boot\spring-boot-starter-logging\3.5.3\spring-boot-starter-logging-3.5.3.jar;C:\Users\adity\.m2\repository\ch\qos\logback\logback-classic\1.5.18\logback-classic-1.5.18.jar;C:\Users\adity\.m2\repository\ch\qos\logback\logback-core\1.5.18\logback-core-1.5.18.jar;C:\Users\adity\.m2\repository\org\apache\logging\log4j\log4j-to-slf4j\2.24.3\log4j-to-slf4j-2.24.3.jar;C:\Users\adity\.m2\repository\org\apache\logging\log4j\log4j-api\2.24.3\log4j-api-2.24.3.jar;C:\Users\adity\.m2\repository\org\slf4j\jul-to-slf4j\2.0.17\jul-to-slf4j-2.0.17.jar;C:\Users\adity\.m2\repository\jakarta\annotation\jakarta.annotation-api\2.1.1\jakarta.annotation-api-2.1.1.jar;C:\Users\adity\.m2\repository\org\yaml\snakeyaml\2.4\snakeyaml-2.4.jar;C:\Users\adity\.m2\repository\org\springframework\boot\spring-boot-actuator-autoconfigure\3.5.3\spring-boot-actuator-autoconfigure-3.5.3.jar;C:\Users\adity\
Launcher Type: SUN_STANDARD

[Global flags]
     intx CICompilerCount                          = 4                                         {product} {ergonomic}
     uint ConcGCThreads                            = 3                                         {product} {ergonomic}
     uint G1ConcRefinementThreads                  = 10                                        {product} {ergonomic}
   size_t G1HeapRegionSize                         = 1048576                                   {product} {ergonomic}
    uintx GCDrainStackTargetSize                   = 64                                        {product} {ergonomic}
   size_t InitialHeapSize                          = 98566144                                  {product} {ergonomic}
     bool ManagementServer                         = true                                      {product} {command line}
   size_t MarkStackSize                            = 4194304                                   {product} {ergonomic}
   size_t MaxHeapSize                              = 1572864000                                {product} {ergonomic}
   size_t MaxNewSize                               = 943718400                                 {product} {ergonomic}
   size_t MinHeapDeltaBytes                        = 1048576                                   {product} {ergonomic}
   size_t MinHeapSize                              = 8388608                                   {product} {ergonomic}
    uintx NonNMethodCodeHeapSize                   = 5839372                                {pd product} {ergonomic}
    uintx NonProfiledCodeHeapSize                  = 122909434                              {pd product} {ergonomic}
    uintx ProfiledCodeHeapSize                     = 122909434                              {pd product} {ergonomic}
    uintx ReservedCodeCacheSize                    = 251658240                              {pd product} {ergonomic}
     bool SegmentedCodeCache                       = true                                      {product} {ergonomic}
     bool ShowCodeDetailsInExceptionMessages       = true                                   {manageable} {command line}
   size_t SoftMaxHeapSize                          = 1572864000                             {manageable} {ergonomic}
     bool UseCompressedClassPointers               = true                           {product lp64_product} {ergonomic}
     bool UseCompressedOops                        = true                           {product lp64_product} {ergonomic}
     bool UseG1GC                                  = true                                      {product} {ergonomic}
     bool UseLargePagesIndividualAllocation        = false                                  {pd product} {ergonomic}

Logging:
Log output configuration:
 #0: stdout all=warning uptime,level,tags
 #1: stderr all=off uptime,level,tags

Environment Variables:
JAVA_HOME=C:\Program Files\Java\jdk-17
PATH=C:\ProgramData\anaconda3;C:\ProgramData\anaconda3\Library\mingw-w64\bin;C:\ProgramData\anaconda3\Library\usr\bin;C:\ProgramData\anaconda3\Library\bin;C:\ProgramData\anaconda3\Scripts;C:\ProgramData\anaconda3\bin;C:\src\flutter\bin\cache\dart-sdk\bin;C:\app\adity\product\21c\dbhomeXE\bin;C:\WINDOWS\system32;C:\WINDOWS;C:\WINDOWS\System32\Wbem;C:\WINDOWS\System32\WindowsPowerShell\v1.0;C:\WINDOWS\System32\OpenSSH;C:\Program Files\Apache\maven\bin;C:\Program Files\Java\jdk-17\bin;C:\Program Files\nodejs;C:\ProgramData\chocolatey\bin;C:\Users\adity\AppData\Roaming\npm;C:\Program Files\Git\cmd;C:\Program Files\Git\bin;C:\Program Files\dotnet;C:\ProgramData\anaconda3;C:\ProgramData\anaconda3\Scripts;C:\ProgramData\anaconda3\Library\bin;C:\Program Files\GitHub CLI;C:\Program Files\MongoDB\Server\8.0\bin;c:\Users\adity\AppData\Local\Programs\cursor\resources\app\bin;C:\php-8.3.23;C:\Users\adity\kotlin-compiler-2.2.0\kotlinc\bin;C:\Users\adity\AppData\Local\Android\Sdk\platform-tools;C:\Program Files\PostgreSQL\17\bin;.;C:\Program Files\Docker\Docker\resources\bin;C:\ProgramData\anaconda3\condabin;C:\WINDOWS\system32;C:\WINDOWS;C:\WINDOWS\System32\Wbem;C:\WINDOWS\System32\WindowsPowerShell\v1.0;C:\WINDOWS\System32\OpenSSH;C:\Program Files\Apache\maven\bin;C:\Program Files\Java\jdk-17\bin;C:\Program Files\nodejs;C:\ProgramData\chocolatey\bin;C:\Users\adity\AppData\Roaming\npm;C:\Program Files\Git\cmd;C:\Program Files\Git\bin;C:\Program Files\dotnet;C:\ProgramData\anaconda3;C:\ProgramData\anaconda3\Scripts;C:\ProgramData\anaconda3\Library\bin;C:\Program Files\GitHub CLI;C:\Program Files\MongoDB\Server\8.0\bin;C:\Users\adity\AppData\Local\Programs\Python\Python313\Scripts;C:\Users\adity\AppData\Local\Programs\Python\Python313;C:\Users\adity\AppData\Local\Programs\Python\Launcher;C:\Users\adity\AppData\Local\Programs\Microsoft VS Code\bin;C:\Users\adity\.foundry\bin;C:\src\flutter\bin;C:\Users\adity\.dotnet\tools;C:\Users\adity\AppData\Loca;C:\Users\adity\AppData\Local\Muse Hu
USERNAME=adity
LANG=en_US.UTF-8
OS=Windows_NT
PROCESSOR_IDENTIFIER=AMD64 Family 25 Model 80 Stepping 0, AuthenticAMD



---------------  S Y S T E M  ---------------

OS:
 Windows 11 , 64 bit Build 26100 (10.0.26100.5074)
OS uptime: 0 days 0:46 hours
Hyper-V role detected

CPU: total 12 (initial active 12) (12 cores per cpu, 2 threads per core) family 25 model 80 stepping 0 microcode 0xa50000c, cx8, cmov, fxsr, ht, mmx, 3dnowpref, sse, sse2, sse3, ssse3, sse4a, sse4.1, sse4.2, popcnt, lzcnt, tsc, tscinvbit, avx, avx2, aes, erms, clmul, bmi1, bmi2, adx, sha, fma, vzeroupper, clflush, clflushopt, hv

Memory: 4k page, system-wide physical 5996M (460M free)
TotalPageFile size 24428M (AvailPageFile size 7M)
current process WorkingSet (physical memory assigned to process): 149M, peak: 152M
current process commit charge ("private bytes"): 239M, peak: 244M

vm_info: Java HotSpot(TM) 64-Bit Server VM (17.0.12+8-LTS-286) for windows-amd64 JRE (17.0.12+8-LTS-286), built on Jun  5 2024 06:46:59 by "mach5one" with MS VC++ 17.6 (VS2022)

END.
