#
# There is insufficient memory for the Java Runtime Environment to continue.
# Native memory allocation (malloc) failed to allocate 1172704 bytes for Chunk::new
# Possible reasons:
#   The system is out of physical RAM or swap space
#   The process is running with CompressedOops enabled, and the Java Heap may be blocking the growth of the native heap
# Possible solutions:
#   Reduce memory load on the system
#   Increase physical memory or swap space
#   Check if swap backing store is full
#   Decrease Java heap size (-Xmx/-Xms)
#   Decrease number of Java threads
#   Decrease Java thread stack sizes (-Xss)
#   Set larger code cache with -XX:ReservedCodeCacheSize=
#   JVM is running with Unscaled Compressed Oops mode in which the Java heap is
#     placed in the first 4GB address space. The Java Heap base address is the
#     maximum limit for the native heap growth. Please use -XX:HeapBaseMinAddress
#     to set the Java Heap base and to place the Java Heap above 4GB virtual address.
# This output file may be truncated or incomplete.
#
#  Out of Memory Error (arena.cpp:189), pid=22036, tid=19968
#
# JRE version: Java(TM) SE Runtime Environment (17.0.12+8) (build 17.0.12+8-LTS-286)
# Java VM: Java HotSpot(TM) 64-Bit Server VM (17.0.12+8-LTS-286, mixed mode, sharing, tiered, compressed oops, compressed class ptrs, g1 gc, windows-amd64)
# No core dump will be written. Minidumps are not enabled by default on client versions of Windows
#

---------------  S U M M A R Y ------------

Command Line: -XX:+ShowCodeDetailsInExceptionMessages -Dspring.jmx.enabled=true -Dmanagement.endpoints.jmx.exposure.include=* -Dspring.application.admin.enabled=true -Dspring.boot.project.name=farmconnect-backend -Djava.rmi.server.hostname=localhost -Dcom.sun.management.jmxremote.port=45557 -Dcom.sun.management.jmxremote.authenticate=false -Dcom.sun.management.jmxremote.ssl=false com.farmconnect.farmconnectbackend.FarmconnectBackendApplication

Host: AMD Ryzen 5 5600H with Radeon Graphics         , 12 cores, 5G,  Windows 11 , 64 bit Build 26100 (10.0.26100.5074)
Time: Mon Sep  1 09:53:51 2025 India Standard Time elapsed time: 4.368503 seconds (0d 0h 0m 4s)

---------------  T H R E A D  ---------------

Current thread (0x00000146872974c0):  JavaThread "C2 CompilerThread1" daemon [_thread_in_native, id=19968, stack(0x0000002c6f500000,0x0000002c6f600000)]


Current CompileTask:
C2:   4368 2611       4       java.lang.invoke.MethodType::makeImpl (109 bytes)

Stack: [0x0000002c6f500000,0x0000002c6f600000]
Native frames: (J=compiled Java code, j=interpreted, Vv=VM code, C=native code)
V  [jvm.dll+0x67a04a]
V  [jvm.dll+0x7da4ed]
V  [jvm.dll+0x7dbe33]
V  [jvm.dll+0x7dc4a3]
V  [jvm.dll+0x24508f]
V  [jvm.dll+0xab773]
V  [jvm.dll+0xabd3c]
V  [jvm.dll+0x361bee]
V  [jvm.dll+0x1ba45a]
V  [jvm.dll+0x216997]
V  [jvm.dll+0x215c6f]
V  [jvm.dll+0x1a2960]
V  [jvm.dll+0x22610b]
V  [jvm.dll+0x2242ab]
V  [jvm.dll+0x79075c]
V  [jvm.dll+0x78abea]
V  [jvm.dll+0x678f35]
C  [ucrtbase.dll+0x37b0]
C  [KERNEL32.DLL+0x2e8d7]
C  [ntdll.dll+0x8d9c]


---------------  P R O C E S S  ---------------

Threads class SMR info:
_java_thread_list=0x000001468988a2e0, length=19, elements={
0x0000014622bd84e0, 0x0000014641b593c0, 0x0000014641b5bb00, 0x0000014641b720b0,
0x0000014641b74990, 0x0000014641b75ec0, 0x0000014641b7a410, 0x0000014641b87cf0,
0x0000014641b8b320, 0x0000014641b95060, 0x00000146870c66a0, 0x00000146870c5c80,
0x00000146872974c0, 0x00000146870c3910, 0x00000146870c3e20, 0x00000146870c3400,
0x00000146870c4840, 0x00000146870c5260, 0x00000146870c4330
}

Java Threads: ( => current thread )
  0x0000014622bd84e0 JavaThread "main" [_thread_blocked, id=21540, stack(0x0000002c6e300000,0x0000002c6e400000)]
  0x0000014641b593c0 JavaThread "Reference Handler" daemon [_thread_blocked, id=20488, stack(0x0000002c6ea00000,0x0000002c6eb00000)]
  0x0000014641b5bb00 JavaThread "Finalizer" daemon [_thread_blocked, id=2112, stack(0x0000002c6eb00000,0x0000002c6ec00000)]
  0x0000014641b720b0 JavaThread "Signal Dispatcher" daemon [_thread_blocked, id=7756, stack(0x0000002c6ec00000,0x0000002c6ed00000)]
  0x0000014641b74990 JavaThread "Attach Listener" daemon [_thread_blocked, id=16296, stack(0x0000002c6ed00000,0x0000002c6ee00000)]
  0x0000014641b75ec0 JavaThread "Service Thread" daemon [_thread_blocked, id=21768, stack(0x0000002c6ee00000,0x0000002c6ef00000)]
  0x0000014641b7a410 JavaThread "Monitor Deflation Thread" daemon [_thread_blocked, id=8232, stack(0x0000002c6ef00000,0x0000002c6f000000)]
  0x0000014641b87cf0 JavaThread "C2 CompilerThread0" daemon [_thread_in_native, id=16500, stack(0x0000002c6f000000,0x0000002c6f100000)]
  0x0000014641b8b320 JavaThread "C1 CompilerThread0" daemon [_thread_in_native, id=9932, stack(0x0000002c6f100000,0x0000002c6f200000)]
  0x0000014641b95060 JavaThread "Sweeper thread" daemon [_thread_blocked, id=20056, stack(0x0000002c6f200000,0x0000002c6f300000)]
  0x00000146870c66a0 JavaThread "Common-Cleaner" daemon [_thread_blocked, id=17684, stack(0x0000002c6f300000,0x0000002c6f400000)]
  0x00000146870c5c80 JavaThread "Notification Thread" daemon [_thread_blocked, id=6840, stack(0x0000002c6f400000,0x0000002c6f500000)]
=>0x00000146872974c0 JavaThread "C2 CompilerThread1" daemon [_thread_in_native, id=19968, stack(0x0000002c6f500000,0x0000002c6f600000)]
  0x00000146870c3910 JavaThread "RMI TCP Accept-0" daemon [_thread_in_native, id=2832, stack(0x0000002c6f600000,0x0000002c6f700000)]
  0x00000146870c3e20 JavaThread "RMI TCP Accept-45557" daemon [_thread_in_native, id=13256, stack(0x0000002c6f700000,0x0000002c6f800000)]
  0x00000146870c3400 JavaThread "RMI TCP Accept-0" daemon [_thread_in_native, id=2212, stack(0x0000002c6f800000,0x0000002c6f900000)]
  0x00000146870c4840 JavaThread "Thread-0" [_thread_blocked, id=920, stack(0x0000002c70200000,0x0000002c70300000)]
  0x00000146870c5260 JavaThread "restartedMain" [_thread_in_vm, id=9392, stack(0x0000002c70300000,0x0000002c70400000)]
  0x00000146870c4330 JavaThread "RMI TCP Connection(1)-127.0.0.1" daemon [_thread_in_native, id=14540, stack(0x0000002c70400000,0x0000002c70500000)]

Other Threads:
  0x0000014641b53da0 VMThread "VM Thread" [stack: 0x0000002c6e900000,0x0000002c6ea00000] [id=4916]
  0x0000014622c89f80 WatcherThread [stack: 0x0000002c6f900000,0x0000002c6fa00000] [id=10936]
  0x0000014622c29400 GCTaskThread "GC Thread#0" [stack: 0x0000002c6e400000,0x0000002c6e500000] [id=372]
  0x000001468809e930 GCTaskThread "GC Thread#1" [stack: 0x0000002c6fa00000,0x0000002c6fb00000] [id=16900]
  0x0000014687f9a7b0 GCTaskThread "GC Thread#2" [stack: 0x0000002c6fb00000,0x0000002c6fc00000] [id=18412]
  0x0000014687b5b6b0 GCTaskThread "GC Thread#3" [stack: 0x0000002c6fc00000,0x0000002c6fd00000] [id=1896]
  0x0000014687703fe0 GCTaskThread "GC Thread#4" [stack: 0x0000002c6fd00000,0x0000002c6fe00000] [id=21544]
  0x00000146877042a0 GCTaskThread "GC Thread#5" [stack: 0x0000002c6fe00000,0x0000002c6ff00000] [id=12148]
  0x00000146881cfd30 GCTaskThread "GC Thread#6" [stack: 0x0000002c6ff00000,0x0000002c70000000] [id=9768]
  0x00000146882a74c0 GCTaskThread "GC Thread#7" [stack: 0x0000002c70000000,0x0000002c70100000] [id=12172]
  0x00000146883ef9a0 GCTaskThread "GC Thread#8" [stack: 0x0000002c70500000,0x0000002c70600000] [id=1436]
  0x00000146883efc60 GCTaskThread "GC Thread#9" [stack: 0x0000002c70600000,0x0000002c70700000] [id=21440]
  0x0000014622c36030 ConcurrentGCThread "G1 Main Marker" [stack: 0x0000002c6e500000,0x0000002c6e600000] [id=17864]
  0x0000014622c38460 ConcurrentGCThread "G1 Conc#0" [stack: 0x0000002c6e600000,0x0000002c6e700000] [id=4960]
  0x000001468886f040 ConcurrentGCThread "G1 Conc#1" [stack: 0x0000002c70800000,0x0000002c70900000] [id=14924]
  0x00000146894d21a0 ConcurrentGCThread "G1 Conc#2" [stack: 0x0000002c70900000,0x0000002c70a00000] [id=10376]
  0x0000014622c8e560 ConcurrentGCThread "G1 Refine#0" [stack: 0x0000002c6e700000,0x0000002c6e800000] [id=9128]
  0x0000014687ae7190 ConcurrentGCThread "G1 Refine#1" [stack: 0x0000002c70100000,0x0000002c70200000] [id=18464]
  0x0000014641a0b110 ConcurrentGCThread "G1 Service" [stack: 0x0000002c6e800000,0x0000002c6e900000] [id=14204]

Threads with active compile tasks:
C2 CompilerThread0     4388 2625   !   4       java.lang.invoke.MemberName::getMethodType (211 bytes)
C1 CompilerThread0     4388 2796   !   3       org.apache.commons.logging.LogFactory::getFactory (684 bytes)
C2 CompilerThread1     4388 2611       4       java.lang.invoke.MethodType::makeImpl (109 bytes)

VM state: not at safepoint (normal execution)

VM Mutex/Monitor currently owned by a thread: None

Heap address: 0x00000000a2400000, size: 1500 MB, Compressed Oops mode: 32-bit

CDS archive(s) mapped at: [0x0000014642000000-0x0000014642bd0000-0x0000014642bd0000), size 12386304, SharedBaseAddress: 0x0000014642000000, ArchiveRelocationMode: 1.
Compressed class space mapped at: 0x0000014643000000-0x0000014683000000, reserved size: 1073741824
Narrow klass base: 0x0000014642000000, Narrow klass shift: 0, Narrow klass range: 0x100000000

GC Precious Log:
 CPUs: 12 total, 12 available
 Memory: 5996M
 Large Page Support: Disabled
 NUMA Support: Disabled
 Compressed Oops: Enabled (32-bit)
 Heap Region Size: 1M
 Heap Min Capacity: 8M
 Heap Initial Capacity: 94M
 Heap Max Capacity: 1500M
 Pre-touch: Disabled
 Parallel Workers: 10
 Concurrent Workers: 3
 Concurrent Refinement Workers: 10
 Periodic GC: Disabled

Heap:
 garbage-first heap   total 58368K, used 31708K [0x00000000a2400000, 0x0000000100000000)
  region size 1024K, 22 young (22528K), 4 survivors (4096K)
 Metaspace       used 24041K, committed 24384K, reserved 1114112K
  class space    used 3093K, committed 3264K, reserved 1048576K

Heap Regions: E=young(eden), S=young(survivor), O=old, HS=humongous(starts), HC=humongous(continues), CS=collection set, F=free, OA=open archive, CA=closed archive, TAMS=top-at-mark-start (previous, next)
|   0|0x00000000a2400000, 0x00000000a2500000, 0x00000000a2500000|100%|HS|  |TAMS 0x00000000a2500000, 0x00000000a2400000| Complete 
|   1|0x00000000a2500000, 0x00000000a2600000, 0x00000000a2600000|100%|HS|  |TAMS 0x00000000a2600000, 0x00000000a2500000| Complete 
|   2|0x00000000a2600000, 0x00000000a2700000, 0x00000000a2700000|100%| O|  |TAMS 0x00000000a2700000, 0x00000000a2600000| Untracked 
|   3|0x00000000a2700000, 0x00000000a2800000, 0x00000000a2800000|100%| O|  |TAMS 0x00000000a2800000, 0x00000000a2700000| Untracked 
|   4|0x00000000a2800000, 0x00000000a2900000, 0x00000000a2900000|100%| O|  |TAMS 0x00000000a2900000, 0x00000000a2800000| Untracked 
|   5|0x00000000a2900000, 0x00000000a2a00000, 0x00000000a2a00000|100%| O|  |TAMS 0x00000000a2a00000, 0x00000000a2900000| Untracked 
|   6|0x00000000a2a00000, 0x00000000a2b00000, 0x00000000a2b00000|100%| O|  |TAMS 0x00000000a2b00000, 0x00000000a2a00000| Untracked 
|   7|0x00000000a2b00000, 0x00000000a2c00000, 0x00000000a2c00000|100%| O|  |TAMS 0x00000000a2c00000, 0x00000000a2b00000| Untracked 
|   8|0x00000000a2c00000, 0x00000000a2d00000, 0x00000000a2d00000|100%| O|  |TAMS 0x00000000a2d00000, 0x00000000a2c00000| Untracked 
|   9|0x00000000a2d00000, 0x00000000a2e00000, 0x00000000a2e00000|100%| O|  |TAMS 0x00000000a2d34600, 0x00000000a2d00000| Untracked 
|  10|0x00000000a2e00000, 0x00000000a2ec3e00, 0x00000000a2f00000| 76%| O|  |TAMS 0x00000000a2e00000, 0x00000000a2e00000| Untracked 
|  11|0x00000000a2f00000, 0x00000000a2f00000, 0x00000000a3000000|  0%| F|  |TAMS 0x00000000a2f00000, 0x00000000a2f00000| Untracked 
|  12|0x00000000a3000000, 0x00000000a3000000, 0x00000000a3100000|  0%| F|  |TAMS 0x00000000a3000000, 0x00000000a3000000| Untracked 
|  13|0x00000000a3100000, 0x00000000a3100000, 0x00000000a3200000|  0%| F|  |TAMS 0x00000000a3100000, 0x00000000a3100000| Untracked 
|  14|0x00000000a3200000, 0x00000000a3200000, 0x00000000a3300000|  0%| F|  |TAMS 0x00000000a3200000, 0x00000000a3200000| Untracked 
|  15|0x00000000a3300000, 0x00000000a3300000, 0x00000000a3400000|  0%| F|  |TAMS 0x00000000a3300000, 0x00000000a3300000| Untracked 
|  16|0x00000000a3400000, 0x00000000a3400000, 0x00000000a3500000|  0%| F|  |TAMS 0x00000000a3400000, 0x00000000a3400000| Untracked 
|  17|0x00000000a3500000, 0x00000000a3500000, 0x00000000a3600000|  0%| F|  |TAMS 0x00000000a3500000, 0x00000000a3500000| Untracked 
|  18|0x00000000a3600000, 0x00000000a3600000, 0x00000000a3700000|  0%| F|  |TAMS 0x00000000a3600000, 0x00000000a3600000| Untracked 
|  19|0x00000000a3700000, 0x00000000a3700000, 0x00000000a3800000|  0%| F|  |TAMS 0x00000000a3700000, 0x00000000a3700000| Untracked 
|  20|0x00000000a3800000, 0x00000000a3800000, 0x00000000a3900000|  0%| F|  |TAMS 0x00000000a3800000, 0x00000000a3800000| Untracked 
|  21|0x00000000a3900000, 0x00000000a3900000, 0x00000000a3a00000|  0%| F|  |TAMS 0x00000000a3900000, 0x00000000a3900000| Untracked 
|  22|0x00000000a3a00000, 0x00000000a3a00000, 0x00000000a3b00000|  0%| F|  |TAMS 0x00000000a3a00000, 0x00000000a3a00000| Untracked 
|  23|0x00000000a3b00000, 0x00000000a3b00000, 0x00000000a3c00000|  0%| F|  |TAMS 0x00000000a3b00000, 0x00000000a3b00000| Untracked 
|  24|0x00000000a3c00000, 0x00000000a3c00000, 0x00000000a3d00000|  0%| F|  |TAMS 0x00000000a3c00000, 0x00000000a3c00000| Untracked 
|  25|0x00000000a3d00000, 0x00000000a3d00000, 0x00000000a3e00000|  0%| F|  |TAMS 0x00000000a3d00000, 0x00000000a3d00000| Untracked 
|  26|0x00000000a3e00000, 0x00000000a3e00000, 0x00000000a3f00000|  0%| F|  |TAMS 0x00000000a3e00000, 0x00000000a3e00000| Untracked 
|  27|0x00000000a3f00000, 0x00000000a3f00000, 0x00000000a4000000|  0%| F|  |TAMS 0x00000000a3f00000, 0x00000000a3f00000| Untracked 
|  28|0x00000000a4000000, 0x00000000a4000000, 0x00000000a4100000|  0%| F|  |TAMS 0x00000000a4000000, 0x00000000a4000000| Untracked 
|  29|0x00000000a4100000, 0x00000000a4100000, 0x00000000a4200000|  0%| F|  |TAMS 0x00000000a4100000, 0x00000000a4100000| Untracked 
|  30|0x00000000a4200000, 0x00000000a4200000, 0x00000000a4300000|  0%| F|  |TAMS 0x00000000a4200000, 0x00000000a4200000| Untracked 
|  31|0x00000000a4300000, 0x00000000a4300000, 0x00000000a4400000|  0%| F|  |TAMS 0x00000000a4300000, 0x00000000a4300000| Untracked 
|  32|0x00000000a4400000, 0x00000000a4400000, 0x00000000a4500000|  0%| F|  |TAMS 0x00000000a4400000, 0x00000000a4400000| Untracked 
|  33|0x00000000a4500000, 0x00000000a4500000, 0x00000000a4600000|  0%| F|  |TAMS 0x00000000a4500000, 0x00000000a4500000| Untracked 
|  34|0x00000000a4600000, 0x00000000a4600000, 0x00000000a4700000|  0%| F|  |TAMS 0x00000000a4600000, 0x00000000a4600000| Untracked 
|  35|0x00000000a4700000, 0x00000000a47df2f8, 0x00000000a4800000| 87%| E|  |TAMS 0x00000000a4700000, 0x00000000a4700000| Complete 
|  36|0x00000000a4800000, 0x00000000a4900000, 0x00000000a4900000|100%| E|CS|TAMS 0x00000000a4800000, 0x00000000a4800000| Complete 
|  37|0x00000000a4900000, 0x00000000a4a00000, 0x00000000a4a00000|100%| E|CS|TAMS 0x00000000a4900000, 0x00000000a4900000| Complete 
|  38|0x00000000a4a00000, 0x00000000a4b00000, 0x00000000a4b00000|100%| E|CS|TAMS 0x00000000a4a00000, 0x00000000a4a00000| Complete 
|  39|0x00000000a4b00000, 0x00000000a4c00000, 0x00000000a4c00000|100%| E|CS|TAMS 0x00000000a4b00000, 0x00000000a4b00000| Complete 
|  40|0x00000000a4c00000, 0x00000000a4d00000, 0x00000000a4d00000|100%| E|CS|TAMS 0x00000000a4c00000, 0x00000000a4c00000| Complete 
|  41|0x00000000a4d00000, 0x00000000a4e00000, 0x00000000a4e00000|100%| E|CS|TAMS 0x00000000a4d00000, 0x00000000a4d00000| Complete 
|  42|0x00000000a4e00000, 0x00000000a4f00000, 0x00000000a4f00000|100%| E|CS|TAMS 0x00000000a4e00000, 0x00000000a4e00000| Complete 
|  43|0x00000000a4f00000, 0x00000000a5000000, 0x00000000a5000000|100%| E|CS|TAMS 0x00000000a4f00000, 0x00000000a4f00000| Complete 
|  44|0x00000000a5000000, 0x00000000a5100000, 0x00000000a5100000|100%| E|CS|TAMS 0x00000000a5000000, 0x00000000a5000000| Complete 
|  45|0x00000000a5100000, 0x00000000a5200000, 0x00000000a5200000|100%| E|CS|TAMS 0x00000000a5100000, 0x00000000a5100000| Complete 
|  46|0x00000000a5200000, 0x00000000a5300000, 0x00000000a5300000|100%| E|CS|TAMS 0x00000000a5200000, 0x00000000a5200000| Complete 
|  47|0x00000000a5300000, 0x00000000a5400000, 0x00000000a5400000|100%| E|CS|TAMS 0x00000000a5300000, 0x00000000a5300000| Complete 
|  48|0x00000000a5400000, 0x00000000a5500000, 0x00000000a5500000|100%| E|CS|TAMS 0x00000000a5400000, 0x00000000a5400000| Complete 
|  49|0x00000000a5500000, 0x00000000a5600000, 0x00000000a5600000|100%| E|CS|TAMS 0x00000000a5500000, 0x00000000a5500000| Complete 
|  50|0x00000000a5600000, 0x00000000a5700000, 0x00000000a5700000|100%| E|CS|TAMS 0x00000000a5600000, 0x00000000a5600000| Complete 
|  85|0x00000000a7900000, 0x00000000a7933270, 0x00000000a7a00000| 19%| S|CS|TAMS 0x00000000a7900000, 0x00000000a7900000| Complete 
|  86|0x00000000a7a00000, 0x00000000a7b00000, 0x00000000a7b00000|100%| S|CS|TAMS 0x00000000a7a00000, 0x00000000a7a00000| Complete 
|  87|0x00000000a7b00000, 0x00000000a7c00000, 0x00000000a7c00000|100%| S|CS|TAMS 0x00000000a7b00000, 0x00000000a7b00000| Complete 
|  88|0x00000000a7c00000, 0x00000000a7d00000, 0x00000000a7d00000|100%| S|CS|TAMS 0x00000000a7c00000, 0x00000000a7c00000| Complete 
|  92|0x00000000a8000000, 0x00000000a8100000, 0x00000000a8100000|100%| E|CS|TAMS 0x00000000a8000000, 0x00000000a8000000| Complete 
|  93|0x00000000a8100000, 0x00000000a8200000, 0x00000000a8200000|100%| E|CS|TAMS 0x00000000a8100000, 0x00000000a8100000| Complete 

Card table byte_map: [0x000001463b9f0000,0x000001463bce0000] _byte_map_base: 0x000001463b4de000

Marking Bits (Prev, Next): (CMBitMap*) 0x0000014622c29a60, (CMBitMap*) 0x0000014622c29a20
 Prev Bits: [0x000001463d740000, 0x000001463eeb0000)
 Next Bits: [0x000001463bfd0000, 0x000001463d740000)

Polling page: 0x0000014622930000

Metaspace:

Usage:
  Non-class:     20.46 MB used.
      Class:      3.02 MB used.
       Both:     23.48 MB used.

Virtual space:
  Non-class space:       64.00 MB reserved,      20.62 MB ( 32%) committed,  1 nodes.
      Class space:        1.00 GB reserved,       3.19 MB ( <1%) committed,  1 nodes.
             Both:        1.06 GB reserved,      23.81 MB (  2%) committed. 

Chunk freelists:
   Non-Class:  10.56 MB
       Class:  12.86 MB
        Both:  23.42 MB

MaxMetaspaceSize: unlimited
CompressedClassSpaceSize: 1.00 GB
Initial GC threshold: 21.00 MB
Current GC threshold: 35.25 MB
CDS: on
MetaspaceReclaimPolicy: balanced
 - commit_granule_bytes: 65536.
 - commit_granule_words: 8192.
 - virtual_space_node_default_size: 8388608.
 - enlarge_chunks_in_place: 1.
 - new_chunks_are_fully_committed: 0.
 - uncommit_free_chunks: 1.
 - use_allocation_guard: 0.
 - handle_deallocations: 1.


Internal statistics:

num_allocs_failed_limit: 5.
num_arena_births: 394.
num_arena_deaths: 0.
num_vsnodes_births: 2.
num_vsnodes_deaths: 0.
num_space_committed: 381.
num_space_uncommitted: 0.
num_chunks_returned_to_freelist: 5.
num_chunks_taken_from_freelist: 1121.
num_chunk_merges: 5.
num_chunk_splits: 782.
num_chunks_enlarged: 591.
num_inconsistent_stats: 0.

CodeHeap 'non-profiled nmethods': size=120000Kb used=1226Kb max_used=1226Kb free=118773Kb
 bounds [0x0000014633550000, 0x00000146337c0000, 0x000001463aa80000]
CodeHeap 'profiled nmethods': size=120000Kb used=5536Kb max_used=5536Kb free=114463Kb
 bounds [0x000001462ba80000, 0x000001462bff0000, 0x0000014632fb0000]
CodeHeap 'non-nmethods': size=5760Kb used=1225Kb max_used=1254Kb free=4534Kb
 bounds [0x0000014632fb0000, 0x0000014633220000, 0x0000014633550000]
 total_blobs=3321 nmethods=2790 adapters=443
 compilation: enabled
              stopped_count=0, restarted_count=0
 full_count=0

Compilation events (20 events):
Event: 3.341 Thread 0x0000014641b87cf0 2777       4       java.util.concurrent.ConcurrentHashMap$BaseIterator::hasNext (13 bytes)
Event: 3.341 Thread 0x0000014641b8b320 nmethod 2780 0x000001462bfdc510 code [0x000001462bfdc6e0, 0x000001462bfdcb78]
Event: 3.341 Thread 0x0000014641b87cf0 nmethod 2777 0x0000014633680010 code [0x0000014633680180, 0x0000014633680218]
Event: 3.341 Thread 0x0000014641b87cf0 2628       4       java.lang.invoke.MethodType$ConcurrentWeakInternSet::get (47 bytes)
Event: 3.343 Thread 0x0000014641b8b320 2781       3       org.springframework.util.ObjectUtils::containsElement (45 bytes)
Event: 3.343 Thread 0x0000014641b8b320 nmethod 2781 0x000001462bfdcd10 code [0x000001462bfdcec0, 0x000001462bfdd1a8]
Event: 3.343 Thread 0x0000014641b8b320 2782       3       org.springframework.context.annotation.ConfigurationClassParser$SourceClass::hashCode (13 bytes)
Event: 3.343 Thread 0x0000014641b8b320 nmethod 2782 0x000001462bfdd310 code [0x000001462bfdd4c0, 0x000001462bfdd6d8]
Event: 3.343 Thread 0x0000014641b8b320 2783       3       org.springframework.core.annotation.AbstractMergedAnnotation::isDirectlyPresent (20 bytes)
Event: 3.344 Thread 0x0000014641b8b320 nmethod 2783 0x000001462bfdd810 code [0x000001462bfdd9c0, 0x000001462bfddcf8]
Event: 3.345 Thread 0x0000014641b8b320 2784       3       org.springframework.boot.autoconfigure.condition.FilteringSpringBootCondition::filter (82 bytes)
Event: 3.345 Thread 0x0000014641b8b320 nmethod 2784 0x000001462bfddd90 code [0x000001462bfde020, 0x000001462bfdee38]
Event: 3.345 Thread 0x0000014641b8b320 2785       3       org.springframework.asm.ClassReader::readElementValue (1237 bytes)
Event: 3.348 Thread 0x0000014641b8b320 nmethod 2785 0x000001462bfdf310 code [0x000001462bfdfb40, 0x000001462bfe4398]
Event: 3.348 Thread 0x0000014641b8b320 2789       3       java.io.ByteArrayOutputStream::<init> (43 bytes)
Event: 3.348 Thread 0x0000014641b8b320 nmethod 2789 0x000001462bfe5d10 code [0x000001462bfe5f60, 0x000001462bfe6798]
Event: 3.348 Thread 0x0000014641b8b320 2788       3       java.io.ByteArrayOutputStream::<init> (7 bytes)
Event: 3.348 Thread 0x0000014641b8b320 nmethod 2788 0x000001462bfe6a90 code [0x000001462bfe6c20, 0x000001462bfe6d68]
Event: 3.348 Thread 0x0000014641b8b320 2786       3       java.util.RegularEnumSet$EnumSetIterator::hasNext (15 bytes)
Event: 3.348 Thread 0x0000014641b8b320 nmethod 2786 0x000001462bfe6e10 code [0x000001462bfe6fa0, 0x000001462bfe7118]

GC Heap History (8 events):
Event: 0.990 GC heap before
{Heap before GC invocations=0 (full 0):
 garbage-first heap   total 96256K, used 24576K [0x00000000a2400000, 0x0000000100000000)
  region size 1024K, 23 young (23552K), 0 survivors (0K)
 Metaspace       used 7649K, committed 7872K, reserved 1114112K
  class space    used 878K, committed 960K, reserved 1048576K
}
Event: 1.004 GC heap after
{Heap after GC invocations=1 (full 0):
 garbage-first heap   total 96256K, used 9200K [0x00000000a2400000, 0x0000000100000000)
  region size 1024K, 3 young (3072K), 3 survivors (3072K)
 Metaspace       used 7649K, committed 7872K, reserved 1114112K
  class space    used 878K, committed 960K, reserved 1048576K
}
Event: 1.597 GC heap before
{Heap before GC invocations=1 (full 0):
 garbage-first heap   total 96256K, used 31728K [0x00000000a2400000, 0x0000000100000000)
  region size 1024K, 26 young (26624K), 3 survivors (3072K)
 Metaspace       used 12287K, committed 12608K, reserved 1114112K
  class space    used 1555K, committed 1728K, reserved 1048576K
}
Event: 1.602 GC heap after
{Heap after GC invocations=2 (full 0):
 garbage-first heap   total 96256K, used 11325K [0x00000000a2400000, 0x0000000100000000)
  region size 1024K, 2 young (2048K), 2 survivors (2048K)
 Metaspace       used 12287K, committed 12608K, reserved 1114112K
  class space    used 1555K, committed 1728K, reserved 1048576K
}
Event: 3.085 GC heap before
{Heap before GC invocations=2 (full 0):
 garbage-first heap   total 96256K, used 47165K [0x00000000a2400000, 0x0000000100000000)
  region size 1024K, 38 young (38912K), 2 survivors (2048K)
 Metaspace       used 20459K, committed 20736K, reserved 1114112K
  class space    used 2615K, committed 2752K, reserved 1048576K
}
Event: 3.090 GC heap after
{Heap after GC invocations=3 (full 0):
 garbage-first heap   total 96256K, used 13641K [0x00000000a2400000, 0x0000000100000000)
  region size 1024K, 5 young (5120K), 5 survivors (5120K)
 Metaspace       used 20459K, committed 20736K, reserved 1114112K
  class space    used 2615K, committed 2752K, reserved 1048576K
}
Event: 3.132 GC heap before
{Heap before GC invocations=3 (full 0):
 garbage-first heap   total 96256K, used 17737K [0x00000000a2400000, 0x0000000100000000)
  region size 1024K, 10 young (10240K), 5 survivors (5120K)
 Metaspace       used 21205K, committed 21504K, reserved 1114112K
  class space    used 2711K, committed 2880K, reserved 1048576K
}
Event: 3.135 GC heap after
{Heap after GC invocations=4 (full 0):
 garbage-first heap   total 96256K, used 14300K [0x00000000a2400000, 0x0000000100000000)
  region size 1024K, 4 young (4096K), 4 survivors (4096K)
 Metaspace       used 21205K, committed 21504K, reserved 1114112K
  class space    used 2711K, committed 2880K, reserved 1048576K
}

Deoptimization events (20 events):
Event: 3.276 Thread 0x00000146870c5260 DEOPT PACKING pc=0x000001462bb52966 sp=0x0000002c703fe080
Event: 3.276 Thread 0x00000146870c5260 DEOPT UNPACKING pc=0x0000014633002b43 sp=0x0000002c703fd548 mode 0
Event: 3.276 Thread 0x00000146870c5260 DEOPT PACKING pc=0x000001462bb52966 sp=0x0000002c703fe080
Event: 3.277 Thread 0x00000146870c5260 DEOPT UNPACKING pc=0x0000014633002b43 sp=0x0000002c703fd548 mode 0
Event: 3.277 Thread 0x00000146870c5260 DEOPT PACKING pc=0x000001462bb52966 sp=0x0000002c703fe080
Event: 3.277 Thread 0x00000146870c5260 DEOPT UNPACKING pc=0x0000014633002b43 sp=0x0000002c703fd548 mode 0
Event: 3.277 Thread 0x00000146870c5260 DEOPT PACKING pc=0x000001462bb52966 sp=0x0000002c703fe080
Event: 3.277 Thread 0x00000146870c5260 DEOPT UNPACKING pc=0x0000014633002b43 sp=0x0000002c703fd548 mode 0
Event: 3.278 Thread 0x00000146870c5260 DEOPT PACKING pc=0x000001462bb52966 sp=0x0000002c703fe080
Event: 3.278 Thread 0x00000146870c5260 DEOPT UNPACKING pc=0x0000014633002b43 sp=0x0000002c703fd548 mode 0
Event: 3.278 Thread 0x00000146870c5260 DEOPT PACKING pc=0x000001462bb52966 sp=0x0000002c703fe080
Event: 3.278 Thread 0x00000146870c5260 DEOPT UNPACKING pc=0x0000014633002b43 sp=0x0000002c703fd548 mode 0
Event: 3.279 Thread 0x00000146870c5260 DEOPT PACKING pc=0x000001462bb52966 sp=0x0000002c703fe080
Event: 3.279 Thread 0x00000146870c5260 DEOPT UNPACKING pc=0x0000014633002b43 sp=0x0000002c703fd548 mode 0
Event: 3.279 Thread 0x00000146870c5260 DEOPT PACKING pc=0x000001462bb52966 sp=0x0000002c703fe080
Event: 3.279 Thread 0x00000146870c5260 DEOPT UNPACKING pc=0x0000014633002b43 sp=0x0000002c703fd548 mode 0
Event: 3.324 Thread 0x00000146870c5260 Uncommon trap: trap_request=0xffffffc6 fr.pc=0x00000146335f40c4 relative=0x00000000000007c4
Event: 3.324 Thread 0x00000146870c5260 Uncommon trap: reason=bimorphic_or_optimized_type_check action=maybe_recompile pc=0x00000146335f40c4 method=java.util.HashMap.putVal(ILjava/lang/Object;Ljava/lang/Object;ZZ)Ljava/lang/Object; @ 203 c2
Event: 3.324 Thread 0x00000146870c5260 DEOPT PACKING pc=0x00000146335f40c4 sp=0x0000002c703fde60
Event: 3.324 Thread 0x00000146870c5260 DEOPT UNPACKING pc=0x00000146330023a3 sp=0x0000002c703fddf0 mode 2

Classes unloaded (0 events):
No events

Classes redefined (0 events):
No events

Internal exceptions (20 events):
Event: 1.455 Thread 0x00000146870c5260 Exception <a 'java/lang/NoSuchMethodError'{0x00000000a70bb958}: 'java.lang.Object java.lang.invoke.DirectMethodHandle$Holder.invokeVirtual(java.lang.Object, java.lang.Object, java.lang.Object)'> (0x00000000a70bb958) 
thrown [s\open\src\hotspot\share\interpreter\linkResolver.cpp, line 759]
Event: 1.488 Thread 0x00000146870c5260 Exception <a 'java/lang/NoSuchMethodError'{0x00000000a6f87628}: 'java.lang.Object java.lang.invoke.DirectMethodHandle$Holder.newInvokeSpecial(java.lang.Object, long)'> (0x00000000a6f87628) 
thrown [s\open\src\hotspot\share\interpreter\linkResolver.cpp, line 759]
Event: 1.488 Thread 0x00000146870c5260 Exception <a 'java/lang/NoSuchMethodError'{0x00000000a6f8eec0}: 'void java.lang.invoke.DirectMethodHandle$Holder.invokeVirtual(java.lang.Object, java.lang.Object, java.lang.Object, java.lang.Object)'> (0x00000000a6f8eec0) 
thrown [s\open\src\hotspot\share\interpreter\linkResolver.cpp, line 759]
Event: 1.506 Thread 0x00000146870c5260 Exception <a 'java/lang/NoSuchMethodError'{0x00000000a6e44a38}: 'java.lang.Object java.lang.invoke.DirectMethodHandle$Holder.invokeSpecial(java.lang.Object, java.lang.Object, long, java.lang.Object, java.lang.Object, java.lang.Object, java.lang.Object, java.lang.Object, java.lang.Object)'> (0x00000000a6e44a38) 
thrown [s\open\src\hotspot\share\interpreter\linkResolver.cpp, line 759]
Event: 1.506 Thread 0x00000146870c5260 Exception <a 'java/lang/NoSuchMethodError'{0x00000000a6e492b8}: 'java.lang.Object java.lang.invoke.DelegatingMethodHandle$Holder.reinvoke_L(java.lang.Object, long, java.lang.Object, java.lang.Object, java.lang.Object, java.lang.Object, java.lang.Object, java.lang.Object)'> (0x00000000a6e492b8) 
thrown [s\open\src\hotspot\share\interpreter\linkResolver.cpp, line 759]
Event: 1.575 Thread 0x00000146870c5260 Exception <a 'java/lang/NoSuchMethodError'{0x00000000a6c602b8}: 'java.lang.Object java.lang.invoke.DirectMethodHandle$Holder.invokeSpecial(java.lang.Object, java.lang.Object, java.lang.Object, java.lang.Object, java.lang.Object, java.lang.Object, java.lang.Object, java.lang.Object, java.lang.Object)'> (0x00000000a6c602b8) 
thrown [s\open\src\hotspot\share\interpreter\linkResolver.cpp, line 759]
Event: 1.575 Thread 0x00000146870c5260 Exception <a 'java/lang/NoSuchMethodError'{0x00000000a6c64be0}: 'java.lang.Object java.lang.invoke.Invokers$Holder.invoke_MT(java.lang.Object, java.lang.Object, java.lang.Object, java.lang.Object, java.lang.Object, java.lang.Object, java.lang.Object, java.lang.Object, java.lang.Object)'> (0x00000000a6c64be0) 
thrown [s\open\src\hotspot\share\interpreter\linkResolver.cpp, line 759]
Event: 1.590 Thread 0x00000146870c5260 Exception <a 'java/lang/IncompatibleClassChangeError'{0x00000000a6b703c0}: Found class java.lang.Object, but interface was expected> (0x00000000a6b703c0) 
thrown [s\open\src\hotspot\share\interpreter\linkResolver.cpp, line 826]
Event: 1.619 Thread 0x00000146870c4330 Exception <a 'java/lang/NoSuchMethodError'{0x00000000a81ff058}: 'java.lang.Object java.lang.invoke.Invokers$Holder.invoke_MT(java.lang.Object, java.lang.Object, java.lang.Object)'> (0x00000000a81ff058) 
thrown [s\open\src\hotspot\share\interpreter\linkResolver.cpp, line 759]
Event: 2.941 Thread 0x00000146870c5260 Exception <a 'sun/nio/fs/WindowsException'{0x00000000a6b3d1f0}> (0x00000000a6b3d1f0) 
thrown [s\open\src\hotspot\share\prims\jni.cpp, line 516]
Event: 2.941 Thread 0x00000146870c5260 Exception <a 'java/lang/NoSuchMethodError'{0x00000000a6b3e900}: 'int java.lang.invoke.DirectMethodHandle$Holder.invokeSpecial(java.lang.Object, java.lang.Object, java.lang.Object, java.lang.Object, java.lang.Object)'> (0x00000000a6b3e900) 
thrown [s\open\src\hotspot\share\interpreter\linkResolver.cpp, line 759]
Event: 2.943 Thread 0x00000146870c5260 Exception <a 'java/lang/NoSuchMethodError'{0x00000000a6b47670}: 'void java.lang.invoke.DirectMethodHandle$Holder.invokeVirtual(java.lang.Object, java.lang.Object)'> (0x00000000a6b47670) 
thrown [s\open\src\hotspot\share\interpreter\linkResolver.cpp, line 759]
Event: 3.196 Thread 0x00000146870c4330 Exception <a 'java/lang/NoSuchMethodError'{0x00000000a510bba8}: 'long java.lang.invoke.DirectMethodHandle$Holder.invokeSpecial(java.lang.Object, java.lang.Object)'> (0x00000000a510bba8) 
thrown [s\open\src\hotspot\share\interpreter\linkResolver.cpp, line 759]
Event: 3.197 Thread 0x00000146870c4330 Exception <a 'java/lang/NoSuchMethodError'{0x00000000a51167d0}: 'long java.lang.invoke.DirectMethodHandle$Holder.invokeStatic(java.lang.Object, java.lang.Object)'> (0x00000000a51167d0) 
thrown [s\open\src\hotspot\share\interpreter\linkResolver.cpp, line 759]
Event: 3.197 Thread 0x00000146870c4330 Exception <a 'java/lang/NoSuchMethodError'{0x00000000a5119b28}: 'long java.lang.invoke.DirectMethodHandle$Holder.invokeStaticInit(java.lang.Object, java.lang.Object)'> (0x00000000a5119b28) 
thrown [s\open\src\hotspot\share\interpreter\linkResolver.cpp, line 759]
Event: 3.199 Thread 0x00000146870c4330 Exception <a 'java/lang/NoSuchMethodError'{0x00000000a5127430}: 'long java.lang.invoke.DirectMethodHandle$Holder.invokeInterface(java.lang.Object, java.lang.Object)'> (0x00000000a5127430) 
thrown [s\open\src\hotspot\share\interpreter\linkResolver.cpp, line 759]
Event: 3.199 Thread 0x00000146870c4330 Exception <a 'java/lang/IncompatibleClassChangeError'{0x00000000a512a718}: Found class java.lang.Object, but interface was expected> (0x00000000a512a718) 
thrown [s\open\src\hotspot\share\interpreter\linkResolver.cpp, line 826]
Event: 3.202 Thread 0x00000146870c4330 Exception <a 'java/lang/NoSuchMethodError'{0x00000000a5194150}: 'java.lang.Object java.lang.invoke.DirectMethodHandle$Holder.invokeVirtual(java.lang.Object, java.lang.Object, java.lang.Object, java.lang.Object)'> (0x00000000a5194150) 
thrown [s\open\src\hotspot\share\interpreter\linkResolver.cpp, line 759]
Event: 3.226 Thread 0x00000146870c4330 Implicit null exception at 0x00000146335ca995 to 0x00000146335cb74c
Event: 3.262 Thread 0x00000146870c5260 Exception <a 'java/lang/IncompatibleClassChangeError'{0x00000000a4dd1ae8}: Found class java.lang.Object, but interface was expected> (0x00000000a4dd1ae8) 
thrown [s\open\src\hotspot\share\interpreter\linkResolver.cpp, line 826]

VM Operations (20 events):
Event: 1.602 Executing VM operation: G1CollectForAllocation done
Event: 2.609 Executing VM operation: Cleanup
Event: 2.874 Executing VM operation: Cleanup done
Event: 2.923 Executing VM operation: HandshakeAllThreads
Event: 2.923 Executing VM operation: HandshakeAllThreads done
Event: 3.085 Executing VM operation: G1CollectForAllocation
Event: 3.090 Executing VM operation: G1CollectForAllocation done
Event: 3.132 Executing VM operation: CollectForMetadataAllocation
Event: 3.135 Executing VM operation: CollectForMetadataAllocation done
Event: 3.135 Executing VM operation: CollectForMetadataAllocation
Event: 3.135 Executing VM operation: CollectForMetadataAllocation done
Event: 3.140 Executing VM operation: G1Concurrent
Event: 3.142 Executing VM operation: G1Concurrent done
Event: 3.144 Executing VM operation: G1Concurrent
Event: 3.146 Executing VM operation: G1Concurrent done
Event: 3.256 Executing VM operation: HandshakeAllThreads
Event: 3.256 Executing VM operation: HandshakeAllThreads done
Event: 3.282 Executing VM operation: HandshakeAllThreads
Event: 3.282 Executing VM operation: HandshakeAllThreads done
Event: 4.289 Executing VM operation: Cleanup

Events (20 events):
Event: 3.284 loading class sun/security/provider/certpath/ldap/JdkLDAP done
Event: 3.285 loading class sun/security/provider/certpath/ldap/JdkLDAP$ProviderService
Event: 3.285 loading class sun/security/provider/certpath/ldap/JdkLDAP$ProviderService done
Event: 3.285 loading class com/sun/security/sasl/Provider
Event: 3.285 loading class com/sun/security/sasl/Provider done
Event: 3.285 loading class com/sun/security/sasl/Provider$1
Event: 3.285 loading class com/sun/security/sasl/Provider$1 done
Event: 3.285 loading class com/sun/security/sasl/Provider$ProviderService
Event: 3.285 loading class com/sun/security/sasl/Provider$ProviderService done
Event: 3.287 Thread 0x00000146870c4330 Thread exited: 0x00000146870c4330
Event: 3.335 loading class java/util/stream/Streams$ConcatSpliterator$OfRef
Event: 3.336 loading class java/util/stream/Streams$ConcatSpliterator
Event: 3.336 loading class java/util/stream/Streams$ConcatSpliterator done
Event: 3.336 loading class java/util/stream/Streams$ConcatSpliterator$OfRef done
Event: 3.336 loading class java/util/stream/Streams$2
Event: 3.336 loading class java/util/stream/Streams$2 done
Event: 3.606 loading class sun/rmi/transport/tcp/TCPTransport$ConnectionHandler
Event: 3.607 loading class sun/rmi/transport/tcp/TCPTransport$ConnectionHandler done
Event: 3.607 loading class java/util/concurrent/ThreadPoolExecutor$Worker
Event: 3.607 loading class java/util/concurrent/ThreadPoolExecutor$Worker done


Dynamic libraries:
0x00007ff6e83c0000 - 0x00007ff6e83d0000 	C:\Program Files\Java\jdk-17\bin\java.exe
0x00007ffe410a0000 - 0x00007ffe41309000 	C:\WINDOWS\SYSTEM32\ntdll.dll
0x00007ffe3fbb0000 - 0x00007ffe3fc79000 	C:\WINDOWS\System32\KERNEL32.DLL
0x00007ffe3e420000 - 0x00007ffe3e813000 	C:\WINDOWS\System32\KERNELBASE.dll
0x00007ffe3e850000 - 0x00007ffe3e99b000 	C:\WINDOWS\System32\ucrtbase.dll
0x00007ffdf4f80000 - 0x00007ffdf4f9b000 	C:\Program Files\Java\jdk-17\bin\VCRUNTIME140.dll
0x00007ffdf53a0000 - 0x00007ffdf53b9000 	C:\Program Files\Java\jdk-17\bin\jli.dll
0x00007ffe3f420000 - 0x00007ffe3f4d4000 	C:\WINDOWS\System32\ADVAPI32.dll
0x00007ffe3ee80000 - 0x00007ffe3ef29000 	C:\WINDOWS\System32\msvcrt.dll
0x00007ffe40390000 - 0x00007ffe40436000 	C:\WINDOWS\System32\sechost.dll
0x00007ffe40440000 - 0x00007ffe40558000 	C:\WINDOWS\System32\RPCRT4.dll
0x00007ffe40190000 - 0x00007ffe40354000 	C:\WINDOWS\System32\USER32.dll
0x00007ffe20900000 - 0x00007ffe20b93000 	C:\WINDOWS\WinSxS\amd64_microsoft.windows.common-controls_6595b64144ccf1df_6.0.26100.5074_none_3e0d6f78e32fd63f\COMCTL32.dll
0x00007ffe3e820000 - 0x00007ffe3e847000 	C:\WINDOWS\System32\win32u.dll
0x00007ffe40360000 - 0x00007ffe4038b000 	C:\WINDOWS\System32\GDI32.dll
0x00007ffe3e2f0000 - 0x00007ffe3e41d000 	C:\WINDOWS\System32\gdi32full.dll
0x00007ffe3ec90000 - 0x00007ffe3ed33000 	C:\WINDOWS\System32\msvcp_win.dll
0x00007ffe36ce0000 - 0x00007ffe36ceb000 	C:\WINDOWS\SYSTEM32\VERSION.dll
0x00007ffe3f340000 - 0x00007ffe3f36f000 	C:\WINDOWS\System32\IMM32.DLL
0x00007ffe30260000 - 0x00007ffe3026c000 	C:\Program Files\Java\jdk-17\bin\vcruntime140_1.dll
0x00007ffdd8970000 - 0x00007ffdd89fe000 	C:\Program Files\Java\jdk-17\bin\msvcp140.dll
0x00007ffd8fec0000 - 0x00007ffd90aa0000 	C:\Program Files\Java\jdk-17\bin\server\jvm.dll
0x00007ffe3fea0000 - 0x00007ffe3fea8000 	C:\WINDOWS\System32\PSAPI.DLL
0x00007ffe1a6e0000 - 0x00007ffe1a6ea000 	C:\WINDOWS\SYSTEM32\WSOCK32.dll
0x00007ffe36ca0000 - 0x00007ffe36cd5000 	C:\WINDOWS\SYSTEM32\WINMM.dll
0x00007ffe3f3a0000 - 0x00007ffe3f414000 	C:\WINDOWS\System32\WS2_32.dll
0x00007ffe3cfe0000 - 0x00007ffe3cffb000 	C:\WINDOWS\SYSTEM32\kernel.appcore.dll
0x00007ffe30210000 - 0x00007ffe3021a000 	C:\Program Files\Java\jdk-17\bin\jimage.dll
0x00007ffe27c90000 - 0x00007ffe27ed2000 	C:\WINDOWS\SYSTEM32\DBGHELP.DLL
0x00007ffe3efc0000 - 0x00007ffe3f33b000 	C:\WINDOWS\System32\combase.dll
0x00007ffe3f4e0000 - 0x00007ffe3f5b7000 	C:\WINDOWS\System32\OLEAUT32.dll
0x00007ffe09900000 - 0x00007ffe0993d000 	C:\WINDOWS\SYSTEM32\dbgcore.DLL
0x00007ffe3ed40000 - 0x00007ffe3edd9000 	C:\WINDOWS\System32\bcryptPrimitives.dll
0x00007ffdf0c30000 - 0x00007ffdf0c55000 	C:\Program Files\Java\jdk-17\bin\java.dll
0x00007ffdc5130000 - 0x00007ffdc5207000 	C:\Program Files\Java\jdk-17\bin\jsvml.dll
0x00007ffe40910000 - 0x00007ffe4105d000 	C:\WINDOWS\System32\SHELL32.dll
0x00007ffe3e9a0000 - 0x00007ffe3eb0c000 	C:\WINDOWS\System32\wintypes.dll
0x00007ffe3be70000 - 0x00007ffe3c6c9000 	C:\WINDOWS\SYSTEM32\windows.storage.dll
0x00007ffe3f620000 - 0x00007ffe3f710000 	C:\WINDOWS\System32\SHCORE.dll
0x00007ffe3fec0000 - 0x00007ffe3ff22000 	C:\WINDOWS\System32\shlwapi.dll
0x00007ffe3e150000 - 0x00007ffe3e179000 	C:\WINDOWS\SYSTEM32\profapi.dll
0x00007ffdf2d70000 - 0x00007ffdf2d89000 	C:\Program Files\Java\jdk-17\bin\net.dll
0x00007ffe33c10000 - 0x00007ffe33d2f000 	C:\WINDOWS\SYSTEM32\WINHTTP.dll
0x00007ffe3d590000 - 0x00007ffe3d5fb000 	C:\WINDOWS\system32\mswsock.dll
0x00007ffdf2300000 - 0x00007ffdf2316000 	C:\Program Files\Java\jdk-17\bin\nio.dll
0x00007ffdf4f60000 - 0x00007ffdf4f78000 	C:\Program Files\Java\jdk-17\bin\zip.dll
0x00007ffe2eb10000 - 0x00007ffe2eb1a000 	C:\Program Files\Java\jdk-17\bin\management.dll
0x00007ffe2ea60000 - 0x00007ffe2ea6b000 	C:\Program Files\Java\jdk-17\bin\management_ext.dll
0x00007ffe0f8f0000 - 0x00007ffe0f908000 	C:\WINDOWS\system32\napinsp.dll
0x00007ffe3ca60000 - 0x00007ffe3cb86000 	C:\WINDOWS\SYSTEM32\DNSAPI.dll
0x00007ffe3c9d0000 - 0x00007ffe3ca04000 	C:\WINDOWS\SYSTEM32\IPHLPAPI.DLL
0x00007ffe3feb0000 - 0x00007ffe3feba000 	C:\WINDOWS\System32\NSI.dll
0x00007ffe0f750000 - 0x00007ffe0f762000 	C:\WINDOWS\System32\winrnr.dll
0x00007ffe0f3b0000 - 0x00007ffe0f3d8000 	C:\WINDOWS\system32\nlansp_c.dll
0x00007ffe33e70000 - 0x00007ffe33e86000 	C:\WINDOWS\system32\wshbth.dll
0x00007ffe264a0000 - 0x00007ffe264ab000 	C:\Windows\System32\rasadhlp.dll
0x00007ffe325f0000 - 0x00007ffe32676000 	C:\WINDOWS\System32\fwpuclnt.dll
0x00007ffe3d830000 - 0x00007ffe3d84b000 	C:\WINDOWS\SYSTEM32\CRYPTSP.dll
0x00007ffe3cf40000 - 0x00007ffe3cf7b000 	C:\WINDOWS\system32\rsaenh.dll
0x00007ffe3d630000 - 0x00007ffe3d65b000 	C:\WINDOWS\SYSTEM32\USERENV.dll
0x00007ffe3e120000 - 0x00007ffe3e146000 	C:\WINDOWS\SYSTEM32\bcrypt.dll
0x00007ffe3d850000 - 0x00007ffe3d85c000 	C:\WINDOWS\SYSTEM32\CRYPTBASE.dll
0x00007ffe33f30000 - 0x00007ffe33f4e000 	C:\WINDOWS\SYSTEM32\dhcpcsvc6.DLL
0x00007ffe33eb0000 - 0x00007ffe33ed3000 	C:\WINDOWS\SYSTEM32\dhcpcsvc.DLL
0x00007ffe30100000 - 0x00007ffe30110000 	C:\Program Files\Java\jdk-17\bin\verify.dll
0x00007ffe2dfd0000 - 0x00007ffe2dfde000 	C:\Program Files\Java\jdk-17\bin\sunmscapi.dll
0x00007ffe3eb10000 - 0x00007ffe3ec87000 	C:\WINDOWS\System32\CRYPT32.dll
0x00007ffe3da50000 - 0x00007ffe3da80000 	C:\WINDOWS\SYSTEM32\ncrypt.dll
0x00007ffe3da00000 - 0x00007ffe3da3f000 	C:\WINDOWS\SYSTEM32\NTASN1.dll

dbghelp: loaded successfully - version: 4.0.5 - missing functions: none
symbol engine: initialized successfully - sym options: 0x614 - pdb path: .;C:\Program Files\Java\jdk-17\bin;C:\WINDOWS\SYSTEM32;C:\WINDOWS\WinSxS\amd64_microsoft.windows.common-controls_6595b64144ccf1df_6.0.26100.5074_none_3e0d6f78e32fd63f;C:\Program Files\Java\jdk-17\bin\server

VM Arguments:
jvm_args: -XX:+ShowCodeDetailsInExceptionMessages -Dspring.jmx.enabled=true -Dmanagement.endpoints.jmx.exposure.include=* -Dspring.application.admin.enabled=true -Dspring.boot.project.name=farmconnect-backend -Djava.rmi.server.hostname=localhost -Dcom.sun.management.jmxremote.port=45557 -Dcom.sun.management.jmxremote.authenticate=false -Dcom.sun.management.jmxremote.ssl=false 
java_command: com.farmconnect.farmconnectbackend.FarmconnectBackendApplication
java_class_path (initial): C:\Users\adity\StudioProjects\farmconnect-backend\target\classes;C:\Users\adity\.m2\repository\com\cloudinary\cloudinary-http44\1.32.2\cloudinary-http44-1.32.2.jar;C:\Users\adity\.m2\repository\com\cloudinary\cloudinary-core\1.32.2\cloudinary-core-1.32.2.jar;C:\Users\adity\.m2\repository\org\apache\commons\commons-lang3\3.17.0\commons-lang3-3.17.0.jar;C:\Users\adity\.m2\repository\org\apache\httpcomponents\httpclient\4.4\httpclient-4.4.jar;C:\Users\adity\.m2\repository\org\apache\httpcomponents\httpcore\4.4.16\httpcore-4.4.16.jar;C:\Users\adity\.m2\repository\commons-logging\commons-logging\1.2\commons-logging-1.2.jar;C:\Users\adity\.m2\repository\commons-codec\commons-codec\1.18.0\commons-codec-1.18.0.jar;C:\Users\adity\.m2\repository\org\apache\httpcomponents\httpmime\4.4\httpmime-4.4.jar;C:\Users\adity\.m2\repository\org\springframework\boot\spring-boot-starter-actuator\3.5.3\spring-boot-starter-actuator-3.5.3.jar;C:\Users\adity\.m2\repository\org\springframework\boot\spring-boot-starter\3.5.3\spring-boot-starter-3.5.3.jar;C:\Users\adity\.m2\repository\org\springframework\boot\spring-boot-starter-logging\3.5.3\spring-boot-starter-logging-3.5.3.jar;C:\Users\adity\.m2\repository\ch\qos\logback\logback-classic\1.5.18\logback-classic-1.5.18.jar;C:\Users\adity\.m2\repository\ch\qos\logback\logback-core\1.5.18\logback-core-1.5.18.jar;C:\Users\adity\.m2\repository\org\apache\logging\log4j\log4j-to-slf4j\2.24.3\log4j-to-slf4j-2.24.3.jar;C:\Users\adity\.m2\repository\org\apache\logging\log4j\log4j-api\2.24.3\log4j-api-2.24.3.jar;C:\Users\adity\.m2\repository\org\slf4j\jul-to-slf4j\2.0.17\jul-to-slf4j-2.0.17.jar;C:\Users\adity\.m2\repository\jakarta\annotation\jakarta.annotation-api\2.1.1\jakarta.annotation-api-2.1.1.jar;C:\Users\adity\.m2\repository\org\yaml\snakeyaml\2.4\snakeyaml-2.4.jar;C:\Users\adity\.m2\repository\org\springframework\boot\spring-boot-actuator-autoconfigure\3.5.3\spring-boot-actuator-autoconfigure-3.5.3.jar;C:\Users\adity\
Launcher Type: SUN_STANDARD

[Global flags]
     intx CICompilerCount                          = 4                                         {product} {ergonomic}
     uint ConcGCThreads                            = 3                                         {product} {ergonomic}
     uint G1ConcRefinementThreads                  = 10                                        {product} {ergonomic}
   size_t G1HeapRegionSize                         = 1048576                                   {product} {ergonomic}
    uintx GCDrainStackTargetSize                   = 64                                        {product} {ergonomic}
   size_t InitialHeapSize                          = 98566144                                  {product} {ergonomic}
     bool ManagementServer                         = true                                      {product} {command line}
   size_t MarkStackSize                            = 4194304                                   {product} {ergonomic}
   size_t MaxHeapSize                              = 1572864000                                {product} {ergonomic}
   size_t MaxNewSize                               = 943718400                                 {product} {ergonomic}
   size_t MinHeapDeltaBytes                        = 1048576                                   {product} {ergonomic}
   size_t MinHeapSize                              = 8388608                                   {product} {ergonomic}
    uintx NonNMethodCodeHeapSize                   = 5839372                                {pd product} {ergonomic}
    uintx NonProfiledCodeHeapSize                  = 122909434                              {pd product} {ergonomic}
    uintx ProfiledCodeHeapSize                     = 122909434                              {pd product} {ergonomic}
    uintx ReservedCodeCacheSize                    = 251658240                              {pd product} {ergonomic}
     bool SegmentedCodeCache                       = true                                      {product} {ergonomic}
     bool ShowCodeDetailsInExceptionMessages       = true                                   {manageable} {command line}
   size_t SoftMaxHeapSize                          = 1572864000                             {manageable} {ergonomic}
     bool UseCompressedClassPointers               = true                           {product lp64_product} {ergonomic}
     bool UseCompressedOops                        = true                           {product lp64_product} {ergonomic}
     bool UseG1GC                                  = true                                      {product} {ergonomic}
     bool UseLargePagesIndividualAllocation        = false                                  {pd product} {ergonomic}

Logging:
Log output configuration:
 #0: stdout all=warning uptime,level,tags
 #1: stderr all=off uptime,level,tags

Environment Variables:
JAVA_HOME=C:\Program Files\Java\jdk-17
PATH=C:\ProgramData\anaconda3;C:\ProgramData\anaconda3\Library\mingw-w64\bin;C:\ProgramData\anaconda3\Library\usr\bin;C:\ProgramData\anaconda3\Library\bin;C:\ProgramData\anaconda3\Scripts;C:\ProgramData\anaconda3\bin;C:\src\flutter\bin\cache\dart-sdk\bin;C:\app\adity\product\21c\dbhomeXE\bin;C:\WINDOWS\system32;C:\WINDOWS;C:\WINDOWS\System32\Wbem;C:\WINDOWS\System32\WindowsPowerShell\v1.0;C:\WINDOWS\System32\OpenSSH;C:\Program Files\Apache\maven\bin;C:\Program Files\Java\jdk-17\bin;C:\Program Files\nodejs;C:\ProgramData\chocolatey\bin;C:\Users\adity\AppData\Roaming\npm;C:\Program Files\Git\cmd;C:\Program Files\Git\bin;C:\Program Files\dotnet;C:\ProgramData\anaconda3;C:\ProgramData\anaconda3\Scripts;C:\ProgramData\anaconda3\Library\bin;C:\Program Files\GitHub CLI;C:\Program Files\MongoDB\Server\8.0\bin;c:\Users\adity\AppData\Local\Programs\cursor\resources\app\bin;C:\php-8.3.23;C:\Users\adity\kotlin-compiler-2.2.0\kotlinc\bin;C:\Users\adity\AppData\Local\Android\Sdk\platform-tools;C:\Program Files\PostgreSQL\17\bin;.;C:\Program Files\Docker\Docker\resources\bin;C:\ProgramData\anaconda3\condabin;C:\WINDOWS\system32;C:\WINDOWS;C:\WINDOWS\System32\Wbem;C:\WINDOWS\System32\WindowsPowerShell\v1.0;C:\WINDOWS\System32\OpenSSH;C:\Program Files\Apache\maven\bin;C:\Program Files\Java\jdk-17\bin;C:\Program Files\nodejs;C:\ProgramData\chocolatey\bin;C:\Users\adity\AppData\Roaming\npm;C:\Program Files\Git\cmd;C:\Program Files\Git\bin;C:\Program Files\dotnet;C:\ProgramData\anaconda3;C:\ProgramData\anaconda3\Scripts;C:\ProgramData\anaconda3\Library\bin;C:\Program Files\GitHub CLI;C:\Program Files\MongoDB\Server\8.0\bin;C:\Users\adity\AppData\Local\Programs\Python\Python313\Scripts;C:\Users\adity\AppData\Local\Programs\Python\Python313;C:\Users\adity\AppData\Local\Programs\Python\Launcher;C:\Users\adity\AppData\Local\Programs\Microsoft VS Code\bin;C:\Users\adity\.foundry\bin;C:\src\flutter\bin;C:\Users\adity\.dotnet\tools;C:\Users\adity\AppData\Loca;C:\Users\adity\AppData\Local\Muse Hu
USERNAME=adity
LANG=en_US.UTF-8
OS=Windows_NT
PROCESSOR_IDENTIFIER=AMD64 Family 25 Model 80 Stepping 0, AuthenticAMD



---------------  S Y S T E M  ---------------

OS:
 Windows 11 , 64 bit Build 26100 (10.0.26100.5074)
OS uptime: 0 days 1:16 hours
Hyper-V role detected

CPU: total 12 (initial active 12) (12 cores per cpu, 2 threads per core) family 25 model 80 stepping 0 microcode 0xa50000c, cx8, cmov, fxsr, ht, mmx, 3dnowpref, sse, sse2, sse3, ssse3, sse4a, sse4.1, sse4.2, popcnt, lzcnt, tsc, tscinvbit, avx, avx2, aes, erms, clmul, bmi1, bmi2, adx, sha, fma, vzeroupper, clflush, clflushopt, hv

Memory: 4k page, system-wide physical 5996M (402M free)
TotalPageFile size 24428M (AvailPageFile size 20M)
current process WorkingSet (physical memory assigned to process): 139M, peak: 150M
current process commit charge ("private bytes"): 207M, peak: 236M

vm_info: Java HotSpot(TM) 64-Bit Server VM (17.0.12+8-LTS-286) for windows-amd64 JRE (17.0.12+8-LTS-286), built on Jun  5 2024 06:46:59 by "mach5one" with MS VC++ 17.6 (VS2022)

END.
