#
# There is insufficient memory for the Java Runtime Environment to continue.
# Native memory allocation (malloc) failed to allocate 927360 bytes for Chunk::new
# Possible reasons:
#   The system is out of physical RAM or swap space
#   The process is running with CompressedOops enabled, and the Java Heap may be blocking the growth of the native heap
# Possible solutions:
#   Reduce memory load on the system
#   Increase physical memory or swap space
#   Check if swap backing store is full
#   Decrease Java heap size (-Xmx/-Xms)
#   Decrease number of Java threads
#   Decrease Java thread stack sizes (-Xss)
#   Set larger code cache with -XX:ReservedCodeCacheSize=
#   JVM is running with Unscaled Compressed Oops mode in which the Java heap is
#     placed in the first 4GB address space. The Java Heap base address is the
#     maximum limit for the native heap growth. Please use -XX:HeapBaseMinAddress
#     to set the Java Heap base and to place the Java Heap above 4GB virtual address.
# This output file may be truncated or incomplete.
#
#  Out of Memory Error (arena.cpp:189), pid=17872, tid=17600
#
# JRE version: Java(TM) SE Runtime Environment (17.0.12+8) (build 17.0.12+8-LTS-286)
# Java VM: Java HotSpot(TM) 64-Bit Server VM (17.0.12+8-LTS-286, mixed mode, sharing, tiered, compressed oops, compressed class ptrs, g1 gc, windows-amd64)
# No core dump will be written. Minidumps are not enabled by default on client versions of Windows
#

---------------  S U M M A R Y ------------

Command Line: -XX:+ShowCodeDetailsInExceptionMessages -Dspring.jmx.enabled=true -Dmanagement.endpoints.jmx.exposure.include=* -Dspring.application.admin.enabled=true -Dspring.boot.project.name=farmconnect-backend -Djava.rmi.server.hostname=localhost -Dcom.sun.management.jmxremote.port=45556 -Dcom.sun.management.jmxremote.authenticate=false -Dcom.sun.management.jmxremote.ssl=false com.farmconnect.farmconnectbackend.FarmconnectBackendApplication

Host: AMD Ryzen 5 5600H with Radeon Graphics         , 12 cores, 5G,  Windows 11 , 64 bit Build 26100 (10.0.26100.5074)
Time: Mon Sep  1 09:48:49 2025 India Standard Time elapsed time: 3.729515 seconds (0d 0h 0m 3s)

---------------  T H R E A D  ---------------

Current thread (0x000001e879bf7fe0):  JavaThread "C2 CompilerThread0" daemon [_thread_in_native, id=17600, stack(0x00000002b3900000,0x00000002b3a00000)]


Current CompileTask:
C2:   3729 2158       4       jdk.internal.loader.URLClassPath::getResource (74 bytes)

Stack: [0x00000002b3900000,0x00000002b3a00000]
Native frames: (J=compiled Java code, j=interpreted, Vv=VM code, C=native code)
V  [jvm.dll+0x67a04a]
V  [jvm.dll+0x7da4ed]
V  [jvm.dll+0x7dbe33]
V  [jvm.dll+0x7dc4a3]
V  [jvm.dll+0x24508f]
V  [jvm.dll+0xab773]
V  [jvm.dll+0xabd3c]
V  [jvm.dll+0x361bee]
V  [jvm.dll+0x32c431]
V  [jvm.dll+0x32b8ca]
V  [jvm.dll+0x21683f]
V  [jvm.dll+0x215c6f]
V  [jvm.dll+0x1a2960]
V  [jvm.dll+0x22610b]
V  [jvm.dll+0x2242ab]
V  [jvm.dll+0x79075c]
V  [jvm.dll+0x78abea]
V  [jvm.dll+0x678f35]
C  [ucrtbase.dll+0x37b0]
C  [KERNEL32.DLL+0x2e8d7]
C  [ntdll.dll+0x8d9c]


---------------  P R O C E S S  ---------------

Threads class SMR info:
_java_thread_list=0x000001e87f462ed0, length=23, elements={
0x000001e86ba18a20, 0x000001e879bdd0f0, 0x000001e879bddcb0, 0x000001e879bf24e0,
0x000001e879bf4eb0, 0x000001e879bf5870, 0x000001e879bf7240, 0x000001e879bf7fe0,
0x000001e879c02ab0, 0x000001e879c089f0, 0x000001e879bc78e0, 0x000001e87e173da0,
0x000001e87e7ea1d0, 0x000001e87e802280, 0x000001e87e802ce0, 0x000001e87e9c7f00,
0x000001e87f325e40, 0x000001e87f35b280, 0x000001e87f379460, 0x000001e87f379970,
0x000001e87f37adb0, 0x000001e87f37a390, 0x000001e87fc89590
}

Java Threads: ( => current thread )
  0x000001e86ba18a20 JavaThread "main" [_thread_blocked, id=17604, stack(0x00000002b2c00000,0x00000002b2d00000)]
  0x000001e879bdd0f0 JavaThread "Reference Handler" daemon [_thread_blocked, id=21968, stack(0x00000002b3300000,0x00000002b3400000)]
  0x000001e879bddcb0 JavaThread "Finalizer" daemon [_thread_blocked, id=21944, stack(0x00000002b3400000,0x00000002b3500000)]
  0x000001e879bf24e0 JavaThread "Signal Dispatcher" daemon [_thread_blocked, id=19856, stack(0x00000002b3500000,0x00000002b3600000)]
  0x000001e879bf4eb0 JavaThread "Attach Listener" daemon [_thread_blocked, id=12332, stack(0x00000002b3600000,0x00000002b3700000)]
  0x000001e879bf5870 JavaThread "Service Thread" daemon [_thread_blocked, id=9532, stack(0x00000002b3700000,0x00000002b3800000)]
  0x000001e879bf7240 JavaThread "Monitor Deflation Thread" daemon [_thread_blocked, id=21888, stack(0x00000002b3800000,0x00000002b3900000)]
=>0x000001e879bf7fe0 JavaThread "C2 CompilerThread0" daemon [_thread_in_native, id=17600, stack(0x00000002b3900000,0x00000002b3a00000)]
  0x000001e879c02ab0 JavaThread "C1 CompilerThread0" daemon [_thread_blocked, id=2096, stack(0x00000002b3a00000,0x00000002b3b00000)]
  0x000001e879c089f0 JavaThread "Sweeper thread" daemon [_thread_blocked, id=17724, stack(0x00000002b3b00000,0x00000002b3c00000)]
  0x000001e879bc78e0 JavaThread "Common-Cleaner" daemon [_thread_blocked, id=13836, stack(0x00000002b3c00000,0x00000002b3d00000)]
  0x000001e87e173da0 JavaThread "Notification Thread" daemon [_thread_blocked, id=16748, stack(0x00000002b3e00000,0x00000002b3f00000)]
  0x000001e87e7ea1d0 JavaThread "RMI TCP Accept-0" daemon [_thread_in_native, id=19424, stack(0x00000002b3f00000,0x00000002b4000000)]
  0x000001e87e802280 JavaThread "RMI TCP Accept-45556" daemon [_thread_in_native, id=9560, stack(0x00000002b4000000,0x00000002b4100000)]
  0x000001e87e802ce0 JavaThread "RMI TCP Accept-0" daemon [_thread_in_native, id=8452, stack(0x00000002b4100000,0x00000002b4200000)]
  0x000001e87e9c7f00 JavaThread "RMI TCP Connection(1)-127.0.0.1" daemon [_thread_in_native, id=18192, stack(0x00000002b4300000,0x00000002b4400000)]
  0x000001e87f325e40 JavaThread "RMI Scheduler(0)" daemon [_thread_blocked, id=20724, stack(0x00000002b4400000,0x00000002b4500000)]
  0x000001e87f35b280 JavaThread "RMI TCP Connection(2)-127.0.0.1" daemon [_thread_in_native, id=19472, stack(0x00000002b4d00000,0x00000002b4e00000)]
  0x000001e87f379460 JavaThread "Thread-0" [_thread_blocked, id=372, stack(0x00000002b4e00000,0x00000002b4f00000)]
  0x000001e87f379970 JavaThread "restartedMain" [_thread_in_native, id=9660, stack(0x00000002b4f00000,0x00000002b5000000)]
  0x000001e87f37adb0 JavaThread "JMX server connection timeout 25" daemon [_thread_blocked, id=9108, stack(0x00000002b5000000,0x00000002b5100000)]
  0x000001e87f37a390 JavaThread "background-preinit" [_thread_blocked, id=11340, stack(0x00000002b5300000,0x00000002b5400000)]
  0x000001e87fc89590 JavaThread "C2 CompilerThread1" daemon [_thread_in_native, id=7500, stack(0x00000002b5400000,0x00000002b5500000)]

Other Threads:
  0x000001e879bd7640 VMThread "VM Thread" [stack: 0x00000002b3200000,0x00000002b3300000] [id=16480]
  0x000001e87e87b700 WatcherThread [stack: 0x00000002b4200000,0x00000002b4300000] [id=1624]
  0x000001e86ba6bd80 GCTaskThread "GC Thread#0" [stack: 0x00000002b2d00000,0x00000002b2e00000] [id=17068]
  0x000001e87eae73d0 GCTaskThread "GC Thread#1" [stack: 0x00000002b3d00000,0x00000002b3e00000] [id=11336]
  0x000001e87f34dcb0 GCTaskThread "GC Thread#2" [stack: 0x00000002b4500000,0x00000002b4600000] [id=19700]
  0x000001e87f34e780 GCTaskThread "GC Thread#3" [stack: 0x00000002b4600000,0x00000002b4700000] [id=13156]
  0x000001e87f34f650 GCTaskThread "GC Thread#4" [stack: 0x00000002b4700000,0x00000002b4800000] [id=22244]
  0x000001e87f350130 GCTaskThread "GC Thread#5" [stack: 0x00000002b4800000,0x00000002b4900000] [id=1212]
  0x000001e87f3507f0 GCTaskThread "GC Thread#6" [stack: 0x00000002b4900000,0x00000002b4a00000] [id=9984]
  0x000001e87f350ab0 GCTaskThread "GC Thread#7" [stack: 0x00000002b4a00000,0x00000002b4b00000] [id=20172]
  0x000001e87f464740 GCTaskThread "GC Thread#8" [stack: 0x00000002b5100000,0x00000002b5200000] [id=18720]
  0x000001e87f40e2c0 GCTaskThread "GC Thread#9" [stack: 0x00000002b5200000,0x00000002b5300000] [id=17780]
  0x000001e86ba79520 ConcurrentGCThread "G1 Main Marker" [stack: 0x00000002b2e00000,0x00000002b2f00000] [id=6652]
  0x000001e86ba79f30 ConcurrentGCThread "G1 Conc#0" [stack: 0x00000002b2f00000,0x00000002b3000000] [id=21276]
  0x000001e86bace2e0 ConcurrentGCThread "G1 Refine#0" [stack: 0x00000002b3000000,0x00000002b3100000] [id=6316]
  0x000001e87f3255d0 ConcurrentGCThread "G1 Refine#1" [stack: 0x00000002b4b00000,0x00000002b4c00000] [id=11972]
  0x000001e87f3258c0 ConcurrentGCThread "G1 Refine#2" [stack: 0x00000002b4c00000,0x00000002b4d00000] [id=21356]
  0x000001e879a980e0 ConcurrentGCThread "G1 Service" [stack: 0x00000002b3100000,0x00000002b3200000] [id=15996]

Threads with active compile tasks:
C2 CompilerThread0     3751 2158       4       jdk.internal.loader.URLClassPath::getResource (74 bytes)
C2 CompilerThread1     3751 2167       4       java.util.HashMap::resize (356 bytes)

VM state: not at safepoint (normal execution)

VM Mutex/Monitor currently owned by a thread: None

Heap address: 0x00000000a2400000, size: 1500 MB, Compressed Oops mode: 32-bit

CDS archive(s) mapped at: [0x000001e80f000000-0x000001e80fbd0000-0x000001e80fbd0000), size 12386304, SharedBaseAddress: 0x000001e80f000000, ArchiveRelocationMode: 1.
Compressed class space mapped at: 0x000001e810000000-0x000001e850000000, reserved size: 1073741824
Narrow klass base: 0x000001e80f000000, Narrow klass shift: 0, Narrow klass range: 0x100000000

GC Precious Log:
 CPUs: 12 total, 12 available
 Memory: 5996M
 Large Page Support: Disabled
 NUMA Support: Disabled
 Compressed Oops: Enabled (32-bit)
 Heap Region Size: 1M
 Heap Min Capacity: 8M
 Heap Initial Capacity: 94M
 Heap Max Capacity: 1500M
 Pre-touch: Disabled
 Parallel Workers: 10
 Concurrent Workers: 3
 Concurrent Refinement Workers: 10
 Periodic GC: Disabled

Heap:
 garbage-first heap   total 96256K, used 21470K [0x00000000a2400000, 0x0000000100000000)
  region size 1024K, 14 young (14336K), 2 survivors (2048K)
 Metaspace       used 14382K, committed 14720K, reserved 1114112K
  class space    used 1836K, committed 1984K, reserved 1048576K

Heap Regions: E=young(eden), S=young(survivor), O=old, HS=humongous(starts), HC=humongous(continues), CS=collection set, F=free, OA=open archive, CA=closed archive, TAMS=top-at-mark-start (previous, next)
|   0|0x00000000a2400000, 0x00000000a2500000, 0x00000000a2500000|100%|HS|  |TAMS 0x00000000a2400000, 0x00000000a2400000| Complete 
|   1|0x00000000a2500000, 0x00000000a2600000, 0x00000000a2600000|100%|HS|  |TAMS 0x00000000a2500000, 0x00000000a2500000| Complete 
|   2|0x00000000a2600000, 0x00000000a2700000, 0x00000000a2700000|100%| O|  |TAMS 0x00000000a2600000, 0x00000000a2600000| Untracked 
|   3|0x00000000a2700000, 0x00000000a2800000, 0x00000000a2800000|100%| O|  |TAMS 0x00000000a2700000, 0x00000000a2700000| Untracked 
|   4|0x00000000a2800000, 0x00000000a2900000, 0x00000000a2900000|100%| O|  |TAMS 0x00000000a2800000, 0x00000000a2800000| Untracked 
|   5|0x00000000a2900000, 0x00000000a2a00000, 0x00000000a2a00000|100%| O|  |TAMS 0x00000000a2900000, 0x00000000a2900000| Untracked 
|   6|0x00000000a2a00000, 0x00000000a2b00000, 0x00000000a2b00000|100%| O|  |TAMS 0x00000000a2a00000, 0x00000000a2a00000| Untracked 
|   7|0x00000000a2b00000, 0x00000000a2c00000, 0x00000000a2c00000|100%| O|  |TAMS 0x00000000a2b00000, 0x00000000a2b00000| Untracked 
|   8|0x00000000a2c00000, 0x00000000a2d00000, 0x00000000a2d00000|100%| O|  |TAMS 0x00000000a2c00000, 0x00000000a2c00000| Untracked 
|   9|0x00000000a2d00000, 0x00000000a2d4c200, 0x00000000a2e00000| 29%| O|  |TAMS 0x00000000a2d00000, 0x00000000a2d00000| Untracked 
|  10|0x00000000a2e00000, 0x00000000a2e00000, 0x00000000a2f00000|  0%| F|  |TAMS 0x00000000a2e00000, 0x00000000a2e00000| Untracked 
|  11|0x00000000a2f00000, 0x00000000a2f00000, 0x00000000a3000000|  0%| F|  |TAMS 0x00000000a2f00000, 0x00000000a2f00000| Untracked 
|  12|0x00000000a3000000, 0x00000000a3000000, 0x00000000a3100000|  0%| F|  |TAMS 0x00000000a3000000, 0x00000000a3000000| Untracked 
|  13|0x00000000a3100000, 0x00000000a3100000, 0x00000000a3200000|  0%| F|  |TAMS 0x00000000a3100000, 0x00000000a3100000| Untracked 
|  14|0x00000000a3200000, 0x00000000a3200000, 0x00000000a3300000|  0%| F|  |TAMS 0x00000000a3200000, 0x00000000a3200000| Untracked 
|  15|0x00000000a3300000, 0x00000000a3300000, 0x00000000a3400000|  0%| F|  |TAMS 0x00000000a3300000, 0x00000000a3300000| Untracked 
|  16|0x00000000a3400000, 0x00000000a3400000, 0x00000000a3500000|  0%| F|  |TAMS 0x00000000a3400000, 0x00000000a3400000| Untracked 
|  17|0x00000000a3500000, 0x00000000a3500000, 0x00000000a3600000|  0%| F|  |TAMS 0x00000000a3500000, 0x00000000a3500000| Untracked 
|  18|0x00000000a3600000, 0x00000000a3600000, 0x00000000a3700000|  0%| F|  |TAMS 0x00000000a3600000, 0x00000000a3600000| Untracked 
|  19|0x00000000a3700000, 0x00000000a3700000, 0x00000000a3800000|  0%| F|  |TAMS 0x00000000a3700000, 0x00000000a3700000| Untracked 
|  20|0x00000000a3800000, 0x00000000a3800000, 0x00000000a3900000|  0%| F|  |TAMS 0x00000000a3800000, 0x00000000a3800000| Untracked 
|  21|0x00000000a3900000, 0x00000000a3900000, 0x00000000a3a00000|  0%| F|  |TAMS 0x00000000a3900000, 0x00000000a3900000| Untracked 
|  22|0x00000000a3a00000, 0x00000000a3a00000, 0x00000000a3b00000|  0%| F|  |TAMS 0x00000000a3a00000, 0x00000000a3a00000| Untracked 
|  23|0x00000000a3b00000, 0x00000000a3b00000, 0x00000000a3c00000|  0%| F|  |TAMS 0x00000000a3b00000, 0x00000000a3b00000| Untracked 
|  24|0x00000000a3c00000, 0x00000000a3c00000, 0x00000000a3d00000|  0%| F|  |TAMS 0x00000000a3c00000, 0x00000000a3c00000| Untracked 
|  25|0x00000000a3d00000, 0x00000000a3d00000, 0x00000000a3e00000|  0%| F|  |TAMS 0x00000000a3d00000, 0x00000000a3d00000| Untracked 
|  26|0x00000000a3e00000, 0x00000000a3e00000, 0x00000000a3f00000|  0%| F|  |TAMS 0x00000000a3e00000, 0x00000000a3e00000| Untracked 
|  27|0x00000000a3f00000, 0x00000000a3f00000, 0x00000000a4000000|  0%| F|  |TAMS 0x00000000a3f00000, 0x00000000a3f00000| Untracked 
|  28|0x00000000a4000000, 0x00000000a4000000, 0x00000000a4100000|  0%| F|  |TAMS 0x00000000a4000000, 0x00000000a4000000| Untracked 
|  29|0x00000000a4100000, 0x00000000a4100000, 0x00000000a4200000|  0%| F|  |TAMS 0x00000000a4100000, 0x00000000a4100000| Untracked 
|  30|0x00000000a4200000, 0x00000000a4200000, 0x00000000a4300000|  0%| F|  |TAMS 0x00000000a4200000, 0x00000000a4200000| Untracked 
|  31|0x00000000a4300000, 0x00000000a4300000, 0x00000000a4400000|  0%| F|  |TAMS 0x00000000a4300000, 0x00000000a4300000| Untracked 
|  32|0x00000000a4400000, 0x00000000a4400000, 0x00000000a4500000|  0%| F|  |TAMS 0x00000000a4400000, 0x00000000a4400000| Untracked 
|  33|0x00000000a4500000, 0x00000000a4500000, 0x00000000a4600000|  0%| F|  |TAMS 0x00000000a4500000, 0x00000000a4500000| Untracked 
|  34|0x00000000a4600000, 0x00000000a4600000, 0x00000000a4700000|  0%| F|  |TAMS 0x00000000a4600000, 0x00000000a4600000| Untracked 
|  35|0x00000000a4700000, 0x00000000a4700000, 0x00000000a4800000|  0%| F|  |TAMS 0x00000000a4700000, 0x00000000a4700000| Untracked 
|  36|0x00000000a4800000, 0x00000000a4800000, 0x00000000a4900000|  0%| F|  |TAMS 0x00000000a4800000, 0x00000000a4800000| Untracked 
|  37|0x00000000a4900000, 0x00000000a4900000, 0x00000000a4a00000|  0%| F|  |TAMS 0x00000000a4900000, 0x00000000a4900000| Untracked 
|  38|0x00000000a4a00000, 0x00000000a4a00000, 0x00000000a4b00000|  0%| F|  |TAMS 0x00000000a4a00000, 0x00000000a4a00000| Untracked 
|  39|0x00000000a4b00000, 0x00000000a4b00000, 0x00000000a4c00000|  0%| F|  |TAMS 0x00000000a4b00000, 0x00000000a4b00000| Untracked 
|  40|0x00000000a4c00000, 0x00000000a4c00000, 0x00000000a4d00000|  0%| F|  |TAMS 0x00000000a4c00000, 0x00000000a4c00000| Untracked 
|  41|0x00000000a4d00000, 0x00000000a4d00000, 0x00000000a4e00000|  0%| F|  |TAMS 0x00000000a4d00000, 0x00000000a4d00000| Untracked 
|  42|0x00000000a4e00000, 0x00000000a4e00000, 0x00000000a4f00000|  0%| F|  |TAMS 0x00000000a4e00000, 0x00000000a4e00000| Untracked 
|  43|0x00000000a4f00000, 0x00000000a4f00000, 0x00000000a5000000|  0%| F|  |TAMS 0x00000000a4f00000, 0x00000000a4f00000| Untracked 
|  44|0x00000000a5000000, 0x00000000a5000000, 0x00000000a5100000|  0%| F|  |TAMS 0x00000000a5000000, 0x00000000a5000000| Untracked 
|  45|0x00000000a5100000, 0x00000000a5100000, 0x00000000a5200000|  0%| F|  |TAMS 0x00000000a5100000, 0x00000000a5100000| Untracked 
|  46|0x00000000a5200000, 0x00000000a5200000, 0x00000000a5300000|  0%| F|  |TAMS 0x00000000a5200000, 0x00000000a5200000| Untracked 
|  47|0x00000000a5300000, 0x00000000a5300000, 0x00000000a5400000|  0%| F|  |TAMS 0x00000000a5300000, 0x00000000a5300000| Untracked 
|  48|0x00000000a5400000, 0x00000000a5400000, 0x00000000a5500000|  0%| F|  |TAMS 0x00000000a5400000, 0x00000000a5400000| Untracked 
|  49|0x00000000a5500000, 0x00000000a5500000, 0x00000000a5600000|  0%| F|  |TAMS 0x00000000a5500000, 0x00000000a5500000| Untracked 
|  50|0x00000000a5600000, 0x00000000a5600000, 0x00000000a5700000|  0%| F|  |TAMS 0x00000000a5600000, 0x00000000a5600000| Untracked 
|  51|0x00000000a5700000, 0x00000000a5700000, 0x00000000a5800000|  0%| F|  |TAMS 0x00000000a5700000, 0x00000000a5700000| Untracked 
|  52|0x00000000a5800000, 0x00000000a5800000, 0x00000000a5900000|  0%| F|  |TAMS 0x00000000a5800000, 0x00000000a5800000| Untracked 
|  53|0x00000000a5900000, 0x00000000a5900000, 0x00000000a5a00000|  0%| F|  |TAMS 0x00000000a5900000, 0x00000000a5900000| Untracked 
|  54|0x00000000a5a00000, 0x00000000a5a00000, 0x00000000a5b00000|  0%| F|  |TAMS 0x00000000a5a00000, 0x00000000a5a00000| Untracked 
|  55|0x00000000a5b00000, 0x00000000a5b00000, 0x00000000a5c00000|  0%| F|  |TAMS 0x00000000a5b00000, 0x00000000a5b00000| Untracked 
|  56|0x00000000a5c00000, 0x00000000a5c00000, 0x00000000a5d00000|  0%| F|  |TAMS 0x00000000a5c00000, 0x00000000a5c00000| Untracked 
|  57|0x00000000a5d00000, 0x00000000a5d00000, 0x00000000a5e00000|  0%| F|  |TAMS 0x00000000a5d00000, 0x00000000a5d00000| Untracked 
|  58|0x00000000a5e00000, 0x00000000a5e00000, 0x00000000a5f00000|  0%| F|  |TAMS 0x00000000a5e00000, 0x00000000a5e00000| Untracked 
|  59|0x00000000a5f00000, 0x00000000a5f00000, 0x00000000a6000000|  0%| F|  |TAMS 0x00000000a5f00000, 0x00000000a5f00000| Untracked 
|  60|0x00000000a6000000, 0x00000000a6000000, 0x00000000a6100000|  0%| F|  |TAMS 0x00000000a6000000, 0x00000000a6000000| Untracked 
|  61|0x00000000a6100000, 0x00000000a6100000, 0x00000000a6200000|  0%| F|  |TAMS 0x00000000a6100000, 0x00000000a6100000| Untracked 
|  62|0x00000000a6200000, 0x00000000a6200000, 0x00000000a6300000|  0%| F|  |TAMS 0x00000000a6200000, 0x00000000a6200000| Untracked 
|  63|0x00000000a6300000, 0x00000000a6300000, 0x00000000a6400000|  0%| F|  |TAMS 0x00000000a6300000, 0x00000000a6300000| Untracked 
|  64|0x00000000a6400000, 0x00000000a6400000, 0x00000000a6500000|  0%| F|  |TAMS 0x00000000a6400000, 0x00000000a6400000| Untracked 
|  65|0x00000000a6500000, 0x00000000a6500000, 0x00000000a6600000|  0%| F|  |TAMS 0x00000000a6500000, 0x00000000a6500000| Untracked 
|  66|0x00000000a6600000, 0x00000000a6600000, 0x00000000a6700000|  0%| F|  |TAMS 0x00000000a6600000, 0x00000000a6600000| Untracked 
|  67|0x00000000a6700000, 0x00000000a6700000, 0x00000000a6800000|  0%| F|  |TAMS 0x00000000a6700000, 0x00000000a6700000| Untracked 
|  68|0x00000000a6800000, 0x00000000a6800000, 0x00000000a6900000|  0%| F|  |TAMS 0x00000000a6800000, 0x00000000a6800000| Untracked 
|  69|0x00000000a6900000, 0x00000000a6900000, 0x00000000a6a00000|  0%| F|  |TAMS 0x00000000a6900000, 0x00000000a6900000| Untracked 
|  70|0x00000000a6a00000, 0x00000000a6a00000, 0x00000000a6b00000|  0%| F|  |TAMS 0x00000000a6a00000, 0x00000000a6a00000| Untracked 
|  71|0x00000000a6b00000, 0x00000000a6bab870, 0x00000000a6c00000| 67%| S|CS|TAMS 0x00000000a6b00000, 0x00000000a6b00000| Complete 
|  72|0x00000000a6c00000, 0x00000000a6d00000, 0x00000000a6d00000|100%| S|CS|TAMS 0x00000000a6c00000, 0x00000000a6c00000| Complete 
|  73|0x00000000a6d00000, 0x00000000a6d00000, 0x00000000a6e00000|  0%| F|  |TAMS 0x00000000a6d00000, 0x00000000a6d00000| Untracked 
|  74|0x00000000a6e00000, 0x00000000a6e00000, 0x00000000a6f00000|  0%| F|  |TAMS 0x00000000a6e00000, 0x00000000a6e00000| Untracked 
|  75|0x00000000a6f00000, 0x00000000a6f00000, 0x00000000a7000000|  0%| F|  |TAMS 0x00000000a6f00000, 0x00000000a6f00000| Untracked 
|  76|0x00000000a7000000, 0x00000000a7000000, 0x00000000a7100000|  0%| F|  |TAMS 0x00000000a7000000, 0x00000000a7000000| Untracked 
|  77|0x00000000a7100000, 0x00000000a7100000, 0x00000000a7200000|  0%| F|  |TAMS 0x00000000a7100000, 0x00000000a7100000| Untracked 
|  78|0x00000000a7200000, 0x00000000a7200000, 0x00000000a7300000|  0%| F|  |TAMS 0x00000000a7200000, 0x00000000a7200000| Untracked 
|  79|0x00000000a7300000, 0x00000000a7300000, 0x00000000a7400000|  0%| F|  |TAMS 0x00000000a7300000, 0x00000000a7300000| Untracked 
|  80|0x00000000a7400000, 0x00000000a7400000, 0x00000000a7500000|  0%| F|  |TAMS 0x00000000a7400000, 0x00000000a7400000| Untracked 
|  81|0x00000000a7500000, 0x00000000a7500000, 0x00000000a7600000|  0%| F|  |TAMS 0x00000000a7500000, 0x00000000a7500000| Untracked 
|  82|0x00000000a7600000, 0x00000000a768c8e0, 0x00000000a7700000| 54%| E|  |TAMS 0x00000000a7600000, 0x00000000a7600000| Complete 
|  83|0x00000000a7700000, 0x00000000a7800000, 0x00000000a7800000|100%| E|CS|TAMS 0x00000000a7700000, 0x00000000a7700000| Complete 
|  84|0x00000000a7800000, 0x00000000a7900000, 0x00000000a7900000|100%| E|CS|TAMS 0x00000000a7800000, 0x00000000a7800000| Complete 
|  85|0x00000000a7900000, 0x00000000a7a00000, 0x00000000a7a00000|100%| E|CS|TAMS 0x00000000a7900000, 0x00000000a7900000| Complete 
|  86|0x00000000a7a00000, 0x00000000a7b00000, 0x00000000a7b00000|100%| E|CS|TAMS 0x00000000a7a00000, 0x00000000a7a00000| Complete 
|  87|0x00000000a7b00000, 0x00000000a7c00000, 0x00000000a7c00000|100%| E|CS|TAMS 0x00000000a7b00000, 0x00000000a7b00000| Complete 
|  88|0x00000000a7c00000, 0x00000000a7d00000, 0x00000000a7d00000|100%| E|  |TAMS 0x00000000a7c00000, 0x00000000a7c00000| Complete 
|  89|0x00000000a7d00000, 0x00000000a7e00000, 0x00000000a7e00000|100%| E|CS|TAMS 0x00000000a7d00000, 0x00000000a7d00000| Complete 
|  90|0x00000000a7e00000, 0x00000000a7f00000, 0x00000000a7f00000|100%| E|CS|TAMS 0x00000000a7e00000, 0x00000000a7e00000| Complete 
|  91|0x00000000a7f00000, 0x00000000a8000000, 0x00000000a8000000|100%| E|CS|TAMS 0x00000000a7f00000, 0x00000000a7f00000| Complete 
|  92|0x00000000a8000000, 0x00000000a8100000, 0x00000000a8100000|100%| E|CS|TAMS 0x00000000a8000000, 0x00000000a8000000| Complete 
|  93|0x00000000a8100000, 0x00000000a8200000, 0x00000000a8200000|100%| E|CS|TAMS 0x00000000a8100000, 0x00000000a8100000| Complete 

Card table byte_map: [0x000001e873b10000,0x000001e873e00000] _byte_map_base: 0x000001e8735fe000

Marking Bits (Prev, Next): (CMBitMap*) 0x000001e86ba6c3a0, (CMBitMap*) 0x000001e86ba6c3e0
 Prev Bits: [0x000001e8740f0000, 0x000001e875860000)
 Next Bits: [0x000001e875860000, 0x000001e876fd0000)

Polling page: 0x000001e869900000

Metaspace:

Usage:
  Non-class:     12.28 MB used.
      Class:      1.80 MB used.
       Both:     14.08 MB used.

Virtual space:
  Non-class space:       64.00 MB reserved,      12.44 MB ( 19%) committed,  1 nodes.
      Class space:        1.00 GB reserved,       2.00 MB ( <1%) committed,  1 nodes.
             Both:        1.06 GB reserved,      14.44 MB (  1%) committed. 

Chunk freelists:
   Non-Class:  2.69 MB
       Class:  14.05 MB
        Both:  16.73 MB

MaxMetaspaceSize: unlimited
CompressedClassSpaceSize: 1.00 GB
Initial GC threshold: 21.00 MB
Current GC threshold: 21.00 MB
CDS: on
MetaspaceReclaimPolicy: balanced
 - commit_granule_bytes: 65536.
 - commit_granule_words: 8192.
 - virtual_space_node_default_size: 8388608.
 - enlarge_chunks_in_place: 1.
 - new_chunks_are_fully_committed: 0.
 - uncommit_free_chunks: 1.
 - use_allocation_guard: 0.
 - handle_deallocations: 1.


Internal statistics:

num_allocs_failed_limit: 0.
num_arena_births: 442.
num_arena_deaths: 0.
num_vsnodes_births: 2.
num_vsnodes_deaths: 0.
num_space_committed: 231.
num_space_uncommitted: 0.
num_chunks_returned_to_freelist: 0.
num_chunks_taken_from_freelist: 859.
num_chunk_merges: 0.
num_chunk_splits: 540.
num_chunks_enlarged: 344.
num_inconsistent_stats: 0.

CodeHeap 'non-profiled nmethods': size=120000Kb used=749Kb max_used=749Kb free=119250Kb
 bounds [0x000001e807ad0000, 0x000001e807d40000, 0x000001e80f000000]
CodeHeap 'profiled nmethods': size=120000Kb used=4141Kb max_used=4141Kb free=115858Kb
 bounds [0x000001e800000000, 0x000001e800410000, 0x000001e807530000]
CodeHeap 'non-nmethods': size=5760Kb used=1189Kb max_used=1217Kb free=4571Kb
 bounds [0x000001e807530000, 0x000001e8077a0000, 0x000001e807ad0000]
 total_blobs=2660 nmethods=2175 adapters=397
 compilation: enabled
              stopped_count=0, restarted_count=0
 full_count=0

Compilation events (20 events):
Event: 1.683 Thread 0x000001e879bf7fe0 2158       4       jdk.internal.loader.URLClassPath::getResource (74 bytes)
Event: 1.683 Thread 0x000001e879c02ab0 2160       3       java.util.LinkedHashMap::newNode (23 bytes)
Event: 1.683 Thread 0x000001e879c02ab0 nmethod 2160 0x000001e800403990 code [0x000001e800403b60, 0x000001e800403f48]
Event: 1.683 Thread 0x000001e879c02ab0 2162       3       java.util.LinkedHashMap::afterNodeInsertion (40 bytes)
Event: 1.684 Thread 0x000001e879c02ab0 nmethod 2162 0x000001e800404110 code [0x000001e8004042e0, 0x000001e800404768]
Event: 1.684 Thread 0x000001e879c02ab0 2161       3       java.util.LinkedHashMap::linkNodeLast (33 bytes)
Event: 1.684 Thread 0x000001e879c02ab0 nmethod 2161 0x000001e800404910 code [0x000001e800404ac0, 0x000001e800404dd8]
Event: 1.692 Thread 0x000001e879c02ab0 2165       3       java.lang.invoke.Invokers::maybeCustomize (5 bytes)
Event: 1.692 Thread 0x000001e879c02ab0 nmethod 2165 0x000001e800404f10 code [0x000001e8004050a0, 0x000001e800405248]
Event: 1.693 Thread 0x000001e879c02ab0 2166       3       java.lang.invoke.MethodHandle::maybeCustomize (38 bytes)
Event: 1.693 Thread 0x000001e879c02ab0 nmethod 2166 0x000001e800405310 code [0x000001e8004054e0, 0x000001e8004059c8]
Event: 1.707 Thread 0x000001e879c02ab0 2168       3       java.security.Permission::<init> (10 bytes)
Event: 1.707 Thread 0x000001e879c02ab0 nmethod 2168 0x000001e800405b90 code [0x000001e800405d20, 0x000001e800405ed8]
Event: 1.708 Thread 0x000001e879c02ab0 2169       3       java.lang.System::checkKey (34 bytes)
Event: 1.709 Thread 0x000001e879c02ab0 nmethod 2169 0x000001e800405f90 code [0x000001e800406160, 0x000001e800406518]
Event: 1.709 Thread 0x000001e879c02ab0 2170       1       java.util.Formatter$Flags::valueOf (5 bytes)
Event: 1.709 Thread 0x000001e879c02ab0 nmethod 2170 0x000001e807b8b410 code [0x000001e807b8b5a0, 0x000001e807b8b678]
Event: 1.719 Thread 0x000001e879c02ab0 2171       3       java.lang.Character::isLetter (5 bytes)
Event: 1.719 Thread 0x000001e879c02ab0 nmethod 2171 0x000001e800406690 code [0x000001e800406860, 0x000001e800406b78]
Event: 1.719 Thread 0x000001e879c02ab0 2173       3       sun.nio.fs.NativeBuffers::releaseNativeBuffer (97 bytes)

GC Heap History (4 events):
Event: 1.035 GC heap before
{Heap before GC invocations=0 (full 0):
 garbage-first heap   total 96256K, used 24576K [0x00000000a2400000, 0x0000000100000000)
  region size 1024K, 23 young (23552K), 0 survivors (0K)
 Metaspace       used 7755K, committed 8000K, reserved 1114112K
  class space    used 895K, committed 1024K, reserved 1048576K
}
Event: 1.047 GC heap after
{Heap after GC invocations=1 (full 0):
 garbage-first heap   total 96256K, used 9216K [0x00000000a2400000, 0x0000000100000000)
  region size 1024K, 3 young (3072K), 3 survivors (3072K)
 Metaspace       used 7755K, committed 8000K, reserved 1114112K
  class space    used 895K, committed 1024K, reserved 1048576K
}
Event: 1.513 GC heap before
{Heap before GC invocations=1 (full 0):
 garbage-first heap   total 96256K, used 29696K [0x00000000a2400000, 0x0000000100000000)
  region size 1024K, 24 young (24576K), 3 survivors (3072K)
 Metaspace       used 11695K, committed 12096K, reserved 1114112K
  class space    used 1440K, committed 1600K, reserved 1048576K
}
Event: 1.517 GC heap after
{Heap after GC invocations=2 (full 0):
 garbage-first heap   total 96256K, used 11230K [0x00000000a2400000, 0x0000000100000000)
  region size 1024K, 2 young (2048K), 2 survivors (2048K)
 Metaspace       used 11695K, committed 12096K, reserved 1114112K
  class space    used 1440K, committed 1600K, reserved 1048576K
}

Deoptimization events (20 events):
Event: 1.415 Thread 0x000001e87f379970 DEOPT PACKING pc=0x000001e807b57ecc sp=0x00000002b4ffc270
Event: 1.415 Thread 0x000001e87f379970 DEOPT UNPACKING pc=0x000001e8075823a3 sp=0x00000002b4ffc230 mode 2
Event: 1.440 Thread 0x000001e87f379970 Uncommon trap: trap_request=0xffffffde fr.pc=0x000001e807b63b98 relative=0x0000000000000818
Event: 1.440 Thread 0x000001e87f379970 Uncommon trap: reason=class_check action=maybe_recompile pc=0x000001e807b63b98 method=java.util.HashMap.putVal(ILjava/lang/Object;Ljava/lang/Object;ZZ)Ljava/lang/Object; @ 203 c2
Event: 1.440 Thread 0x000001e87f379970 DEOPT PACKING pc=0x000001e807b63b98 sp=0x00000002b4ffd460
Event: 1.440 Thread 0x000001e87f379970 DEOPT UNPACKING pc=0x000001e8075823a3 sp=0x00000002b4ffd370 mode 2
Event: 1.445 Thread 0x000001e87f379970 Uncommon trap: trap_request=0xffffffbe fr.pc=0x000001e807b57ecc relative=0x000000000000166c
Event: 1.445 Thread 0x000001e87f379970 Uncommon trap: reason=profile_predicate action=maybe_recompile pc=0x000001e807b57ecc method=java.util.TreeMap.put(Ljava/lang/Object;Ljava/lang/Object;Z)Ljava/lang/Object; @ 27 c2
Event: 1.445 Thread 0x000001e87f379970 DEOPT PACKING pc=0x000001e807b57ecc sp=0x00000002b4ffc090
Event: 1.445 Thread 0x000001e87f379970 DEOPT UNPACKING pc=0x000001e8075823a3 sp=0x00000002b4ffc050 mode 2
Event: 1.445 Thread 0x000001e87f379970 Uncommon trap: trap_request=0xffffffbe fr.pc=0x000001e807b57ecc relative=0x000000000000166c
Event: 1.445 Thread 0x000001e87f379970 Uncommon trap: reason=profile_predicate action=maybe_recompile pc=0x000001e807b57ecc method=java.util.TreeMap.put(Ljava/lang/Object;Ljava/lang/Object;Z)Ljava/lang/Object; @ 27 c2
Event: 1.445 Thread 0x000001e87f379970 DEOPT PACKING pc=0x000001e807b57ecc sp=0x00000002b4ffc090
Event: 1.445 Thread 0x000001e87f379970 DEOPT UNPACKING pc=0x000001e8075823a3 sp=0x00000002b4ffc050 mode 2
Event: 1.631 Thread 0x000001e87f37a390 DEOPT PACKING pc=0x000001e8001c3afd sp=0x00000002b53fe4a0
Event: 1.631 Thread 0x000001e87f37a390 DEOPT UNPACKING pc=0x000001e807582b43 sp=0x00000002b53fd928 mode 0
Event: 1.684 Thread 0x000001e87f37a390 DEOPT PACKING pc=0x000001e8001c3afd sp=0x00000002b53fe310
Event: 1.684 Thread 0x000001e87f37a390 DEOPT UNPACKING pc=0x000001e807582b43 sp=0x00000002b53fd798 mode 0
Event: 1.713 Thread 0x000001e87f379970 DEOPT PACKING pc=0x000001e8001c3afd sp=0x00000002b4ffc750
Event: 1.713 Thread 0x000001e87f379970 DEOPT UNPACKING pc=0x000001e807582b43 sp=0x00000002b4ffbbd8 mode 0

Classes unloaded (0 events):
No events

Classes redefined (0 events):
No events

Internal exceptions (20 events):
Event: 1.449 Thread 0x000001e87f379970 Exception <a 'java/lang/NoSuchMethodError'{0x00000000a6f926a0}: 'int java.lang.invoke.DirectMethodHandle$Holder.invokeStaticInit(java.lang.Object, float, float)'> (0x00000000a6f926a0) 
thrown [s\open\src\hotspot\share\interpreter\linkResolver.cpp, line 759]
Event: 1.449 Thread 0x000001e87f379970 Exception <a 'java/lang/NoSuchMethodError'{0x00000000a6f997a0}: 'int java.lang.invoke.DirectMethodHandle$Holder.invokeStaticInit(java.lang.Object, double, double)'> (0x00000000a6f997a0) 
thrown [s\open\src\hotspot\share\interpreter\linkResolver.cpp, line 759]
Event: 1.449 Thread 0x000001e87f379970 Exception <a 'java/lang/NoSuchMethodError'{0x00000000a6f9df38}: 'int java.lang.invoke.DirectMethodHandle$Holder.invokeStatic(java.lang.Object, long)'> (0x00000000a6f9df38) 
thrown [s\open\src\hotspot\share\interpreter\linkResolver.cpp, line 759]
Event: 1.452 Thread 0x000001e87f379970 Exception <a 'java/lang/NoSuchMethodError'{0x00000000a6fc2bd0}: 'int java.lang.invoke.Invokers$Holder.linkToTargetMethod(java.lang.Object, java.lang.Object)'> (0x00000000a6fc2bd0) 
thrown [s\open\src\hotspot\share\interpreter\linkResolver.cpp, line 759]
Event: 1.466 Thread 0x000001e87f379970 Exception <a 'java/lang/NoSuchMethodError'{0x00000000a6e46910}: 'java.lang.Object java.lang.invoke.DirectMethodHandle$Holder.invokeSpecial(java.lang.Object, java.lang.Object, java.lang.Object, int, java.lang.Object)'> (0x00000000a6e46910) 
thrown [s\open\src\hotspot\share\interpreter\linkResolver.cpp, line 759]
Event: 1.466 Thread 0x000001e87f379970 Exception <a 'java/lang/NoSuchMethodError'{0x00000000a6e4ee78}: 'java.lang.Object java.lang.invoke.DirectMethodHandle$Holder.newInvokeSpecial(java.lang.Object, java.lang.Object, java.lang.Object, int, java.lang.Object)'> (0x00000000a6e4ee78) 
thrown [s\open\src\hotspot\share\interpreter\linkResolver.cpp, line 759]
Event: 1.467 Thread 0x000001e87f379970 Exception <a 'java/lang/NoSuchMethodError'{0x00000000a6e56a98}: 'java.lang.Object java.lang.invoke.Invokers$Holder.linkToTargetMethod(java.lang.Object, java.lang.Object, int, java.lang.Object, java.lang.Object)'> (0x00000000a6e56a98) 
thrown [s\open\src\hotspot\share\interpreter\linkResolver.cpp, line 759]
Event: 1.468 Thread 0x000001e87f379970 Exception <a 'java/lang/NoSuchMethodError'{0x00000000a6e66998}: 'java.lang.Object java.lang.invoke.DirectMethodHandle$Holder.newInvokeSpecial(java.lang.Object, int, java.lang.Object)'> (0x00000000a6e66998) 
thrown [s\open\src\hotspot\share\interpreter\linkResolver.cpp, line 759]
Event: 1.468 Thread 0x000001e87f379970 Exception <a 'java/lang/NoSuchMethodError'{0x00000000a6e6a758}: 'int java.lang.invoke.DirectMethodHandle$Holder.invokeSpecialIFC(java.lang.Object, java.lang.Object, java.lang.Object, java.lang.Object)'> (0x00000000a6e6a758) 
thrown [s\open\src\hotspot\share\interpreter\linkResolver.cpp, line 759]
Event: 1.489 Thread 0x000001e87f379970 Exception <a 'java/lang/NoSuchMethodError'{0x00000000a6d2e798}: 'void java.lang.invoke.DirectMethodHandle$Holder.invokeInterface(java.lang.Object, java.lang.Object, java.lang.Object)'> (0x00000000a6d2e798) 
thrown [s\open\src\hotspot\share\interpreter\linkResolver.cpp, line 759]
Event: 1.511 Thread 0x000001e87f379970 Exception <a 'java/lang/NoSuchMethodError'{0x00000000a6ddbd58}: 'void java.lang.invoke.DirectMethodHandle$Holder.invokeStaticInit(java.lang.Object, java.lang.Object, java.lang.Object)'> (0x00000000a6ddbd58) 
thrown [s\open\src\hotspot\share\interpreter\linkResolver.cpp, line 759]
Event: 1.524 Thread 0x000001e87f379970 Exception <a 'java/lang/NoSuchMethodError'{0x00000000a8134748}: 'java.lang.Object java.lang.invoke.DirectMethodHandle$Holder.invokeVirtual(java.lang.Object, java.lang.Object, java.lang.Object)'> (0x00000000a8134748) 
thrown [s\open\src\hotspot\share\interpreter\linkResolver.cpp, line 759]
Event: 1.550 Thread 0x000001e87f379970 Exception <a 'java/lang/NoSuchMethodError'{0x00000000a8036248}: 'java.lang.Object java.lang.invoke.DirectMethodHandle$Holder.newInvokeSpecial(java.lang.Object, long)'> (0x00000000a8036248) 
thrown [s\open\src\hotspot\share\interpreter\linkResolver.cpp, line 759]
Event: 1.550 Thread 0x000001e87f379970 Exception <a 'java/lang/NoSuchMethodError'{0x00000000a803d8d8}: 'void java.lang.invoke.DirectMethodHandle$Holder.invokeVirtual(java.lang.Object, java.lang.Object, java.lang.Object, java.lang.Object)'> (0x00000000a803d8d8) 
thrown [s\open\src\hotspot\share\interpreter\linkResolver.cpp, line 759]
Event: 1.565 Thread 0x000001e87f379970 Exception <a 'java/lang/NoSuchMethodError'{0x00000000a80f2b28}: 'java.lang.Object java.lang.invoke.DirectMethodHandle$Holder.invokeSpecial(java.lang.Object, java.lang.Object, long, java.lang.Object, java.lang.Object, java.lang.Object, java.lang.Object, java.lang.Object, java.lang.Object)'> (0x00000000a80f2b28) 
thrown [s\open\src\hotspot\share\interpreter\linkResolver.cpp, line 759]
Event: 1.565 Thread 0x000001e87f379970 Exception <a 'java/lang/NoSuchMethodError'{0x00000000a80f73a8}: 'java.lang.Object java.lang.invoke.DelegatingMethodHandle$Holder.reinvoke_L(java.lang.Object, long, java.lang.Object, java.lang.Object, java.lang.Object, java.lang.Object, java.lang.Object, java.lang.Object)'> (0x00000000a80f73a8) 
thrown [s\open\src\hotspot\share\interpreter\linkResolver.cpp, line 759]
Event: 1.627 Thread 0x000001e87f379970 Exception <a 'java/lang/NoSuchMethodError'{0x00000000a7d030e0}: 'java.lang.Object java.lang.invoke.DirectMethodHandle$Holder.invokeSpecial(java.lang.Object, java.lang.Object, java.lang.Object, java.lang.Object, java.lang.Object, java.lang.Object, java.lang.Object, java.lang.Object, java.lang.Object)'> (0x00000000a7d030e0) 
thrown [s\open\src\hotspot\share\interpreter\linkResolver.cpp, line 759]
Event: 1.627 Thread 0x000001e87f379970 Exception <a 'java/lang/NoSuchMethodError'{0x00000000a7d07a08}: 'java.lang.Object java.lang.invoke.Invokers$Holder.invoke_MT(java.lang.Object, java.lang.Object, java.lang.Object, java.lang.Object, java.lang.Object, java.lang.Object, java.lang.Object, java.lang.Object, java.lang.Object)'> (0x00000000a7d07a08) 
thrown [s\open\src\hotspot\share\interpreter\linkResolver.cpp, line 759]
Event: 1.647 Thread 0x000001e87f379970 Exception <a 'java/lang/IncompatibleClassChangeError'{0x00000000a7de6cc0}: Found class java.lang.Object, but interface was expected> (0x00000000a7de6cc0) 
thrown [s\open\src\hotspot\share\interpreter\linkResolver.cpp, line 826]
Event: 1.665 Thread 0x000001e87f37a390 Exception <a 'java/lang/NoSuchMethodError'{0x00000000a7b32e88}: 'java.lang.Object java.lang.invoke.Invokers$Holder.invoke_MT(java.lang.Object, java.lang.Object, java.lang.Object)'> (0x00000000a7b32e88) 
thrown [s\open\src\hotspot\share\interpreter\linkResolver.cpp, line 759]

VM Operations (20 events):
Event: 0.749 Executing VM operation: HandshakeAllThreads done
Event: 0.827 Executing VM operation: HandshakeAllThreads
Event: 0.827 Executing VM operation: HandshakeAllThreads done
Event: 0.979 Executing VM operation: ICBufferFull
Event: 0.979 Executing VM operation: ICBufferFull done
Event: 1.034 Executing VM operation: G1CollectForAllocation
Event: 1.047 Executing VM operation: G1CollectForAllocation done
Event: 1.111 Executing VM operation: HandshakeAllThreads
Event: 1.111 Executing VM operation: HandshakeAllThreads done
Event: 1.203 Executing VM operation: HandshakeAllThreads
Event: 1.203 Executing VM operation: HandshakeAllThreads done
Event: 1.484 Executing VM operation: ICBufferFull
Event: 1.485 Executing VM operation: ICBufferFull done
Event: 1.513 Executing VM operation: G1CollectForAllocation
Event: 1.517 Executing VM operation: G1CollectForAllocation done
Event: 1.617 Executing VM operation: HandshakeAllThreads
Event: 1.617 Executing VM operation: HandshakeAllThreads done
Event: 1.617 Executing VM operation: HandshakeAllThreads
Event: 1.617 Executing VM operation: HandshakeAllThreads done
Event: 2.628 Executing VM operation: Cleanup

Events (20 events):
Event: 1.675 loading class java/util/zip/ZipException
Event: 1.676 loading class java/util/zip/ZipException done
Event: 1.676 loading class java/nio/file/FileSystemNotFoundException
Event: 1.676 loading class javax/xml/transform/Source
Event: 1.676 loading class java/nio/file/FileSystemNotFoundException done
Event: 1.676 loading class javax/xml/transform/Source done
Event: 1.676 loading class sun/nio/fs/ExtendedFileSystemProvider
Event: 1.676 loading class sun/nio/fs/ExtendedFileSystemProvider done
Event: 1.702 loading class java/io/NotSerializableException
Event: 1.703 loading class java/io/ObjectStreamException
Event: 1.703 loading class java/io/ObjectStreamException done
Event: 1.703 loading class java/io/NotSerializableException done
Event: 1.704 loading class java/util/concurrent/CompletionException
Event: 1.704 loading class java/lang/reflect/AnnotatedType
Event: 1.704 loading class java/util/concurrent/CompletionException done
Event: 1.704 loading class java/lang/reflect/AnnotatedType done
Event: 1.708 loading class java/lang/invoke/DirectMethodHandle$StaticAccessor
Event: 1.708 loading class java/lang/invoke/DirectMethodHandle$StaticAccessor done
Event: 1.715 loading class java/util/concurrent/locks/ReentrantReadWriteLock$NonfairSync
Event: 1.715 loading class java/util/concurrent/locks/ReentrantReadWriteLock$NonfairSync done


Dynamic libraries:
0x00007ff6e83c0000 - 0x00007ff6e83d0000 	C:\Program Files\Java\jdk-17\bin\java.exe
0x00007ffe410a0000 - 0x00007ffe41309000 	C:\WINDOWS\SYSTEM32\ntdll.dll
0x00007ffe3fbb0000 - 0x00007ffe3fc79000 	C:\WINDOWS\System32\KERNEL32.DLL
0x00007ffe3e420000 - 0x00007ffe3e813000 	C:\WINDOWS\System32\KERNELBASE.dll
0x00007ffe3e850000 - 0x00007ffe3e99b000 	C:\WINDOWS\System32\ucrtbase.dll
0x00007ffdf4f80000 - 0x00007ffdf4f9b000 	C:\Program Files\Java\jdk-17\bin\VCRUNTIME140.dll
0x00007ffdf53a0000 - 0x00007ffdf53b9000 	C:\Program Files\Java\jdk-17\bin\jli.dll
0x00007ffe3f420000 - 0x00007ffe3f4d4000 	C:\WINDOWS\System32\ADVAPI32.dll
0x00007ffe3ee80000 - 0x00007ffe3ef29000 	C:\WINDOWS\System32\msvcrt.dll
0x00007ffe40390000 - 0x00007ffe40436000 	C:\WINDOWS\System32\sechost.dll
0x00007ffe40440000 - 0x00007ffe40558000 	C:\WINDOWS\System32\RPCRT4.dll
0x00007ffe40190000 - 0x00007ffe40354000 	C:\WINDOWS\System32\USER32.dll
0x00007ffe20900000 - 0x00007ffe20b93000 	C:\WINDOWS\WinSxS\amd64_microsoft.windows.common-controls_6595b64144ccf1df_6.0.26100.5074_none_3e0d6f78e32fd63f\COMCTL32.dll
0x00007ffe3e820000 - 0x00007ffe3e847000 	C:\WINDOWS\System32\win32u.dll
0x00007ffe40360000 - 0x00007ffe4038b000 	C:\WINDOWS\System32\GDI32.dll
0x00007ffe3e2f0000 - 0x00007ffe3e41d000 	C:\WINDOWS\System32\gdi32full.dll
0x00007ffe3ec90000 - 0x00007ffe3ed33000 	C:\WINDOWS\System32\msvcp_win.dll
0x00007ffe36ce0000 - 0x00007ffe36ceb000 	C:\WINDOWS\SYSTEM32\VERSION.dll
0x00007ffe3f340000 - 0x00007ffe3f36f000 	C:\WINDOWS\System32\IMM32.DLL
0x00007ffe30260000 - 0x00007ffe3026c000 	C:\Program Files\Java\jdk-17\bin\vcruntime140_1.dll
0x00007ffdd8970000 - 0x00007ffdd89fe000 	C:\Program Files\Java\jdk-17\bin\msvcp140.dll
0x00007ffd8fec0000 - 0x00007ffd90aa0000 	C:\Program Files\Java\jdk-17\bin\server\jvm.dll
0x00007ffe3fea0000 - 0x00007ffe3fea8000 	C:\WINDOWS\System32\PSAPI.DLL
0x00007ffe36ca0000 - 0x00007ffe36cd5000 	C:\WINDOWS\SYSTEM32\WINMM.dll
0x00007ffe1a6e0000 - 0x00007ffe1a6ea000 	C:\WINDOWS\SYSTEM32\WSOCK32.dll
0x00007ffe3f3a0000 - 0x00007ffe3f414000 	C:\WINDOWS\System32\WS2_32.dll
0x00007ffe3cfe0000 - 0x00007ffe3cffb000 	C:\WINDOWS\SYSTEM32\kernel.appcore.dll
0x00007ffe30210000 - 0x00007ffe3021a000 	C:\Program Files\Java\jdk-17\bin\jimage.dll
0x00007ffe27c90000 - 0x00007ffe27ed2000 	C:\WINDOWS\SYSTEM32\DBGHELP.DLL
0x00007ffe3efc0000 - 0x00007ffe3f33b000 	C:\WINDOWS\System32\combase.dll
0x00007ffe3f4e0000 - 0x00007ffe3f5b7000 	C:\WINDOWS\System32\OLEAUT32.dll
0x00007ffe09900000 - 0x00007ffe0993d000 	C:\WINDOWS\SYSTEM32\dbgcore.DLL
0x00007ffe3ed40000 - 0x00007ffe3edd9000 	C:\WINDOWS\System32\bcryptPrimitives.dll
0x00007ffdf0c30000 - 0x00007ffdf0c55000 	C:\Program Files\Java\jdk-17\bin\java.dll
0x00007ffdc5130000 - 0x00007ffdc5207000 	C:\Program Files\Java\jdk-17\bin\jsvml.dll
0x00007ffe40910000 - 0x00007ffe4105d000 	C:\WINDOWS\System32\SHELL32.dll
0x00007ffe3e9a0000 - 0x00007ffe3eb0c000 	C:\WINDOWS\System32\wintypes.dll
0x00007ffe3be70000 - 0x00007ffe3c6c9000 	C:\WINDOWS\SYSTEM32\windows.storage.dll
0x00007ffe3f620000 - 0x00007ffe3f710000 	C:\WINDOWS\System32\SHCORE.dll
0x00007ffe3fec0000 - 0x00007ffe3ff22000 	C:\WINDOWS\System32\shlwapi.dll
0x00007ffe3e150000 - 0x00007ffe3e179000 	C:\WINDOWS\SYSTEM32\profapi.dll
0x00007ffdf2d70000 - 0x00007ffdf2d89000 	C:\Program Files\Java\jdk-17\bin\net.dll
0x00007ffe33c10000 - 0x00007ffe33d2f000 	C:\WINDOWS\SYSTEM32\WINHTTP.dll
0x00007ffe3d590000 - 0x00007ffe3d5fb000 	C:\WINDOWS\system32\mswsock.dll
0x00007ffdf2300000 - 0x00007ffdf2316000 	C:\Program Files\Java\jdk-17\bin\nio.dll
0x00007ffdf4f60000 - 0x00007ffdf4f78000 	C:\Program Files\Java\jdk-17\bin\zip.dll
0x00007ffe2eb10000 - 0x00007ffe2eb1a000 	C:\Program Files\Java\jdk-17\bin\management.dll
0x00007ffe2ea60000 - 0x00007ffe2ea6b000 	C:\Program Files\Java\jdk-17\bin\management_ext.dll
0x00007ffe0f8f0000 - 0x00007ffe0f908000 	C:\WINDOWS\system32\napinsp.dll
0x00007ffe3ca60000 - 0x00007ffe3cb86000 	C:\WINDOWS\SYSTEM32\DNSAPI.dll
0x00007ffe3c9d0000 - 0x00007ffe3ca04000 	C:\WINDOWS\SYSTEM32\IPHLPAPI.DLL
0x00007ffe3feb0000 - 0x00007ffe3feba000 	C:\WINDOWS\System32\NSI.dll
0x00007ffe0f750000 - 0x00007ffe0f762000 	C:\WINDOWS\System32\winrnr.dll
0x00007ffe0f3b0000 - 0x00007ffe0f3d8000 	C:\WINDOWS\system32\nlansp_c.dll
0x00007ffe33e70000 - 0x00007ffe33e86000 	C:\WINDOWS\system32\wshbth.dll
0x00007ffe264a0000 - 0x00007ffe264ab000 	C:\Windows\System32\rasadhlp.dll
0x00007ffe325f0000 - 0x00007ffe32676000 	C:\WINDOWS\System32\fwpuclnt.dll
0x00007ffe3d830000 - 0x00007ffe3d84b000 	C:\WINDOWS\SYSTEM32\CRYPTSP.dll
0x00007ffe3cf40000 - 0x00007ffe3cf7b000 	C:\WINDOWS\system32\rsaenh.dll
0x00007ffe3d630000 - 0x00007ffe3d65b000 	C:\WINDOWS\SYSTEM32\USERENV.dll
0x00007ffe3e120000 - 0x00007ffe3e146000 	C:\WINDOWS\SYSTEM32\bcrypt.dll
0x00007ffe3d850000 - 0x00007ffe3d85c000 	C:\WINDOWS\SYSTEM32\CRYPTBASE.dll
0x00007ffe33f30000 - 0x00007ffe33f4e000 	C:\WINDOWS\SYSTEM32\dhcpcsvc6.DLL
0x00007ffe33eb0000 - 0x00007ffe33ed3000 	C:\WINDOWS\SYSTEM32\dhcpcsvc.DLL
0x00007ffe30100000 - 0x00007ffe30110000 	C:\Program Files\Java\jdk-17\bin\verify.dll

dbghelp: loaded successfully - version: 4.0.5 - missing functions: none
symbol engine: initialized successfully - sym options: 0x614 - pdb path: .;C:\Program Files\Java\jdk-17\bin;C:\WINDOWS\SYSTEM32;C:\WINDOWS\WinSxS\amd64_microsoft.windows.common-controls_6595b64144ccf1df_6.0.26100.5074_none_3e0d6f78e32fd63f;C:\Program Files\Java\jdk-17\bin\server

VM Arguments:
jvm_args: -XX:+ShowCodeDetailsInExceptionMessages -Dspring.jmx.enabled=true -Dmanagement.endpoints.jmx.exposure.include=* -Dspring.application.admin.enabled=true -Dspring.boot.project.name=farmconnect-backend -Djava.rmi.server.hostname=localhost -Dcom.sun.management.jmxremote.port=45556 -Dcom.sun.management.jmxremote.authenticate=false -Dcom.sun.management.jmxremote.ssl=false 
java_command: com.farmconnect.farmconnectbackend.FarmconnectBackendApplication
java_class_path (initial): C:\Users\adity\StudioProjects\farmconnect-backend\target\classes;C:\Users\adity\.m2\repository\com\cloudinary\cloudinary-http44\1.32.2\cloudinary-http44-1.32.2.jar;C:\Users\adity\.m2\repository\com\cloudinary\cloudinary-core\1.32.2\cloudinary-core-1.32.2.jar;C:\Users\adity\.m2\repository\org\apache\commons\commons-lang3\3.17.0\commons-lang3-3.17.0.jar;C:\Users\adity\.m2\repository\org\apache\httpcomponents\httpclient\4.4\httpclient-4.4.jar;C:\Users\adity\.m2\repository\org\apache\httpcomponents\httpcore\4.4.16\httpcore-4.4.16.jar;C:\Users\adity\.m2\repository\commons-logging\commons-logging\1.2\commons-logging-1.2.jar;C:\Users\adity\.m2\repository\commons-codec\commons-codec\1.18.0\commons-codec-1.18.0.jar;C:\Users\adity\.m2\repository\org\apache\httpcomponents\httpmime\4.4\httpmime-4.4.jar;C:\Users\adity\.m2\repository\org\springframework\boot\spring-boot-starter-actuator\3.5.3\spring-boot-starter-actuator-3.5.3.jar;C:\Users\adity\.m2\repository\org\springframework\boot\spring-boot-starter\3.5.3\spring-boot-starter-3.5.3.jar;C:\Users\adity\.m2\repository\org\springframework\boot\spring-boot-starter-logging\3.5.3\spring-boot-starter-logging-3.5.3.jar;C:\Users\adity\.m2\repository\ch\qos\logback\logback-classic\1.5.18\logback-classic-1.5.18.jar;C:\Users\adity\.m2\repository\ch\qos\logback\logback-core\1.5.18\logback-core-1.5.18.jar;C:\Users\adity\.m2\repository\org\apache\logging\log4j\log4j-to-slf4j\2.24.3\log4j-to-slf4j-2.24.3.jar;C:\Users\adity\.m2\repository\org\apache\logging\log4j\log4j-api\2.24.3\log4j-api-2.24.3.jar;C:\Users\adity\.m2\repository\org\slf4j\jul-to-slf4j\2.0.17\jul-to-slf4j-2.0.17.jar;C:\Users\adity\.m2\repository\jakarta\annotation\jakarta.annotation-api\2.1.1\jakarta.annotation-api-2.1.1.jar;C:\Users\adity\.m2\repository\org\yaml\snakeyaml\2.4\snakeyaml-2.4.jar;C:\Users\adity\.m2\repository\org\springframework\boot\spring-boot-actuator-autoconfigure\3.5.3\spring-boot-actuator-autoconfigure-3.5.3.jar;C:\Users\adity\
Launcher Type: SUN_STANDARD

[Global flags]
     intx CICompilerCount                          = 4                                         {product} {ergonomic}
     uint ConcGCThreads                            = 3                                         {product} {ergonomic}
     uint G1ConcRefinementThreads                  = 10                                        {product} {ergonomic}
   size_t G1HeapRegionSize                         = 1048576                                   {product} {ergonomic}
    uintx GCDrainStackTargetSize                   = 64                                        {product} {ergonomic}
   size_t InitialHeapSize                          = 98566144                                  {product} {ergonomic}
     bool ManagementServer                         = true                                      {product} {command line}
   size_t MarkStackSize                            = 4194304                                   {product} {ergonomic}
   size_t MaxHeapSize                              = 1572864000                                {product} {ergonomic}
   size_t MaxNewSize                               = 943718400                                 {product} {ergonomic}
   size_t MinHeapDeltaBytes                        = 1048576                                   {product} {ergonomic}
   size_t MinHeapSize                              = 8388608                                   {product} {ergonomic}
    uintx NonNMethodCodeHeapSize                   = 5839372                                {pd product} {ergonomic}
    uintx NonProfiledCodeHeapSize                  = 122909434                              {pd product} {ergonomic}
    uintx ProfiledCodeHeapSize                     = 122909434                              {pd product} {ergonomic}
    uintx ReservedCodeCacheSize                    = 251658240                              {pd product} {ergonomic}
     bool SegmentedCodeCache                       = true                                      {product} {ergonomic}
     bool ShowCodeDetailsInExceptionMessages       = true                                   {manageable} {command line}
   size_t SoftMaxHeapSize                          = 1572864000                             {manageable} {ergonomic}
     bool UseCompressedClassPointers               = true                           {product lp64_product} {ergonomic}
     bool UseCompressedOops                        = true                           {product lp64_product} {ergonomic}
     bool UseG1GC                                  = true                                      {product} {ergonomic}
     bool UseLargePagesIndividualAllocation        = false                                  {pd product} {ergonomic}

Logging:
Log output configuration:
 #0: stdout all=warning uptime,level,tags
 #1: stderr all=off uptime,level,tags

Environment Variables:
JAVA_HOME=C:\Program Files\Java\jdk-17
PATH=C:\ProgramData\anaconda3;C:\ProgramData\anaconda3\Library\mingw-w64\bin;C:\ProgramData\anaconda3\Library\usr\bin;C:\ProgramData\anaconda3\Library\bin;C:\ProgramData\anaconda3\Scripts;C:\ProgramData\anaconda3\bin;C:\src\flutter\bin\cache\dart-sdk\bin;C:\app\adity\product\21c\dbhomeXE\bin;C:\WINDOWS\system32;C:\WINDOWS;C:\WINDOWS\System32\Wbem;C:\WINDOWS\System32\WindowsPowerShell\v1.0;C:\WINDOWS\System32\OpenSSH;C:\Program Files\Apache\maven\bin;C:\Program Files\Java\jdk-17\bin;C:\Program Files\nodejs;C:\ProgramData\chocolatey\bin;C:\Users\adity\AppData\Roaming\npm;C:\Program Files\Git\cmd;C:\Program Files\Git\bin;C:\Program Files\dotnet;C:\ProgramData\anaconda3;C:\ProgramData\anaconda3\Scripts;C:\ProgramData\anaconda3\Library\bin;C:\Program Files\GitHub CLI;C:\Program Files\MongoDB\Server\8.0\bin;c:\Users\adity\AppData\Local\Programs\cursor\resources\app\bin;C:\php-8.3.23;C:\Users\adity\kotlin-compiler-2.2.0\kotlinc\bin;C:\Users\adity\AppData\Local\Android\Sdk\platform-tools;C:\Program Files\PostgreSQL\17\bin;.;C:\Program Files\Docker\Docker\resources\bin;C:\ProgramData\anaconda3\condabin;C:\WINDOWS\system32;C:\WINDOWS;C:\WINDOWS\System32\Wbem;C:\WINDOWS\System32\WindowsPowerShell\v1.0;C:\WINDOWS\System32\OpenSSH;C:\Program Files\Apache\maven\bin;C:\Program Files\Java\jdk-17\bin;C:\Program Files\nodejs;C:\ProgramData\chocolatey\bin;C:\Users\adity\AppData\Roaming\npm;C:\Program Files\Git\cmd;C:\Program Files\Git\bin;C:\Program Files\dotnet;C:\ProgramData\anaconda3;C:\ProgramData\anaconda3\Scripts;C:\ProgramData\anaconda3\Library\bin;C:\Program Files\GitHub CLI;C:\Program Files\MongoDB\Server\8.0\bin;C:\Users\adity\AppData\Local\Programs\Python\Python313\Scripts;C:\Users\adity\AppData\Local\Programs\Python\Python313;C:\Users\adity\AppData\Local\Programs\Python\Launcher;C:\Users\adity\AppData\Local\Programs\Microsoft VS Code\bin;C:\Users\adity\.foundry\bin;C:\src\flutter\bin;C:\Users\adity\.dotnet\tools;C:\Users\adity\AppData\Loca;C:\Users\adity\AppData\Local\Muse Hu
USERNAME=adity
LANG=en_US.UTF-8
OS=Windows_NT
PROCESSOR_IDENTIFIER=AMD64 Family 25 Model 80 Stepping 0, AuthenticAMD



---------------  S Y S T E M  ---------------

OS:
 Windows 11 , 64 bit Build 26100 (10.0.26100.5074)
OS uptime: 0 days 1:11 hours
Hyper-V role detected

CPU: total 12 (initial active 12) (12 cores per cpu, 2 threads per core) family 25 model 80 stepping 0 microcode 0xa50000c, cx8, cmov, fxsr, ht, mmx, 3dnowpref, sse, sse2, sse3, ssse3, sse4a, sse4.1, sse4.2, popcnt, lzcnt, tsc, tscinvbit, avx, avx2, aes, erms, clmul, bmi1, bmi2, adx, sha, fma, vzeroupper, clflush, clflushopt, hv

Memory: 4k page, system-wide physical 5996M (422M free)
TotalPageFile size 24428M (AvailPageFile size 22M)
current process WorkingSet (physical memory assigned to process): 115M, peak: 115M
current process commit charge ("private bytes"): 221M, peak: 221M

vm_info: Java HotSpot(TM) 64-Bit Server VM (17.0.12+8-LTS-286) for windows-amd64 JRE (17.0.12+8-LTS-286), built on Jun  5 2024 06:46:59 by "mach5one" with MS VC++ 17.6 (VS2022)

END.
