#
# There is insufficient memory for the Java Runtime Environment to continue.
# Native memory allocation (malloc) failed to allocate 963456 bytes. Error detail: Chunk::new
# Possible reasons:
#   The system is out of physical RAM or swap space
#   This process is running with CompressedOops enabled, and the Java Heap may be blocking the growth of the native heap
# Possible solutions:
#   Reduce memory load on the system
#   Increase physical memory or swap space
#   Check if swap backing store is full
#   Decrease Java heap size (-Xmx/-Xms)
#   Decrease number of Java threads
#   Decrease Java thread stack sizes (-Xss)
#   Set larger code cache with -XX:ReservedCodeCacheSize=
#   JVM is running with Unscaled Compressed Oops mode in which the Java heap is
#     placed in the first 4GB address space. The Java Heap base address is the
#     maximum limit for the native heap growth. Please use -XX:HeapBaseMinAddress
#     to set the Java Heap base and to place the Java Heap above 4GB virtual address.
# This output file may be truncated or incomplete.
#
#  Out of Memory Error (arena.cpp:168), pid=7400, tid=22088
#
# JRE version: OpenJDK Runtime Environment Temurin-21.0.8+9 (21.0.8+9) (build 21.0.8+9-LTS)
# Java VM: OpenJDK 64-Bit Server VM Temurin-21.0.8+9 (21.0.8+9-LTS, mixed mode, sharing, tiered, compressed oops, compressed class ptrs, parallel gc, windows-amd64)
# No core dump will be written. Minidumps are not enabled by default on client versions of Windows
#

---------------  S U M M A R Y ------------

Command Line: --add-modules=ALL-SYSTEM --add-opens=java.base/java.util=ALL-UNNAMED --add-opens=java.base/java.lang=ALL-UNNAMED --add-opens=java.base/sun.nio.fs=ALL-UNNAMED -Declipse.application=org.eclipse.jdt.ls.core.id1 -Dosgi.bundles.defaultStartLevel=4 -Declipse.product=org.eclipse.jdt.ls.core.product -Djava.import.generatesMetadataFilesAtProjectRoot=false -DDetectVMInstallationsJob.disabled=true -Dfile.encoding=utf8 -XX:+UseParallelGC -XX:GCTimeRatio=4 -XX:AdaptiveSizePolicyWeight=90 -Dsun.zip.disableMemoryMapping=true -Xmx2G -Xms100m -Xlog:disable -javaagent:c:\Users\adity\.cursor\extensions\redhat.java-1.44.0-win32-x64\lombok\lombok-1.18.39-4050.jar -XX:+HeapDumpOnOutOfMemoryError -XX:HeapDumpPath=c:\Users\adity\AppData\Roaming\Cursor\User\workspaceStorage\6226155c966e5616d25e2a91ef816816\redhat.java -Daether.dependencyCollector.impl=bf c:\Users\adity\.cursor\extensions\redhat.java-1.44.0-win32-x64\server\plugins\org.eclipse.equinox.launcher_1.7.0.v20250519-0528.jar -configuration c:\Users\adity\AppData\Roaming\Cursor\User\globalStorage\redhat.java\1.44.0\config_win -data c:\Users\adity\AppData\Roaming\Cursor\User\workspaceStorage\6226155c966e5616d25e2a91ef816816\redhat.java\jdt_ws --pipe=\\.\pipe\lsp-ea4071fa82f182968fdab38fee41709e-sock

Host: AMD Ryzen 5 5600H with Radeon Graphics         , 12 cores, 5G,  Windows 11 , 64 bit Build 26100 (10.0.26100.5074)
Time: Mon Sep  1 08:29:02 2025 India Standard Time elapsed time: 26.267643 seconds (0d 0h 0m 26s)

---------------  T H R E A D  ---------------

Current thread (0x000001f781cfe940):  JavaThread "C2 CompilerThread0" daemon [_thread_in_native, id=22088, stack(0x0000004779e00000,0x0000004779f00000) (1024K)]


Current CompileTask:
C2:26267 4044       4       java.lang.invoke.MethodType::makeImpl (109 bytes)

Stack: [0x0000004779e00000,0x0000004779f00000]
Native frames: (J=compiled Java code, j=interpreted, Vv=VM code, C=native code)
V  [jvm.dll+0x6d2449]
V  [jvm.dll+0x8ae341]
V  [jvm.dll+0x8b08be]
V  [jvm.dll+0x8b0fa3]
V  [jvm.dll+0x280c96]
V  [jvm.dll+0xc581d]
V  [jvm.dll+0xc5d53]
V  [jvm.dll+0x2f539d]
V  [jvm.dll+0x5fa00a]
V  [jvm.dll+0x252092]
V  [jvm.dll+0x25244f]
V  [jvm.dll+0x24ad14]
V  [jvm.dll+0x2483a4]
V  [jvm.dll+0x1c89ee]
V  [jvm.dll+0x257d4d]
V  [jvm.dll+0x2562ea]
V  [jvm.dll+0x3f2d16]
V  [jvm.dll+0x857e6b]
V  [jvm.dll+0x6d0b0d]
C  [ucrtbase.dll+0x37b0]
C  [KERNEL32.DLL+0x2e8d7]
C  [ntdll.dll+0x8d9c]


---------------  P R O C E S S  ---------------

Threads class SMR info:
_java_thread_list=0x000001f7e137ea70, length=25, elements={
0x000001f7ff73cb70, 0x000001f7986ee6b0, 0x000001f781cf39a0, 0x000001f781cf64f0,
0x000001f781cf8150, 0x000001f781cfacb0, 0x000001f781cfb700, 0x000001f781cfe940,
0x000001f7dab15190, 0x000001f7dabaddc0, 0x000001f7dad44020, 0x000001f7e04e12b0,
0x000001f7e006f7d0, 0x000001f7e032ec90, 0x000001f7e02d1b30, 0x000001f7e08819a0,
0x000001f7e02577f0, 0x000001f7e07807c0, 0x000001f7e077d9d0, 0x000001f7e077f410,
0x000001f7e077e6f0, 0x000001f7e077e060, 0x000001f7e077ed80, 0x000001f7e115eae0,
0x000001f7e0b7f190
}

Java Threads: ( => current thread )
  0x000001f7ff73cb70 JavaThread "main"                              [_thread_blocked, id=16844, stack(0x0000004779400000,0x0000004779500000) (1024K)]
  0x000001f7986ee6b0 JavaThread "Reference Handler"          daemon [_thread_blocked, id=18532, stack(0x0000004779800000,0x0000004779900000) (1024K)]
  0x000001f781cf39a0 JavaThread "Finalizer"                  daemon [_thread_blocked, id=15608, stack(0x0000004779900000,0x0000004779a00000) (1024K)]
  0x000001f781cf64f0 JavaThread "Signal Dispatcher"          daemon [_thread_blocked, id=22072, stack(0x0000004779a00000,0x0000004779b00000) (1024K)]
  0x000001f781cf8150 JavaThread "Attach Listener"            daemon [_thread_blocked, id=22080, stack(0x0000004779b00000,0x0000004779c00000) (1024K)]
  0x000001f781cfacb0 JavaThread "Service Thread"             daemon [_thread_blocked, id=22052, stack(0x0000004779c00000,0x0000004779d00000) (1024K)]
  0x000001f781cfb700 JavaThread "Monitor Deflation Thread"   daemon [_thread_blocked, id=22064, stack(0x0000004779d00000,0x0000004779e00000) (1024K)]
=>0x000001f781cfe940 JavaThread "C2 CompilerThread0"         daemon [_thread_in_native, id=22088, stack(0x0000004779e00000,0x0000004779f00000) (1024K)]
  0x000001f7dab15190 JavaThread "C1 CompilerThread0"         daemon [_thread_blocked, id=22056, stack(0x0000004779f00000,0x000000477a000000) (1024K)]
  0x000001f7dabaddc0 JavaThread "Common-Cleaner"             daemon [_thread_blocked, id=16528, stack(0x000000477a000000,0x000000477a100000) (1024K)]
  0x000001f7dad44020 JavaThread "Notification Thread"        daemon [_thread_blocked, id=21444, stack(0x000000477a100000,0x000000477a200000) (1024K)]
  0x000001f7e04e12b0 JavaThread "Active Thread: Equinox Container: 471dd88a-2ed7-4425-a2f8-ea02e358ed95"        [_thread_blocked, id=9468, stack(0x000000477a800000,0x000000477a900000) (1024K)]
  0x000001f7e006f7d0 JavaThread "Refresh Thread: Equinox Container: 471dd88a-2ed7-4425-a2f8-ea02e358ed95" daemon [_thread_blocked, id=3496, stack(0x000000477aa00000,0x000000477ab00000) (1024K)]
  0x000001f7e032ec90 JavaThread "Framework Event Dispatcher: Equinox Container: 471dd88a-2ed7-4425-a2f8-ea02e358ed95" daemon [_thread_blocked, id=17400, stack(0x000000477ab00000,0x000000477ac00000) (1024K)]
  0x000001f7e02d1b30 JavaThread "Start Level: Equinox Container: 471dd88a-2ed7-4425-a2f8-ea02e358ed95" daemon [_thread_in_native, id=21976, stack(0x000000477ac00000,0x000000477ad00000) (1024K)]
  0x000001f7e08819a0 JavaThread "Bundle File Closer"         daemon [_thread_blocked, id=22208, stack(0x000000477af00000,0x000000477b000000) (1024K)]
  0x000001f7e02577f0 JavaThread "SCR Component Actor"        daemon [_thread_blocked, id=15364, stack(0x000000477b000000,0x000000477b100000) (1024K)]
  0x000001f7e07807c0 JavaThread "Worker-JM"                         [_thread_blocked, id=19512, stack(0x000000477b200000,0x000000477b300000) (1024K)]
  0x000001f7e077d9d0 JavaThread "JNA Cleaner"                daemon [_thread_blocked, id=19484, stack(0x000000477b300000,0x000000477b400000) (1024K)]
  0x000001f7e077f410 JavaThread "Worker-0: Updating workspace"        [_thread_blocked, id=16896, stack(0x000000477b400000,0x000000477b500000) (1024K)]
  0x000001f7e077e6f0 JavaThread "Worker-1: Refreshing workspace"        [_thread_in_native, id=21784, stack(0x000000477b500000,0x000000477b600000) (1024K)]
  0x000001f7e077e060 JavaThread "Worker-2: Repository registry initialization"        [_thread_in_Java, id=22240, stack(0x000000477b600000,0x000000477b700000) (1024K)]
  0x000001f7e077ed80 JavaThread "Worker-3"                          [_thread_blocked, id=12264, stack(0x000000477b700000,0x000000477b800000) (1024K)]
  0x000001f7e115eae0 JavaThread "C2 CompilerThread1"         daemon [_thread_in_native, id=1416, stack(0x000000477b800000,0x000000477b900000) (1024K)]
  0x000001f7e0b7f190 JavaThread "C2 CompilerThread2"         daemon [_thread_in_native, id=7660, stack(0x000000477b900000,0x000000477ba00000) (1024K)]
Total: 25

Other Threads:
  0x000001f7986d4600 VMThread "VM Thread"                           [id=10404, stack(0x0000004779700000,0x0000004779800000) (1024K)]
  0x000001f7985cca00 WatcherThread "VM Periodic Task Thread"        [id=16272, stack(0x0000004779600000,0x0000004779700000) (1024K)]
  0x000001f781c6d870 WorkerThread "GC Thread#0"                     [id=11336, stack(0x0000004779500000,0x0000004779600000) (1024K)]
  0x000001f7dae33d30 WorkerThread "GC Thread#1"                     [id=12048, stack(0x000000477a200000,0x000000477a300000) (1024K)]
  0x000001f7e0548ab0 WorkerThread "GC Thread#2"                     [id=16952, stack(0x000000477a300000,0x000000477a400000) (1024K)]
  0x000001f7dae340d0 WorkerThread "GC Thread#3"                     [id=21180, stack(0x000000477a400000,0x000000477a500000) (1024K)]
  0x000001f7e03571a0 WorkerThread "GC Thread#4"                     [id=1064, stack(0x000000477a500000,0x000000477a600000) (1024K)]
  0x000001f7e0357540 WorkerThread "GC Thread#5"                     [id=22308, stack(0x000000477a600000,0x000000477a700000) (1024K)]
  0x000001f7e03578e0 WorkerThread "GC Thread#6"                     [id=22292, stack(0x000000477a700000,0x000000477a800000) (1024K)]
  0x000001f7e025b230 WorkerThread "GC Thread#7"                     [id=5284, stack(0x000000477a900000,0x000000477aa00000) (1024K)]
  0x000001f7e09bac10 WorkerThread "GC Thread#8"                     [id=19300, stack(0x000000477ad00000,0x000000477ae00000) (1024K)]
  0x000001f7e08bef90 WorkerThread "GC Thread#9"                     [id=22320, stack(0x000000477ae00000,0x000000477af00000) (1024K)]
Total: 12

Threads with active compile tasks:
C2 CompilerThread0  27337 4044       4       java.lang.invoke.MethodType::makeImpl (109 bytes)
C1 CompilerThread0  27337 4212       3       org.eclipse.core.runtime.Assert::isLegal (15 bytes)
C2 CompilerThread1  27337 4187   !   4       org.eclipse.osgi.storage.bundlefile.CloseableBundleFile::lockOpen (113 bytes)
C2 CompilerThread2  27337 4185       4       java.util.zip.ZipFile$Source::getEntryPos (164 bytes)
Total: 4

VM state: not at safepoint (normal execution)

VM Mutex/Monitor currently owned by a thread: None

Heap address: 0x0000000080000000, size: 2048 MB, Compressed Oops mode: 32-bit

CDS archive(s) mapped at: [0x000001f799000000-0x000001f799ba0000-0x000001f799ba0000), size 12189696, SharedBaseAddress: 0x000001f799000000, ArchiveRelocationMode: 1.
Compressed class space mapped at: 0x000001f79a000000-0x000001f7da000000, reserved size: 1073741824
Narrow klass base: 0x000001f799000000, Narrow klass shift: 0, Narrow klass range: 0x100000000

GC Precious Log:
 CardTable entry size: 512
 CPUs: 12 total, 12 available
 Memory: 5996M
 Large Page Support: Disabled
 NUMA Support: Disabled
 Compressed Oops: Enabled (32-bit)
 Alignments: Space 512K, Generation 512K, Heap 2M
 Heap Min Capacity: 100M
 Heap Initial Capacity: 100M
 Heap Max Capacity: 2G
 Pre-touch: Disabled
 Parallel Workers: 10

Heap:
 PSYoungGen      total 29184K, used 13672K [0x00000000d5580000, 0x00000000d7780000, 0x0000000100000000)
  eden space 24576K, 55% used [0x00000000d5580000,0x00000000d62da2f0,0x00000000d6d80000)
  from space 4608K, 0% used [0x00000000d6e80000,0x00000000d6e80000,0x00000000d7300000)
  to   space 4608K, 0% used [0x00000000d7300000,0x00000000d7300000,0x00000000d7780000)
 ParOldGen       total 68608K, used 12821K [0x0000000080000000, 0x0000000084300000, 0x00000000d5580000)
  object space 68608K, 18% used [0x0000000080000000,0x0000000080c85680,0x0000000084300000)
 Metaspace       used 22349K, committed 23296K, reserved 1114112K
  class space    used 2363K, committed 2752K, reserved 1048576K

Card table byte_map: [0x000001f781620000,0x000001f781a30000] _byte_map_base: 0x000001f781220000

Marking Bits: (ParMarkBitMap*) 0x00007ffa8a9ea340
 Begin Bits: [0x000001f7940f0000, 0x000001f7960f0000)
 End Bits:   [0x000001f7960f0000, 0x000001f7980f0000)

Polling page: 0x000001f781410000

Metaspace:

Usage:
  Non-class:     19.52 MB used.
      Class:      2.31 MB used.
       Both:     21.83 MB used.

Virtual space:
  Non-class space:       64.00 MB reserved,      20.06 MB ( 31%) committed,  1 nodes.
      Class space:        1.00 GB reserved,       2.69 MB ( <1%) committed,  1 nodes.
             Both:        1.06 GB reserved,      22.75 MB (  2%) committed. 

Chunk freelists:
   Non-Class:  11.59 MB
       Class:  13.36 MB
        Both:  24.95 MB

MaxMetaspaceSize: unlimited
CompressedClassSpaceSize: 1.00 GB
Initial GC threshold: 21.00 MB
Current GC threshold: 35.00 MB
CDS: on
 - commit_granule_bytes: 65536.
 - commit_granule_words: 8192.
 - virtual_space_node_default_size: 8388608.
 - enlarge_chunks_in_place: 1.
 - use_allocation_guard: 0.


Internal statistics:

num_allocs_failed_limit: 3.
num_arena_births: 804.
num_arena_deaths: 14.
num_vsnodes_births: 2.
num_vsnodes_deaths: 0.
num_space_committed: 364.
num_space_uncommitted: 0.
num_chunks_returned_to_freelist: 17.
num_chunks_taken_from_freelist: 1735.
num_chunk_merges: 4.
num_chunk_splits: 1086.
num_chunks_enlarged: 647.
num_inconsistent_stats: 0.

CodeHeap 'non-profiled nmethods': size=120000Kb used=1743Kb max_used=1743Kb free=118257Kb
 bounds [0x000001f78c910000, 0x000001f78cb80000, 0x000001f793e40000]
CodeHeap 'profiled nmethods': size=120000Kb used=8698Kb max_used=8698Kb free=111301Kb
 bounds [0x000001f784e40000, 0x000001f7856c0000, 0x000001f78c370000]
CodeHeap 'non-nmethods': size=5760Kb used=1295Kb max_used=1312Kb free=4464Kb
 bounds [0x000001f78c370000, 0x000001f78c5e0000, 0x000001f78c910000]
CodeCache: size=245760Kb, used=11736Kb, max_used=11753Kb, free=234022Kb
 total_blobs=4778, nmethods=4204, adapters=480, full_count=0
Compilation: enabled, stopped_count=0, restarted_count=0

Compilation events (20 events):
Event: 20.251 Thread 0x000001f7dab15190 4171       3       org.eclipse.osgi.internal.loader.BundleLoader::getPackageName (25 bytes)
Event: 20.252 Thread 0x000001f7dab15190 nmethod 4171 0x000001f7856a6c90 code [0x000001f7856a6ea0, 0x000001f7856a73c0]
Event: 20.252 Thread 0x000001f7dab15190 4172       3       java.util.regex.Pattern::append (43 bytes)
Event: 20.253 Thread 0x000001f7dab15190 nmethod 4172 0x000001f7856a7610 code [0x000001f7856a77e0, 0x000001f7856a7b78]
Event: 20.254 Thread 0x000001f7dab15190 4173       3       java.lang.invoke.Invokers$Holder::invokeExact_MT (32 bytes)
Event: 20.254 Thread 0x000001f7dab15190 nmethod 4173 0x000001f7856a7d10 code [0x000001f7856a7f20, 0x000001f7856a8820]
Event: 20.254 Thread 0x000001f7dab15190 4175       3       java.lang.ClassLoader::definePackage (85 bytes)
Event: 20.256 Thread 0x000001f7dab15190 nmethod 4175 0x000001f7856a8a90 code [0x000001f7856a8d60, 0x000001f7856a9cd8]
Event: 20.256 Thread 0x000001f7dab15190 4177   !   3       org.eclipse.osgi.internal.loader.BundleLoader::findClass0 (491 bytes)
Event: 20.262 Thread 0x000001f7dab15190 nmethod 4177 0x000001f7856aa190 code [0x000001f7856aaa00, 0x000001f7856aef30]
Event: 20.263 Thread 0x000001f7dab15190 4176       3       java.lang.invoke.MethodHandles$Lookup::resolveOrFail (44 bytes)
Event: 20.264 Thread 0x000001f7dab15190 nmethod 4176 0x000001f7856b0690 code [0x000001f7856b0940, 0x000001f7856b14f0]
Event: 20.264 Thread 0x000001f7dab15190 4178       1       com.sun.jna.internal.Cleaner$CleanerRef::getPrevious (5 bytes)
Event: 20.264 Thread 0x000001f7dab15190 nmethod 4178 0x000001f78cabeb90 code [0x000001f78cabed20, 0x000001f78cabede8]
Event: 20.264 Thread 0x000001f7dab15190 4179       1       com.sun.jna.internal.Cleaner$CleanerRef::setPrevious (6 bytes)
Event: 20.264 Thread 0x000001f7dab15190 nmethod 4179 0x000001f78cabee90 code [0x000001f78cabf020, 0x000001f78cabf100]
Event: 20.264 Thread 0x000001f7dab15190 4180       3       java.lang.reflect.Constructor::copy (72 bytes)
Event: 20.265 Thread 0x000001f7dab15190 nmethod 4180 0x000001f7856b1910 code [0x000001f7856b1ae0, 0x000001f7856b1e08]
Event: 20.265 Thread 0x000001f7dab15190 4174       3       java.lang.invoke.LambdaMetafactory::metafactory (71 bytes)
Event: 24.266 Thread 0x000001f7dab15190 nmethod 4174 0x000001f7856b1f10 code [0x000001f7856b21a0, 0x000001f7856b2c98]

GC Heap History (16 events):
Event: 4.458 GC heap before
{Heap before GC invocations=1 (full 0):
 PSYoungGen      total 29696K, used 25600K [0x00000000d5580000, 0x00000000d7680000, 0x0000000100000000)
  eden space 25600K, 100% used [0x00000000d5580000,0x00000000d6e80000,0x00000000d6e80000)
  from space 4096K, 0% used [0x00000000d7280000,0x00000000d7280000,0x00000000d7680000)
  to   space 4096K, 0% used [0x00000000d6e80000,0x00000000d6e80000,0x00000000d7280000)
 ParOldGen       total 68608K, used 0K [0x0000000080000000, 0x0000000084300000, 0x00000000d5580000)
  object space 68608K, 0% used [0x0000000080000000,0x0000000080000000,0x0000000084300000)
 Metaspace       used 4343K, committed 4608K, reserved 1114112K
  class space    used 472K, committed 576K, reserved 1048576K
}
Event: 4.482 GC heap after
{Heap after GC invocations=1 (full 0):
 PSYoungGen      total 29696K, used 3302K [0x00000000d5580000, 0x00000000d7680000, 0x0000000100000000)
  eden space 25600K, 0% used [0x00000000d5580000,0x00000000d5580000,0x00000000d6e80000)
  from space 4096K, 80% used [0x00000000d6e80000,0x00000000d71b9bb8,0x00000000d7280000)
  to   space 4096K, 0% used [0x00000000d7280000,0x00000000d7280000,0x00000000d7680000)
 ParOldGen       total 68608K, used 0K [0x0000000080000000, 0x0000000084300000, 0x00000000d5580000)
  object space 68608K, 0% used [0x0000000080000000,0x0000000080000000,0x0000000084300000)
 Metaspace       used 4343K, committed 4608K, reserved 1114112K
  class space    used 472K, committed 576K, reserved 1048576K
}
Event: 7.378 GC heap before
{Heap before GC invocations=2 (full 0):
 PSYoungGen      total 29696K, used 28902K [0x00000000d5580000, 0x00000000d7680000, 0x0000000100000000)
  eden space 25600K, 100% used [0x00000000d5580000,0x00000000d6e80000,0x00000000d6e80000)
  from space 4096K, 80% used [0x00000000d6e80000,0x00000000d71b9bb8,0x00000000d7280000)
  to   space 4096K, 0% used [0x00000000d7280000,0x00000000d7280000,0x00000000d7680000)
 ParOldGen       total 68608K, used 0K [0x0000000080000000, 0x0000000084300000, 0x00000000d5580000)
  object space 68608K, 0% used [0x0000000080000000,0x0000000080000000,0x0000000084300000)
 Metaspace       used 7991K, committed 8256K, reserved 1114112K
  class space    used 831K, committed 960K, reserved 1048576K
}
Event: 7.390 GC heap after
{Heap after GC invocations=2 (full 0):
 PSYoungGen      total 29696K, used 4069K [0x00000000d5580000, 0x00000000d7680000, 0x0000000100000000)
  eden space 25600K, 0% used [0x00000000d5580000,0x00000000d5580000,0x00000000d6e80000)
  from space 4096K, 99% used [0x00000000d7280000,0x00000000d7679520,0x00000000d7680000)
  to   space 4096K, 0% used [0x00000000d6e80000,0x00000000d6e80000,0x00000000d7280000)
 ParOldGen       total 68608K, used 1765K [0x0000000080000000, 0x0000000084300000, 0x00000000d5580000)
  object space 68608K, 2% used [0x0000000080000000,0x00000000801b96b8,0x0000000084300000)
 Metaspace       used 7991K, committed 8256K, reserved 1114112K
  class space    used 831K, committed 960K, reserved 1048576K
}
Event: 8.780 GC heap before
{Heap before GC invocations=3 (full 0):
 PSYoungGen      total 29696K, used 29602K [0x00000000d5580000, 0x00000000d7680000, 0x0000000100000000)
  eden space 25600K, 99% used [0x00000000d5580000,0x00000000d6e6f528,0x00000000d6e80000)
  from space 4096K, 99% used [0x00000000d7280000,0x00000000d7679520,0x00000000d7680000)
  to   space 4096K, 0% used [0x00000000d6e80000,0x00000000d6e80000,0x00000000d7280000)
 ParOldGen       total 68608K, used 1765K [0x0000000080000000, 0x0000000084300000, 0x00000000d5580000)
  object space 68608K, 2% used [0x0000000080000000,0x00000000801b96b8,0x0000000084300000)
 Metaspace       used 9348K, committed 9664K, reserved 1114112K
  class space    used 996K, committed 1152K, reserved 1048576K
}
Event: 8.792 GC heap after
{Heap after GC invocations=3 (full 0):
 PSYoungGen      total 29696K, used 4072K [0x00000000d5580000, 0x00000000d7680000, 0x0000000100000000)
  eden space 25600K, 0% used [0x00000000d5580000,0x00000000d5580000,0x00000000d6e80000)
  from space 4096K, 99% used [0x00000000d6e80000,0x00000000d727a3f0,0x00000000d7280000)
  to   space 4096K, 0% used [0x00000000d7280000,0x00000000d7280000,0x00000000d7680000)
 ParOldGen       total 68608K, used 4835K [0x0000000080000000, 0x0000000084300000, 0x00000000d5580000)
  object space 68608K, 7% used [0x0000000080000000,0x00000000804b8ca0,0x0000000084300000)
 Metaspace       used 9348K, committed 9664K, reserved 1114112K
  class space    used 996K, committed 1152K, reserved 1048576K
}
Event: 10.622 GC heap before
{Heap before GC invocations=4 (full 0):
 PSYoungGen      total 29696K, used 29653K [0x00000000d5580000, 0x00000000d7680000, 0x0000000100000000)
  eden space 25600K, 99% used [0x00000000d5580000,0x00000000d6e7b320,0x00000000d6e80000)
  from space 4096K, 99% used [0x00000000d6e80000,0x00000000d727a3f0,0x00000000d7280000)
  to   space 4096K, 0% used [0x00000000d7280000,0x00000000d7280000,0x00000000d7680000)
 ParOldGen       total 68608K, used 4835K [0x0000000080000000, 0x0000000084300000, 0x00000000d5580000)
  object space 68608K, 7% used [0x0000000080000000,0x00000000804b8ca0,0x0000000084300000)
 Metaspace       used 12134K, committed 12480K, reserved 1114112K
  class space    used 1290K, committed 1472K, reserved 1048576K
}
Event: 10.632 GC heap after
{Heap after GC invocations=4 (full 0):
 PSYoungGen      total 29696K, used 4080K [0x00000000d5580000, 0x00000000d7680000, 0x0000000100000000)
  eden space 25600K, 0% used [0x00000000d5580000,0x00000000d5580000,0x00000000d6e80000)
  from space 4096K, 99% used [0x00000000d7280000,0x00000000d767c3d8,0x00000000d7680000)
  to   space 4096K, 0% used [0x00000000d6e80000,0x00000000d6e80000,0x00000000d7280000)
 ParOldGen       total 68608K, used 6304K [0x0000000080000000, 0x0000000084300000, 0x00000000d5580000)
  object space 68608K, 9% used [0x0000000080000000,0x00000000806280d0,0x0000000084300000)
 Metaspace       used 12134K, committed 12480K, reserved 1114112K
  class space    used 1290K, committed 1472K, reserved 1048576K
}
Event: 12.701 GC heap before
{Heap before GC invocations=5 (full 0):
 PSYoungGen      total 29696K, used 29680K [0x00000000d5580000, 0x00000000d7680000, 0x0000000100000000)
  eden space 25600K, 100% used [0x00000000d5580000,0x00000000d6e80000,0x00000000d6e80000)
  from space 4096K, 99% used [0x00000000d7280000,0x00000000d767c3d8,0x00000000d7680000)
  to   space 4096K, 0% used [0x00000000d6e80000,0x00000000d6e80000,0x00000000d7280000)
 ParOldGen       total 68608K, used 6304K [0x0000000080000000, 0x0000000084300000, 0x00000000d5580000)
  object space 68608K, 9% used [0x0000000080000000,0x00000000806280d0,0x0000000084300000)
 Metaspace       used 15287K, committed 15872K, reserved 1114112K
  class space    used 1566K, committed 1792K, reserved 1048576K
}
Event: 12.710 GC heap after
{Heap after GC invocations=5 (full 0):
 PSYoungGen      total 29184K, used 4082K [0x00000000d5580000, 0x00000000d7a00000, 0x0000000100000000)
  eden space 25088K, 0% used [0x00000000d5580000,0x00000000d5580000,0x00000000d6e00000)
  from space 4096K, 99% used [0x00000000d6e80000,0x00000000d727ca40,0x00000000d7280000)
  to   space 6144K, 0% used [0x00000000d7400000,0x00000000d7400000,0x00000000d7a00000)
 ParOldGen       total 68608K, used 7812K [0x0000000080000000, 0x0000000084300000, 0x00000000d5580000)
  object space 68608K, 11% used [0x0000000080000000,0x00000000807a12a8,0x0000000084300000)
 Metaspace       used 15287K, committed 15872K, reserved 1114112K
  class space    used 1566K, committed 1792K, reserved 1048576K
}
Event: 15.991 GC heap before
{Heap before GC invocations=6 (full 0):
 PSYoungGen      total 29184K, used 29170K [0x00000000d5580000, 0x00000000d7a00000, 0x0000000100000000)
  eden space 25088K, 100% used [0x00000000d5580000,0x00000000d6e00000,0x00000000d6e00000)
  from space 4096K, 99% used [0x00000000d6e80000,0x00000000d727ca40,0x00000000d7280000)
  to   space 6144K, 0% used [0x00000000d7400000,0x00000000d7400000,0x00000000d7a00000)
 ParOldGen       total 68608K, used 7812K [0x0000000080000000, 0x0000000084300000, 0x00000000d5580000)
  object space 68608K, 11% used [0x0000000080000000,0x00000000807a12a8,0x0000000084300000)
 Metaspace       used 18540K, committed 19264K, reserved 1114112K
  class space    used 1922K, committed 2240K, reserved 1048576K
}
Event: 15.998 GC heap after
{Heap after GC invocations=6 (full 0):
 PSYoungGen      total 30208K, used 5470K [0x00000000d5580000, 0x00000000d7980000, 0x0000000100000000)
  eden space 24576K, 0% used [0x00000000d5580000,0x00000000d5580000,0x00000000d6d80000)
  from space 5632K, 97% used [0x00000000d7400000,0x00000000d7957b38,0x00000000d7980000)
  to   space 5632K, 0% used [0x00000000d6e80000,0x00000000d6e80000,0x00000000d7400000)
 ParOldGen       total 68608K, used 7820K [0x0000000080000000, 0x0000000084300000, 0x00000000d5580000)
  object space 68608K, 11% used [0x0000000080000000,0x00000000807a32a8,0x0000000084300000)
 Metaspace       used 18540K, committed 19264K, reserved 1114112K
  class space    used 1922K, committed 2240K, reserved 1048576K
}
Event: 16.938 GC heap before
{Heap before GC invocations=7 (full 0):
 PSYoungGen      total 30208K, used 26571K [0x00000000d5580000, 0x00000000d7980000, 0x0000000100000000)
  eden space 24576K, 85% used [0x00000000d5580000,0x00000000d6a1b0d0,0x00000000d6d80000)
  from space 5632K, 97% used [0x00000000d7400000,0x00000000d7957b38,0x00000000d7980000)
  to   space 5632K, 0% used [0x00000000d6e80000,0x00000000d6e80000,0x00000000d7400000)
 ParOldGen       total 68608K, used 7820K [0x0000000080000000, 0x0000000084300000, 0x00000000d5580000)
  object space 68608K, 11% used [0x0000000080000000,0x00000000807a32a8,0x0000000084300000)
 Metaspace       used 20694K, committed 21504K, reserved 1114112K
  class space    used 2189K, committed 2560K, reserved 1048576K
}
Event: 16.945 GC heap after
{Heap after GC invocations=7 (full 0):
 PSYoungGen      total 29184K, used 4220K [0x00000000d5580000, 0x00000000d7780000, 0x0000000100000000)
  eden space 24576K, 0% used [0x00000000d5580000,0x00000000d5580000,0x00000000d6d80000)
  from space 4608K, 91% used [0x00000000d6e80000,0x00000000d729f068,0x00000000d7300000)
  to   space 4608K, 0% used [0x00000000d7300000,0x00000000d7300000,0x00000000d7780000)
 ParOldGen       total 68608K, used 9249K [0x0000000080000000, 0x0000000084300000, 0x00000000d5580000)
  object space 68608K, 13% used [0x0000000080000000,0x00000000809086e0,0x0000000084300000)
 Metaspace       used 20694K, committed 21504K, reserved 1114112K
  class space    used 2189K, committed 2560K, reserved 1048576K
}
Event: 16.945 GC heap before
{Heap before GC invocations=8 (full 1):
 PSYoungGen      total 29184K, used 4220K [0x00000000d5580000, 0x00000000d7780000, 0x0000000100000000)
  eden space 24576K, 0% used [0x00000000d5580000,0x00000000d5580000,0x00000000d6d80000)
  from space 4608K, 91% used [0x00000000d6e80000,0x00000000d729f068,0x00000000d7300000)
  to   space 4608K, 0% used [0x00000000d7300000,0x00000000d7300000,0x00000000d7780000)
 ParOldGen       total 68608K, used 9249K [0x0000000080000000, 0x0000000084300000, 0x00000000d5580000)
  object space 68608K, 13% used [0x0000000080000000,0x00000000809086e0,0x0000000084300000)
 Metaspace       used 20694K, committed 21504K, reserved 1114112K
  class space    used 2189K, committed 2560K, reserved 1048576K
}
Event: 17.006 GC heap after
{Heap after GC invocations=8 (full 1):
 PSYoungGen      total 29184K, used 0K [0x00000000d5580000, 0x00000000d7780000, 0x0000000100000000)
  eden space 24576K, 0% used [0x00000000d5580000,0x00000000d5580000,0x00000000d6d80000)
  from space 4608K, 0% used [0x00000000d6e80000,0x00000000d6e80000,0x00000000d7300000)
  to   space 4608K, 0% used [0x00000000d7300000,0x00000000d7300000,0x00000000d7780000)
 ParOldGen       total 68608K, used 12821K [0x0000000080000000, 0x0000000084300000, 0x00000000d5580000)
  object space 68608K, 18% used [0x0000000080000000,0x0000000080c85680,0x0000000084300000)
 Metaspace       used 20681K, committed 21504K, reserved 1114112K
  class space    used 2185K, committed 2560K, reserved 1048576K
}

Dll operation events (10 events):
Event: 0.061 Loaded shared library c:\Users\adity\.cursor\extensions\redhat.java-1.44.0-win32-x64\jre\21.0.8-win32-x86_64\bin\java.dll
Event: 0.585 Loaded shared library c:\Users\adity\.cursor\extensions\redhat.java-1.44.0-win32-x64\jre\21.0.8-win32-x86_64\bin\zip.dll
Event: 0.663 Loaded shared library C:\Users\adity\.cursor\extensions\redhat.java-1.44.0-win32-x64\jre\21.0.8-win32-x86_64\bin\instrument.dll
Event: 0.678 Loaded shared library C:\Users\adity\.cursor\extensions\redhat.java-1.44.0-win32-x64\jre\21.0.8-win32-x86_64\bin\net.dll
Event: 0.685 Loaded shared library C:\Users\adity\.cursor\extensions\redhat.java-1.44.0-win32-x64\jre\21.0.8-win32-x86_64\bin\nio.dll
Event: 0.702 Loaded shared library C:\Users\adity\.cursor\extensions\redhat.java-1.44.0-win32-x64\jre\21.0.8-win32-x86_64\bin\zip.dll
Event: 0.764 Loaded shared library C:\Users\adity\.cursor\extensions\redhat.java-1.44.0-win32-x64\jre\21.0.8-win32-x86_64\bin\jimage.dll
Event: 1.102 Loaded shared library c:\Users\adity\.cursor\extensions\redhat.java-1.44.0-win32-x64\jre\21.0.8-win32-x86_64\bin\verify.dll
Event: 7.495 Loaded shared library C:\Users\adity\AppData\Roaming\Cursor\User\globalStorage\redhat.java\1.44.0\config_win\org.eclipse.equinox.launcher\org.eclipse.equinox.launcher.win32.win32.x86_64_1.2.1400.v20250730-1736\eclipse_11913.dll
Event: 15.205 Loaded shared library C:\Users\adity\AppData\Local\Temp\jna-92665259\jna5510877857202186150.dll

Deoptimization events (20 events):
Event: 16.853 Thread 0x000001f7e02d1b30 DEOPT PACKING pc=0x000001f78caac71c sp=0x000000477acf2070
Event: 16.853 Thread 0x000001f7e02d1b30 DEOPT UNPACKING pc=0x000001f78c3c3aa2 sp=0x000000477acf2008 mode 2
Event: 17.083 Thread 0x000001f7e02d1b30 Uncommon trap: trap_request=0xffffff45 fr.pc=0x000001f78ca986c0 relative=0x00000000000001a0
Event: 17.083 Thread 0x000001f7e02d1b30 Uncommon trap: reason=unstable_if action=reinterpret pc=0x000001f78ca986c0 method=jdk.internal.org.objectweb.asm.Frame.push(I)V @ 26 c2
Event: 17.083 Thread 0x000001f7e02d1b30 DEOPT PACKING pc=0x000001f78ca986c0 sp=0x000000477acf15c0
Event: 17.083 Thread 0x000001f7e02d1b30 DEOPT UNPACKING pc=0x000001f78c3c3aa2 sp=0x000000477acf1548 mode 2
Event: 17.140 Thread 0x000001f7e02d1b30 Uncommon trap: trap_request=0xffffff45 fr.pc=0x000001f78c9a0090 relative=0x0000000000000fb0
Event: 17.140 Thread 0x000001f7e02d1b30 Uncommon trap: reason=unstable_if action=reinterpret pc=0x000001f78c9a0090 method=jdk.internal.jimage.ImageStringsReader.stringFromByteBufferMatches(Ljava/nio/ByteBuffer;ILjava/lang/String;I)I @ 48 c2
Event: 17.140 Thread 0x000001f7e02d1b30 DEOPT PACKING pc=0x000001f78c9a0090 sp=0x000000477acf4270
Event: 17.140 Thread 0x000001f7e02d1b30 DEOPT UNPACKING pc=0x000001f78c3c3aa2 sp=0x000000477acf3fa8 mode 2
Event: 18.210 Thread 0x000001f7e077e6f0 DEOPT PACKING pc=0x000001f7852cfdbc sp=0x000000477b5fdc00
Event: 18.210 Thread 0x000001f7e077e6f0 DEOPT UNPACKING pc=0x000001f78c3c4242 sp=0x000000477b5fd190 mode 0
Event: 18.224 Thread 0x000001f7e077e060 Uncommon trap: trap_request=0xffffff45 fr.pc=0x000001f78ca3a41c relative=0x0000000000000a9c
Event: 18.224 Thread 0x000001f7e077e060 Uncommon trap: reason=unstable_if action=reinterpret pc=0x000001f78ca3a41c method=java.io.BufferedInputStream.implRead([BII)I @ 30 c2
Event: 18.224 Thread 0x000001f7e077e060 DEOPT PACKING pc=0x000001f78ca3a41c sp=0x000000477b6fedd0
Event: 18.224 Thread 0x000001f7e077e060 DEOPT UNPACKING pc=0x000001f78c3c3aa2 sp=0x000000477b6fed28 mode 2
Event: 18.225 Thread 0x000001f7e077e060 Uncommon trap: trap_request=0xffffff76 fr.pc=0x000001f78ca6a600 relative=0x0000000000000380
Event: 18.225 Thread 0x000001f7e077e060 Uncommon trap: reason=predicate action=maybe_recompile pc=0x000001f78ca6a600 method=java.util.regex.Pattern$BmpCharPropertyGreedy.match(Ljava/util/regex/Matcher;ILjava/lang/CharSequence;)Z @ 12 c2
Event: 18.225 Thread 0x000001f7e077e060 DEOPT PACKING pc=0x000001f78ca6a600 sp=0x000000477b6feb80
Event: 18.225 Thread 0x000001f7e077e060 DEOPT UNPACKING pc=0x000001f78c3c3aa2 sp=0x000000477b6feb28 mode 2

Classes loaded (20 events):
Event: 18.228 Loading class java/net/SocketAddress
Event: 18.228 Loading class java/net/SocketAddress done
Event: 18.228 Loading class java/net/InetSocketAddress
Event: 18.228 Loading class java/net/InetSocketAddress done
Event: 18.229 Loading class java/nio/channels/AsynchronousByteChannel
Event: 18.229 Loading class java/nio/channels/AsynchronousChannel
Event: 18.229 Loading class java/nio/channels/AsynchronousChannel done
Event: 18.229 Loading class java/nio/channels/AsynchronousByteChannel done
Event: 18.239 Loading class java/util/regex/PatternSyntaxException
Event: 18.240 Loading class java/util/regex/PatternSyntaxException done
Event: 18.241 Loading class java/util/AbstractList$RandomAccessSubList
Event: 18.241 Loading class java/util/AbstractList$SubList
Event: 18.242 Loading class java/util/AbstractList$SubList done
Event: 18.242 Loading class java/util/AbstractList$RandomAccessSubList done
Event: 18.242 Loading class java/util/AbstractList$SubList$1
Event: 18.242 Loading class java/util/AbstractList$SubList$1 done
Event: 18.243 Loading class java/util/AbstractList$ListItr
Event: 19.244 Loading class java/util/AbstractList$ListItr done
Event: 20.244 Loading class java/util/ArrayDeque$DeqSpliterator
Event: 20.245 Loading class java/util/ArrayDeque$DeqSpliterator done

Classes unloaded (7 events):
Event: 16.953 Thread 0x000001f7986d4600 Unloading class 0x000001f79a1ac800 'java/lang/invoke/LambdaForm$MH+0x000001f79a1ac800'
Event: 16.953 Thread 0x000001f7986d4600 Unloading class 0x000001f79a1ac400 'java/lang/invoke/LambdaForm$MH+0x000001f79a1ac400'
Event: 16.953 Thread 0x000001f7986d4600 Unloading class 0x000001f79a1ac000 'java/lang/invoke/LambdaForm$MH+0x000001f79a1ac000'
Event: 16.953 Thread 0x000001f7986d4600 Unloading class 0x000001f79a1abc00 'java/lang/invoke/LambdaForm$MH+0x000001f79a1abc00'
Event: 16.953 Thread 0x000001f7986d4600 Unloading class 0x000001f79a1ab800 'java/lang/invoke/LambdaForm$BMH+0x000001f79a1ab800'
Event: 16.953 Thread 0x000001f7986d4600 Unloading class 0x000001f79a1ab400 'java/lang/invoke/LambdaForm$DMH+0x000001f79a1ab400'
Event: 16.953 Thread 0x000001f7986d4600 Unloading class 0x000001f79a1aa000 'java/lang/invoke/LambdaForm$DMH+0x000001f79a1aa000'

Classes redefined (0 events):
No events

Internal exceptions (20 events):
Event: 16.835 Thread 0x000001f7e02d1b30 Exception <a 'java/lang/NoSuchMethodError'{0x00000000d6827618}: 'java.lang.Object java.lang.invoke.DirectMethodHandle$Holder.invokeStatic(java.lang.Object, java.lang.Object, java.lang.Object, java.lang.Object, int, java.lang.Object)'> (0x00000000d6827618) 
thrown [s\src\hotspot\share\interpreter\linkResolver.cpp, line 773]
Event: 16.843 Thread 0x000001f7e02d1b30 Exception <a 'java/lang/NoSuchMethodError'{0x00000000d68419f8}: 'java.lang.Object java.lang.invoke.DirectMethodHandle$Holder.invokeStaticInit(java.lang.Object, java.lang.Object, java.lang.Object, java.lang.Object, java.lang.Object, java.lang.Object, java.lang.Object)'> (0x00000000d68419f8) 
thrown [s\src\hotspot\share\interpreter\linkResolver.cpp, line 773]
Event: 16.845 Thread 0x000001f7e02d1b30 Exception <a 'java/lang/NoSuchMethodError'{0x00000000d68472f8}: 'java.lang.Object java.lang.invoke.Invokers$Holder.invoke_MT(java.lang.Object, java.lang.Object, java.lang.Object, java.lang.Object, java.lang.Object, java.lang.Object, java.lang.Object, java.lang.Object, java.lang.Object)'> (0x00000000d68472f8) 
thrown [s\src\hotspot\share\interpreter\linkResolver.cpp, line 773]
Event: 16.858 Thread 0x000001f7e02d1b30 Exception <a 'java/lang/NoSuchMethodError'{0x00000000d687cc10}: 'int java.lang.invoke.DirectMethodHandle$Holder.invokeVirtual(java.lang.Object, java.lang.Object, java.lang.Object)'> (0x00000000d687cc10) 
thrown [s\src\hotspot\share\interpreter\linkResolver.cpp, line 773]
Event: 16.859 Thread 0x000001f7e02d1b30 Exception <a 'java/lang/NoSuchMethodError'{0x00000000d6881cc8}: 'int java.lang.invoke.DirectMethodHandle$Holder.invokeStaticInit(java.lang.Object, int, int)'> (0x00000000d6881cc8) 
thrown [s\src\hotspot\share\interpreter\linkResolver.cpp, line 773]
Event: 16.860 Thread 0x000001f7e02d1b30 Exception <a 'java/lang/NoSuchMethodError'{0x00000000d688a1e0}: 'int java.lang.invoke.DirectMethodHandle$Holder.invokeStaticInit(java.lang.Object, long, long)'> (0x00000000d688a1e0) 
thrown [s\src\hotspot\share\interpreter\linkResolver.cpp, line 773]
Event: 16.863 Thread 0x000001f7e02d1b30 Exception <a 'java/lang/NoSuchMethodError'{0x00000000d6891c98}: 'int java.lang.invoke.DirectMethodHandle$Holder.invokeStaticInit(java.lang.Object, float, float)'> (0x00000000d6891c98) 
thrown [s\src\hotspot\share\interpreter\linkResolver.cpp, line 773]
Event: 16.865 Thread 0x000001f7e02d1b30 Exception <a 'java/lang/NoSuchMethodError'{0x00000000d6899748}: 'int java.lang.invoke.DirectMethodHandle$Holder.invokeStaticInit(java.lang.Object, double, double)'> (0x00000000d6899748) 
thrown [s\src\hotspot\share\interpreter\linkResolver.cpp, line 773]
Event: 16.866 Thread 0x000001f7e02d1b30 Exception <a 'java/lang/NoSuchMethodError'{0x00000000d689ed08}: 'int java.lang.invoke.DirectMethodHandle$Holder.invokeStatic(java.lang.Object, long)'> (0x00000000d689ed08) 
thrown [s\src\hotspot\share\interpreter\linkResolver.cpp, line 773]
Event: 16.875 Thread 0x000001f7e02d1b30 Exception <a 'java/lang/NoSuchMethodError'{0x00000000d68be270}: 'int java.lang.invoke.Invokers$Holder.linkToTargetMethod(java.lang.Object, java.lang.Object)'> (0x00000000d68be270) 
thrown [s\src\hotspot\share\interpreter\linkResolver.cpp, line 773]
Event: 16.927 Thread 0x000001f7e02d1b30 Exception <a 'java/lang/NoSuchMethodError'{0x00000000d698f378}: 'java.lang.Object java.lang.invoke.DirectMethodHandle$Holder.newInvokeSpecial(java.lang.Object, java.lang.Object, java.lang.Object, java.lang.Object, java.lang.Object)'> (0x00000000d698f378) 
thrown [s\src\hotspot\share\interpreter\linkResolver.cpp, line 773]
Event: 16.932 Thread 0x000001f7e02d1b30 Exception <a 'java/lang/NoSuchMethodError'{0x00000000d69b1cf0}: 'java.lang.Object java.lang.invoke.Invokers$Holder.invoke_MT(java.lang.Object, java.lang.Object, java.lang.Object, java.lang.Object, java.lang.Object, java.lang.Object, java.lang.Object, java.lang.Object, java.lang.Object, java.lang.Object, java.lang.Object)'> (0x00000000d69b1cf0) 
thrown [s\src\hotspot\share\interpreter\linkResolver.cpp, line 773]
Event: 17.029 Thread 0x000001f7e02d1b30 Exception <a 'java/lang/NoSuchMethodError'{0x00000000d55e5698}: 'java.lang.Object java.lang.invoke.Invokers$Holder.invoke_MT(java.lang.Object, java.lang.Object, java.lang.Object, java.lang.Object, java.lang.Object, java.lang.Object, java.lang.Object, java.lang.Object, java.lang.Object, java.lang.Object)'> (0x00000000d55e5698) 
thrown [s\src\hotspot\share\interpreter\linkResolver.cpp, line 773]
Event: 17.063 Thread 0x000001f7e02d1b30 Exception <a 'java/lang/NoSuchMethodError'{0x00000000d56a6528}: 'java.lang.Object java.lang.invoke.DirectMethodHandle$Holder.newInvokeSpecial(java.lang.Object, java.lang.Object, java.lang.Object, java.lang.Object, java.lang.Object, java.lang.Object, java.lang.Object)'> (0x00000000d56a6528) 
thrown [s\src\hotspot\share\interpreter\linkResolver.cpp, line 773]
Event: 17.083 Thread 0x000001f7e02d1b30 Exception <a 'java/lang/NoSuchMethodError'{0x00000000d571ece0}: 'java.lang.Object java.lang.invoke.Invokers$Holder.invoker(java.lang.Object, java.lang.Object, java.lang.Object, java.lang.Object, java.lang.Object, java.lang.Object, java.lang.Object, java.lang.Object, java.lang.Object, java.lang.Object, java.lang.Object, java.lang.Object, java.lang.Object)'> (0x00000000d571ece0) 
thrown [s\src\hotspot\share\interpreter\linkResolver.cpp, line 773]
Event: 17.084 Thread 0x000001f7e02d1b30 Exception <a 'java/lang/NoSuchMethodError'{0x00000000d5729178}: 'java.lang.Object java.lang.invoke.DelegatingMethodHandle$Holder.delegate(java.lang.Object, java.lang.Object, java.lang.Object, java.lang.Object, java.lang.Object, java.lang.Object, java.lang.Object, java.lang.Object, java.lang.Object, java.lang.Object, java.lang.Object, java.lang.Object, java.lang.Object)'> (0x00000000d5729178) 
thrown [s\src\hotspot\share\interpreter\linkResolver.cpp, line 773]
Event: 17.105 Thread 0x000001f7e02d1b30 Exception <a 'java/lang/NoSuchMethodError'{0x00000000d5793a00}: static Lorg/eclipse/m2e/core/internal/lifecyclemapping/model/PluginExecutionMetadata;.<clinit>()V> (0x00000000d5793a00) 
thrown [s\src\hotspot\share\prims\jni.cpp, line 1111]
Event: 17.124 Thread 0x000001f7e02d1b30 Exception <a 'java/lang/NoSuchMethodError'{0x00000000d57efaf0}: static Lorg/eclipse/m2e/core/internal/lifecyclemapping/model/PluginExecutionFilter;.<clinit>()V> (0x00000000d57efaf0) 
thrown [s\src\hotspot\share\prims\jni.cpp, line 1111]
Event: 17.131 Thread 0x000001f7e02d1b30 Exception <a 'java/lang/NoSuchMethodError'{0x00000000d581f468}: static Lorg/eclipse/m2e/core/internal/project/registry/MavenProjectFacade$MavenProjectConfiguration;.<clinit>()V> (0x00000000d581f468) 
thrown [s\src\hotspot\share\prims\jni.cpp, line 1111]
Event: 20.255 Thread 0x000001f7e077e060 Exception <a 'java/lang/NoSuchMethodError'{0x00000000d5ec7838}: 'java.lang.Object java.lang.invoke.DirectMethodHandle$Holder.invokeSpecialIFC(java.lang.Object, java.lang.Object, java.lang.Object, java.lang.Object)'> (0x00000000d5ec7838) 
thrown [s\src\hotspot\share\interpreter\linkResolver.cpp, line 773]

ZGC Phase Switch (0 events):
No events

VM Operations (20 events):
Event: 15.785 Executing VM operation: HandshakeAllThreads (Deoptimize) done
Event: 15.801 Executing VM operation: HandshakeAllThreads (Deoptimize)
Event: 15.801 Executing VM operation: HandshakeAllThreads (Deoptimize) done
Event: 15.991 Executing VM operation: ParallelGCFailedAllocation (Allocation Failure)
Event: 15.998 Executing VM operation: ParallelGCFailedAllocation (Allocation Failure) done
Event: 16.794 Executing VM operation: HandshakeAllThreads (Deoptimize)
Event: 16.795 Executing VM operation: HandshakeAllThreads (Deoptimize) done
Event: 16.937 Executing VM operation: CollectForMetadataAllocation (Metadata GC Threshold)
Event: 17.006 Executing VM operation: CollectForMetadataAllocation (Metadata GC Threshold) done
Event: 18.006 Executing VM operation: Cleanup
Event: 18.192 Executing VM operation: Cleanup done
Event: 18.210 Executing VM operation: HandshakeAllThreads (Deoptimize)
Event: 18.211 Executing VM operation: HandshakeAllThreads (Deoptimize) done
Event: 19.211 Executing VM operation: Cleanup
Event: 19.244 Executing VM operation: Cleanup done
Event: 19.245 Executing VM operation: HandshakeAllThreads (Deoptimize)
Event: 20.247 Executing VM operation: HandshakeAllThreads (Deoptimize) done
Event: 20.247 Executing VM operation: Cleanup
Event: 20.250 Executing VM operation: Cleanup done
Event: 21.250 Executing VM operation: Cleanup

Memory protections (0 events):
No events

Nmethod flushes (0 events):
No events

Events (20 events):
Event: 0.298 Thread 0x000001f7ff73cb70 Thread added: 0x000001f781cf8150
Event: 0.299 Thread 0x000001f7ff73cb70 Thread added: 0x000001f781cfacb0
Event: 0.299 Thread 0x000001f7ff73cb70 Thread added: 0x000001f781cfb700
Event: 0.301 Thread 0x000001f7ff73cb70 Thread added: 0x000001f781cfe940
Event: 0.319 Thread 0x000001f7ff73cb70 Thread added: 0x000001f7dab15190
Event: 0.506 Thread 0x000001f7ff73cb70 Thread added: 0x000001f7dabaddc0
Event: 1.708 Thread 0x000001f7ff73cb70 Thread added: 0x000001f7dad44020
Event: 6.686 Thread 0x000001f7ff73cb70 Thread added: 0x000001f7e04e12b0
Event: 7.468 Thread 0x000001f7ff73cb70 Thread added: 0x000001f7e006f7d0
Event: 7.557 Thread 0x000001f7e006f7d0 Thread added: 0x000001f7e032ec90
Event: 7.567 Thread 0x000001f7ff73cb70 Thread added: 0x000001f7e02d1b30
Event: 8.969 Thread 0x000001f7e02d1b30 Thread added: 0x000001f7e08819a0
Event: 9.875 Thread 0x000001f7e02d1b30 Thread added: 0x000001f7e02577f0
Event: 10.239 Thread 0x000001f7e02d1b30 Thread added: 0x000001f7e077d340
Event: 11.853 Thread 0x000001f7e02d1b30 Thread added: 0x000001f7e07807c0
Event: 15.269 Thread 0x000001f7e02d1b30 Thread added: 0x000001f7e077d9d0
Event: 15.351 Thread 0x000001f7e02d1b30 Thread added: 0x000001f7e077f410
Event: 15.407 Thread 0x000001f7e02d1b30 Thread added: 0x000001f7e077e6f0
Event: 15.611 Thread 0x000001f7e077e6f0 Thread added: 0x000001f7e077e060
Event: 18.194 Thread 0x000001f7e077e060 Thread added: 0x000001f7e077ed80


Dynamic libraries:
0x00007ff7ee850000 - 0x00007ff7ee85e000 	c:\Users\adity\.cursor\extensions\redhat.java-1.44.0-win32-x64\jre\21.0.8-win32-x86_64\bin\java.exe
0x00007ffb49480000 - 0x00007ffb496e9000 	C:\WINDOWS\SYSTEM32\ntdll.dll
0x00007ffb48930000 - 0x00007ffb489f9000 	C:\WINDOWS\System32\KERNEL32.DLL
0x00007ffb46900000 - 0x00007ffb46cf3000 	C:\WINDOWS\System32\KERNELBASE.dll
0x00007ffb46e30000 - 0x00007ffb46f7b000 	C:\WINDOWS\System32\ucrtbase.dll
0x00007ffb0a7e0000 - 0x00007ffb0a7f8000 	c:\Users\adity\.cursor\extensions\redhat.java-1.44.0-win32-x64\jre\21.0.8-win32-x86_64\bin\jli.dll
0x00007ffb479c0000 - 0x00007ffb47b84000 	C:\WINDOWS\System32\USER32.dll
0x00007ffb468d0000 - 0x00007ffb468f7000 	C:\WINDOWS\System32\win32u.dll
0x00007ffb48500000 - 0x00007ffb4852b000 	C:\WINDOWS\System32\GDI32.dll
0x00007ffb46d00000 - 0x00007ffb46e2d000 	C:\WINDOWS\System32\gdi32full.dll
0x00007ffb471a0000 - 0x00007ffb47243000 	C:\WINDOWS\System32\msvcp_win.dll
0x00007ffb232e0000 - 0x00007ffb232fe000 	c:\Users\adity\.cursor\extensions\redhat.java-1.44.0-win32-x64\jre\21.0.8-win32-x86_64\bin\VCRUNTIME140.dll
0x00007ffb29910000 - 0x00007ffb29ba3000 	C:\WINDOWS\WinSxS\amd64_microsoft.windows.common-controls_6595b64144ccf1df_6.0.26100.5074_none_3e0d6f78e32fd63f\COMCTL32.dll
0x00007ffb48bb0000 - 0x00007ffb48c59000 	C:\WINDOWS\System32\msvcrt.dll
0x00007ffb487a0000 - 0x00007ffb487cf000 	C:\WINDOWS\System32\IMM32.DLL
0x00007ffb388c0000 - 0x00007ffb388cc000 	c:\Users\adity\.cursor\extensions\redhat.java-1.44.0-win32-x64\jre\21.0.8-win32-x86_64\bin\vcruntime140_1.dll
0x00007ffa8ad20000 - 0x00007ffa8adad000 	c:\Users\adity\.cursor\extensions\redhat.java-1.44.0-win32-x64\jre\21.0.8-win32-x86_64\bin\msvcp140.dll
0x00007ffa89d30000 - 0x00007ffa8aac7000 	c:\Users\adity\.cursor\extensions\redhat.java-1.44.0-win32-x64\jre\21.0.8-win32-x86_64\bin\server\jvm.dll
0x00007ffb47900000 - 0x00007ffb479b4000 	C:\WINDOWS\System32\ADVAPI32.dll
0x00007ffb487e0000 - 0x00007ffb48886000 	C:\WINDOWS\System32\sechost.dll
0x00007ffb483e0000 - 0x00007ffb484f8000 	C:\WINDOWS\System32\RPCRT4.dll
0x00007ffb48690000 - 0x00007ffb48704000 	C:\WINDOWS\System32\WS2_32.dll
0x00007ffb46490000 - 0x00007ffb464ee000 	C:\WINDOWS\SYSTEM32\POWRPROF.dll
0x00007ffb3dbd0000 - 0x00007ffb3dc05000 	C:\WINDOWS\SYSTEM32\WINMM.dll
0x00007ffb3dc10000 - 0x00007ffb3dc1b000 	C:\WINDOWS\SYSTEM32\VERSION.dll
0x00007ffb46470000 - 0x00007ffb46484000 	C:\WINDOWS\SYSTEM32\UMPDC.dll
0x00007ffb453c0000 - 0x00007ffb453db000 	C:\WINDOWS\SYSTEM32\kernel.appcore.dll
0x00007ffb38890000 - 0x00007ffb3889a000 	c:\Users\adity\.cursor\extensions\redhat.java-1.44.0-win32-x64\jre\21.0.8-win32-x86_64\bin\jimage.dll
0x00007ffb2f980000 - 0x00007ffb2fbc2000 	C:\WINDOWS\SYSTEM32\DBGHELP.DLL
0x00007ffb48e30000 - 0x00007ffb491ab000 	C:\WINDOWS\System32\combase.dll
0x00007ffb48530000 - 0x00007ffb48607000 	C:\WINDOWS\System32\OLEAUT32.dll
0x00007ffb11440000 - 0x00007ffb1147d000 	C:\WINDOWS\SYSTEM32\dbgcore.DLL
0x00007ffb46f80000 - 0x00007ffb47019000 	C:\WINDOWS\System32\bcryptPrimitives.dll
0x00007ffb32160000 - 0x00007ffb3216f000 	c:\Users\adity\.cursor\extensions\redhat.java-1.44.0-win32-x64\jre\21.0.8-win32-x86_64\bin\instrument.dll
0x00007ffb35440000 - 0x00007ffb3545f000 	c:\Users\adity\.cursor\extensions\redhat.java-1.44.0-win32-x64\jre\21.0.8-win32-x86_64\bin\java.dll
0x00007ffb47c90000 - 0x00007ffb483dd000 	C:\WINDOWS\System32\SHELL32.dll
0x00007ffb46760000 - 0x00007ffb468cc000 	C:\WINDOWS\System32\wintypes.dll
0x00007ffb44250000 - 0x00007ffb44aa9000 	C:\WINDOWS\SYSTEM32\windows.storage.dll
0x00007ffb47b90000 - 0x00007ffb47c80000 	C:\WINDOWS\System32\SHCORE.dll
0x00007ffb476e0000 - 0x00007ffb47742000 	C:\WINDOWS\System32\shlwapi.dll
0x00007ffb46530000 - 0x00007ffb46559000 	C:\WINDOWS\SYSTEM32\profapi.dll
0x00007ffb06490000 - 0x00007ffb064a8000 	c:\Users\adity\.cursor\extensions\redhat.java-1.44.0-win32-x64\jre\21.0.8-win32-x86_64\bin\zip.dll
0x00007ffb352b0000 - 0x00007ffb352c0000 	C:\Users\adity\.cursor\extensions\redhat.java-1.44.0-win32-x64\jre\21.0.8-win32-x86_64\bin\net.dll
0x00007ffb3e3f0000 - 0x00007ffb3e50f000 	C:\WINDOWS\SYSTEM32\WINHTTP.dll
0x00007ffb45970000 - 0x00007ffb459db000 	C:\WINDOWS\system32\mswsock.dll
0x00007ffb05870000 - 0x00007ffb05886000 	C:\Users\adity\.cursor\extensions\redhat.java-1.44.0-win32-x64\jre\21.0.8-win32-x86_64\bin\nio.dll
0x00007ffb31c40000 - 0x00007ffb31c50000 	c:\Users\adity\.cursor\extensions\redhat.java-1.44.0-win32-x64\jre\21.0.8-win32-x86_64\bin\verify.dll
0x00007ffad8f90000 - 0x00007ffad8fd5000 	C:\Users\adity\AppData\Roaming\Cursor\User\globalStorage\redhat.java\1.44.0\config_win\org.eclipse.equinox.launcher\org.eclipse.equinox.launcher.win32.win32.x86_64_1.2.1400.v20250730-1736\eclipse_11913.dll
0x00007ffb48a00000 - 0x00007ffb48b98000 	C:\WINDOWS\System32\ole32.dll
0x00007ffb45c10000 - 0x00007ffb45c2b000 	C:\WINDOWS\SYSTEM32\CRYPTSP.dll
0x00007ffb45320000 - 0x00007ffb4535b000 	C:\WINDOWS\system32\rsaenh.dll
0x00007ffb45a10000 - 0x00007ffb45a3b000 	C:\WINDOWS\SYSTEM32\USERENV.dll
0x00007ffb46500000 - 0x00007ffb46526000 	C:\WINDOWS\SYSTEM32\bcrypt.dll
0x00007ffb45c30000 - 0x00007ffb45c3c000 	C:\WINDOWS\SYSTEM32\CRYPTBASE.dll
0x00007ffb44db0000 - 0x00007ffb44de4000 	C:\WINDOWS\SYSTEM32\IPHLPAPI.DLL
0x00007ffb48ba0000 - 0x00007ffb48baa000 	C:\WINDOWS\System32\NSI.dll
0x00007ffb38340000 - 0x00007ffb38389000 	C:\Users\adity\AppData\Local\Temp\jna-92665259\jna5510877857202186150.dll
0x00007ffb49430000 - 0x00007ffb49438000 	C:\WINDOWS\System32\PSAPI.DLL

JVMTI agents:
c:\Users\adity\.cursor\extensions\redhat.java-1.44.0-win32-x64\lombok\lombok-1.18.39-4050.jar path:c:\Users\adity\.cursor\extensions\redhat.java-1.44.0-win32-x64\jre\21.0.8-win32-x86_64\bin\instrument.dll, loaded, initialized, instrumentlib options:none

dbghelp: loaded successfully - version: 4.0.5 - missing functions: none
symbol engine: initialized successfully - sym options: 0x614 - pdb path: .;c:\Users\adity\.cursor\extensions\redhat.java-1.44.0-win32-x64\jre\21.0.8-win32-x86_64\bin;C:\WINDOWS\SYSTEM32;C:\WINDOWS\WinSxS\amd64_microsoft.windows.common-controls_6595b64144ccf1df_6.0.26100.5074_none_3e0d6f78e32fd63f;c:\Users\adity\.cursor\extensions\redhat.java-1.44.0-win32-x64\jre\21.0.8-win32-x86_64\bin\server;C:\Users\adity\AppData\Roaming\Cursor\User\globalStorage\redhat.java\1.44.0\config_win\org.eclipse.equinox.launcher\org.eclipse.equinox.launcher.win32.win32.x86_64_1.2.1400.v20250730-1736;C:\Users\adity\AppData\Local\Temp\jna-92665259

VM Arguments:
jvm_args: --add-modules=ALL-SYSTEM --add-opens=java.base/java.util=ALL-UNNAMED --add-opens=java.base/java.lang=ALL-UNNAMED --add-opens=java.base/sun.nio.fs=ALL-UNNAMED -Declipse.application=org.eclipse.jdt.ls.core.id1 -Dosgi.bundles.defaultStartLevel=4 -Declipse.product=org.eclipse.jdt.ls.core.product -Djava.import.generatesMetadataFilesAtProjectRoot=false -DDetectVMInstallationsJob.disabled=true -Dfile.encoding=utf8 -XX:+UseParallelGC -XX:GCTimeRatio=4 -XX:AdaptiveSizePolicyWeight=90 -Dsun.zip.disableMemoryMapping=true -Xmx2G -Xms100m -Xlog:disable -javaagent:c:\Users\adity\.cursor\extensions\redhat.java-1.44.0-win32-x64\lombok\lombok-1.18.39-4050.jar -XX:+HeapDumpOnOutOfMemoryError -XX:HeapDumpPath=c:\Users\adity\AppData\Roaming\Cursor\User\workspaceStorage\6226155c966e5616d25e2a91ef816816\redhat.java -Daether.dependencyCollector.impl=bf 
java_command: c:\Users\adity\.cursor\extensions\redhat.java-1.44.0-win32-x64\server\plugins\org.eclipse.equinox.launcher_1.7.0.v20250519-0528.jar -configuration c:\Users\adity\AppData\Roaming\Cursor\User\globalStorage\redhat.java\1.44.0\config_win -data c:\Users\adity\AppData\Roaming\Cursor\User\workspaceStorage\6226155c966e5616d25e2a91ef816816\redhat.java\jdt_ws --pipe=\\.\pipe\lsp-ea4071fa82f182968fdab38fee41709e-sock
java_class_path (initial): c:\Users\adity\.cursor\extensions\redhat.java-1.44.0-win32-x64\server\plugins\org.eclipse.equinox.launcher_1.7.0.v20250519-0528.jar
Launcher Type: SUN_STANDARD

[Global flags]
    uintx AdaptiveSizePolicyWeight                 = 90                                        {product} {command line}
     intx CICompilerCount                          = 4                                         {product} {ergonomic}
    uintx GCTimeRatio                              = 4                                         {product} {command line}
     bool HeapDumpOnOutOfMemoryError               = true                                   {manageable} {command line}
    ccstr HeapDumpPath                             = c:\Users\adity\AppData\Roaming\Cursor\User\workspaceStorage\6226155c966e5616d25e2a91ef816816\redhat.java         {manageable} {command line}
   size_t InitialHeapSize                          = 104857600                                 {product} {command line}
   size_t MaxHeapSize                              = 2147483648                                {product} {command line}
   size_t MaxNewSize                               = 715653120                                 {product} {ergonomic}
   size_t MinHeapDeltaBytes                        = 524288                                    {product} {ergonomic}
   size_t MinHeapSize                              = 104857600                                 {product} {command line}
   size_t NewSize                                  = 34603008                                  {product} {ergonomic}
    uintx NonNMethodCodeHeapSize                   = 5839372                                {pd product} {ergonomic}
    uintx NonProfiledCodeHeapSize                  = 122909434                              {pd product} {ergonomic}
   size_t OldSize                                  = 70254592                                  {product} {ergonomic}
    uintx ProfiledCodeHeapSize                     = 122909434                              {pd product} {ergonomic}
    uintx ReservedCodeCacheSize                    = 251658240                              {pd product} {ergonomic}
     bool SegmentedCodeCache                       = true                                      {product} {ergonomic}
   size_t SoftMaxHeapSize                          = 2147483648                             {manageable} {ergonomic}
     bool UseCompressedOops                        = true                           {product lp64_product} {ergonomic}
     bool UseLargePagesIndividualAllocation        = false                                  {pd product} {ergonomic}
     bool UseParallelGC                            = true                                      {product} {command line}

Logging:
Log output configuration:
 #0: stdout all=off uptime,level,tags foldmultilines=false
 #1: stderr all=off uptime,level,tags foldmultilines=false

Environment Variables:
JAVA_HOME=C:\Program Files\Java\jdk-17
PATH=C:\app\adity\product\21c\dbhomeXE\bin;C:\WINDOWS\system32;C:\WINDOWS;C:\WINDOWS\System32\Wbem;C:\WINDOWS\System32\WindowsPowerShell\v1.0\;C:\WINDOWS\System32\OpenSSH\;C:\Program Files\Apache\maven\bin;C:\Program Files\Java\jdk-17\bin;C:\Program Files\nodejs\;C:\ProgramData\chocolatey\bin;C:\Users\adity\AppData\Roaming\npm;C:\Program Files\Git\cmd;C:\Program Files\Git\bin;C:\Program Files\dotnet\;C:\ProgramData\anaconda3;C:\ProgramData\anaconda3\Scripts;C:\ProgramData\anaconda3\Library\bin;C:\Program Files\GitHub CLI\;C:\Program Files\MongoDB\Server\8.0\bin;c:\Users\adity\AppData\Local\Programs\cursor\resources\app\bin;C:\php-8.3.23;C:\Users\adity\kotlin-compiler-2.2.0\kotlinc\bin;C:\Users\adity\AppData\Local\Android\Sdk\platform-tools;C:\Program Files\PostgreSQL\17\bin;;C:\Program Files\Docker\Docker\resources\bin;C:\ProgramData\anaconda3\condabin;C:\WINDOWS\system32;C:\WINDOWS;C:\WINDOWS\System32\Wbem;C:\WINDOWS\System32\WindowsPowerShell\v1.0\;C:\WINDOWS\System32\OpenSSH\;C:\Program Files\Apache\maven\bin;C:\Program Files\Java\jdk-17\bin;C:\Program Files\nodejs\;C:\ProgramData\chocolatey\bin;C:\Users\adity\AppData\Roaming\npm;C:\Program Files\Git\cmd;C:\Program Files\Git\bin;C:\Program Files\dotnet\;C:\ProgramData\anaconda3;C:\ProgramData\anaconda3\Scripts;C:\ProgramData\anaconda3\Library\bin;C:\Program Files\GitHub CLI\;C:\Program Files\MongoDB\Server\8.0\bin;C:\Users\adity\AppData\Local\Programs\Python\Python313\Scripts\;C:\Users\adity\AppData\Local\Programs\Python\Python313\;C:\Users\adity\AppData\Local\Programs\Python\Launcher\;C:\Users\adity\AppData\Local\Programs\Microsoft VS Code\bin;C:\Users\adity\.foundry\bin;C:\src\flutter\bin;C:\Users\adity\.dotnet\tools;C:\Users\adity\AppData\Loca;C:\Users\adity\AppData\Local\Muse Hub\lib;C:\Users\adity\AppData\Local\Programs\cursor\resources\app\bin;C:\Users\adity\kotlin-compiler-2.2.0\kotlinc\bin;
USERNAME=adity
OS=Windows_NT
PROCESSOR_IDENTIFIER=AMD64 Family 25 Model 80 Stepping 0, AuthenticAMD
TMP=C:\Users\adity\AppData\Local\Temp
TEMP=C:\Users\adity\AppData\Local\Temp




Periodic native trim disabled

---------------  S Y S T E M  ---------------

OS:
 Windows 11 , 64 bit Build 26100 (10.0.26100.5074)
OS uptime: 0 days 9:51 hours
Hyper-V role detected

CPU: total 12 (initial active 12) (12 cores per cpu, 2 threads per core) family 25 model 80 stepping 0 microcode 0xa50000c, cx8, cmov, fxsr, ht, mmx, 3dnowpref, sse, sse2, sse3, ssse3, sse4a, sse4.1, sse4.2, popcnt, lzcnt, tsc, tscinvbit, avx, avx2, aes, erms, clmul, bmi1, bmi2, adx, sha, fma, vzeroupper, clflush, clflushopt, hv, rdtscp, rdpid, fsrm, f16c, cet_ss
Processor Information for processor 0
  Max Mhz: 3301, Current Mhz: 1908, Mhz Limit: 3301
Processor Information for processor 1
  Max Mhz: 3301, Current Mhz: 1908, Mhz Limit: 3301
Processor Information for processor 2
  Max Mhz: 3301, Current Mhz: 1908, Mhz Limit: 3301
Processor Information for processor 3
  Max Mhz: 3301, Current Mhz: 1908, Mhz Limit: 3301
Processor Information for processor 4
  Max Mhz: 3301, Current Mhz: 1908, Mhz Limit: 3301
Processor Information for processor 5
  Max Mhz: 3301, Current Mhz: 1908, Mhz Limit: 3301
Processor Information for processor 6
  Max Mhz: 3301, Current Mhz: 1908, Mhz Limit: 3301
Processor Information for processor 7
  Max Mhz: 3301, Current Mhz: 1908, Mhz Limit: 3301
Processor Information for processor 8
  Max Mhz: 3301, Current Mhz: 1908, Mhz Limit: 3301
Processor Information for processor 9
  Max Mhz: 3301, Current Mhz: 1908, Mhz Limit: 3301
Processor Information for processor 10
  Max Mhz: 3301, Current Mhz: 1805, Mhz Limit: 3301
Processor Information for processor 11
  Max Mhz: 3301, Current Mhz: 1805, Mhz Limit: 3301

Memory: 4k page, system-wide physical 5996M (802M free)
TotalPageFile size 24428M (AvailPageFile size 1M)
current process WorkingSet (physical memory assigned to process): 123M, peak: 133M
current process commit charge ("private bytes"): 286M, peak: 286M

vm_info: OpenJDK 64-Bit Server VM (21.0.8+9-LTS) for windows-amd64 JRE (21.0.8+9-LTS), built on 2025-07-15T00:00:00Z by "admin" with MS VC++ 17.7 (VS2022)

END.
