#
# There is insufficient memory for the Java Runtime Environment to continue.
# Native memory allocation (malloc) failed to allocate 1160736 bytes for Chunk::new
# Possible reasons:
#   The system is out of physical RAM or swap space
#   The process is running with CompressedOops enabled, and the Java Heap may be blocking the growth of the native heap
# Possible solutions:
#   Reduce memory load on the system
#   Increase physical memory or swap space
#   Check if swap backing store is full
#   Decrease Java heap size (-Xmx/-Xms)
#   Decrease number of Java threads
#   Decrease Java thread stack sizes (-Xss)
#   Set larger code cache with -XX:ReservedCodeCacheSize=
#   JVM is running with Unscaled Compressed Oops mode in which the Java heap is
#     placed in the first 4GB address space. The Java Heap base address is the
#     maximum limit for the native heap growth. Please use -XX:HeapBaseMinAddress
#     to set the Java Heap base and to place the Java Heap above 4GB virtual address.
# This output file may be truncated or incomplete.
#
#  Out of Memory Error (arena.cpp:189), pid=6724, tid=18352
#
# JRE version: Java(TM) SE Runtime Environment (17.0.12+8) (build 17.0.12+8-LTS-286)
# Java VM: Java HotSpot(TM) 64-Bit Server VM (17.0.12+8-LTS-286, mixed mode, sharing, tiered, compressed oops, compressed class ptrs, g1 gc, windows-amd64)
# No core dump will be written. Minidumps are not enabled by default on client versions of Windows
#

---------------  S U M M A R Y ------------

Command Line: -XX:+ShowCodeDetailsInExceptionMessages -Dspring.jmx.enabled=true -Dmanagement.endpoints.jmx.exposure.include=* -Dspring.application.admin.enabled=true -Dspring.boot.project.name=farmconnect-backend -Djava.rmi.server.hostname=localhost -Dcom.sun.management.jmxremote.port=45556 -Dcom.sun.management.jmxremote.authenticate=false -Dcom.sun.management.jmxremote.ssl=false com.farmconnect.farmconnectbackend.FarmconnectBackendApplication

Host: AMD Ryzen 5 5600H with Radeon Graphics         , 12 cores, 5G,  Windows 11 , 64 bit Build 26100 (10.0.26100.5074)
Time: Sun Aug 31 21:51:23 2025 India Standard Time elapsed time: 3.278920 seconds (0d 0h 0m 3s)

---------------  T H R E A D  ---------------

Current thread (0x00000179d71edbc0):  JavaThread "C2 CompilerThread0" daemon [_thread_in_native, id=18352, stack(0x0000007664200000,0x0000007664300000)]


Current CompileTask:
C2:   3279 2407       4       java.lang.invoke.MethodType::makeImpl (109 bytes)

Stack: [0x0000007664200000,0x0000007664300000]
Native frames: (J=compiled Java code, j=interpreted, Vv=VM code, C=native code)
V  [jvm.dll+0x67a04a]
V  [jvm.dll+0x7da4ed]
V  [jvm.dll+0x7dbe33]
V  [jvm.dll+0x7dc4a3]
V  [jvm.dll+0x24508f]
V  [jvm.dll+0xab773]
V  [jvm.dll+0xabd3c]
V  [jvm.dll+0x361bee]
V  [jvm.dll+0x1ba64a]
V  [jvm.dll+0x216997]
V  [jvm.dll+0x215c6f]
V  [jvm.dll+0x1a2960]
V  [jvm.dll+0x22610b]
V  [jvm.dll+0x2242ab]
V  [jvm.dll+0x79075c]
V  [jvm.dll+0x78abea]
V  [jvm.dll+0x678f35]
C  [ucrtbase.dll+0x37b0]
C  [KERNEL32.DLL+0x2e8d7]
C  [ntdll.dll+0x8d9c]


---------------  P R O C E S S  ---------------

Threads class SMR info:
_java_thread_list=0x0000017a1f02f5e0, length=25, elements={
0x00000179ba007930, 0x00000179d71c8af0, 0x00000179d71ca220, 0x00000179d71e3490,
0x00000179d71e3d60, 0x00000179d71e5290, 0x00000179d71e67c0, 0x00000179d71edbc0,
0x00000179d71f3ad0, 0x00000179d71fd050, 0x00000179d71b3500, 0x00000179d747d4b0,
0x00000179d74e2e30, 0x00000179d7abbb50, 0x00000179d7cbd250, 0x00000179d7c04f60,
0x0000017a1d8c6f50, 0x0000017a1db74160, 0x0000017a1dfe6060, 0x0000017a1dfe88e0,
0x0000017a1dfe6570, 0x0000017a1dfe9810, 0x0000017a1dfe6a80, 0x0000017a1db39ae0,
0x0000017a1dfe74a0
}

Java Threads: ( => current thread )
  0x00000179ba007930 JavaThread "main" [_thread_blocked, id=17640, stack(0x0000007663500000,0x0000007663600000)]
  0x00000179d71c8af0 JavaThread "Reference Handler" daemon [_thread_blocked, id=5020, stack(0x0000007663c00000,0x0000007663d00000)]
  0x00000179d71ca220 JavaThread "Finalizer" daemon [_thread_blocked, id=18304, stack(0x0000007663d00000,0x0000007663e00000)]
  0x00000179d71e3490 JavaThread "Signal Dispatcher" daemon [_thread_blocked, id=17688, stack(0x0000007663e00000,0x0000007663f00000)]
  0x00000179d71e3d60 JavaThread "Attach Listener" daemon [_thread_blocked, id=10116, stack(0x0000007663f00000,0x0000007664000000)]
  0x00000179d71e5290 JavaThread "Service Thread" daemon [_thread_blocked, id=18008, stack(0x0000007664000000,0x0000007664100000)]
  0x00000179d71e67c0 JavaThread "Monitor Deflation Thread" daemon [_thread_blocked, id=6464, stack(0x0000007664100000,0x0000007664200000)]
=>0x00000179d71edbc0 JavaThread "C2 CompilerThread0" daemon [_thread_in_native, id=18352, stack(0x0000007664200000,0x0000007664300000)]
  0x00000179d71f3ad0 JavaThread "C1 CompilerThread0" daemon [_thread_blocked, id=17468, stack(0x0000007664300000,0x0000007664400000)]
  0x00000179d71fd050 JavaThread "Sweeper thread" daemon [_thread_blocked, id=10968, stack(0x0000007664400000,0x0000007664500000)]
  0x00000179d71b3500 JavaThread "Common-Cleaner" daemon [_thread_blocked, id=17924, stack(0x0000007664500000,0x0000007664600000)]
  0x00000179d747d4b0 JavaThread "Notification Thread" daemon [_thread_blocked, id=2636, stack(0x0000007664600000,0x0000007664700000)]
  0x00000179d74e2e30 JavaThread "C2 CompilerThread1" daemon [_thread_in_native, id=17840, stack(0x0000007664700000,0x0000007664800000)]
  0x00000179d7abbb50 JavaThread "RMI TCP Accept-0" daemon [_thread_in_native, id=16632, stack(0x0000007664900000,0x0000007664a00000)]
  0x00000179d7cbd250 JavaThread "RMI TCP Accept-45556" daemon [_thread_in_native, id=17820, stack(0x0000007664a00000,0x0000007664b00000)]
  0x00000179d7c04f60 JavaThread "RMI TCP Accept-0" daemon [_thread_in_native, id=3464, stack(0x0000007664b00000,0x0000007664c00000)]
  0x0000017a1d8c6f50 JavaThread "RMI TCP Connection(1)-127.0.0.1" daemon [_thread_in_native, id=14816, stack(0x0000007664d00000,0x0000007664e00000)]
  0x0000017a1db74160 JavaThread "RMI Scheduler(0)" daemon [_thread_blocked, id=17960, stack(0x0000007664e00000,0x0000007664f00000)]
  0x0000017a1dfe6060 JavaThread "RMI TCP Connection(2)-127.0.0.1" daemon [_thread_in_native, id=17508, stack(0x0000007664f00000,0x0000007665000000)]
  0x0000017a1dfe88e0 JavaThread "JMX server connection timeout 22" daemon [_thread_blocked, id=2160, stack(0x0000007665000000,0x0000007665100000)]
  0x0000017a1dfe6570 JavaThread "Thread-0" [_thread_blocked, id=5432, stack(0x0000007665900000,0x0000007665a00000)]
  0x0000017a1dfe9810 JavaThread "restartedMain" [_thread_blocked, id=17416, stack(0x0000007665a00000,0x0000007665b00000)]
  0x0000017a1dfe6a80 JavaThread "background-preinit" [_thread_in_vm, id=17980, stack(0x0000007665c00000,0x0000007665d00000)]
  0x0000017a1db39ae0 JavaThread "C2 CompilerThread2" daemon [_thread_in_native, id=17520, stack(0x0000007665d00000,0x0000007665e00000)]
  0x0000017a1dfe74a0 JavaThread "Thread-3" [_thread_in_native, id=18308, stack(0x0000007666000000,0x0000007666100000)]

Other Threads:
  0x00000179d71c34d0 VMThread "VM Thread" [stack: 0x0000007663b00000,0x0000007663c00000] [id=6804]
  0x00000179ba0759d0 WatcherThread [stack: 0x0000007664c00000,0x0000007664d00000] [id=18312]
  0x00000179ba05a150 GCTaskThread "GC Thread#0" [stack: 0x0000007663600000,0x0000007663700000] [id=14476]
  0x0000017a1d777940 GCTaskThread "GC Thread#1" [stack: 0x0000007665100000,0x0000007665200000] [id=18344]
  0x0000017a1d7781e0 GCTaskThread "GC Thread#2" [stack: 0x0000007665200000,0x0000007665300000] [id=13100]
  0x0000017a1dba4c20 GCTaskThread "GC Thread#3" [stack: 0x0000007665300000,0x0000007665400000] [id=13964]
  0x0000017a1d499370 GCTaskThread "GC Thread#4" [stack: 0x0000007665400000,0x0000007665500000] [id=17704]
  0x0000017a1d7a9620 GCTaskThread "GC Thread#5" [stack: 0x0000007665500000,0x0000007665600000] [id=16992]
  0x00000179d7d66c30 GCTaskThread "GC Thread#6" [stack: 0x0000007665600000,0x0000007665700000] [id=7840]
  0x0000017a1da79b90 GCTaskThread "GC Thread#7" [stack: 0x0000007665700000,0x0000007665800000] [id=17700]
  0x0000017a1da79090 GCTaskThread "GC Thread#8" [stack: 0x0000007664800000,0x0000007664900000] [id=18340]
  0x0000017a1da78010 GCTaskThread "GC Thread#9" [stack: 0x0000007665b00000,0x0000007665c00000] [id=17860]
  0x00000179ba0678f0 ConcurrentGCThread "G1 Main Marker" [stack: 0x0000007663700000,0x0000007663800000] [id=17760]
  0x00000179ba068300 ConcurrentGCThread "G1 Conc#0" [stack: 0x0000007663800000,0x0000007663900000] [id=17724]
  0x0000017a1da78dd0 ConcurrentGCThread "G1 Conc#1" [stack: 0x0000007665e00000,0x0000007665f00000] [id=16516]
  0x0000017a1da79350 ConcurrentGCThread "G1 Conc#2" [stack: 0x0000007665f00000,0x0000007666000000] [id=16732]
  0x00000179d70820b0 ConcurrentGCThread "G1 Refine#0" [stack: 0x0000007663900000,0x0000007663a00000] [id=17796]
  0x00000179d7d66ef0 ConcurrentGCThread "G1 Refine#1" [stack: 0x0000007665800000,0x0000007665900000] [id=15428]
  0x00000179d7082980 ConcurrentGCThread "G1 Service" [stack: 0x0000007663a00000,0x0000007663b00000] [id=18152]

Threads with active compile tasks:
C2 CompilerThread0     3316 2407       4       java.lang.invoke.MethodType::makeImpl (109 bytes)
C2 CompilerThread1     3316 2708       4       java.net.URLStreamHandler::parseURL (1201 bytes)
C2 CompilerThread2     3316 2685       4       java.util.Properties$LineReader::readLine (584 bytes)

VM state: not at safepoint (normal execution)

VM Mutex/Monitor currently owned by a thread: None

Heap address: 0x00000000a2400000, size: 1500 MB, Compressed Oops mode: 32-bit

CDS archive(s) mapped at: [0x00000179d8000000-0x00000179d8bd0000-0x00000179d8bd0000), size 12386304, SharedBaseAddress: 0x00000179d8000000, ArchiveRelocationMode: 1.
Compressed class space mapped at: 0x00000179d9000000-0x0000017a19000000, reserved size: 1073741824
Narrow klass base: 0x00000179d8000000, Narrow klass shift: 0, Narrow klass range: 0x100000000

GC Precious Log:
 CPUs: 12 total, 12 available
 Memory: 5996M
 Large Page Support: Disabled
 NUMA Support: Disabled
 Compressed Oops: Enabled (32-bit)
 Heap Region Size: 1M
 Heap Min Capacity: 8M
 Heap Initial Capacity: 94M
 Heap Max Capacity: 1500M
 Pre-touch: Disabled
 Parallel Workers: 10
 Concurrent Workers: 3
 Concurrent Refinement Workers: 10
 Periodic GC: Disabled

Heap:
 garbage-first heap   total 51200K, used 21985K [0x00000000a2400000, 0x0000000100000000)
  region size 1024K, 13 young (13312K), 3 survivors (3072K)
 Metaspace       used 22696K, committed 23104K, reserved 1114112K
  class space    used 2944K, committed 3136K, reserved 1048576K

Heap Regions: E=young(eden), S=young(survivor), O=old, HS=humongous(starts), HC=humongous(continues), CS=collection set, F=free, OA=open archive, CA=closed archive, TAMS=top-at-mark-start (previous, next)
|   0|0x00000000a2400000, 0x00000000a2500000, 0x00000000a2500000|100%|HS|  |TAMS 0x00000000a2500000, 0x00000000a2400000| Complete 
|   1|0x00000000a2500000, 0x00000000a2600000, 0x00000000a2600000|100%|HS|  |TAMS 0x00000000a2600000, 0x00000000a2500000| Complete 
|   2|0x00000000a2600000, 0x00000000a2700000, 0x00000000a2700000|100%| O|  |TAMS 0x00000000a2700000, 0x00000000a2600000| Untracked 
|   3|0x00000000a2700000, 0x00000000a2800000, 0x00000000a2800000|100%| O|  |TAMS 0x00000000a2800000, 0x00000000a2700000| Untracked 
|   4|0x00000000a2800000, 0x00000000a2900000, 0x00000000a2900000|100%| O|  |TAMS 0x00000000a2900000, 0x00000000a2800000| Untracked 
|   5|0x00000000a2900000, 0x00000000a2a00000, 0x00000000a2a00000|100%| O|  |TAMS 0x00000000a2a00000, 0x00000000a2900000| Untracked 
|   6|0x00000000a2a00000, 0x00000000a2b00000, 0x00000000a2b00000|100%| O|  |TAMS 0x00000000a2b00000, 0x00000000a2a00000| Untracked 
|   7|0x00000000a2b00000, 0x00000000a2c00000, 0x00000000a2c00000|100%| O|  |TAMS 0x00000000a2c00000, 0x00000000a2b00000| Untracked 
|   8|0x00000000a2c00000, 0x00000000a2d00000, 0x00000000a2d00000|100%| O|  |TAMS 0x00000000a2d00000, 0x00000000a2c00000| Untracked 
|   9|0x00000000a2d00000, 0x00000000a2e00000, 0x00000000a2e00000|100%| O|  |TAMS 0x00000000a2d00000, 0x00000000a2d00000| Untracked 
|  10|0x00000000a2e00000, 0x00000000a2e8b200, 0x00000000a2f00000| 54%| O|  |TAMS 0x00000000a2e00000, 0x00000000a2e00000| Complete 
|  11|0x00000000a2f00000, 0x00000000a2f00000, 0x00000000a3000000|  0%| F|  |TAMS 0x00000000a2f00000, 0x00000000a2f00000| Untracked 
|  12|0x00000000a3000000, 0x00000000a3000000, 0x00000000a3100000|  0%| F|  |TAMS 0x00000000a3000000, 0x00000000a3000000| Untracked 
|  13|0x00000000a3100000, 0x00000000a3100000, 0x00000000a3200000|  0%| F|  |TAMS 0x00000000a3100000, 0x00000000a3100000| Untracked 
|  14|0x00000000a3200000, 0x00000000a3200000, 0x00000000a3300000|  0%| F|  |TAMS 0x00000000a3200000, 0x00000000a3200000| Untracked 
|  15|0x00000000a3300000, 0x00000000a3300000, 0x00000000a3400000|  0%| F|  |TAMS 0x00000000a3300000, 0x00000000a3300000| Untracked 
|  16|0x00000000a3400000, 0x00000000a3400000, 0x00000000a3500000|  0%| F|  |TAMS 0x00000000a3400000, 0x00000000a3400000| Untracked 
|  17|0x00000000a3500000, 0x00000000a3500000, 0x00000000a3600000|  0%| F|  |TAMS 0x00000000a3500000, 0x00000000a3500000| Untracked 
|  18|0x00000000a3600000, 0x00000000a3600000, 0x00000000a3700000|  0%| F|  |TAMS 0x00000000a3600000, 0x00000000a3600000| Untracked 
|  19|0x00000000a3700000, 0x00000000a3700000, 0x00000000a3800000|  0%| F|  |TAMS 0x00000000a3700000, 0x00000000a3700000| Untracked 
|  20|0x00000000a3800000, 0x00000000a3800000, 0x00000000a3900000|  0%| F|  |TAMS 0x00000000a3800000, 0x00000000a3800000| Untracked 
|  21|0x00000000a3900000, 0x00000000a3900000, 0x00000000a3a00000|  0%| F|  |TAMS 0x00000000a3900000, 0x00000000a3900000| Untracked 
|  22|0x00000000a3a00000, 0x00000000a3a00000, 0x00000000a3b00000|  0%| F|  |TAMS 0x00000000a3a00000, 0x00000000a3a00000| Untracked 
|  23|0x00000000a3b00000, 0x00000000a3b00000, 0x00000000a3c00000|  0%| F|  |TAMS 0x00000000a3b00000, 0x00000000a3b00000| Untracked 
|  24|0x00000000a3c00000, 0x00000000a3c00000, 0x00000000a3d00000|  0%| F|  |TAMS 0x00000000a3c00000, 0x00000000a3c00000| Untracked 
|  25|0x00000000a3d00000, 0x00000000a3d00000, 0x00000000a3e00000|  0%| F|  |TAMS 0x00000000a3d00000, 0x00000000a3d00000| Untracked 
|  26|0x00000000a3e00000, 0x00000000a3e00000, 0x00000000a3f00000|  0%| F|  |TAMS 0x00000000a3e00000, 0x00000000a3e00000| Untracked 
|  27|0x00000000a3f00000, 0x00000000a3f00000, 0x00000000a4000000|  0%| F|  |TAMS 0x00000000a3f00000, 0x00000000a3f00000| Untracked 
|  28|0x00000000a4000000, 0x00000000a4000000, 0x00000000a4100000|  0%| F|  |TAMS 0x00000000a4000000, 0x00000000a4000000| Untracked 
|  29|0x00000000a4100000, 0x00000000a4100000, 0x00000000a4200000|  0%| F|  |TAMS 0x00000000a4100000, 0x00000000a4100000| Untracked 
|  30|0x00000000a4200000, 0x00000000a4200000, 0x00000000a4300000|  0%| F|  |TAMS 0x00000000a4200000, 0x00000000a4200000| Untracked 
|  31|0x00000000a4300000, 0x00000000a4300000, 0x00000000a4400000|  0%| F|  |TAMS 0x00000000a4300000, 0x00000000a4300000| Untracked 
|  32|0x00000000a4400000, 0x00000000a4400000, 0x00000000a4500000|  0%| F|  |TAMS 0x00000000a4400000, 0x00000000a4400000| Untracked 
|  33|0x00000000a4500000, 0x00000000a4500000, 0x00000000a4600000|  0%| F|  |TAMS 0x00000000a4500000, 0x00000000a4500000| Untracked 
|  34|0x00000000a4600000, 0x00000000a4600000, 0x00000000a4700000|  0%| F|  |TAMS 0x00000000a4600000, 0x00000000a4600000| Untracked 
|  35|0x00000000a4700000, 0x00000000a4700000, 0x00000000a4800000|  0%| F|  |TAMS 0x00000000a4700000, 0x00000000a4700000| Untracked 
|  36|0x00000000a4800000, 0x00000000a4800000, 0x00000000a4900000|  0%| F|  |TAMS 0x00000000a4800000, 0x00000000a4800000| Untracked 
|  37|0x00000000a4900000, 0x00000000a4a00000, 0x00000000a4a00000|100%| E|  |TAMS 0x00000000a4900000, 0x00000000a4900000| Complete 
|  38|0x00000000a4a00000, 0x00000000a4b00000, 0x00000000a4b00000|100%| E|  |TAMS 0x00000000a4a00000, 0x00000000a4a00000| Complete 
|  39|0x00000000a4b00000, 0x00000000a4c00000, 0x00000000a4c00000|100%| E|CS|TAMS 0x00000000a4b00000, 0x00000000a4b00000| Complete 
|  40|0x00000000a4c00000, 0x00000000a4d00000, 0x00000000a4d00000|100%| E|CS|TAMS 0x00000000a4c00000, 0x00000000a4c00000| Complete 
|  41|0x00000000a4d00000, 0x00000000a4e00000, 0x00000000a4e00000|100%| E|CS|TAMS 0x00000000a4d00000, 0x00000000a4d00000| Complete 
|  42|0x00000000a4e00000, 0x00000000a4f00000, 0x00000000a4f00000|100%| E|CS|TAMS 0x00000000a4e00000, 0x00000000a4e00000| Complete 
|  43|0x00000000a4f00000, 0x00000000a5000000, 0x00000000a5000000|100%| E|CS|TAMS 0x00000000a4f00000, 0x00000000a4f00000| Complete 
|  44|0x00000000a5000000, 0x00000000a5100000, 0x00000000a5100000|100%| E|CS|TAMS 0x00000000a5000000, 0x00000000a5000000| Complete 
|  45|0x00000000a5100000, 0x00000000a5200000, 0x00000000a5200000|100%| E|CS|TAMS 0x00000000a5100000, 0x00000000a5100000| Complete 
|  87|0x00000000a7b00000, 0x00000000a7bed3d0, 0x00000000a7c00000| 92%| S|CS|TAMS 0x00000000a7b00000, 0x00000000a7b00000| Complete 
|  88|0x00000000a7c00000, 0x00000000a7d00000, 0x00000000a7d00000|100%| S|CS|TAMS 0x00000000a7c00000, 0x00000000a7c00000| Complete 
|  89|0x00000000a7d00000, 0x00000000a7e00000, 0x00000000a7e00000|100%| S|CS|TAMS 0x00000000a7d00000, 0x00000000a7d00000| Complete 
|  93|0x00000000a8100000, 0x00000000a8200000, 0x00000000a8200000|100%| E|CS|TAMS 0x00000000a8100000, 0x00000000a8100000| Complete 

Card table byte_map: [0x00000179d10f0000,0x00000179d13e0000] _byte_map_base: 0x00000179d0bde000

Marking Bits (Prev, Next): (CMBitMap*) 0x00000179ba05a7b0, (CMBitMap*) 0x00000179ba05a770
 Prev Bits: [0x00000179d2e40000, 0x00000179d45b0000)
 Next Bits: [0x00000179d16d0000, 0x00000179d2e40000)

Polling page: 0x00000179b81c0000

Metaspace:

Usage:
  Non-class:     19.30 MB used.
      Class:      2.88 MB used.
       Both:     22.17 MB used.

Virtual space:
  Non-class space:       64.00 MB reserved,      19.50 MB ( 30%) committed,  1 nodes.
      Class space:        1.00 GB reserved,       3.06 MB ( <1%) committed,  1 nodes.
             Both:        1.06 GB reserved,      22.56 MB (  2%) committed. 

Chunk freelists:
   Non-Class:  12.45 MB
       Class:  12.95 MB
        Both:  25.40 MB

MaxMetaspaceSize: unlimited
CompressedClassSpaceSize: 1.00 GB
Initial GC threshold: 21.00 MB
Current GC threshold: 35.12 MB
CDS: on
MetaspaceReclaimPolicy: balanced
 - commit_granule_bytes: 65536.
 - commit_granule_words: 8192.
 - virtual_space_node_default_size: 8388608.
 - enlarge_chunks_in_place: 1.
 - new_chunks_are_fully_committed: 0.
 - uncommit_free_chunks: 1.
 - use_allocation_guard: 0.
 - handle_deallocations: 1.


Internal statistics:

num_allocs_failed_limit: 3.
num_arena_births: 454.
num_arena_deaths: 0.
num_vsnodes_births: 2.
num_vsnodes_deaths: 0.
num_space_committed: 361.
num_space_uncommitted: 0.
num_chunks_returned_to_freelist: 3.
num_chunks_taken_from_freelist: 1139.
num_chunk_merges: 3.
num_chunk_splits: 784.
num_chunks_enlarged: 562.
num_inconsistent_stats: 0.

CodeHeap 'non-profiled nmethods': size=120000Kb used=1132Kb max_used=1132Kb free=118867Kb
 bounds [0x00000179c9380000, 0x00000179c95f0000, 0x00000179d08b0000]
CodeHeap 'profiled nmethods': size=120000Kb used=5179Kb max_used=5179Kb free=114820Kb
 bounds [0x00000179c18b0000, 0x00000179c1dc0000, 0x00000179c8de0000]
CodeHeap 'non-nmethods': size=5760Kb used=1247Kb max_used=1268Kb free=4512Kb
 bounds [0x00000179c8de0000, 0x00000179c9050000, 0x00000179c9380000]
 total_blobs=3235 nmethods=2700 adapters=444
 compilation: enabled
              stopped_count=0, restarted_count=0
 full_count=0

Compilation events (20 events):
Event: 2.240 Thread 0x00000179d71f3ad0 nmethod 2687% 0x00000179c1db5010 code [0x00000179c1db5260, 0x00000179c1db5dc8]
Event: 2.240 Thread 0x00000179d71f3ad0 2690       3       java.util.concurrent.ConcurrentHashMap$MapEntry::<init> (20 bytes)
Event: 2.240 Thread 0x00000179d71f3ad0 nmethod 2690 0x00000179c1db6190 code [0x00000179c1db6340, 0x00000179c1db65b8]
Event: 2.240 Thread 0x00000179d71f3ad0 2688       3       java.util.concurrent.ConcurrentHashMap$EntryIterator::next (5 bytes)
Event: 2.241 Thread 0x00000179d71f3ad0 nmethod 2688 0x00000179c1db6690 code [0x00000179c1db6820, 0x00000179c1db6968]
Event: 2.241 Thread 0x00000179d71f3ad0 2689       3       java.util.concurrent.ConcurrentHashMap$EntryIterator::next (51 bytes)
Event: 2.241 Thread 0x00000179d71f3ad0 nmethod 2689 0x00000179c1db6a10 code [0x00000179c1db6be0, 0x00000179c1db70f8]
Event: 2.241 Thread 0x00000179d71f3ad0 2691       3       java.util.Properties::load0 (249 bytes)
Event: 2.242 Thread 0x00000179d71f3ad0 nmethod 2691 0x00000179c1db7290 code [0x00000179c1db74c0, 0x00000179c1db7ee8]
Event: 2.242 Thread 0x00000179d71f3ad0 2692       1       java.net.JarURLConnection::getJarFileURL (5 bytes)
Event: 2.242 Thread 0x00000179d71f3ad0 nmethod 2692 0x00000179c9490b90 code [0x00000179c9490d20, 0x00000179c9490df8]
Event: 2.248 Thread 0x00000179d74e2e30 nmethod 2682 0x00000179c9490e90 code [0x00000179c9491060, 0x00000179c9491b58]
Event: 2.248 Thread 0x00000179d74e2e30 2693 %     4       java.util.Properties::load0 @ 29 (249 bytes)
Event: 2.260 Thread 0x00000179d71f3ad0 2694       1       java.security.PermissionCollection::isReadOnly (5 bytes)
Event: 2.260 Thread 0x00000179d71f3ad0 nmethod 2694 0x00000179c9492290 code [0x00000179c9492420, 0x00000179c94924f8]
Event: 2.262 Thread 0x00000179d71f3ad0 2695       3       java.lang.Long::valueOf (40 bytes)
Event: 2.262 Thread 0x00000179d71f3ad0 nmethod 2695 0x00000179c1db8210 code [0x00000179c1db83c0, 0x00000179c1db8718]
Event: 2.263 Thread 0x00000179d74e2e30 nmethod 2693% 0x00000179c9492590 code [0x00000179c9492760, 0x00000179c94930f0]
Event: 2.263 Thread 0x00000179d74e2e30 2686 %     4       java.util.Properties::loadConvert @ 8 (540 bytes)
Event: 2.968 Thread 0x00000179d71f3ad0 2697  s    3       java.io.BufferedOutputStream::write (67 bytes)

GC Heap History (8 events):
Event: 0.948 GC heap before
{Heap before GC invocations=0 (full 0):
 garbage-first heap   total 96256K, used 24576K [0x00000000a2400000, 0x0000000100000000)
  region size 1024K, 23 young (23552K), 0 survivors (0K)
 Metaspace       used 7884K, committed 8064K, reserved 1114112K
  class space    used 922K, committed 1024K, reserved 1048576K
}
Event: 0.959 GC heap after
{Heap after GC invocations=1 (full 0):
 garbage-first heap   total 96256K, used 9209K [0x00000000a2400000, 0x0000000100000000)
  region size 1024K, 3 young (3072K), 3 survivors (3072K)
 Metaspace       used 7884K, committed 8064K, reserved 1114112K
  class space    used 922K, committed 1024K, reserved 1048576K
}
Event: 1.431 GC heap before
{Heap before GC invocations=1 (full 0):
 garbage-first heap   total 96256K, used 32761K [0x00000000a2400000, 0x0000000100000000)
  region size 1024K, 26 young (26624K), 3 survivors (3072K)
 Metaspace       used 12206K, committed 12544K, reserved 1114112K
  class space    used 1513K, committed 1664K, reserved 1048576K
}
Event: 1.438 GC heap after
{Heap after GC invocations=2 (full 0):
 garbage-first heap   total 96256K, used 10955K [0x00000000a2400000, 0x0000000100000000)
  region size 1024K, 2 young (2048K), 2 survivors (2048K)
 Metaspace       used 12206K, committed 12544K, reserved 1114112K
  class space    used 1513K, committed 1664K, reserved 1048576K
}
Event: 2.083 GC heap before
{Heap before GC invocations=2 (full 0):
 garbage-first heap   total 96256K, used 46795K [0x00000000a2400000, 0x0000000100000000)
  region size 1024K, 38 young (38912K), 2 survivors (2048K)
 Metaspace       used 20434K, committed 20864K, reserved 1114112K
  class space    used 2643K, committed 2880K, reserved 1048576K
}
Event: 2.091 GC heap after
{Heap after GC invocations=3 (full 0):
 garbage-first heap   total 96256K, used 13312K [0x00000000a2400000, 0x0000000100000000)
  region size 1024K, 4 young (4096K), 4 survivors (4096K)
 Metaspace       used 20434K, committed 20864K, reserved 1114112K
  class space    used 2643K, committed 2880K, reserved 1048576K
}
Event: 2.150 GC heap before
{Heap before GC invocations=3 (full 0):
 garbage-first heap   total 96256K, used 16384K [0x00000000a2400000, 0x0000000100000000)
  region size 1024K, 8 young (8192K), 4 survivors (4096K)
 Metaspace       used 21095K, committed 21504K, reserved 1114112K
  class space    used 2718K, committed 2944K, reserved 1048576K
}
Event: 2.156 GC heap after
{Heap after GC invocations=4 (full 0):
 garbage-first heap   total 96256K, used 13793K [0x00000000a2400000, 0x0000000100000000)
  region size 1024K, 3 young (3072K), 3 survivors (3072K)
 Metaspace       used 21095K, committed 21504K, reserved 1114112K
  class space    used 2718K, committed 2944K, reserved 1048576K
}

Deoptimization events (20 events):
Event: 2.244 Thread 0x0000017a1dfe9810 DEOPT PACKING pc=0x00000179c1a004b1 sp=0x0000007665afdbb0
Event: 2.244 Thread 0x0000017a1dfe9810 DEOPT UNPACKING pc=0x00000179c8e32b43 sp=0x0000007665afd0a0 mode 0
Event: 2.244 Thread 0x0000017a1dfe9810 DEOPT PACKING pc=0x00000179c1a004b1 sp=0x0000007665afdbb0
Event: 2.244 Thread 0x0000017a1dfe9810 DEOPT UNPACKING pc=0x00000179c8e32b43 sp=0x0000007665afd0a0 mode 0
Event: 2.245 Thread 0x0000017a1dfe9810 DEOPT PACKING pc=0x00000179c1a004b1 sp=0x0000007665afdbb0
Event: 2.245 Thread 0x0000017a1dfe9810 DEOPT UNPACKING pc=0x00000179c8e32b43 sp=0x0000007665afd0a0 mode 0
Event: 2.245 Thread 0x0000017a1dfe9810 DEOPT PACKING pc=0x00000179c1a004b1 sp=0x0000007665afdbb0
Event: 2.245 Thread 0x0000017a1dfe9810 DEOPT UNPACKING pc=0x00000179c8e32b43 sp=0x0000007665afd0a0 mode 0
Event: 2.246 Thread 0x0000017a1dfe9810 DEOPT PACKING pc=0x00000179c1a004b1 sp=0x0000007665afdbb0
Event: 2.246 Thread 0x0000017a1dfe9810 DEOPT UNPACKING pc=0x00000179c8e32b43 sp=0x0000007665afd0a0 mode 0
Event: 2.248 Thread 0x0000017a1dfe9810 DEOPT PACKING pc=0x00000179c1a004b1 sp=0x0000007665afdbb0
Event: 2.248 Thread 0x0000017a1dfe9810 DEOPT UNPACKING pc=0x00000179c8e32b43 sp=0x0000007665afd0a0 mode 0
Event: 2.249 Thread 0x0000017a1dfe9810 DEOPT PACKING pc=0x00000179c1a004b1 sp=0x0000007665afdbb0
Event: 2.249 Thread 0x0000017a1dfe9810 DEOPT UNPACKING pc=0x00000179c8e32b43 sp=0x0000007665afd0a0 mode 0
Event: 2.249 Thread 0x0000017a1dfe9810 DEOPT PACKING pc=0x00000179c1a004b1 sp=0x0000007665afdbb0
Event: 2.250 Thread 0x0000017a1dfe9810 DEOPT UNPACKING pc=0x00000179c8e32b43 sp=0x0000007665afd0a0 mode 0
Event: 2.250 Thread 0x0000017a1dfe9810 DEOPT PACKING pc=0x00000179c1a004b1 sp=0x0000007665afdbb0
Event: 2.250 Thread 0x0000017a1dfe9810 DEOPT UNPACKING pc=0x00000179c8e32b43 sp=0x0000007665afd0a0 mode 0
Event: 2.250 Thread 0x0000017a1dfe9810 DEOPT PACKING pc=0x00000179c1a004b1 sp=0x0000007665afdbb0
Event: 2.250 Thread 0x0000017a1dfe9810 DEOPT UNPACKING pc=0x00000179c8e32b43 sp=0x0000007665afd0a0 mode 0

Classes unloaded (0 events):
No events

Classes redefined (0 events):
No events

Internal exceptions (20 events):
Event: 1.281 Thread 0x0000017a1dfe9810 Exception <a 'java/lang/NoSuchMethodError'{0x00000000a6f82778}: 'int java.lang.invoke.Invokers$Holder.linkToTargetMethod(java.lang.Object, java.lang.Object)'> (0x00000000a6f82778) 
thrown [s\open\src\hotspot\share\interpreter\linkResolver.cpp, line 759]
Event: 1.293 Thread 0x0000017a1dfe9810 Exception <a 'java/lang/NoSuchMethodError'{0x00000000a6e068f0}: 'java.lang.Object java.lang.invoke.DirectMethodHandle$Holder.invokeSpecial(java.lang.Object, java.lang.Object, java.lang.Object, int, java.lang.Object)'> (0x00000000a6e068f0) 
thrown [s\open\src\hotspot\share\interpreter\linkResolver.cpp, line 759]
Event: 1.294 Thread 0x0000017a1dfe9810 Exception <a 'java/lang/NoSuchMethodError'{0x00000000a6e0ee58}: 'java.lang.Object java.lang.invoke.DirectMethodHandle$Holder.newInvokeSpecial(java.lang.Object, java.lang.Object, java.lang.Object, int, java.lang.Object)'> (0x00000000a6e0ee58) 
thrown [s\open\src\hotspot\share\interpreter\linkResolver.cpp, line 759]
Event: 1.294 Thread 0x0000017a1dfe9810 Exception <a 'java/lang/NoSuchMethodError'{0x00000000a6e16a90}: 'java.lang.Object java.lang.invoke.Invokers$Holder.linkToTargetMethod(java.lang.Object, java.lang.Object, int, java.lang.Object, java.lang.Object)'> (0x00000000a6e16a90) 
thrown [s\open\src\hotspot\share\interpreter\linkResolver.cpp, line 759]
Event: 1.296 Thread 0x0000017a1dfe9810 Exception <a 'java/lang/NoSuchMethodError'{0x00000000a6e26990}: 'java.lang.Object java.lang.invoke.DirectMethodHandle$Holder.newInvokeSpecial(java.lang.Object, int, java.lang.Object)'> (0x00000000a6e26990) 
thrown [s\open\src\hotspot\share\interpreter\linkResolver.cpp, line 759]
Event: 1.296 Thread 0x0000017a1dfe9810 Exception <a 'java/lang/NoSuchMethodError'{0x00000000a6e2a750}: 'int java.lang.invoke.DirectMethodHandle$Holder.invokeSpecialIFC(java.lang.Object, java.lang.Object, java.lang.Object, java.lang.Object)'> (0x00000000a6e2a750) 
thrown [s\open\src\hotspot\share\interpreter\linkResolver.cpp, line 759]
Event: 1.326 Thread 0x0000017a1dfe9810 Exception <a 'java/lang/NoSuchMethodError'{0x00000000a6eed3f0}: 'void java.lang.invoke.DirectMethodHandle$Holder.invokeInterface(java.lang.Object, java.lang.Object, java.lang.Object)'> (0x00000000a6eed3f0) 
thrown [s\open\src\hotspot\share\interpreter\linkResolver.cpp, line 759]
Event: 1.354 Thread 0x0000017a1dfe9810 Exception <a 'java/lang/NoSuchMethodError'{0x00000000a6d9b948}: 'void java.lang.invoke.DirectMethodHandle$Holder.invokeStaticInit(java.lang.Object, java.lang.Object, java.lang.Object)'> (0x00000000a6d9b948) 
thrown [s\open\src\hotspot\share\interpreter\linkResolver.cpp, line 759]
Event: 1.361 Thread 0x0000017a1dfe9810 Exception <a 'java/lang/NoSuchMethodError'{0x00000000a6ded168}: 'java.lang.Object java.lang.invoke.DirectMethodHandle$Holder.invokeVirtual(java.lang.Object, java.lang.Object, java.lang.Object)'> (0x00000000a6ded168) 
thrown [s\open\src\hotspot\share\interpreter\linkResolver.cpp, line 759]
Event: 1.388 Thread 0x0000017a1dfe9810 Exception <a 'java/lang/NoSuchMethodError'{0x00000000a6cb4680}: 'java.lang.Object java.lang.invoke.DirectMethodHandle$Holder.newInvokeSpecial(java.lang.Object, long)'> (0x00000000a6cb4680) 
thrown [s\open\src\hotspot\share\interpreter\linkResolver.cpp, line 759]
Event: 1.389 Thread 0x0000017a1dfe9810 Exception <a 'java/lang/NoSuchMethodError'{0x00000000a6cbbc88}: 'void java.lang.invoke.DirectMethodHandle$Holder.invokeVirtual(java.lang.Object, java.lang.Object, java.lang.Object, java.lang.Object)'> (0x00000000a6cbbc88) 
thrown [s\open\src\hotspot\share\interpreter\linkResolver.cpp, line 759]
Event: 1.408 Thread 0x0000017a1dfe9810 Exception <a 'java/lang/NoSuchMethodError'{0x00000000a6b71f70}: 'java.lang.Object java.lang.invoke.DirectMethodHandle$Holder.invokeSpecial(java.lang.Object, java.lang.Object, long, java.lang.Object, java.lang.Object, java.lang.Object, java.lang.Object, java.lang.Object, java.lang.Object)'> (0x00000000a6b71f70) 
thrown [s\open\src\hotspot\share\interpreter\linkResolver.cpp, line 759]
Event: 1.409 Thread 0x0000017a1dfe9810 Exception <a 'java/lang/NoSuchMethodError'{0x00000000a6b767f0}: 'java.lang.Object java.lang.invoke.DelegatingMethodHandle$Holder.reinvoke_L(java.lang.Object, long, java.lang.Object, java.lang.Object, java.lang.Object, java.lang.Object, java.lang.Object, java.lang.Object)'> (0x00000000a6b767f0) 
thrown [s\open\src\hotspot\share\interpreter\linkResolver.cpp, line 759]
Event: 1.487 Thread 0x0000017a1dfe9810 Exception <a 'java/lang/NoSuchMethodError'{0x00000000a807ee40}: 'java.lang.Object java.lang.invoke.DirectMethodHandle$Holder.invokeSpecial(java.lang.Object, java.lang.Object, java.lang.Object, java.lang.Object, java.lang.Object, java.lang.Object, java.lang.Object, java.lang.Object, java.lang.Object)'> (0x00000000a807ee40) 
thrown [s\open\src\hotspot\share\interpreter\linkResolver.cpp, line 759]
Event: 1.487 Thread 0x0000017a1dfe9810 Exception <a 'java/lang/NoSuchMethodError'{0x00000000a8083768}: 'java.lang.Object java.lang.invoke.Invokers$Holder.invoke_MT(java.lang.Object, java.lang.Object, java.lang.Object, java.lang.Object, java.lang.Object, java.lang.Object, java.lang.Object, java.lang.Object, java.lang.Object)'> (0x00000000a8083768) 
thrown [s\open\src\hotspot\share\interpreter\linkResolver.cpp, line 759]
Event: 1.506 Thread 0x0000017a1dfe9810 Exception <a 'java/lang/IncompatibleClassChangeError'{0x00000000a7f66730}: Found class java.lang.Object, but interface was expected> (0x00000000a7f66730) 
thrown [s\open\src\hotspot\share\interpreter\linkResolver.cpp, line 826]
Event: 1.526 Thread 0x0000017a1dfe6a80 Exception <a 'java/lang/NoSuchMethodError'{0x00000000a7edd2d8}: 'java.lang.Object java.lang.invoke.Invokers$Holder.invoke_MT(java.lang.Object, java.lang.Object, java.lang.Object)'> (0x00000000a7edd2d8) 
thrown [s\open\src\hotspot\share\interpreter\linkResolver.cpp, line 759]
Event: 1.905 Thread 0x0000017a1dfe9810 Exception <a 'sun/nio/fs/WindowsException'{0x00000000a6827be0}> (0x00000000a6827be0) 
thrown [s\open\src\hotspot\share\prims\jni.cpp, line 516]
Event: 1.906 Thread 0x0000017a1dfe9810 Exception <a 'java/lang/NoSuchMethodError'{0x00000000a68292f0}: 'int java.lang.invoke.DirectMethodHandle$Holder.invokeSpecial(java.lang.Object, java.lang.Object, java.lang.Object, java.lang.Object, java.lang.Object)'> (0x00000000a68292f0) 
thrown [s\open\src\hotspot\share\interpreter\linkResolver.cpp, line 759]
Event: 1.909 Thread 0x0000017a1dfe9810 Exception <a 'java/lang/NoSuchMethodError'{0x00000000a6832060}: 'void java.lang.invoke.DirectMethodHandle$Holder.invokeVirtual(java.lang.Object, java.lang.Object)'> (0x00000000a6832060) 
thrown [s\open\src\hotspot\share\interpreter\linkResolver.cpp, line 759]

VM Operations (20 events):
Event: 1.430 Executing VM operation: G1CollectForAllocation
Event: 1.439 Executing VM operation: G1CollectForAllocation done
Event: 1.476 Executing VM operation: HandshakeAllThreads
Event: 1.476 Executing VM operation: HandshakeAllThreads done
Event: 1.477 Executing VM operation: HandshakeAllThreads
Event: 1.477 Executing VM operation: HandshakeAllThreads done
Event: 1.877 Executing VM operation: HandshakeAllThreads
Event: 1.877 Executing VM operation: HandshakeAllThreads done
Event: 1.949 Executing VM operation: ICBufferFull
Event: 1.949 Executing VM operation: ICBufferFull done
Event: 2.083 Executing VM operation: G1CollectForAllocation
Event: 2.091 Executing VM operation: G1CollectForAllocation done
Event: 2.150 Executing VM operation: CollectForMetadataAllocation
Event: 2.157 Executing VM operation: CollectForMetadataAllocation done
Event: 2.167 Executing VM operation: G1Concurrent
Event: 2.170 Executing VM operation: G1Concurrent done
Event: 2.174 Executing VM operation: G1Concurrent
Event: 2.176 Executing VM operation: G1Concurrent done
Event: 3.181 Executing VM operation: Cleanup
Event: 3.181 Executing VM operation: Cleanup done

Events (20 events):
Event: 1.987 loading class java/beans/ConstructorProperties
Event: 1.988 loading class java/beans/ConstructorProperties done
Event: 1.991 loading class java/io/InvalidObjectException
Event: 1.991 loading class java/io/InvalidObjectException done
Event: 1.993 loading class java/util/concurrent/ConcurrentLinkedQueue
Event: 1.993 loading class java/util/concurrent/ConcurrentLinkedQueue done
Event: 1.993 loading class java/util/concurrent/ConcurrentLinkedQueue$Node
Event: 1.993 loading class java/util/concurrent/ConcurrentLinkedQueue$Node done
Event: 1.995 loading class java/util/concurrent/atomic/AtomicLongArray
Event: 1.995 loading class java/util/concurrent/atomic/AtomicLongArray done
Event: 1.995 loading class java/lang/invoke/VarHandleLongs$Array
Event: 1.995 loading class java/lang/invoke/VarHandleLongs$Array done
Event: 1.995 loading class java/util/concurrent/atomic/AtomicReferenceArray
Event: 1.996 loading class java/util/concurrent/atomic/AtomicReferenceArray done
Event: 2.008 Thread 0x0000017a1db39ae0 Thread added: 0x0000017a1db39ae0
Event: 2.030 loading class sun/text/resources/cldr/FormatData_en_US
Event: 2.030 loading class sun/text/resources/cldr/FormatData_en_US done
Event: 2.060 loading class java/io/CharArrayReader
Event: 2.061 loading class java/io/CharArrayReader done
Event: 2.260 Thread 0x0000017a1dfe74a0 Thread added: 0x0000017a1dfe74a0


Dynamic libraries:
0x00007ff6c55d0000 - 0x00007ff6c55e0000 	C:\Program Files\Java\jdk-17\bin\java.exe
0x00007fffc35a0000 - 0x00007fffc3809000 	C:\WINDOWS\SYSTEM32\ntdll.dll
0x00007fffc1430000 - 0x00007fffc14f9000 	C:\WINDOWS\System32\KERNEL32.DLL
0x00007fffc0a90000 - 0x00007fffc0e83000 	C:\WINDOWS\System32\KERNELBASE.dll
0x00007fffc08a0000 - 0x00007fffc09eb000 	C:\WINDOWS\System32\ucrtbase.dll
0x00007fffae110000 - 0x00007fffae12b000 	C:\Program Files\Java\jdk-17\bin\VCRUNTIME140.dll
0x00007fffae250000 - 0x00007fffae269000 	C:\Program Files\Java\jdk-17\bin\jli.dll
0x00007fffc1370000 - 0x00007fffc1424000 	C:\WINDOWS\System32\ADVAPI32.dll
0x00007fffc1800000 - 0x00007fffc18a9000 	C:\WINDOWS\System32\msvcrt.dll
0x00007fffc28e0000 - 0x00007fffc2986000 	C:\WINDOWS\System32\sechost.dll
0x00007fffc1e00000 - 0x00007fffc1f18000 	C:\WINDOWS\System32\RPCRT4.dll
0x00007fffc1b30000 - 0x00007fffc1cf4000 	C:\WINDOWS\System32\USER32.dll
0x00007fffa4bd0000 - 0x00007fffa4e63000 	C:\WINDOWS\WinSxS\amd64_microsoft.windows.common-controls_6595b64144ccf1df_6.0.26100.5074_none_3e0d6f78e32fd63f\COMCTL32.dll
0x00007fffc0f50000 - 0x00007fffc0f77000 	C:\WINDOWS\System32\win32u.dll
0x00007fffc2700000 - 0x00007fffc272b000 	C:\WINDOWS\System32\GDI32.dll
0x00007fffc0f80000 - 0x00007fffc10ad000 	C:\WINDOWS\System32\gdi32full.dll
0x00007fffc12c0000 - 0x00007fffc1363000 	C:\WINDOWS\System32\msvcp_win.dll
0x00007fffb98c0000 - 0x00007fffb98cb000 	C:\WINDOWS\SYSTEM32\VERSION.dll
0x00007fffc28a0000 - 0x00007fffc28cf000 	C:\WINDOWS\System32\IMM32.DLL
0x00007fffae240000 - 0x00007fffae24c000 	C:\Program Files\Java\jdk-17\bin\vcruntime140_1.dll
0x00007fffae080000 - 0x00007fffae10e000 	C:\Program Files\Java\jdk-17\bin\msvcp140.dll
0x00007ffef0890000 - 0x00007ffef1470000 	C:\Program Files\Java\jdk-17\bin\server\jvm.dll
0x00007fffc2730000 - 0x00007fffc2738000 	C:\WINDOWS\System32\PSAPI.DLL
0x00007fffb7bc0000 - 0x00007fffb7bf5000 	C:\WINDOWS\SYSTEM32\WINMM.dll
0x00007fff98a50000 - 0x00007fff98a5a000 	C:\WINDOWS\SYSTEM32\WSOCK32.dll
0x00007fffc34e0000 - 0x00007fffc3554000 	C:\WINDOWS\System32\WS2_32.dll
0x00007fffbf4e0000 - 0x00007fffbf4fb000 	C:\WINDOWS\SYSTEM32\kernel.appcore.dll
0x00007fffae070000 - 0x00007fffae07a000 	C:\Program Files\Java\jdk-17\bin\jimage.dll
0x00007fffaaaf0000 - 0x00007fffaad32000 	C:\WINDOWS\SYSTEM32\DBGHELP.DLL
0x00007fffc2990000 - 0x00007fffc2d0b000 	C:\WINDOWS\System32\combase.dll
0x00007fffc2740000 - 0x00007fffc2817000 	C:\WINDOWS\System32\OLEAUT32.dll
0x00007fff8bbb0000 - 0x00007fff8bbed000 	C:\WINDOWS\SYSTEM32\dbgcore.DLL
0x00007fffc09f0000 - 0x00007fffc0a89000 	C:\WINDOWS\System32\bcryptPrimitives.dll
0x00007fffae030000 - 0x00007fffae055000 	C:\Program Files\Java\jdk-17\bin\java.dll
0x00007fffadb80000 - 0x00007fffadc57000 	C:\Program Files\Java\jdk-17\bin\jsvml.dll
0x00007fffc2d90000 - 0x00007fffc34dd000 	C:\WINDOWS\System32\SHELL32.dll
0x00007fffc0730000 - 0x00007fffc089c000 	C:\WINDOWS\System32\wintypes.dll
0x00007fffbe370000 - 0x00007fffbebc9000 	C:\WINDOWS\SYSTEM32\windows.storage.dll
0x00007fffc1d00000 - 0x00007fffc1df0000 	C:\WINDOWS\System32\SHCORE.dll
0x00007fffc18b0000 - 0x00007fffc1912000 	C:\WINDOWS\System32\shlwapi.dll
0x00007fffc0650000 - 0x00007fffc0679000 	C:\WINDOWS\SYSTEM32\profapi.dll
0x00007fffadff0000 - 0x00007fffae009000 	C:\Program Files\Java\jdk-17\bin\net.dll
0x00007fffb85b0000 - 0x00007fffb86cf000 	C:\WINDOWS\SYSTEM32\WINHTTP.dll
0x00007fffbfa90000 - 0x00007fffbfafb000 	C:\WINDOWS\system32\mswsock.dll
0x00007fffadfd0000 - 0x00007fffadfe6000 	C:\Program Files\Java\jdk-17\bin\nio.dll
0x00007fffae010000 - 0x00007fffae028000 	C:\Program Files\Java\jdk-17\bin\zip.dll
0x00007fffadfc0000 - 0x00007fffadfca000 	C:\Program Files\Java\jdk-17\bin\management.dll
0x00007fffadfb0000 - 0x00007fffadfbb000 	C:\Program Files\Java\jdk-17\bin\management_ext.dll
0x00007fff920f0000 - 0x00007fff92108000 	C:\WINDOWS\system32\napinsp.dll
0x00007fffbef60000 - 0x00007fffbf086000 	C:\WINDOWS\SYSTEM32\DNSAPI.dll
0x00007fffbeed0000 - 0x00007fffbef04000 	C:\WINDOWS\SYSTEM32\IPHLPAPI.DLL
0x00007fffc1920000 - 0x00007fffc192a000 	C:\WINDOWS\System32\NSI.dll
0x00007fff920d0000 - 0x00007fff920e2000 	C:\WINDOWS\System32\winrnr.dll
0x00007fff91720000 - 0x00007fff91748000 	C:\WINDOWS\system32\nlansp_c.dll
0x00007fffb8d60000 - 0x00007fffb8d76000 	C:\WINDOWS\system32\wshbth.dll
0x00007fffa8f80000 - 0x00007fffa8f8b000 	C:\Windows\System32\rasadhlp.dll
0x00007fffb5600000 - 0x00007fffb5686000 	C:\WINDOWS\System32\fwpuclnt.dll
0x00007fffbfd30000 - 0x00007fffbfd4b000 	C:\WINDOWS\SYSTEM32\CRYPTSP.dll
0x00007fffbf440000 - 0x00007fffbf47b000 	C:\WINDOWS\system32\rsaenh.dll
0x00007fffbfb30000 - 0x00007fffbfb5b000 	C:\WINDOWS\SYSTEM32\USERENV.dll
0x00007fffc0620000 - 0x00007fffc0646000 	C:\WINDOWS\SYSTEM32\bcrypt.dll
0x00007fffbfd50000 - 0x00007fffbfd5c000 	C:\WINDOWS\SYSTEM32\CRYPTBASE.dll
0x00007fffb80e0000 - 0x00007fffb80fe000 	C:\WINDOWS\SYSTEM32\dhcpcsvc6.DLL
0x00007fffb7ef0000 - 0x00007fffb7f13000 	C:\WINDOWS\SYSTEM32\dhcpcsvc.DLL
0x00007fffae270000 - 0x00007fffae280000 	C:\Program Files\Java\jdk-17\bin\verify.dll

dbghelp: loaded successfully - version: 4.0.5 - missing functions: none
symbol engine: initialized successfully - sym options: 0x614 - pdb path: .;C:\Program Files\Java\jdk-17\bin;C:\WINDOWS\SYSTEM32;C:\WINDOWS\WinSxS\amd64_microsoft.windows.common-controls_6595b64144ccf1df_6.0.26100.5074_none_3e0d6f78e32fd63f;C:\Program Files\Java\jdk-17\bin\server

VM Arguments:
jvm_args: -XX:+ShowCodeDetailsInExceptionMessages -Dspring.jmx.enabled=true -Dmanagement.endpoints.jmx.exposure.include=* -Dspring.application.admin.enabled=true -Dspring.boot.project.name=farmconnect-backend -Djava.rmi.server.hostname=localhost -Dcom.sun.management.jmxremote.port=45556 -Dcom.sun.management.jmxremote.authenticate=false -Dcom.sun.management.jmxremote.ssl=false 
java_command: com.farmconnect.farmconnectbackend.FarmconnectBackendApplication
java_class_path (initial): C:\Users\adity\StudioProjects\farmconnect-backend\target\classes;C:\Users\adity\.m2\repository\com\cloudinary\cloudinary-http44\1.32.2\cloudinary-http44-1.32.2.jar;C:\Users\adity\.m2\repository\com\cloudinary\cloudinary-core\1.32.2\cloudinary-core-1.32.2.jar;C:\Users\adity\.m2\repository\org\apache\commons\commons-lang3\3.17.0\commons-lang3-3.17.0.jar;C:\Users\adity\.m2\repository\org\apache\httpcomponents\httpclient\4.4\httpclient-4.4.jar;C:\Users\adity\.m2\repository\org\apache\httpcomponents\httpcore\4.4.16\httpcore-4.4.16.jar;C:\Users\adity\.m2\repository\commons-logging\commons-logging\1.2\commons-logging-1.2.jar;C:\Users\adity\.m2\repository\commons-codec\commons-codec\1.18.0\commons-codec-1.18.0.jar;C:\Users\adity\.m2\repository\org\apache\httpcomponents\httpmime\4.4\httpmime-4.4.jar;C:\Users\adity\.m2\repository\org\springframework\boot\spring-boot-starter-actuator\3.5.3\spring-boot-starter-actuator-3.5.3.jar;C:\Users\adity\.m2\repository\org\springframework\boot\spring-boot-starter\3.5.3\spring-boot-starter-3.5.3.jar;C:\Users\adity\.m2\repository\org\springframework\boot\spring-boot-starter-logging\3.5.3\spring-boot-starter-logging-3.5.3.jar;C:\Users\adity\.m2\repository\ch\qos\logback\logback-classic\1.5.18\logback-classic-1.5.18.jar;C:\Users\adity\.m2\repository\ch\qos\logback\logback-core\1.5.18\logback-core-1.5.18.jar;C:\Users\adity\.m2\repository\org\apache\logging\log4j\log4j-to-slf4j\2.24.3\log4j-to-slf4j-2.24.3.jar;C:\Users\adity\.m2\repository\org\apache\logging\log4j\log4j-api\2.24.3\log4j-api-2.24.3.jar;C:\Users\adity\.m2\repository\org\slf4j\jul-to-slf4j\2.0.17\jul-to-slf4j-2.0.17.jar;C:\Users\adity\.m2\repository\jakarta\annotation\jakarta.annotation-api\2.1.1\jakarta.annotation-api-2.1.1.jar;C:\Users\adity\.m2\repository\org\yaml\snakeyaml\2.4\snakeyaml-2.4.jar;C:\Users\adity\.m2\repository\org\springframework\boot\spring-boot-actuator-autoconfigure\3.5.3\spring-boot-actuator-autoconfigure-3.5.3.jar;C:\Users\adity\
Launcher Type: SUN_STANDARD

[Global flags]
     intx CICompilerCount                          = 4                                         {product} {ergonomic}
     uint ConcGCThreads                            = 3                                         {product} {ergonomic}
     uint G1ConcRefinementThreads                  = 10                                        {product} {ergonomic}
   size_t G1HeapRegionSize                         = 1048576                                   {product} {ergonomic}
    uintx GCDrainStackTargetSize                   = 64                                        {product} {ergonomic}
   size_t InitialHeapSize                          = 98566144                                  {product} {ergonomic}
     bool ManagementServer                         = true                                      {product} {command line}
   size_t MarkStackSize                            = 4194304                                   {product} {ergonomic}
   size_t MaxHeapSize                              = 1572864000                                {product} {ergonomic}
   size_t MaxNewSize                               = 943718400                                 {product} {ergonomic}
   size_t MinHeapDeltaBytes                        = 1048576                                   {product} {ergonomic}
   size_t MinHeapSize                              = 8388608                                   {product} {ergonomic}
    uintx NonNMethodCodeHeapSize                   = 5839372                                {pd product} {ergonomic}
    uintx NonProfiledCodeHeapSize                  = 122909434                              {pd product} {ergonomic}
    uintx ProfiledCodeHeapSize                     = 122909434                              {pd product} {ergonomic}
    uintx ReservedCodeCacheSize                    = 251658240                              {pd product} {ergonomic}
     bool SegmentedCodeCache                       = true                                      {product} {ergonomic}
     bool ShowCodeDetailsInExceptionMessages       = true                                   {manageable} {command line}
   size_t SoftMaxHeapSize                          = 1572864000                             {manageable} {ergonomic}
     bool UseCompressedClassPointers               = true                           {product lp64_product} {ergonomic}
     bool UseCompressedOops                        = true                           {product lp64_product} {ergonomic}
     bool UseG1GC                                  = true                                      {product} {ergonomic}
     bool UseLargePagesIndividualAllocation        = false                                  {pd product} {ergonomic}

Logging:
Log output configuration:
 #0: stdout all=warning uptime,level,tags
 #1: stderr all=off uptime,level,tags

Environment Variables:
JAVA_HOME=C:\Program Files\Java\jdk-17
PATH=C:\ProgramData\anaconda3;C:\ProgramData\anaconda3\Library\mingw-w64\bin;C:\ProgramData\anaconda3\Library\usr\bin;C:\ProgramData\anaconda3\Library\bin;C:\ProgramData\anaconda3\Scripts;C:\ProgramData\anaconda3\bin;C:\src\flutter\bin\cache\dart-sdk\bin;C:\app\adity\product\21c\dbhomeXE\bin;C:\WINDOWS\system32;C:\WINDOWS;C:\WINDOWS\System32\Wbem;C:\WINDOWS\System32\WindowsPowerShell\v1.0;C:\WINDOWS\System32\OpenSSH;C:\Program Files\Apache\maven\bin;C:\Program Files\Java\jdk-17\bin;C:\Program Files\nodejs;C:\ProgramData\chocolatey\bin;C:\Users\adity\AppData\Roaming\npm;C:\Program Files\Git\cmd;C:\Program Files\Git\bin;C:\Program Files\dotnet;C:\ProgramData\anaconda3;C:\ProgramData\anaconda3\Scripts;C:\ProgramData\anaconda3\Library\bin;C:\Program Files\GitHub CLI;C:\Program Files\MongoDB\Server\8.0\bin;c:\Users\adity\AppData\Local\Programs\cursor\resources\app\bin;C:\php-8.3.23;C:\Users\adity\kotlin-compiler-2.2.0\kotlinc\bin;C:\Users\adity\AppData\Local\Android\Sdk\platform-tools;C:\Program Files\PostgreSQL\17\bin;.;C:\Program Files\Docker\Docker\resources\bin;C:\ProgramData\anaconda3\condabin;C:\WINDOWS\system32;C:\WINDOWS;C:\WINDOWS\System32\Wbem;C:\WINDOWS\System32\WindowsPowerShell\v1.0;C:\WINDOWS\System32\OpenSSH;C:\Program Files\Apache\maven\bin;C:\Program Files\Java\jdk-17\bin;C:\Program Files\nodejs;C:\ProgramData\chocolatey\bin;C:\Users\adity\AppData\Roaming\npm;C:\Program Files\Git\cmd;C:\Program Files\Git\bin;C:\Program Files\dotnet;C:\ProgramData\anaconda3;C:\ProgramData\anaconda3\Scripts;C:\ProgramData\anaconda3\Library\bin;C:\Program Files\GitHub CLI;C:\Program Files\MongoDB\Server\8.0\bin;C:\Users\adity\AppData\Local\Programs\Python\Python313\Scripts;C:\Users\adity\AppData\Local\Programs\Python\Python313;C:\Users\adity\AppData\Local\Programs\Python\Launcher;C:\Users\adity\AppData\Local\Programs\Microsoft VS Code\bin;C:\Users\adity\.foundry\bin;C:\src\flutter\bin;C:\Users\adity\.dotnet\tools;C:\Users\adity\AppData\Loca;C:\Users\adity\AppData\Local\Muse Hu
USERNAME=adity
LANG=en_US.UTF-8
OS=Windows_NT
PROCESSOR_IDENTIFIER=AMD64 Family 25 Model 80 Stepping 0, AuthenticAMD



---------------  S Y S T E M  ---------------

OS:
 Windows 11 , 64 bit Build 26100 (10.0.26100.5074)
OS uptime: 0 days 0:45 hours
Hyper-V role detected

CPU: total 12 (initial active 12) (12 cores per cpu, 2 threads per core) family 25 model 80 stepping 0 microcode 0xa50000c, cx8, cmov, fxsr, ht, mmx, 3dnowpref, sse, sse2, sse3, ssse3, sse4a, sse4.1, sse4.2, popcnt, lzcnt, tsc, tscinvbit, avx, avx2, aes, erms, clmul, bmi1, bmi2, adx, sha, fma, vzeroupper, clflush, clflushopt, hv

Memory: 4k page, system-wide physical 5996M (673M free)
TotalPageFile size 24428M (AvailPageFile size 127M)
current process WorkingSet (physical memory assigned to process): 132M, peak: 156M
current process commit charge ("private bytes"): 202M, peak: 245M

vm_info: Java HotSpot(TM) 64-Bit Server VM (17.0.12+8-LTS-286) for windows-amd64 JRE (17.0.12+8-LTS-286), built on Jun  5 2024 06:46:59 by "mach5one" with MS VC++ 17.6 (VS2022)

END.
