#
# There is insufficient memory for the Java Runtime Environment to continue.
# Native memory allocation (malloc) failed to allocate 1048576 bytes. Error detail: AllocateHeap
# Possible reasons:
#   The system is out of physical RAM or swap space
#   This process is running with CompressedOops enabled, and the Java Heap may be blocking the growth of the native heap
# Possible solutions:
#   Reduce memory load on the system
#   Increase physical memory or swap space
#   Check if swap backing store is full
#   Decrease Java heap size (-Xmx/-Xms)
#   Decrease number of Java threads
#   Decrease Java thread stack sizes (-Xss)
#   Set larger code cache with -XX:ReservedCodeCacheSize=
#   JVM is running with Unscaled Compressed Oops mode in which the Java heap is
#     placed in the first 4GB address space. The Java Heap base address is the
#     maximum limit for the native heap growth. Please use -XX:HeapBaseMinAddress
#     to set the Java Heap base and to place the Java Heap above 4GB virtual address.
# This output file may be truncated or incomplete.
#
#  Out of Memory Error (allocation.cpp:44), pid=4512, tid=15228
#
# JRE version: OpenJDK Runtime Environment Temurin-21.0.8+9 (21.0.8+9) (build 21.0.8+9-LTS)
# Java VM: OpenJDK 64-Bit Server VM Temurin-21.0.8+9 (21.0.8+9-LTS, mixed mode, sharing, tiered, compressed oops, compressed class ptrs, parallel gc, windows-amd64)
# No core dump will be written. Minidumps are not enabled by default on client versions of Windows
#

---------------  S U M M A R Y ------------

Command Line: --add-modules=ALL-SYSTEM --add-opens=java.base/java.util=ALL-UNNAMED --add-opens=java.base/java.lang=ALL-UNNAMED --add-opens=java.base/sun.nio.fs=ALL-UNNAMED -Declipse.application=org.eclipse.jdt.ls.core.id1 -Dosgi.bundles.defaultStartLevel=4 -Declipse.product=org.eclipse.jdt.ls.core.product -Djava.import.generatesMetadataFilesAtProjectRoot=false -DDetectVMInstallationsJob.disabled=true -Dfile.encoding=utf8 -XX:+UseParallelGC -XX:GCTimeRatio=4 -XX:AdaptiveSizePolicyWeight=90 -Dsun.zip.disableMemoryMapping=true -Xmx2G -Xms100m -Xlog:disable -javaagent:c:\Users\adity\.cursor\extensions\redhat.java-1.44.0-win32-x64\lombok\lombok-1.18.39-4050.jar -XX:+HeapDumpOnOutOfMemoryError -XX:HeapDumpPath=c:\Users\adity\AppData\Roaming\Cursor\User\workspaceStorage\6226155c966e5616d25e2a91ef816816\redhat.java -Daether.dependencyCollector.impl=bf c:\Users\adity\.cursor\extensions\redhat.java-1.44.0-win32-x64\server\plugins\org.eclipse.equinox.launcher_1.7.0.v20250519-0528.jar -configuration c:\Users\adity\AppData\Roaming\Cursor\User\globalStorage\redhat.java\1.44.0\config_win -data c:\Users\adity\AppData\Roaming\Cursor\User\workspaceStorage\6226155c966e5616d25e2a91ef816816\redhat.java\jdt_ws --pipe=\\.\pipe\lsp-abbb4bea62cf6ea66b3a830b10177e75-sock

Host: AMD Ryzen 5 5600H with Radeon Graphics         , 12 cores, 5G,  Windows 11 , 64 bit Build 26100 (10.0.26100.5074)
Time: Sun Aug 31 20:53:44 2025 India Standard Time elapsed time: 17073.039017 seconds (0d 4h 44m 33s)

---------------  T H R E A D  ---------------

Current thread (0x000001e3245e8e40):  JavaThread "Attach Listener" daemon [_thread_in_vm, id=15228, stack(0x0000009531200000,0x0000009531300000) (1024K)]

Stack: [0x0000009531200000,0x0000009531300000]
Native frames: (J=compiled Java code, j=interpreted, Vv=VM code, C=native code)
V  [jvm.dll+0x6d2449]
V  [jvm.dll+0x8ae341]
V  [jvm.dll+0x8b08be]
V  [jvm.dll+0x8b0fa3]
V  [jvm.dll+0x280c96]
V  [jvm.dll+0xc0347]
V  [jvm.dll+0x6d2cf9]
V  [jvm.dll+0x131116]
V  [jvm.dll+0x3f2d16]
V  [jvm.dll+0x857e6b]
V  [jvm.dll+0x6d0b0d]
C  [ucrtbase.dll+0x37b0]
C  [KERNEL32.DLL+0x2e8d7]
C  [ntdll.dll+0x8d9c]


---------------  P R O C E S S  ---------------

Threads class SMR info:
_java_thread_list=0x000001e305e34980, length=38, elements={
0x000001e32208d670, 0x000001e3245e0340, 0x000001e3245e3720, 0x000001e3245e71e0,
0x000001e3245e8e40, 0x000001e3245ebda0, 0x000001e3245ec7f0, 0x000001e3245ef580,
0x000001e3245f9dd0, 0x000001e37d349d10, 0x000001e37d5933f0, 0x000001e37e4ba0f0,
0x000001e37eb97750, 0x000001e37eb98470, 0x000001e37eb97de0, 0x000001e37e3c5af0,
0x000001e37e3c8f70, 0x000001e37e3c6ea0, 0x000001e37e3c7bc0, 0x000001e37e3c88e0,
0x000001e37e3cb6d0, 0x000001e37e3ca9b0, 0x000001e37e3cbd60, 0x000001e37e3cc3f0,
0x000001e37e3c9c90, 0x000001e37e3cca80, 0x000001e37e3cd110, 0x000001e37e3ca320,
0x000001e37f8ef250, 0x000001e37f8eebc0, 0x000001e37f8ef8e0, 0x000001e37f8eff70,
0x000001e37f8f0600, 0x000001e37f8f0c90, 0x000001e37f8f1320, 0x000001e37f8ee530,
0x000001e307141050, 0x000001e307142a90
}

Java Threads: ( => current thread )
  0x000001e32208d670 JavaThread "main"                              [_thread_blocked, id=10100, stack(0x0000009530b00000,0x0000009530c00000) (1024K)]
  0x000001e3245e0340 JavaThread "Reference Handler"          daemon [_thread_blocked, id=1600, stack(0x0000009530f00000,0x0000009531000000) (1024K)]
  0x000001e3245e3720 JavaThread "Finalizer"                  daemon [_thread_blocked, id=14204, stack(0x0000009531000000,0x0000009531100000) (1024K)]
  0x000001e3245e71e0 JavaThread "Signal Dispatcher"          daemon [_thread_blocked, id=2560, stack(0x0000009531100000,0x0000009531200000) (1024K)]
=>0x000001e3245e8e40 JavaThread "Attach Listener"            daemon [_thread_in_vm, id=15228, stack(0x0000009531200000,0x0000009531300000) (1024K)]
  0x000001e3245ebda0 JavaThread "Service Thread"             daemon [_thread_blocked, id=12892, stack(0x0000009531300000,0x0000009531400000) (1024K)]
  0x000001e3245ec7f0 JavaThread "Monitor Deflation Thread"   daemon [_thread_blocked, id=3168, stack(0x0000009531400000,0x0000009531500000) (1024K)]
  0x000001e3245ef580 JavaThread "C2 CompilerThread0"         daemon [_thread_blocked, id=10472, stack(0x0000009531500000,0x0000009531600000) (1024K)]
  0x000001e3245f9dd0 JavaThread "C1 CompilerThread0"         daemon [_thread_blocked, id=17188, stack(0x0000009531600000,0x0000009531700000) (1024K)]
  0x000001e37d349d10 JavaThread "Common-Cleaner"             daemon [_thread_blocked, id=2692, stack(0x0000009531700000,0x0000009531800000) (1024K)]
  0x000001e37d5933f0 JavaThread "Notification Thread"        daemon [_thread_blocked, id=11844, stack(0x0000009531900000,0x0000009531a00000) (1024K)]
  0x000001e37e4ba0f0 JavaThread "Active Thread: Equinox Container: ab0ce995-79f7-4052-9f9f-e4a3e468c998"        [_thread_blocked, id=16136, stack(0x0000009532100000,0x0000009532200000) (1024K)]
  0x000001e37eb97750 JavaThread "Refresh Thread: Equinox Container: ab0ce995-79f7-4052-9f9f-e4a3e468c998" daemon [_thread_blocked, id=18376, stack(0x0000009531800000,0x0000009531900000) (1024K)]
  0x000001e37eb98470 JavaThread "Framework Event Dispatcher: Equinox Container: ab0ce995-79f7-4052-9f9f-e4a3e468c998" daemon [_thread_blocked, id=17964, stack(0x0000009532200000,0x0000009532300000) (1024K)]
  0x000001e37eb97de0 JavaThread "Start Level: Equinox Container: ab0ce995-79f7-4052-9f9f-e4a3e468c998" daemon [_thread_blocked, id=7716, stack(0x0000009532300000,0x0000009532400000) (1024K)]
  0x000001e37e3c5af0 JavaThread "Bundle File Closer"         daemon [_thread_blocked, id=6124, stack(0x0000009532700000,0x0000009532800000) (1024K)]
  0x000001e37e3c8f70 JavaThread "SCR Component Actor"        daemon [_thread_blocked, id=17420, stack(0x0000009532400000,0x0000009532500000) (1024K)]
  0x000001e37e3c6ea0 JavaThread "Worker-JM"                         [_thread_blocked, id=4412, stack(0x0000009532a00000,0x0000009532b00000) (1024K)]
  0x000001e37e3c7bc0 JavaThread "JNA Cleaner"                daemon [_thread_blocked, id=2640, stack(0x0000009532b00000,0x0000009532c00000) (1024K)]
  0x000001e37e3c88e0 JavaThread "Java indexing"              daemon [_thread_blocked, id=17656, stack(0x0000009532e00000,0x0000009532f00000) (1024K)]
  0x000001e37e3cb6d0 JavaThread "Thread-2"                   daemon [_thread_in_native, id=4724, stack(0x0000009533300000,0x0000009533400000) (1024K)]
  0x000001e37e3ca9b0 JavaThread "Thread-3"                   daemon [_thread_in_native, id=10756, stack(0x0000009533400000,0x0000009533500000) (1024K)]
  0x000001e37e3cbd60 JavaThread "Thread-4"                   daemon [_thread_in_native, id=7468, stack(0x0000009533500000,0x0000009533600000) (1024K)]
  0x000001e37e3cc3f0 JavaThread "Thread-5"                   daemon [_thread_in_native, id=2396, stack(0x0000009533600000,0x0000009533700000) (1024K)]
  0x000001e37e3c9c90 JavaThread "Thread-6"                   daemon [_thread_in_native, id=14836, stack(0x0000009533700000,0x0000009533800000) (1024K)]
  0x000001e37e3cca80 JavaThread "Thread-7"                   daemon [_thread_in_native, id=5564, stack(0x0000009533800000,0x0000009533900000) (1024K)]
  0x000001e37e3cd110 JavaThread "Thread-8"                   daemon [_thread_in_native, id=17696, stack(0x0000009533900000,0x0000009533a00000) (1024K)]
  0x000001e37e3ca320 JavaThread "Thread-9"                   daemon [_thread_in_native, id=12908, stack(0x0000009533a00000,0x0000009533b00000) (1024K)]
  0x000001e37f8ef250 JavaThread "Thread-10"                  daemon [_thread_in_native, id=5036, stack(0x0000009533b00000,0x0000009533c00000) (1024K)]
  0x000001e37f8eebc0 JavaThread "Thread-11"                  daemon [_thread_in_native, id=17500, stack(0x0000009533c00000,0x0000009533d00000) (1024K)]
  0x000001e37f8ef8e0 JavaThread "Thread-12"                  daemon [_thread_in_native, id=3248, stack(0x0000009533d00000,0x0000009533e00000) (1024K)]
  0x000001e37f8eff70 JavaThread "Thread-13"                  daemon [_thread_in_native, id=12212, stack(0x0000009533e00000,0x0000009533f00000) (1024K)]
  0x000001e37f8f0600 JavaThread "Thread-14"                  daemon [_thread_in_native, id=5552, stack(0x0000009533f00000,0x0000009534000000) (1024K)]
  0x000001e37f8f0c90 JavaThread "pool-2-thread-1"                   [_thread_blocked, id=17216, stack(0x0000009534000000,0x0000009534100000) (1024K)]
  0x000001e37f8f1320 JavaThread "WorkspaceEventsHandler"            [_thread_blocked, id=2788, stack(0x0000009534100000,0x0000009534200000) (1024K)]
  0x000001e37f8ee530 JavaThread "pool-1-thread-1"                   [_thread_blocked, id=12740, stack(0x0000009534200000,0x0000009534300000) (1024K)]
  0x000001e307141050 JavaThread "Worker-37"                         [_thread_blocked, id=14544, stack(0x0000009530800000,0x0000009530900000) (1024K)]
  0x000001e307142a90 JavaThread "Worker-40"                         [_thread_blocked, id=16872, stack(0x0000009532900000,0x0000009532a00000) (1024K)]
Total: 38

Other Threads:
  0x000001e37d2410a0 VMThread "VM Thread"                           [id=12168, stack(0x0000009530e00000,0x0000009530f00000) (1024K)]
  0x000001e3243ccb20 WatcherThread "VM Periodic Task Thread"        [id=10308, stack(0x0000009530d00000,0x0000009530e00000) (1024K)]
  0x000001e324560000 WorkerThread "GC Thread#0"                     [id=7196, stack(0x0000009530c00000,0x0000009530d00000) (1024K)]
  0x000001e37e778c10 WorkerThread "GC Thread#1"                     [id=10300, stack(0x0000009531b00000,0x0000009531c00000) (1024K)]
  0x000001e37e778fb0 WorkerThread "GC Thread#2"                     [id=13560, stack(0x0000009531c00000,0x0000009531d00000) (1024K)]
  0x000001e37e1eeda0 WorkerThread "GC Thread#3"                     [id=12280, stack(0x0000009531d00000,0x0000009531e00000) (1024K)]
  0x000001e37e1ef140 WorkerThread "GC Thread#4"                     [id=1692, stack(0x0000009531e00000,0x0000009531f00000) (1024K)]
  0x000001e37e1ef4e0 WorkerThread "GC Thread#5"                     [id=10592, stack(0x0000009531f00000,0x0000009532000000) (1024K)]
  0x000001e37e6b3630 WorkerThread "GC Thread#6"                     [id=9908, stack(0x0000009532000000,0x0000009532100000) (1024K)]
  0x000001e37eb857b0 WorkerThread "GC Thread#7"                     [id=3860, stack(0x0000009531a00000,0x0000009531b00000) (1024K)]
  0x000001e37eb86290 WorkerThread "GC Thread#8"                     [id=6452, stack(0x0000009532500000,0x0000009532600000) (1024K)]
  0x000001e37eb869d0 WorkerThread "GC Thread#9"                     [id=7372, stack(0x0000009532600000,0x0000009532700000) (1024K)]
Total: 12

Threads with active compile tasks:
Total: 0

VM state: not at safepoint (normal execution)

VM Mutex/Monitor currently owned by a thread: None

Heap address: 0x0000000080000000, size: 2048 MB, Compressed Oops mode: 32-bit

CDS archive(s) mapped at: [0x000001e33b000000-0x000001e33bba0000-0x000001e33bba0000), size 12189696, SharedBaseAddress: 0x000001e33b000000, ArchiveRelocationMode: 1.
Compressed class space mapped at: 0x000001e33c000000-0x000001e37c000000, reserved size: 1073741824
Narrow klass base: 0x000001e33b000000, Narrow klass shift: 0, Narrow klass range: 0x100000000

GC Precious Log:
 CardTable entry size: 512
 CPUs: 12 total, 12 available
 Memory: 5996M
 Large Page Support: Disabled
 NUMA Support: Disabled
 Compressed Oops: Enabled (32-bit)
 Alignments: Space 512K, Generation 512K, Heap 2M
 Heap Min Capacity: 100M
 Heap Initial Capacity: 100M
 Heap Max Capacity: 2G
 Pre-touch: Disabled
 Parallel Workers: 10

Heap:
 PSYoungGen      total 7168K, used 1762K [0x00000000d5580000, 0x00000000d5d80000, 0x0000000100000000)
  eden space 6144K, 18% used [0x00000000d5580000,0x00000000d569cbb0,0x00000000d5b80000)
  from space 1024K, 60% used [0x00000000d5c80000,0x00000000d5d1c010,0x00000000d5d80000)
  to   space 1024K, 0% used [0x00000000d5b80000,0x00000000d5b80000,0x00000000d5c80000)
 ParOldGen       total 997376K, used 996888K [0x0000000080000000, 0x00000000bce00000, 0x00000000d5580000)
  object space 997376K, 99% used [0x0000000080000000,0x00000000bcd86010,0x00000000bce00000)
 Metaspace       used 85271K, committed 86848K, reserved 1179648K
  class space    used 8374K, committed 9088K, reserved 1048576K

Card table byte_map: [0x000001e323ee0000,0x000001e3242f0000] _byte_map_base: 0x000001e323ae0000

Marking Bits: (ParMarkBitMap*) 0x00007fffef8ea340
 Begin Bits: [0x000001e3369e0000, 0x000001e3389e0000)
 End Bits:   [0x000001e3389e0000, 0x000001e33a9e0000)

Polling page: 0x000001e3223b0000

Metaspace:

Usage:
  Non-class:     75.09 MB used.
      Class:      8.18 MB used.
       Both:     83.27 MB used.

Virtual space:
  Non-class space:      128.00 MB reserved,      75.94 MB ( 59%) committed,  2 nodes.
      Class space:        1.00 GB reserved,       8.88 MB ( <1%) committed,  1 nodes.
             Both:        1.12 GB reserved,      84.81 MB (  7%) committed. 

Chunk freelists:
   Non-Class:  4.11 MB
       Class:  7.16 MB
        Both:  11.27 MB

MaxMetaspaceSize: unlimited
CompressedClassSpaceSize: 1.00 GB
Initial GC threshold: 21.00 MB
Current GC threshold: 137.31 MB
CDS: on
 - commit_granule_bytes: 65536.
 - commit_granule_words: 8192.
 - virtual_space_node_default_size: 8388608.
 - enlarge_chunks_in_place: 1.
 - use_allocation_guard: 0.


Internal statistics:

num_allocs_failed_limit: 9.
num_arena_births: 1890.
num_arena_deaths: 506.
num_vsnodes_births: 3.
num_vsnodes_deaths: 0.
num_space_committed: 1357.
num_space_uncommitted: 0.
num_chunks_returned_to_freelist: 606.
num_chunks_taken_from_freelist: 6211.
num_chunk_merges: 181.
num_chunk_splits: 3544.
num_chunks_enlarged: 1908.
num_inconsistent_stats: 0.

CodeHeap 'non-profiled nmethods': size=120000Kb used=20934Kb max_used=20934Kb free=99065Kb
 bounds [0x000001e32f200000, 0x000001e330680000, 0x000001e336730000]
CodeHeap 'profiled nmethods': size=120000Kb used=38568Kb max_used=48397Kb free=81431Kb
 bounds [0x000001e327730000, 0x000001e32a680000, 0x000001e32ec60000]
CodeHeap 'non-nmethods': size=5760Kb used=1516Kb max_used=1594Kb free=4243Kb
 bounds [0x000001e32ec60000, 0x000001e32eed0000, 0x000001e32f200000]
CodeCache: size=245760Kb, used=61018Kb, max_used=70925Kb, free=184739Kb
 total_blobs=18062, nmethods=17233, adapters=731, full_count=0
Compilation: enabled, stopped_count=0, restarted_count=0

Compilation events (20 events):
Event: 13873.001 Thread 0x000001e3245f9dd0 nmethod 24951 0x000001e329b6bc90 code [0x000001e329b6be60, 0x000001e329b6c160]
Event: 13873.001 Thread 0x000001e3245f9dd0 24947       3       org.eclipse.jdt.internal.core.CompilationUnit::discardWorkingCopy (15 bytes)
Event: 13873.005 Thread 0x000001e3245f9dd0 nmethod 24947 0x000001e329c2a310 code [0x000001e329c2a4e0, 0x000001e329c2a760]
Event: 13873.005 Thread 0x000001e3245f9dd0 24948       3       org.eclipse.jdt.internal.core.DiscardWorkingCopyOperation::executeOperation (176 bytes)
Event: 13873.065 Thread 0x000001e3245f9dd0 nmethod 24948 0x000001e328291890 code [0x000001e328291d80, 0x000001e3282943c8]
Event: 13873.078 Thread 0x000001e3245f9dd0 24952       3       org.eclipse.jdt.internal.core.manipulation.search.OccurrencesFinder::visit (12 bytes)
Event: 13873.087 Thread 0x000001e3245f9dd0 nmethod 24952 0x000001e329c33790 code [0x000001e329c33960, 0x000001e329c33c20]
Event: 13873.088 Thread 0x000001e3245f9dd0 24954       3       org.eclipse.jdt.core.dom.TypeBinding::getTypeDeclaration (43 bytes)
Event: 13873.094 Thread 0x000001e3245f9dd0 nmethod 24954 0x000001e32867be90 code [0x000001e32867c0c0, 0x000001e32867c9f8]
Event: 13873.094 Thread 0x000001e3245f9dd0 24953       3       org.eclipse.jdt.core.dom.PackageBinding::isEqualTo (45 bytes)
Event: 13873.095 Thread 0x000001e3245f9dd0 nmethod 24953 0x000001e32a26f090 code [0x000001e32a26f280, 0x000001e32a26f6d8]
Event: 13873.149 Thread 0x000001e3245ef580 nmethod 24943 0x000001e330668d90 code [0x000001e330669060, 0x000001e33066a100]
Event: 13873.149 Thread 0x000001e3245ef580 24955       4       org.eclipse.jdt.core.dom.VariableDeclaration::resolveBinding (12 bytes)
Event: 13873.211 Thread 0x000001e3245ef580 nmethod 24955 0x000001e33066b090 code [0x000001e33066b460, 0x000001e33066d150]
Event: 13873.212 Thread 0x000001e3245ef580 24949       4       org.eclipse.jdt.internal.compiler.parser.Parser::pushIdentifier (53 bytes)
Event: 13873.215 Thread 0x000001e3245ef580 nmethod 24949 0x000001e33066e790 code [0x000001e33066e920, 0x000001e33066ea20]
Event: 13873.215 Thread 0x000001e3245ef580 24944       4       org.eclipse.core.internal.resources.CharsetManager::getPreferences (13 bytes)
Event: 13873.275 Thread 0x000001e3245ef580 nmethod 24944 0x000001e33066eb10 code [0x000001e33066ef00, 0x000001e330670820]
Event: 15614.183 Thread 0x000001e3245f9dd0 24956       3       org.eclipse.core.internal.resources.MarkerInfo::shareStrings (21 bytes)
Event: 15614.269 Thread 0x000001e3245f9dd0 nmethod 24956 0x000001e329c29e10 code [0x000001e329c29fe0, 0x000001e329c2a1c0]

GC Heap History (20 events):
Event: 12628.296 GC heap before
{Heap before GC invocations=2629 (full 6):
 PSYoungGen      total 7680K, used 7232K [0x00000000d5580000, 0x00000000d5e80000, 0x0000000100000000)
  eden space 6144K, 100% used [0x00000000d5580000,0x00000000d5b80000,0x00000000d5b80000)
  from space 1536K, 70% used [0x00000000d5d00000,0x00000000d5e10020,0x00000000d5e80000)
  to   space 1536K, 0% used [0x00000000d5b80000,0x00000000d5b80000,0x00000000d5d00000)
 ParOldGen       total 991232K, used 991198K [0x0000000080000000, 0x00000000bc800000, 0x00000000d5580000)
  object space 991232K, 99% used [0x0000000080000000,0x00000000bc7f7860,0x00000000bc800000)
 Metaspace       used 85212K, committed 86784K, reserved 1179648K
  class space    used 8374K, committed 9088K, reserved 1048576K
}
Event: 12628.311 GC heap after
{Heap after GC invocations=2629 (full 6):
 PSYoungGen      total 7168K, used 810K [0x00000000d5580000, 0x00000000d5d80000, 0x0000000100000000)
  eden space 6144K, 0% used [0x00000000d5580000,0x00000000d5580000,0x00000000d5b80000)
  from space 1024K, 79% used [0x00000000d5b80000,0x00000000d5c4a910,0x00000000d5c80000)
  to   space 1024K, 0% used [0x00000000d5c80000,0x00000000d5c80000,0x00000000d5d80000)
 ParOldGen       total 992256K, used 992186K [0x0000000080000000, 0x00000000bc900000, 0x00000000d5580000)
  object space 992256K, 99% used [0x0000000080000000,0x00000000bc8eebd0,0x00000000bc900000)
 Metaspace       used 85212K, committed 86784K, reserved 1179648K
  class space    used 8374K, committed 9088K, reserved 1048576K
}
Event: 12628.316 GC heap before
{Heap before GC invocations=2630 (full 6):
 PSYoungGen      total 7168K, used 6954K [0x00000000d5580000, 0x00000000d5d80000, 0x0000000100000000)
  eden space 6144K, 100% used [0x00000000d5580000,0x00000000d5b80000,0x00000000d5b80000)
  from space 1024K, 79% used [0x00000000d5b80000,0x00000000d5c4a910,0x00000000d5c80000)
  to   space 1024K, 0% used [0x00000000d5c80000,0x00000000d5c80000,0x00000000d5d80000)
 ParOldGen       total 992256K, used 992186K [0x0000000080000000, 0x00000000bc900000, 0x00000000d5580000)
  object space 992256K, 99% used [0x0000000080000000,0x00000000bc8eebd0,0x00000000bc900000)
 Metaspace       used 85212K, committed 86784K, reserved 1179648K
  class space    used 8374K, committed 9088K, reserved 1048576K
}
Event: 12628.318 GC heap after
{Heap after GC invocations=2630 (full 6):
 PSYoungGen      total 7168K, used 640K [0x00000000d5580000, 0x00000000d5d80000, 0x0000000100000000)
  eden space 6144K, 0% used [0x00000000d5580000,0x00000000d5580000,0x00000000d5b80000)
  from space 1024K, 62% used [0x00000000d5c80000,0x00000000d5d20020,0x00000000d5d80000)
  to   space 1024K, 0% used [0x00000000d5b80000,0x00000000d5b80000,0x00000000d5c80000)
 ParOldGen       total 993280K, used 992863K [0x0000000080000000, 0x00000000bca00000, 0x00000000d5580000)
  object space 993280K, 99% used [0x0000000080000000,0x00000000bc997ed0,0x00000000bca00000)
 Metaspace       used 85212K, committed 86784K, reserved 1179648K
  class space    used 8374K, committed 9088K, reserved 1048576K
}
Event: 12628.521 GC heap before
{Heap before GC invocations=2631 (full 6):
 PSYoungGen      total 7168K, used 6784K [0x00000000d5580000, 0x00000000d5d80000, 0x0000000100000000)
  eden space 6144K, 100% used [0x00000000d5580000,0x00000000d5b80000,0x00000000d5b80000)
  from space 1024K, 62% used [0x00000000d5c80000,0x00000000d5d20020,0x00000000d5d80000)
  to   space 1024K, 0% used [0x00000000d5b80000,0x00000000d5b80000,0x00000000d5c80000)
 ParOldGen       total 993280K, used 992863K [0x0000000080000000, 0x00000000bca00000, 0x00000000d5580000)
  object space 993280K, 99% used [0x0000000080000000,0x00000000bc997ed0,0x00000000bca00000)
 Metaspace       used 85212K, committed 86784K, reserved 1179648K
  class space    used 8374K, committed 9088K, reserved 1048576K
}
Event: 12628.528 GC heap after
{Heap after GC invocations=2631 (full 6):
 PSYoungGen      total 7168K, used 1012K [0x00000000d5580000, 0x00000000d5f80000, 0x0000000100000000)
  eden space 6144K, 0% used [0x00000000d5580000,0x00000000d5580000,0x00000000d5b80000)
  from space 1024K, 98% used [0x00000000d5b80000,0x00000000d5c7d200,0x00000000d5c80000)
  to   space 2048K, 0% used [0x00000000d5d80000,0x00000000d5d80000,0x00000000d5f80000)
 ParOldGen       total 993792K, used 993474K [0x0000000080000000, 0x00000000bca80000, 0x00000000d5580000)
  object space 993792K, 99% used [0x0000000080000000,0x00000000bca30840,0x00000000bca80000)
 Metaspace       used 85212K, committed 86784K, reserved 1179648K
  class space    used 8374K, committed 9088K, reserved 1048576K
}
Event: 12628.534 GC heap before
{Heap before GC invocations=2632 (full 6):
 PSYoungGen      total 7168K, used 7156K [0x00000000d5580000, 0x00000000d5f80000, 0x0000000100000000)
  eden space 6144K, 100% used [0x00000000d5580000,0x00000000d5b80000,0x00000000d5b80000)
  from space 1024K, 98% used [0x00000000d5b80000,0x00000000d5c7d200,0x00000000d5c80000)
  to   space 2048K, 0% used [0x00000000d5d80000,0x00000000d5d80000,0x00000000d5f80000)
 ParOldGen       total 993792K, used 993474K [0x0000000080000000, 0x00000000bca80000, 0x00000000d5580000)
  object space 993792K, 99% used [0x0000000080000000,0x00000000bca30840,0x00000000bca80000)
 Metaspace       used 85214K, committed 86784K, reserved 1179648K
  class space    used 8374K, committed 9088K, reserved 1048576K
}
Event: 12628.537 GC heap after
{Heap after GC invocations=2632 (full 6):
 PSYoungGen      total 7168K, used 592K [0x00000000d5580000, 0x00000000d5e80000, 0x0000000100000000)
  eden space 6144K, 0% used [0x00000000d5580000,0x00000000d5580000,0x00000000d5b80000)
  from space 1024K, 57% used [0x00000000d5d80000,0x00000000d5e14010,0x00000000d5e80000)
  to   space 1024K, 0% used [0x00000000d5b80000,0x00000000d5b80000,0x00000000d5c80000)
 ParOldGen       total 994816K, used 994461K [0x0000000080000000, 0x00000000bcb80000, 0x00000000d5580000)
  object space 994816K, 99% used [0x0000000080000000,0x00000000bcb27530,0x00000000bcb80000)
 Metaspace       used 85214K, committed 86784K, reserved 1179648K
  class space    used 8374K, committed 9088K, reserved 1048576K
}
Event: 12634.556 GC heap before
{Heap before GC invocations=2633 (full 6):
 PSYoungGen      total 7168K, used 6736K [0x00000000d5580000, 0x00000000d5e80000, 0x0000000100000000)
  eden space 6144K, 100% used [0x00000000d5580000,0x00000000d5b80000,0x00000000d5b80000)
  from space 1024K, 57% used [0x00000000d5d80000,0x00000000d5e14010,0x00000000d5e80000)
  to   space 1024K, 0% used [0x00000000d5b80000,0x00000000d5b80000,0x00000000d5c80000)
 ParOldGen       total 994816K, used 994461K [0x0000000080000000, 0x00000000bcb80000, 0x00000000d5580000)
  object space 994816K, 99% used [0x0000000080000000,0x00000000bcb27530,0x00000000bcb80000)
 Metaspace       used 85238K, committed 86784K, reserved 1179648K
  class space    used 8374K, committed 9088K, reserved 1048576K
}
Event: 12634.558 GC heap after
{Heap after GC invocations=2633 (full 6):
 PSYoungGen      total 7168K, used 928K [0x00000000d5580000, 0x00000000d5e00000, 0x0000000100000000)
  eden space 6144K, 0% used [0x00000000d5580000,0x00000000d5580000,0x00000000d5b80000)
  from space 1024K, 90% used [0x00000000d5b80000,0x00000000d5c68000,0x00000000d5c80000)
  to   space 1024K, 0% used [0x00000000d5d00000,0x00000000d5d00000,0x00000000d5e00000)
 ParOldGen       total 995328K, used 994927K [0x0000000080000000, 0x00000000bcc00000, 0x00000000d5580000)
  object space 995328K, 99% used [0x0000000080000000,0x00000000bcb9be80,0x00000000bcc00000)
 Metaspace       used 85238K, committed 86784K, reserved 1179648K
  class space    used 8374K, committed 9088K, reserved 1048576K
}
Event: 12694.376 GC heap before
{Heap before GC invocations=2634 (full 6):
 PSYoungGen      total 7168K, used 7072K [0x00000000d5580000, 0x00000000d5e00000, 0x0000000100000000)
  eden space 6144K, 100% used [0x00000000d5580000,0x00000000d5b80000,0x00000000d5b80000)
  from space 1024K, 90% used [0x00000000d5b80000,0x00000000d5c68000,0x00000000d5c80000)
  to   space 1024K, 0% used [0x00000000d5d00000,0x00000000d5d00000,0x00000000d5e00000)
 ParOldGen       total 995328K, used 994927K [0x0000000080000000, 0x00000000bcc00000, 0x00000000d5580000)
  object space 995328K, 99% used [0x0000000080000000,0x00000000bcb9be80,0x00000000bcc00000)
 Metaspace       used 85248K, committed 86784K, reserved 1179648K
  class space    used 8374K, committed 9088K, reserved 1048576K
}
Event: 12694.378 GC heap after
{Heap after GC invocations=2634 (full 6):
 PSYoungGen      total 6656K, used 256K [0x00000000d5580000, 0x00000000d5d80000, 0x0000000100000000)
  eden space 6144K, 0% used [0x00000000d5580000,0x00000000d5580000,0x00000000d5b80000)
  from space 512K, 50% used [0x00000000d5d00000,0x00000000d5d40000,0x00000000d5d80000)
  to   space 512K, 0% used [0x00000000d5c80000,0x00000000d5c80000,0x00000000d5d00000)
 ParOldGen       total 995840K, used 995728K [0x0000000080000000, 0x00000000bcc80000, 0x00000000d5580000)
  object space 995840K, 99% used [0x0000000080000000,0x00000000bcc64130,0x00000000bcc80000)
 Metaspace       used 85248K, committed 86784K, reserved 1179648K
  class space    used 8374K, committed 9088K, reserved 1048576K
}
Event: 13109.152 GC heap before
{Heap before GC invocations=2635 (full 6):
 PSYoungGen      total 6656K, used 6400K [0x00000000d5580000, 0x00000000d5d80000, 0x0000000100000000)
  eden space 6144K, 100% used [0x00000000d5580000,0x00000000d5b80000,0x00000000d5b80000)
  from space 512K, 50% used [0x00000000d5d00000,0x00000000d5d40000,0x00000000d5d80000)
  to   space 512K, 0% used [0x00000000d5c80000,0x00000000d5c80000,0x00000000d5d00000)
 ParOldGen       total 995840K, used 995728K [0x0000000080000000, 0x00000000bcc80000, 0x00000000d5580000)
  object space 995840K, 99% used [0x0000000080000000,0x00000000bcc64130,0x00000000bcc80000)
 Metaspace       used 85259K, committed 86784K, reserved 1179648K
  class space    used 8374K, committed 9088K, reserved 1048576K
}
Event: 13109.159 GC heap after
{Heap after GC invocations=2635 (full 6):
 PSYoungGen      total 6656K, used 288K [0x00000000d5580000, 0x00000000d5d80000, 0x0000000100000000)
  eden space 6144K, 0% used [0x00000000d5580000,0x00000000d5580000,0x00000000d5b80000)
  from space 512K, 56% used [0x00000000d5c80000,0x00000000d5cc8000,0x00000000d5d00000)
  to   space 512K, 0% used [0x00000000d5d00000,0x00000000d5d00000,0x00000000d5d80000)
 ParOldGen       total 995840K, used 995736K [0x0000000080000000, 0x00000000bcc80000, 0x00000000d5580000)
  object space 995840K, 99% used [0x0000000080000000,0x00000000bcc66130,0x00000000bcc80000)
 Metaspace       used 85259K, committed 86784K, reserved 1179648K
  class space    used 8374K, committed 9088K, reserved 1048576K
}
Event: 13872.614 GC heap before
{Heap before GC invocations=2636 (full 6):
 PSYoungGen      total 6656K, used 6432K [0x00000000d5580000, 0x00000000d5d80000, 0x0000000100000000)
  eden space 6144K, 100% used [0x00000000d5580000,0x00000000d5b80000,0x00000000d5b80000)
  from space 512K, 56% used [0x00000000d5c80000,0x00000000d5cc8000,0x00000000d5d00000)
  to   space 512K, 0% used [0x00000000d5d00000,0x00000000d5d00000,0x00000000d5d80000)
 ParOldGen       total 995840K, used 995736K [0x0000000080000000, 0x00000000bcc80000, 0x00000000d5580000)
  object space 995840K, 99% used [0x0000000080000000,0x00000000bcc66130,0x00000000bcc80000)
 Metaspace       used 85259K, committed 86848K, reserved 1179648K
  class space    used 8374K, committed 9088K, reserved 1048576K
}
Event: 13872.709 GC heap after
{Heap after GC invocations=2636 (full 6):
 PSYoungGen      total 6656K, used 506K [0x00000000d5580000, 0x00000000d5d80000, 0x0000000100000000)
  eden space 6144K, 0% used [0x00000000d5580000,0x00000000d5580000,0x00000000d5b80000)
  from space 512K, 98% used [0x00000000d5d00000,0x00000000d5d7e920,0x00000000d5d80000)
  to   space 1024K, 0% used [0x00000000d5b80000,0x00000000d5b80000,0x00000000d5c80000)
 ParOldGen       total 996352K, used 995956K [0x0000000080000000, 0x00000000bcd00000, 0x00000000d5580000)
  object space 996352K, 99% used [0x0000000080000000,0x00000000bcc9d3c0,0x00000000bcd00000)
 Metaspace       used 85259K, committed 86848K, reserved 1179648K
  class space    used 8374K, committed 9088K, reserved 1048576K
}
Event: 13872.810 GC heap before
{Heap before GC invocations=2637 (full 6):
 PSYoungGen      total 6656K, used 6650K [0x00000000d5580000, 0x00000000d5d80000, 0x0000000100000000)
  eden space 6144K, 100% used [0x00000000d5580000,0x00000000d5b80000,0x00000000d5b80000)
  from space 512K, 98% used [0x00000000d5d00000,0x00000000d5d7e920,0x00000000d5d80000)
  to   space 1024K, 0% used [0x00000000d5b80000,0x00000000d5b80000,0x00000000d5c80000)
 ParOldGen       total 996352K, used 995956K [0x0000000080000000, 0x00000000bcd00000, 0x00000000d5580000)
  object space 996352K, 99% used [0x0000000080000000,0x00000000bcc9d3c0,0x00000000bcd00000)
 Metaspace       used 85259K, committed 86848K, reserved 1179648K
  class space    used 8374K, committed 9088K, reserved 1048576K
}
Event: 13872.818 GC heap after
{Heap after GC invocations=2637 (full 6):
 PSYoungGen      total 7168K, used 640K [0x00000000d5580000, 0x00000000d5d80000, 0x0000000100000000)
  eden space 6144K, 0% used [0x00000000d5580000,0x00000000d5580000,0x00000000d5b80000)
  from space 1024K, 62% used [0x00000000d5b80000,0x00000000d5c20000,0x00000000d5c80000)
  to   space 1024K, 0% used [0x00000000d5c80000,0x00000000d5c80000,0x00000000d5d80000)
 ParOldGen       total 996864K, used 996485K [0x0000000080000000, 0x00000000bcd80000, 0x00000000d5580000)
  object space 996864K, 99% used [0x0000000080000000,0x00000000bcd216c0,0x00000000bcd80000)
 Metaspace       used 85259K, committed 86848K, reserved 1179648K
  class space    used 8374K, committed 9088K, reserved 1048576K
}
Event: 13872.978 GC heap before
{Heap before GC invocations=2638 (full 6):
 PSYoungGen      total 7168K, used 6778K [0x00000000d5580000, 0x00000000d5d80000, 0x0000000100000000)
  eden space 6144K, 99% used [0x00000000d5580000,0x00000000d5b7ea08,0x00000000d5b80000)
  from space 1024K, 62% used [0x00000000d5b80000,0x00000000d5c20000,0x00000000d5c80000)
  to   space 1024K, 0% used [0x00000000d5c80000,0x00000000d5c80000,0x00000000d5d80000)
 ParOldGen       total 996864K, used 996485K [0x0000000080000000, 0x00000000bcd80000, 0x00000000d5580000)
  object space 996864K, 99% used [0x0000000080000000,0x00000000bcd216c0,0x00000000bcd80000)
 Metaspace       used 85263K, committed 86848K, reserved 1179648K
  class space    used 8374K, committed 9088K, reserved 1048576K
}
Event: 13872.984 GC heap after
{Heap after GC invocations=2638 (full 6):
 PSYoungGen      total 7168K, used 624K [0x00000000d5580000, 0x00000000d5d80000, 0x0000000100000000)
  eden space 6144K, 0% used [0x00000000d5580000,0x00000000d5580000,0x00000000d5b80000)
  from space 1024K, 60% used [0x00000000d5c80000,0x00000000d5d1c010,0x00000000d5d80000)
  to   space 1024K, 0% used [0x00000000d5b80000,0x00000000d5b80000,0x00000000d5c80000)
 ParOldGen       total 997376K, used 996888K [0x0000000080000000, 0x00000000bce00000, 0x00000000d5580000)
  object space 997376K, 99% used [0x0000000080000000,0x00000000bcd86010,0x00000000bce00000)
 Metaspace       used 85263K, committed 86848K, reserved 1179648K
  class space    used 8374K, committed 9088K, reserved 1048576K
}

Dll operation events (12 events):
Event: 0.011 Loaded shared library c:\Users\adity\.cursor\extensions\redhat.java-1.44.0-win32-x64\jre\21.0.8-win32-x86_64\bin\java.dll
Event: 0.109 Loaded shared library c:\Users\adity\.cursor\extensions\redhat.java-1.44.0-win32-x64\jre\21.0.8-win32-x86_64\bin\zip.dll
Event: 0.131 Loaded shared library C:\Users\adity\.cursor\extensions\redhat.java-1.44.0-win32-x64\jre\21.0.8-win32-x86_64\bin\instrument.dll
Event: 0.136 Loaded shared library C:\Users\adity\.cursor\extensions\redhat.java-1.44.0-win32-x64\jre\21.0.8-win32-x86_64\bin\net.dll
Event: 0.138 Loaded shared library C:\Users\adity\.cursor\extensions\redhat.java-1.44.0-win32-x64\jre\21.0.8-win32-x86_64\bin\nio.dll
Event: 0.142 Loaded shared library C:\Users\adity\.cursor\extensions\redhat.java-1.44.0-win32-x64\jre\21.0.8-win32-x86_64\bin\zip.dll
Event: 0.158 Loaded shared library C:\Users\adity\.cursor\extensions\redhat.java-1.44.0-win32-x64\jre\21.0.8-win32-x86_64\bin\jimage.dll
Event: 0.239 Loaded shared library c:\Users\adity\.cursor\extensions\redhat.java-1.44.0-win32-x64\jre\21.0.8-win32-x86_64\bin\verify.dll
Event: 4.481 Loaded shared library C:\Users\adity\AppData\Roaming\Cursor\User\globalStorage\redhat.java\1.44.0\config_win\org.eclipse.equinox.launcher\org.eclipse.equinox.launcher.win32.win32.x86_64_1.2.1400.v20250730-1736\eclipse_11913.dll
Event: 13.516 Loaded shared library C:\Users\adity\AppData\Local\Temp\jna-92665259\jna4857709585667933577.dll
Event: 14.871 Loaded shared library C:\Users\adity\.cursor\extensions\redhat.java-1.44.0-win32-x64\jre\21.0.8-win32-x86_64\bin\sunmscapi.dll
Event: 14.967 Loaded shared library C:\Users\adity\.cursor\extensions\redhat.java-1.44.0-win32-x64\jre\21.0.8-win32-x86_64\bin\extnet.dll

Deoptimization events (20 events):
Event: 12610.330 Thread 0x000001e30f0d9bc0 Uncommon trap: trap_request=0xffffff76 fr.pc=0x000001e3300c0e14 relative=0x00000000000011d4
Event: 12610.330 Thread 0x000001e30f0d9bc0 Uncommon trap: reason=predicate action=maybe_recompile pc=0x000001e3300c0e14 method=org.eclipse.jdt.internal.compiler.lookup.Scope.getTypeOrPackage([[C)Lorg/eclipse/jdt/internal/compiler/lookup/Binding; @ 178 c2
Event: 12610.330 Thread 0x000001e30f0d9bc0 DEOPT PACKING pc=0x000001e3300c0e14 sp=0x00000095348feb90
Event: 12610.330 Thread 0x000001e30f0d9bc0 DEOPT UNPACKING pc=0x000001e32ecb3aa2 sp=0x00000095348feb48 mode 2
Event: 12610.336 Thread 0x000001e30f0d9bc0 Uncommon trap: trap_request=0xffffffc6 fr.pc=0x000001e32fd1a864 relative=0x0000000000000064
Event: 12610.336 Thread 0x000001e30f0d9bc0 Uncommon trap: reason=bimorphic_or_optimized_type_check action=maybe_recompile pc=0x000001e32fd1a864 method=org.eclipse.jdt.internal.core.Openable.getBuffer()Lorg/eclipse/jdt/core/IBuffer; @ 1 c2
Event: 12610.336 Thread 0x000001e30f0d9bc0 DEOPT PACKING pc=0x000001e32fd1a864 sp=0x00000095348feec0
Event: 12610.336 Thread 0x000001e30f0d9bc0 DEOPT UNPACKING pc=0x000001e32ecb3aa2 sp=0x00000095348feec0 mode 2
Event: 12610.337 Thread 0x000001e30f0d9bc0 Uncommon trap: trap_request=0xffffffc6 fr.pc=0x000001e32ff83f94 relative=0x0000000000000274
Event: 12610.337 Thread 0x000001e30f0d9bc0 Uncommon trap: reason=bimorphic_or_optimized_type_check action=maybe_recompile pc=0x000001e32ff83f94 method=org.eclipse.jdt.internal.core.util.Util.isExcluded(Lorg/eclipse/jdt/core/IJavaElement;)Z @ 1 c2
Event: 12610.337 Thread 0x000001e30f0d9bc0 DEOPT PACKING pc=0x000001e32ff83f94 sp=0x00000095348fe740
Event: 12610.337 Thread 0x000001e30f0d9bc0 DEOPT UNPACKING pc=0x000001e32ecb3aa2 sp=0x00000095348fe6d0 mode 2
Event: 12610.345 Thread 0x000001e30f0d9bc0 Uncommon trap: trap_request=0xffffffde fr.pc=0x000001e32fe33840 relative=0x0000000000000100
Event: 12610.345 Thread 0x000001e30f0d9bc0 Uncommon trap: reason=class_check action=maybe_recompile pc=0x000001e32fe33840 method=org.eclipse.jdt.internal.compiler.parser.Parser.consumeImportDeclaration()V @ 9 c2
Event: 12610.345 Thread 0x000001e30f0d9bc0 DEOPT PACKING pc=0x000001e32fe33840 sp=0x00000095348fe860
Event: 12610.345 Thread 0x000001e30f0d9bc0 DEOPT UNPACKING pc=0x000001e32ecb3aa2 sp=0x00000095348fe7f0 mode 2
Event: 12610.699 Thread 0x000001e30f0d9bc0 Uncommon trap: trap_request=0xffffffbe fr.pc=0x000001e32ffb3564 relative=0x0000000000000684
Event: 12610.699 Thread 0x000001e30f0d9bc0 Uncommon trap: reason=profile_predicate action=maybe_recompile pc=0x000001e32ffb3564 method=org.eclipse.jdt.internal.compiler.lookup.SourceTypeBinding.methods()[Lorg/eclipse/jdt/internal/compiler/lookup/MethodBinding; @ 815 c2
Event: 12610.699 Thread 0x000001e30f0d9bc0 DEOPT PACKING pc=0x000001e32ffb3564 sp=0x00000095348fe660
Event: 12610.699 Thread 0x000001e30f0d9bc0 DEOPT UNPACKING pc=0x000001e32ecb3aa2 sp=0x00000095348fe590 mode 2

Classes loaded (20 events):
Event: 4257.322 Loading class jdk/internal/module/IllegalAccessLogger
Event: 4257.322 Loading class jdk/internal/module/IllegalAccessLogger done
Event: 4717.265 Loading class java/util/Collections$EmptyListIterator
Event: 4717.266 Loading class java/util/Collections$EmptyListIterator done
Event: 4719.639 Loading class java/util/concurrent/ConcurrentHashMap$TreeNode
Event: 4719.640 Loading class java/util/concurrent/ConcurrentHashMap$TreeNode done
Event: 4719.641 Loading class java/util/concurrent/ConcurrentHashMap$TreeBin
Event: 4719.646 Loading class java/util/concurrent/ConcurrentHashMap$TreeBin done
Event: 11119.541 Loading class jdk/internal/module/IllegalAccessLogger
Event: 11119.541 Loading class jdk/internal/module/IllegalAccessLogger done
Event: 11125.080 Loading class jdk/internal/module/IllegalAccessLogger
Event: 11125.080 Loading class jdk/internal/module/IllegalAccessLogger done
Event: 11134.192 Loading class jdk/internal/module/IllegalAccessLogger
Event: 11134.192 Loading class jdk/internal/module/IllegalAccessLogger done
Event: 11139.522 Loading class jdk/internal/module/IllegalAccessLogger
Event: 11139.522 Loading class jdk/internal/module/IllegalAccessLogger done
Event: 11158.898 Loading class jdk/internal/module/IllegalAccessLogger
Event: 11158.898 Loading class jdk/internal/module/IllegalAccessLogger done
Event: 12565.675 Loading class jdk/internal/module/IllegalAccessLogger
Event: 12565.675 Loading class jdk/internal/module/IllegalAccessLogger done

Classes unloaded (20 events):
Event: 3768.628 Thread 0x000001e37d2410a0 Unloading class 0x000001e33c014800 'java/lang/invoke/LambdaForm$MH+0x000001e33c014800'
Event: 3768.628 Thread 0x000001e37d2410a0 Unloading class 0x000001e33c00d800 'java/lang/invoke/LambdaForm$MH+0x000001e33c00d800'
Event: 3768.628 Thread 0x000001e37d2410a0 Unloading class 0x000001e33c00d400 'java/lang/invoke/LambdaForm$MH+0x000001e33c00d400'
Event: 3768.628 Thread 0x000001e37d2410a0 Unloading class 0x000001e33c00d000 'java/lang/invoke/LambdaForm$MH+0x000001e33c00d000'
Event: 3768.628 Thread 0x000001e37d2410a0 Unloading class 0x000001e33c00cc00 'java/lang/invoke/LambdaForm$MH+0x000001e33c00cc00'
Event: 3768.628 Thread 0x000001e37d2410a0 Unloading class 0x000001e33c00c800 'java/lang/invoke/LambdaForm$BMH+0x000001e33c00c800'
Event: 3768.628 Thread 0x000001e37d2410a0 Unloading class 0x000001e33c00c000 'java/lang/invoke/LambdaForm$DMH+0x000001e33c00c000'
Event: 3768.628 Thread 0x000001e37d2410a0 Unloading class 0x000001e33c008c00 'java/lang/invoke/LambdaForm$MH+0x000001e33c008c00'
Event: 3768.628 Thread 0x000001e37d2410a0 Unloading class 0x000001e33c008800 'java/lang/invoke/LambdaForm$MH+0x000001e33c008800'
Event: 3768.629 Thread 0x000001e37d2410a0 Unloading class 0x000001e33c008400 'java/lang/invoke/LambdaForm$MH+0x000001e33c008400'
Event: 3768.629 Thread 0x000001e37d2410a0 Unloading class 0x000001e33c007000 'java/lang/invoke/LambdaForm$MH+0x000001e33c007000'
Event: 3768.629 Thread 0x000001e37d2410a0 Unloading class 0x000001e33c006800 'java/lang/invoke/LambdaForm$MH+0x000001e33c006800'
Event: 3768.629 Thread 0x000001e37d2410a0 Unloading class 0x000001e33c006400 'java/lang/invoke/LambdaForm$MH+0x000001e33c006400'
Event: 3768.629 Thread 0x000001e37d2410a0 Unloading class 0x000001e33c006000 'java/lang/invoke/LambdaForm$MH+0x000001e33c006000'
Event: 3768.629 Thread 0x000001e37d2410a0 Unloading class 0x000001e33c005c00 'java/lang/invoke/LambdaForm$BMH+0x000001e33c005c00'
Event: 3768.629 Thread 0x000001e37d2410a0 Unloading class 0x000001e33c004800 'java/lang/invoke/LambdaForm$DMH+0x000001e33c004800'
Event: 3768.629 Thread 0x000001e37d2410a0 Unloading class 0x000001e33c002400 'java/lang/invoke/LambdaForm$MH+0x000001e33c002400'
Event: 3768.629 Thread 0x000001e37d2410a0 Unloading class 0x000001e33c002000 'java/lang/invoke/LambdaForm$MH+0x000001e33c002000'
Event: 3768.629 Thread 0x000001e37d2410a0 Unloading class 0x000001e33c001800 'java/lang/invoke/LambdaForm$MH+0x000001e33c001800'
Event: 3768.629 Thread 0x000001e37d2410a0 Unloading class 0x000001e33c000400 'java/lang/invoke/LambdaForm$MH+0x000001e33c000400'

Classes redefined (0 events):
No events

Internal exceptions (20 events):
Event: 4257.531 Thread 0x000001e30f0d4d00 Implicit null exception at 0x000001e32f2b7c98 to 0x000001e32f2b88f0
Event: 11119.259 Thread 0x000001e37e3c88e0 Exception <a 'sun/nio/fs/WindowsException'{0x00000000d56b0f88}> (0x00000000d56b0f88) 
thrown [s\src\hotspot\share\prims\jni.cpp, line 520]
Event: 11119.576 Thread 0x000001e37e3c88e0 Exception <a 'sun/nio/fs/WindowsException'{0x00000000d566c5e8}> (0x00000000d566c5e8) 
thrown [s\src\hotspot\share\prims\jni.cpp, line 520]
Event: 11124.957 Thread 0x000001e37e3c88e0 Exception <a 'sun/nio/fs/WindowsException'{0x00000000d56ee290}> (0x00000000d56ee290) 
thrown [s\src\hotspot\share\prims\jni.cpp, line 520]
Event: 11125.266 Thread 0x000001e37e3c88e0 Exception <a 'sun/nio/fs/WindowsException'{0x00000000d56dbb58}> (0x00000000d56dbb58) 
thrown [s\src\hotspot\share\prims\jni.cpp, line 520]
Event: 11134.028 Thread 0x000001e37e3c88e0 Exception <a 'sun/nio/fs/WindowsException'{0x00000000d5677120}> (0x00000000d5677120) 
thrown [s\src\hotspot\share\prims\jni.cpp, line 520]
Event: 11134.549 Thread 0x000001e37e3c88e0 Exception <a 'sun/nio/fs/WindowsException'{0x00000000d5668bb8}> (0x00000000d5668bb8) 
thrown [s\src\hotspot\share\prims\jni.cpp, line 520]
Event: 11139.401 Thread 0x000001e37e3c88e0 Exception <a 'sun/nio/fs/WindowsException'{0x00000000d5a8e560}> (0x00000000d5a8e560) 
thrown [s\src\hotspot\share\prims\jni.cpp, line 520]
Event: 11139.751 Thread 0x000001e37e3c88e0 Exception <a 'sun/nio/fs/WindowsException'{0x00000000d55f4af0}> (0x00000000d55f4af0) 
thrown [s\src\hotspot\share\prims\jni.cpp, line 520]
Event: 11158.730 Thread 0x000001e37e3c88e0 Exception <a 'sun/nio/fs/WindowsException'{0x00000000d5609fc0}> (0x00000000d5609fc0) 
thrown [s\src\hotspot\share\prims\jni.cpp, line 520]
Event: 11159.048 Thread 0x000001e37e3c88e0 Exception <a 'sun/nio/fs/WindowsException'{0x00000000d57edba0}> (0x00000000d57edba0) 
thrown [s\src\hotspot\share\prims\jni.cpp, line 520]
Event: 12360.761 Thread 0x000001e37f8ee530 Exception <a 'java/lang/IncompatibleClassChangeError'{0x00000000d562c538}: Found class java.lang.Object, but interface was expected> (0x00000000d562c538) 
thrown [s\src\hotspot\share\interpreter\linkResolver.cpp, line 840]
Event: 12360.761 Thread 0x000001e37f8ee530 Implicit null exception at 0x000001e32fae5c51 to 0x000001e32fae5ebc
Event: 12565.503 Thread 0x000001e37e3c88e0 Exception <a 'sun/nio/fs/WindowsException'{0x00000000d59defe0}> (0x00000000d59defe0) 
thrown [s\src\hotspot\share\prims\jni.cpp, line 520]
Event: 12565.909 Thread 0x000001e37e3c88e0 Exception <a 'sun/nio/fs/WindowsException'{0x00000000d5765910}> (0x00000000d5765910) 
thrown [s\src\hotspot\share\prims\jni.cpp, line 520]
Event: 12604.296 Thread 0x000001e37f8ee530 Exception <a 'java/lang/NoSuchMethodError'{0x00000000d58f5240}: 'void java.lang.invoke.DelegatingMethodHandle$Holder.reinvoke_L(java.lang.Object, java.lang.Object, int)'> (0x00000000d58f5240) 
thrown [s\src\hotspot\share\interpreter\linkResolver.cpp, line 773]
Event: 12604.317 Thread 0x000001e37f8ee530 Exception <a 'java/lang/IncompatibleClassChangeError'{0x00000000d5902160}: Found class java.lang.Object, but interface was expected> (0x00000000d5902160) 
thrown [s\src\hotspot\share\interpreter\linkResolver.cpp, line 840]
Event: 12604.855 Thread 0x000001e30f0d9bc0 Exception <a 'java/lang/NoSuchMethodError'{0x00000000d559cd80}: 'int java.lang.invoke.DirectMethodHandle$Holder.invokeVirtual(java.lang.Object, java.lang.Object, java.lang.Object, int)'> (0x00000000d559cd80) 
thrown [s\src\hotspot\share\interpreter\linkResolver.cpp, line 773]
Event: 12610.329 Thread 0x000001e30f0d9bc0 Implicit null exception at 0x000001e32fac1469 to 0x000001e32fac307c
Event: 12610.714 Thread 0x000001e30f0d9bc0 Exception <a 'java/lang/NoSuchMethodError'{0x00000000d5b48ba8}: 'java.lang.Object java.lang.invoke.DirectMethodHandle$Holder.invokeStatic(java.lang.Object, int, java.lang.Object)'> (0x00000000d5b48ba8) 
thrown [s\src\hotspot\share\interpreter\linkResolver.cpp, line 773]

ZGC Phase Switch (0 events):
No events

VM Operations (20 events):
Event: 14730.639 Executing VM operation: HandshakeAllThreads (HandshakeForDeflation)
Event: 14730.644 Executing VM operation: HandshakeAllThreads (HandshakeForDeflation) done
Event: 14730.644 Executing VM operation: RendezvousGCThreads
Event: 14730.644 Executing VM operation: RendezvousGCThreads done
Event: 16534.019 Executing VM operation: HandshakeAllThreads (HandshakeForDeflation)
Event: 16534.023 Executing VM operation: HandshakeAllThreads (HandshakeForDeflation) done
Event: 16534.023 Executing VM operation: RendezvousGCThreads
Event: 16534.023 Executing VM operation: RendezvousGCThreads done
Event: 16594.192 Executing VM operation: HandshakeAllThreads (HandshakeForDeflation)
Event: 16594.195 Executing VM operation: HandshakeAllThreads (HandshakeForDeflation) done
Event: 16594.195 Executing VM operation: RendezvousGCThreads
Event: 16594.195 Executing VM operation: RendezvousGCThreads done
Event: 16894.894 Executing VM operation: HandshakeAllThreads (HandshakeForDeflation)
Event: 16894.898 Executing VM operation: HandshakeAllThreads (HandshakeForDeflation) done
Event: 16894.899 Executing VM operation: RendezvousGCThreads
Event: 16894.900 Executing VM operation: RendezvousGCThreads done
Event: 16954.983 Executing VM operation: HandshakeAllThreads (HandshakeForDeflation)
Event: 16954.987 Executing VM operation: HandshakeAllThreads (HandshakeForDeflation) done
Event: 16954.988 Executing VM operation: RendezvousGCThreads
Event: 16954.988 Executing VM operation: RendezvousGCThreads done

Memory protections (0 events):
No events

Nmethod flushes (20 events):
Event: 4221.472 Thread 0x000001e37d2410a0 flushing  nmethod 0x000001e32a3b2c10
Event: 4221.472 Thread 0x000001e37d2410a0 flushing  nmethod 0x000001e32a3b6610
Event: 4221.472 Thread 0x000001e37d2410a0 flushing  nmethod 0x000001e32a3ba210
Event: 4221.472 Thread 0x000001e37d2410a0 flushing  nmethod 0x000001e32a3bea90
Event: 4221.472 Thread 0x000001e37d2410a0 flushing  nmethod 0x000001e32a3c2c90
Event: 4221.472 Thread 0x000001e37d2410a0 flushing  nmethod 0x000001e32a3cec90
Event: 4221.472 Thread 0x000001e37d2410a0 flushing  nmethod 0x000001e32a3d1f10
Event: 4221.472 Thread 0x000001e37d2410a0 flushing  nmethod 0x000001e32a3dec10
Event: 4221.472 Thread 0x000001e37d2410a0 flushing  nmethod 0x000001e32a3e0b90
Event: 4221.472 Thread 0x000001e37d2410a0 flushing  nmethod 0x000001e32a3e2110
Event: 4221.472 Thread 0x000001e37d2410a0 flushing  nmethod 0x000001e32a3e4b10
Event: 4221.472 Thread 0x000001e37d2410a0 flushing  nmethod 0x000001e32a3f8410
Event: 4221.472 Thread 0x000001e37d2410a0 flushing osr nmethod 0x000001e32a3fb410
Event: 4221.472 Thread 0x000001e37d2410a0 flushing  nmethod 0x000001e32a3fc210
Event: 4221.472 Thread 0x000001e37d2410a0 flushing  nmethod 0x000001e32a415510
Event: 4221.472 Thread 0x000001e37d2410a0 flushing  nmethod 0x000001e32a446e90
Event: 4221.472 Thread 0x000001e37d2410a0 flushing  nmethod 0x000001e32a462e90
Event: 4221.472 Thread 0x000001e37d2410a0 flushing  nmethod 0x000001e32a4a4810
Event: 4221.472 Thread 0x000001e37d2410a0 flushing  nmethod 0x000001e32a4a4e90
Event: 4221.472 Thread 0x000001e37d2410a0 flushing  nmethod 0x000001e32a5f0090

Events (20 events):
Event: 12865.620 Thread 0x000001e30f0d5a20 Thread exited: 0x000001e30f0d5a20
Event: 12874.661 Thread 0x000001e30f0d8810 Thread exited: 0x000001e30f0d8810
Event: 12934.667 Thread 0x000001e30f0d6740 Thread exited: 0x000001e30f0d6740
Event: 12994.675 Thread 0x000001e30f0d8ea0 Thread exited: 0x000001e30f0d8ea0
Event: 13049.132 Thread 0x000001e30713f610 Thread added: 0x000001e307141050
Event: 13109.139 Thread 0x000001e30f0d5390 Thread added: 0x000001e30713e260
Event: 13109.416 Thread 0x000001e30f0d3950 Thread exited: 0x000001e30f0d3950
Event: 13169.186 Thread 0x000001e30f0d5390 Thread exited: 0x000001e30f0d5390
Event: 13169.199 Thread 0x000001e30713f610 Thread exited: 0x000001e30713f610
Event: 13169.432 Thread 0x000001e30f0d3fe0 Thread exited: 0x000001e30f0d3fe0
Event: 13229.432 Thread 0x000001e30713fca0 Thread exited: 0x000001e30713fca0
Event: 13289.435 Thread 0x000001e30f0da250 Thread exited: 0x000001e30f0da250
Event: 13349.440 Thread 0x000001e30f0d4670 Thread exited: 0x000001e30f0d4670
Event: 13409.448 Thread 0x000001e30f0daf70 Thread exited: 0x000001e30f0daf70
Event: 13872.318 Thread 0x000001e37f8ee530 Thread added: 0x000001e30713ef80
Event: 13872.903 Thread 0x000001e30713e260 Thread added: 0x000001e307141d70
Event: 13872.957 Thread 0x000001e307141d70 Thread added: 0x000001e307142a90
Event: 13933.196 Thread 0x000001e30713ef80 Thread exited: 0x000001e30713ef80
Event: 13993.000 Thread 0x000001e30713e260 Thread exited: 0x000001e30713e260
Event: 13993.000 Thread 0x000001e307141d70 Thread exited: 0x000001e307141d70


Dynamic libraries:
0x00007ff7651f0000 - 0x00007ff7651fe000 	c:\Users\adity\.cursor\extensions\redhat.java-1.44.0-win32-x64\jre\21.0.8-win32-x86_64\bin\java.exe
0x00007ff8abac0000 - 0x00007ff8abd29000 	C:\WINDOWS\SYSTEM32\ntdll.dll
0x00007ff8aa910000 - 0x00007ff8aa9d9000 	C:\WINDOWS\System32\KERNEL32.DLL
0x00007ff8a8c50000 - 0x00007ff8a9043000 	C:\WINDOWS\System32\KERNELBASE.dll
0x00007ff8a9400000 - 0x00007ff8a954b000 	C:\WINDOWS\System32\ucrtbase.dll
0x00007ff88d200000 - 0x00007ff88d218000 	c:\Users\adity\.cursor\extensions\redhat.java-1.44.0-win32-x64\jre\21.0.8-win32-x86_64\bin\jli.dll
0x00007ff88d830000 - 0x00007ff88d84e000 	c:\Users\adity\.cursor\extensions\redhat.java-1.44.0-win32-x64\jre\21.0.8-win32-x86_64\bin\VCRUNTIME140.dll
0x00007ff8a9ca0000 - 0x00007ff8a9e64000 	C:\WINDOWS\System32\USER32.dll
0x00007ff88d930000 - 0x00007ff88dbc3000 	C:\WINDOWS\WinSxS\amd64_microsoft.windows.common-controls_6595b64144ccf1df_6.0.26100.5074_none_3e0d6f78e32fd63f\COMCTL32.dll
0x00007ff8a9110000 - 0x00007ff8a9137000 	C:\WINDOWS\System32\win32u.dll
0x00007ff8a99e0000 - 0x00007ff8a9a89000 	C:\WINDOWS\System32\msvcrt.dll
0x00007ff8a9890000 - 0x00007ff8a98bb000 	C:\WINDOWS\System32\GDI32.dll
0x00007ff8a9760000 - 0x00007ff8a988d000 	C:\WINDOWS\System32\gdi32full.dll
0x00007ff8a9350000 - 0x00007ff8a93f3000 	C:\WINDOWS\System32\msvcp_win.dll
0x00007ff8aac60000 - 0x00007ff8aac8f000 	C:\WINDOWS\System32\IMM32.DLL
0x00007ff8a3d10000 - 0x00007ff8a3d1c000 	c:\Users\adity\.cursor\extensions\redhat.java-1.44.0-win32-x64\jre\21.0.8-win32-x86_64\bin\vcruntime140_1.dll
0x00007ff8601a0000 - 0x00007ff86022d000 	c:\Users\adity\.cursor\extensions\redhat.java-1.44.0-win32-x64\jre\21.0.8-win32-x86_64\bin\msvcp140.dll
0x00007fffeec30000 - 0x00007fffef9c7000 	c:\Users\adity\.cursor\extensions\redhat.java-1.44.0-win32-x64\jre\21.0.8-win32-x86_64\bin\server\jvm.dll
0x00007ff8a9b50000 - 0x00007ff8a9c04000 	C:\WINDOWS\System32\ADVAPI32.dll
0x00007ff8ab550000 - 0x00007ff8ab5f6000 	C:\WINDOWS\System32\sechost.dll
0x00007ff8a98c0000 - 0x00007ff8a99d8000 	C:\WINDOWS\System32\RPCRT4.dll
0x00007ff8ab3f0000 - 0x00007ff8ab464000 	C:\WINDOWS\System32\WS2_32.dll
0x00007ff8a8ad0000 - 0x00007ff8a8b2e000 	C:\WINDOWS\SYSTEM32\POWRPROF.dll
0x00007ff8a0250000 - 0x00007ff8a025b000 	C:\WINDOWS\SYSTEM32\VERSION.dll
0x00007ff8a0210000 - 0x00007ff8a0245000 	C:\WINDOWS\SYSTEM32\WINMM.dll
0x00007ff8a8ab0000 - 0x00007ff8a8ac4000 	C:\WINDOWS\SYSTEM32\UMPDC.dll
0x00007ff8a7a00000 - 0x00007ff8a7a1b000 	C:\WINDOWS\SYSTEM32\kernel.appcore.dll
0x00007ff8a3cc0000 - 0x00007ff8a3cca000 	c:\Users\adity\.cursor\extensions\redhat.java-1.44.0-win32-x64\jre\21.0.8-win32-x86_64\bin\jimage.dll
0x00007ff893a70000 - 0x00007ff893cb2000 	C:\WINDOWS\SYSTEM32\DBGHELP.DLL
0x00007ff8ab6a0000 - 0x00007ff8aba1b000 	C:\WINDOWS\System32\combase.dll
0x00007ff8ab470000 - 0x00007ff8ab547000 	C:\WINDOWS\System32\OLEAUT32.dll
0x00007ff8737e0000 - 0x00007ff87381d000 	C:\WINDOWS\SYSTEM32\dbgcore.DLL
0x00007ff8a96c0000 - 0x00007ff8a9759000 	C:\WINDOWS\System32\bcryptPrimitives.dll
0x00007ff8a1cd0000 - 0x00007ff8a1cdf000 	c:\Users\adity\.cursor\extensions\redhat.java-1.44.0-win32-x64\jre\21.0.8-win32-x86_64\bin\instrument.dll
0x00007ff88afd0000 - 0x00007ff88afef000 	c:\Users\adity\.cursor\extensions\redhat.java-1.44.0-win32-x64\jre\21.0.8-win32-x86_64\bin\java.dll
0x00007ff8aaca0000 - 0x00007ff8ab3ed000 	C:\WINDOWS\System32\SHELL32.dll
0x00007ff8a9550000 - 0x00007ff8a96bc000 	C:\WINDOWS\System32\wintypes.dll
0x00007ff8a6890000 - 0x00007ff8a70e9000 	C:\WINDOWS\SYSTEM32\windows.storage.dll
0x00007ff8aab60000 - 0x00007ff8aac50000 	C:\WINDOWS\System32\SHCORE.dll
0x00007ff8a9ae0000 - 0x00007ff8a9b42000 	C:\WINDOWS\System32\shlwapi.dll
0x00007ff8a8b70000 - 0x00007ff8a8b99000 	C:\WINDOWS\SYSTEM32\profapi.dll
0x00007ff885770000 - 0x00007ff885788000 	c:\Users\adity\.cursor\extensions\redhat.java-1.44.0-win32-x64\jre\21.0.8-win32-x86_64\bin\zip.dll
0x00007ff89c270000 - 0x00007ff89c280000 	C:\Users\adity\.cursor\extensions\redhat.java-1.44.0-win32-x64\jre\21.0.8-win32-x86_64\bin\net.dll
0x00007ff8a0b00000 - 0x00007ff8a0c1f000 	C:\WINDOWS\SYSTEM32\WINHTTP.dll
0x00007ff8a7fb0000 - 0x00007ff8a801b000 	C:\WINDOWS\system32\mswsock.dll
0x00007ff88afb0000 - 0x00007ff88afc6000 	C:\Users\adity\.cursor\extensions\redhat.java-1.44.0-win32-x64\jre\21.0.8-win32-x86_64\bin\nio.dll
0x00007ff896d90000 - 0x00007ff896da0000 	c:\Users\adity\.cursor\extensions\redhat.java-1.44.0-win32-x64\jre\21.0.8-win32-x86_64\bin\verify.dll
0x00007ff860150000 - 0x00007ff860195000 	C:\Users\adity\AppData\Roaming\Cursor\User\globalStorage\redhat.java\1.44.0\config_win\org.eclipse.equinox.launcher\org.eclipse.equinox.launcher.win32.win32.x86_64_1.2.1400.v20250730-1736\eclipse_11913.dll
0x00007ff8a9e70000 - 0x00007ff8aa008000 	C:\WINDOWS\System32\ole32.dll
0x00007ff8a8250000 - 0x00007ff8a826b000 	C:\WINDOWS\SYSTEM32\CRYPTSP.dll
0x00007ff8a7960000 - 0x00007ff8a799b000 	C:\WINDOWS\system32\rsaenh.dll
0x00007ff8a8050000 - 0x00007ff8a807b000 	C:\WINDOWS\SYSTEM32\USERENV.dll
0x00007ff8a8b40000 - 0x00007ff8a8b66000 	C:\WINDOWS\SYSTEM32\bcrypt.dll
0x00007ff8a8270000 - 0x00007ff8a827c000 	C:\WINDOWS\SYSTEM32\CRYPTBASE.dll
0x00007ff8a73f0000 - 0x00007ff8a7424000 	C:\WINDOWS\SYSTEM32\IPHLPAPI.DLL
0x00007ff8aa900000 - 0x00007ff8aa90a000 	C:\WINDOWS\System32\NSI.dll
0x00007ff869c70000 - 0x00007ff869cb9000 	C:\Users\adity\AppData\Local\Temp\jna-92665259\jna4857709585667933577.dll
0x00007ff8aab50000 - 0x00007ff8aab58000 	C:\WINDOWS\System32\PSAPI.DLL
0x00007ff8a0450000 - 0x00007ff8a046e000 	C:\WINDOWS\SYSTEM32\dhcpcsvc6.DLL
0x00007ff8a0420000 - 0x00007ff8a0443000 	C:\WINDOWS\SYSTEM32\dhcpcsvc.DLL
0x00007ff894eb0000 - 0x00007ff894ebe000 	C:\Users\adity\.cursor\extensions\redhat.java-1.44.0-win32-x64\jre\21.0.8-win32-x86_64\bin\sunmscapi.dll
0x00007ff8a9140000 - 0x00007ff8a92b7000 	C:\WINDOWS\System32\CRYPT32.dll
0x00007ff8a8470000 - 0x00007ff8a84a0000 	C:\WINDOWS\SYSTEM32\ncrypt.dll
0x00007ff8a8420000 - 0x00007ff8a845f000 	C:\WINDOWS\SYSTEM32\NTASN1.dll
0x00007ff8a7480000 - 0x00007ff8a75a6000 	C:\WINDOWS\SYSTEM32\DNSAPI.dll
0x00007ff891210000 - 0x00007ff89121b000 	C:\Windows\System32\rasadhlp.dll
0x00007ff89db20000 - 0x00007ff89dba6000 	C:\WINDOWS\System32\fwpuclnt.dll
0x00007ff88f2c0000 - 0x00007ff88f2c9000 	C:\Users\adity\.cursor\extensions\redhat.java-1.44.0-win32-x64\jre\21.0.8-win32-x86_64\bin\extnet.dll

JVMTI agents:
c:\Users\adity\.cursor\extensions\redhat.java-1.44.0-win32-x64\lombok\lombok-1.18.39-4050.jar path:c:\Users\adity\.cursor\extensions\redhat.java-1.44.0-win32-x64\jre\21.0.8-win32-x86_64\bin\instrument.dll, loaded, initialized, instrumentlib options:none

dbghelp: loaded successfully - version: 4.0.5 - missing functions: none
symbol engine: initialized successfully - sym options: 0x614 - pdb path: .;c:\Users\adity\.cursor\extensions\redhat.java-1.44.0-win32-x64\jre\21.0.8-win32-x86_64\bin;C:\WINDOWS\SYSTEM32;C:\WINDOWS\WinSxS\amd64_microsoft.windows.common-controls_6595b64144ccf1df_6.0.26100.5074_none_3e0d6f78e32fd63f;c:\Users\adity\.cursor\extensions\redhat.java-1.44.0-win32-x64\jre\21.0.8-win32-x86_64\bin\server;C:\Users\adity\AppData\Roaming\Cursor\User\globalStorage\redhat.java\1.44.0\config_win\org.eclipse.equinox.launcher\org.eclipse.equinox.launcher.win32.win32.x86_64_1.2.1400.v20250730-1736;C:\Users\adity\AppData\Local\Temp\jna-92665259

VM Arguments:
jvm_args: --add-modules=ALL-SYSTEM --add-opens=java.base/java.util=ALL-UNNAMED --add-opens=java.base/java.lang=ALL-UNNAMED --add-opens=java.base/sun.nio.fs=ALL-UNNAMED -Declipse.application=org.eclipse.jdt.ls.core.id1 -Dosgi.bundles.defaultStartLevel=4 -Declipse.product=org.eclipse.jdt.ls.core.product -Djava.import.generatesMetadataFilesAtProjectRoot=false -DDetectVMInstallationsJob.disabled=true -Dfile.encoding=utf8 -XX:+UseParallelGC -XX:GCTimeRatio=4 -XX:AdaptiveSizePolicyWeight=90 -Dsun.zip.disableMemoryMapping=true -Xmx2G -Xms100m -Xlog:disable -javaagent:c:\Users\adity\.cursor\extensions\redhat.java-1.44.0-win32-x64\lombok\lombok-1.18.39-4050.jar -XX:+HeapDumpOnOutOfMemoryError -XX:HeapDumpPath=c:\Users\adity\AppData\Roaming\Cursor\User\workspaceStorage\6226155c966e5616d25e2a91ef816816\redhat.java -Daether.dependencyCollector.impl=bf 
java_command: c:\Users\adity\.cursor\extensions\redhat.java-1.44.0-win32-x64\server\plugins\org.eclipse.equinox.launcher_1.7.0.v20250519-0528.jar -configuration c:\Users\adity\AppData\Roaming\Cursor\User\globalStorage\redhat.java\1.44.0\config_win -data c:\Users\adity\AppData\Roaming\Cursor\User\workspaceStorage\6226155c966e5616d25e2a91ef816816\redhat.java\jdt_ws --pipe=\\.\pipe\lsp-abbb4bea62cf6ea66b3a830b10177e75-sock
java_class_path (initial): c:\Users\adity\.cursor\extensions\redhat.java-1.44.0-win32-x64\server\plugins\org.eclipse.equinox.launcher_1.7.0.v20250519-0528.jar
Launcher Type: SUN_STANDARD

[Global flags]
    uintx AdaptiveSizePolicyWeight                 = 90                                        {product} {command line}
     intx CICompilerCount                          = 4                                         {product} {ergonomic}
    uintx GCTimeRatio                              = 4                                         {product} {command line}
     bool HeapDumpOnOutOfMemoryError               = true                                   {manageable} {command line}
    ccstr HeapDumpPath                             = c:\Users\adity\AppData\Roaming\Cursor\User\workspaceStorage\6226155c966e5616d25e2a91ef816816\redhat.java         {manageable} {command line}
   size_t InitialHeapSize                          = 104857600                                 {product} {command line}
   size_t MaxHeapSize                              = 2147483648                                {product} {command line}
   size_t MaxNewSize                               = 715653120                                 {product} {ergonomic}
   size_t MinHeapDeltaBytes                        = 524288                                    {product} {ergonomic}
   size_t MinHeapSize                              = 104857600                                 {product} {command line}
   size_t NewSize                                  = 34603008                                  {product} {ergonomic}
    uintx NonNMethodCodeHeapSize                   = 5839372                                {pd product} {ergonomic}
    uintx NonProfiledCodeHeapSize                  = 122909434                              {pd product} {ergonomic}
   size_t OldSize                                  = 70254592                                  {product} {ergonomic}
    uintx ProfiledCodeHeapSize                     = 122909434                              {pd product} {ergonomic}
    uintx ReservedCodeCacheSize                    = 251658240                              {pd product} {ergonomic}
     bool SegmentedCodeCache                       = true                                      {product} {ergonomic}
   size_t SoftMaxHeapSize                          = 2147483648                             {manageable} {ergonomic}
     bool UseCompressedOops                        = true                           {product lp64_product} {ergonomic}
     bool UseLargePagesIndividualAllocation        = false                                  {pd product} {ergonomic}
     bool UseParallelGC                            = true                                      {product} {command line}

Logging:
Log output configuration:
 #0: stdout all=off uptime,level,tags foldmultilines=false
 #1: stderr all=off uptime,level,tags foldmultilines=false

Environment Variables:
JAVA_HOME=C:\Program Files\Java\jdk-17
PATH=C:\app\adity\product\21c\dbhomeXE\bin;C:\WINDOWS\system32;C:\WINDOWS;C:\WINDOWS\System32\Wbem;C:\WINDOWS\System32\WindowsPowerShell\v1.0\;C:\WINDOWS\System32\OpenSSH\;C:\Program Files\Apache\maven\bin;C:\Program Files\Java\jdk-17\bin;C:\Program Files\nodejs\;C:\ProgramData\chocolatey\bin;C:\Users\adity\AppData\Roaming\npm;C:\Program Files\Git\cmd;C:\Program Files\Git\bin;C:\Program Files\dotnet\;C:\ProgramData\anaconda3;C:\ProgramData\anaconda3\Scripts;C:\ProgramData\anaconda3\Library\bin;C:\Program Files\GitHub CLI\;C:\Program Files\MongoDB\Server\8.0\bin;c:\Users\adity\AppData\Local\Programs\cursor\resources\app\bin;C:\php-8.3.23;C:\Users\adity\kotlin-compiler-2.2.0\kotlinc\bin;C:\Users\adity\AppData\Local\Android\Sdk\platform-tools;C:\Program Files\PostgreSQL\17\bin;;C:\Program Files\Docker\Docker\resources\bin;C:\ProgramData\anaconda3\condabin;C:\WINDOWS\system32;C:\WINDOWS;C:\WINDOWS\System32\Wbem;C:\WINDOWS\System32\WindowsPowerShell\v1.0\;C:\WINDOWS\System32\OpenSSH\;C:\Program Files\Apache\maven\bin;C:\Program Files\Java\jdk-17\bin;C:\Program Files\nodejs\;C:\ProgramData\chocolatey\bin;C:\Users\adity\AppData\Roaming\npm;C:\Program Files\Git\cmd;C:\Program Files\Git\bin;C:\Program Files\dotnet\;C:\ProgramData\anaconda3;C:\ProgramData\anaconda3\Scripts;C:\ProgramData\anaconda3\Library\bin;C:\Program Files\GitHub CLI\;C:\Program Files\MongoDB\Server\8.0\bin;C:\Users\adity\AppData\Local\Programs\Python\Python313\Scripts\;C:\Users\adity\AppData\Local\Programs\Python\Python313\;C:\Users\adity\AppData\Local\Programs\Python\Launcher\;C:\Users\adity\AppData\Local\Programs\Microsoft VS Code\bin;C:\Users\adity\.foundry\bin;C:\src\flutter\bin;C:\Users\adity\.dotnet\tools;C:\Users\adity\AppData\Loca;C:\Users\adity\AppData\Local\Muse Hub\lib;C:\Users\adity\AppData\Local\Programs\cursor\resources\app\bin;C:\Users\adity\kotlin-compiler-2.2.0\kotlinc\bin;
USERNAME=adity
OS=Windows_NT
PROCESSOR_IDENTIFIER=AMD64 Family 25 Model 80 Stepping 0, AuthenticAMD
TMP=C:\Users\adity\AppData\Local\Temp
TEMP=C:\Users\adity\AppData\Local\Temp




Periodic native trim disabled

---------------  S Y S T E M  ---------------

OS:
 Windows 11 , 64 bit Build 26100 (10.0.26100.5074)
OS uptime: 0 days 7:15 hours
Hyper-V role detected

CPU: total 12 (initial active 12) (12 cores per cpu, 2 threads per core) family 25 model 80 stepping 0 microcode 0xa50000c, cx8, cmov, fxsr, ht, mmx, 3dnowpref, sse, sse2, sse3, ssse3, sse4a, sse4.1, sse4.2, popcnt, lzcnt, tsc, tscinvbit, avx, avx2, aes, erms, clmul, bmi1, bmi2, adx, sha, fma, vzeroupper, clflush, clflushopt, hv, rdtscp, rdpid, fsrm, f16c, cet_ss
Processor Information for processor 0
  Max Mhz: 3301, Current Mhz: 3301, Mhz Limit: 3301
Processor Information for processor 1
  Max Mhz: 3301, Current Mhz: 3301, Mhz Limit: 3301
Processor Information for processor 2
  Max Mhz: 3301, Current Mhz: 2011, Mhz Limit: 3301
Processor Information for processor 3
  Max Mhz: 3301, Current Mhz: 2011, Mhz Limit: 3301
Processor Information for processor 4
  Max Mhz: 3301, Current Mhz: 2011, Mhz Limit: 3301
Processor Information for processor 5
  Max Mhz: 3301, Current Mhz: 2011, Mhz Limit: 3301
Processor Information for processor 6
  Max Mhz: 3301, Current Mhz: 2011, Mhz Limit: 3301
Processor Information for processor 7
  Max Mhz: 3301, Current Mhz: 2011, Mhz Limit: 3301
Processor Information for processor 8
  Max Mhz: 3301, Current Mhz: 2011, Mhz Limit: 3301
Processor Information for processor 9
  Max Mhz: 3301, Current Mhz: 2011, Mhz Limit: 3301
Processor Information for processor 10
  Max Mhz: 3301, Current Mhz: 2011, Mhz Limit: 3301
Processor Information for processor 11
  Max Mhz: 3301, Current Mhz: 2011, Mhz Limit: 3301

Memory: 4k page, system-wide physical 5996M (391M free)
TotalPageFile size 24428M (AvailPageFile size 3M)
current process WorkingSet (physical memory assigned to process): 7M, peak: 1112M
current process commit charge ("private bytes"): 1352M, peak: 1777M

vm_info: OpenJDK 64-Bit Server VM (21.0.8+9-LTS) for windows-amd64 JRE (21.0.8+9-LTS), built on 2025-07-15T00:00:00Z by "admin" with MS VC++ 17.7 (VS2022)

END.
