#
# There is insufficient memory for the Java Runtime Environment to continue.
# Native memory allocation (malloc) failed to allocate 993296 bytes for Chunk::new
# Possible reasons:
#   The system is out of physical RAM or swap space
#   The process is running with CompressedOops enabled, and the Java Heap may be blocking the growth of the native heap
# Possible solutions:
#   Reduce memory load on the system
#   Increase physical memory or swap space
#   Check if swap backing store is full
#   Decrease Java heap size (-Xmx/-Xms)
#   Decrease number of Java threads
#   Decrease Java thread stack sizes (-Xss)
#   Set larger code cache with -XX:ReservedCodeCacheSize=
#   JVM is running with Unscaled Compressed Oops mode in which the Java heap is
#     placed in the first 4GB address space. The Java Heap base address is the
#     maximum limit for the native heap growth. Please use -XX:HeapBaseMinAddress
#     to set the Java Heap base and to place the Java Heap above 4GB virtual address.
# This output file may be truncated or incomplete.
#
#  Out of Memory Error (arena.cpp:189), pid=21416, tid=19012
#
# JRE version: Java(TM) SE Runtime Environment (17.0.12+8) (build 17.0.12+8-LTS-286)
# Java VM: Java HotSpot(TM) 64-Bit Server VM (17.0.12+8-LTS-286, mixed mode, sharing, tiered, compressed oops, compressed class ptrs, g1 gc, windows-amd64)
# No core dump will be written. Minidumps are not enabled by default on client versions of Windows
#

---------------  S U M M A R Y ------------

Command Line: -XX:+ShowCodeDetailsInExceptionMessages -Dspring.jmx.enabled=true -Dmanagement.endpoints.jmx.exposure.include=* -Dspring.application.admin.enabled=true -Dspring.boot.project.name=farmconnect-backend -Djava.rmi.server.hostname=localhost -Dcom.sun.management.jmxremote.port=45557 -Dcom.sun.management.jmxremote.authenticate=false -Dcom.sun.management.jmxremote.ssl=false com.farmconnect.farmconnectbackend.FarmconnectBackendApplication

Host: AMD Ryzen 5 5600H with Radeon Graphics         , 12 cores, 5G,  Windows 11 , 64 bit Build 26100 (10.0.26100.5074)
Time: Mon Sep  1 09:55:35 2025 India Standard Time elapsed time: 9.715073 seconds (0d 0h 0m 9s)

---------------  T H R E A D  ---------------

Current thread (0x000001d24729eb20):  JavaThread "C2 CompilerThread1" daemon [_thread_in_native, id=19012, stack(0x0000007127c00000,0x0000007127d00000)]


Current CompileTask:
C2:   9715 5110   !   4       jdk.internal.loader.BuiltinClassLoader::loadClassOrNull (143 bytes)

Stack: [0x0000007127c00000,0x0000007127d00000]
Native frames: (J=compiled Java code, j=interpreted, Vv=VM code, C=native code)
V  [jvm.dll+0x67a04a]
V  [jvm.dll+0x7da4ed]
V  [jvm.dll+0x7dbe33]
V  [jvm.dll+0x7dc4a3]
V  [jvm.dll+0x24508f]
V  [jvm.dll+0xab773]
V  [jvm.dll+0xabd3c]
V  [jvm.dll+0x2aa52f]
V  [jvm.dll+0x581eb9]
V  [jvm.dll+0x21f422]
V  [jvm.dll+0x21f81f]
V  [jvm.dll+0x218aa0]
V  [jvm.dll+0x215b65]
V  [jvm.dll+0x1a2960]
V  [jvm.dll+0x22610b]
V  [jvm.dll+0x2242ab]
V  [jvm.dll+0x79075c]
V  [jvm.dll+0x78abea]
V  [jvm.dll+0x678f35]
C  [ucrtbase.dll+0x37b0]
C  [KERNEL32.DLL+0x2e8d7]
C  [ntdll.dll+0x8d9c]


---------------  P R O C E S S  ---------------

Threads class SMR info:
_java_thread_list=0x000001d24a34cef0, length=25, elements={
0x000001d262a18250, 0x000001d27fb811f0, 0x000001d27fb81db0, 0x000001d27fb980a0,
0x000001d27fb98a60, 0x000001d27fb99420, 0x000001d27fb9adf0, 0x000001d27fb9dba0,
0x000001d27fbb6670, 0x000001d27fbba570, 0x000001d24707d3c0, 0x000001d247122ac0,
0x000001d2477046e0, 0x000001d247703000, 0x000001d247703a60, 0x000001d24743b580,
0x000001d247fdcd70, 0x000001d248138a70, 0x000001d248138050, 0x000001d248138560,
0x000001d24813ade0, 0x000001d248138f80, 0x000001d248139eb0, 0x000001d24813a3c0,
0x000001d24729eb20
}

Java Threads: ( => current thread )
  0x000001d262a18250 JavaThread "main" [_thread_blocked, id=16392, stack(0x0000007125100000,0x0000007125200000)]
  0x000001d27fb811f0 JavaThread "Reference Handler" daemon [_thread_blocked, id=20264, stack(0x0000007125800000,0x0000007125900000)]
  0x000001d27fb81db0 JavaThread "Finalizer" daemon [_thread_blocked, id=14440, stack(0x0000007125900000,0x0000007125a00000)]
  0x000001d27fb980a0 JavaThread "Signal Dispatcher" daemon [_thread_blocked, id=20228, stack(0x0000007125a00000,0x0000007125b00000)]
  0x000001d27fb98a60 JavaThread "Attach Listener" daemon [_thread_blocked, id=17168, stack(0x0000007125b00000,0x0000007125c00000)]
  0x000001d27fb99420 JavaThread "Service Thread" daemon [_thread_blocked, id=15208, stack(0x0000007125c00000,0x0000007125d00000)]
  0x000001d27fb9adf0 JavaThread "Monitor Deflation Thread" daemon [_thread_blocked, id=18000, stack(0x0000007125d00000,0x0000007125e00000)]
  0x000001d27fb9dba0 JavaThread "C2 CompilerThread0" daemon [_thread_in_native, id=15172, stack(0x0000007125e00000,0x0000007125f00000)]
  0x000001d27fbb6670 JavaThread "C1 CompilerThread0" daemon [_thread_blocked, id=12524, stack(0x0000007125f00000,0x0000007126000000)]
  0x000001d27fbba570 JavaThread "Sweeper thread" daemon [_thread_blocked, id=8656, stack(0x0000007126000000,0x0000007126100000)]
  0x000001d24707d3c0 JavaThread "Common-Cleaner" daemon [_thread_blocked, id=11100, stack(0x0000007126100000,0x0000007126200000)]
  0x000001d247122ac0 JavaThread "Notification Thread" daemon [_thread_blocked, id=5312, stack(0x0000007126200000,0x0000007126300000)]
  0x000001d2477046e0 JavaThread "RMI TCP Accept-0" daemon [_thread_in_native, id=3024, stack(0x0000007126300000,0x0000007126400000)]
  0x000001d247703000 JavaThread "RMI TCP Accept-45557" daemon [_thread_in_native, id=20016, stack(0x0000007126400000,0x0000007126500000)]
  0x000001d247703a60 JavaThread "RMI TCP Accept-0" daemon [_thread_in_native, id=14280, stack(0x0000007126500000,0x0000007126600000)]
  0x000001d24743b580 JavaThread "RMI TCP Connection(1)-127.0.0.1" daemon [_thread_in_native, id=19464, stack(0x0000007126700000,0x0000007126800000)]
  0x000001d247fdcd70 JavaThread "RMI Scheduler(0)" daemon [_thread_blocked, id=8488, stack(0x0000007126800000,0x0000007126900000)]
  0x000001d248138a70 JavaThread "RMI TCP Connection(2)-127.0.0.1" daemon [_thread_in_native, id=8684, stack(0x0000007126900000,0x0000007126a00000)]
  0x000001d248138050 JavaThread "JMX server connection timeout 22" daemon [_thread_blocked, id=22216, stack(0x0000007127200000,0x0000007127300000)]
  0x000001d248138560 JavaThread "Thread-0" [_thread_blocked, id=17844, stack(0x0000007127300000,0x0000007127400000)]
  0x000001d24813ade0 JavaThread "restartedMain" [_thread_in_Java, id=19920, stack(0x0000007127400000,0x0000007127500000)]
  0x000001d248138f80 JavaThread "Catalina-utility-1" [_thread_blocked, id=6124, stack(0x0000007127700000,0x0000007127800000)]
  0x000001d248139eb0 JavaThread "Catalina-utility-2" [_thread_blocked, id=7944, stack(0x0000007127a00000,0x0000007127b00000)]
  0x000001d24813a3c0 JavaThread "container-0" [_thread_blocked, id=1440, stack(0x0000007127b00000,0x0000007127c00000)]
=>0x000001d24729eb20 JavaThread "C2 CompilerThread1" daemon [_thread_in_native, id=19012, stack(0x0000007127c00000,0x0000007127d00000)]

Other Threads:
  0x000001d27fb7b340 VMThread "VM Thread" [stack: 0x0000007125700000,0x0000007125800000] [id=10360]
  0x000001d262a959d0 WatcherThread [stack: 0x0000007126600000,0x0000007126700000] [id=21532]
  0x000001d262a6d5c0 GCTaskThread "GC Thread#0" [stack: 0x0000007125200000,0x0000007125300000] [id=20828]
  0x000001d24849a620 GCTaskThread "GC Thread#1" [stack: 0x0000007126a00000,0x0000007126b00000] [id=6524]
  0x000001d24793a0a0 GCTaskThread "GC Thread#2" [stack: 0x0000007126b00000,0x0000007126c00000] [id=4080]
  0x000001d24793a360 GCTaskThread "GC Thread#3" [stack: 0x0000007126c00000,0x0000007126d00000] [id=9560]
  0x000001d24793a620 GCTaskThread "GC Thread#4" [stack: 0x0000007126d00000,0x0000007126e00000] [id=18780]
  0x000001d2481dd7f0 GCTaskThread "GC Thread#5" [stack: 0x0000007126e00000,0x0000007126f00000] [id=3456]
  0x000001d2481dca30 GCTaskThread "GC Thread#6" [stack: 0x0000007126f00000,0x0000007127000000] [id=20724]
  0x000001d2481dccf0 GCTaskThread "GC Thread#7" [stack: 0x0000007127000000,0x0000007127100000] [id=8628]
  0x000001d2481dcfb0 GCTaskThread "GC Thread#8" [stack: 0x0000007127500000,0x0000007127600000] [id=20532]
  0x000001d2481dd270 GCTaskThread "GC Thread#9" [stack: 0x0000007127600000,0x0000007127700000] [id=21360]
  0x000001d262a7ad60 ConcurrentGCThread "G1 Main Marker" [stack: 0x0000007125300000,0x0000007125400000] [id=20952]
  0x000001d262a7b770 ConcurrentGCThread "G1 Conc#0" [stack: 0x0000007125400000,0x0000007125500000] [id=20844]
  0x000001d2481ddd70 ConcurrentGCThread "G1 Conc#1" [stack: 0x0000007127800000,0x0000007127900000] [id=21384]
  0x000001d2481de030 ConcurrentGCThread "G1 Conc#2" [stack: 0x0000007127900000,0x0000007127a00000] [id=21524]
  0x000001d262abe950 ConcurrentGCThread "G1 Refine#0" [stack: 0x0000007125500000,0x0000007125600000] [id=21348]
  0x000001d24793ace0 ConcurrentGCThread "G1 Refine#1" [stack: 0x0000007127100000,0x0000007127200000] [id=14532]
  0x000001d27fa384e0 ConcurrentGCThread "G1 Service" [stack: 0x0000007125600000,0x0000007125700000] [id=10544]

Threads with active compile tasks:
C2 CompilerThread0     9741 5154 %     4       sun.security.provider.SHA2::implCompress0 @ 27 (490 bytes)
C2 CompilerThread1     9741 5110   !   4       jdk.internal.loader.BuiltinClassLoader::loadClassOrNull (143 bytes)

VM state: not at safepoint (normal execution)

VM Mutex/Monitor currently owned by a thread: None

Heap address: 0x00000000a2400000, size: 1500 MB, Compressed Oops mode: 32-bit

CDS archive(s) mapped at: [0x000001d202000000-0x000001d202bd0000-0x000001d202bd0000), size 12386304, SharedBaseAddress: 0x000001d202000000, ArchiveRelocationMode: 1.
Compressed class space mapped at: 0x000001d203000000-0x000001d243000000, reserved size: 1073741824
Narrow klass base: 0x000001d202000000, Narrow klass shift: 0, Narrow klass range: 0x100000000

GC Precious Log:
 CPUs: 12 total, 12 available
 Memory: 5996M
 Large Page Support: Disabled
 NUMA Support: Disabled
 Compressed Oops: Enabled (32-bit)
 Heap Region Size: 1M
 Heap Min Capacity: 8M
 Heap Initial Capacity: 94M
 Heap Max Capacity: 1500M
 Pre-touch: Disabled
 Parallel Workers: 10
 Concurrent Workers: 3
 Concurrent Refinement Workers: 10
 Periodic GC: Disabled

Heap:
 garbage-first heap   total 61440K, used 31331K [0x00000000a2400000, 0x0000000100000000)
  region size 1024K, 8 young (8192K), 2 survivors (2048K)
 Metaspace       used 49355K, committed 49856K, reserved 1114112K
  class space    used 6656K, committed 6912K, reserved 1048576K

Heap Regions: E=young(eden), S=young(survivor), O=old, HS=humongous(starts), HC=humongous(continues), CS=collection set, F=free, OA=open archive, CA=closed archive, TAMS=top-at-mark-start (previous, next)
|   0|0x00000000a2400000, 0x00000000a2500000, 0x00000000a2500000|100%|HS|  |TAMS 0x00000000a2500000, 0x00000000a2400000| Complete 
|   1|0x00000000a2500000, 0x00000000a2600000, 0x00000000a2600000|100%|HS|  |TAMS 0x00000000a2600000, 0x00000000a2500000| Complete 
|   2|0x00000000a2600000, 0x00000000a2700000, 0x00000000a2700000|100%| O|  |TAMS 0x00000000a2700000, 0x00000000a2600000| Untracked 
|   3|0x00000000a2700000, 0x00000000a2800000, 0x00000000a2800000|100%| O|  |TAMS 0x00000000a2800000, 0x00000000a2700000| Untracked 
|   4|0x00000000a2800000, 0x00000000a2900000, 0x00000000a2900000|100%| O|  |TAMS 0x00000000a2900000, 0x00000000a2800000| Untracked 
|   5|0x00000000a2900000, 0x00000000a2a00000, 0x00000000a2a00000|100%| O|  |TAMS 0x00000000a2a00000, 0x00000000a2900000| Untracked 
|   6|0x00000000a2a00000, 0x00000000a2b00000, 0x00000000a2b00000|100%| O|  |TAMS 0x00000000a2b00000, 0x00000000a2a00000| Untracked 
|   7|0x00000000a2b00000, 0x00000000a2c00000, 0x00000000a2c00000|100%| O|  |TAMS 0x00000000a2c00000, 0x00000000a2b00000| Untracked 
|   8|0x00000000a2c00000, 0x00000000a2d00000, 0x00000000a2d00000|100%| O|  |TAMS 0x00000000a2d00000, 0x00000000a2c00000| Untracked 
|   9|0x00000000a2d00000, 0x00000000a2e00000, 0x00000000a2e00000|100%| O|  |TAMS 0x00000000a2e00000, 0x00000000a2d00000| Untracked 
|  10|0x00000000a2e00000, 0x00000000a2e79400, 0x00000000a2f00000| 47%| O|  |TAMS 0x00000000a2e79400, 0x00000000a2e00000| Untracked 
|  11|0x00000000a2f00000, 0x00000000a3000000, 0x00000000a3000000|100%| O|  |TAMS 0x00000000a3000000, 0x00000000a2f00000| Untracked 
|  12|0x00000000a3000000, 0x00000000a3100000, 0x00000000a3100000|100%| O|  |TAMS 0x00000000a3100000, 0x00000000a3000000| Untracked 
|  13|0x00000000a3100000, 0x00000000a3200000, 0x00000000a3200000|100%| O|  |TAMS 0x00000000a3200000, 0x00000000a3100000| Untracked 
|  14|0x00000000a3200000, 0x00000000a3300000, 0x00000000a3300000|100%| O|  |TAMS 0x00000000a3300000, 0x00000000a3200000| Untracked 
|  15|0x00000000a3300000, 0x00000000a3400000, 0x00000000a3400000|100%| O|  |TAMS 0x00000000a3400000, 0x00000000a3300000| Untracked 
|  16|0x00000000a3400000, 0x00000000a3500000, 0x00000000a3500000|100%| O|  |TAMS 0x00000000a3500000, 0x00000000a3400000| Untracked 
|  17|0x00000000a3500000, 0x00000000a3600000, 0x00000000a3600000|100%| O|  |TAMS 0x00000000a3600000, 0x00000000a3500000| Untracked 
|  18|0x00000000a3600000, 0x00000000a3700000, 0x00000000a3700000|100%| O|  |TAMS 0x00000000a36a3c00, 0x00000000a3600000| Untracked 
|  19|0x00000000a3700000, 0x00000000a3800000, 0x00000000a3800000|100%| O|  |TAMS 0x00000000a3700000, 0x00000000a3700000| Untracked 
|  20|0x00000000a3800000, 0x00000000a3900000, 0x00000000a3900000|100%| O|  |TAMS 0x00000000a3900000, 0x00000000a3800000| Untracked 
|  21|0x00000000a3900000, 0x00000000a3a00000, 0x00000000a3a00000|100%| O|  |TAMS 0x00000000a3900000, 0x00000000a3900000| Untracked 
|  22|0x00000000a3a00000, 0x00000000a3b00000, 0x00000000a3b00000|100%| O|  |TAMS 0x00000000a3a00000, 0x00000000a3a00000| Untracked 
|  23|0x00000000a3b00000, 0x00000000a3c00000, 0x00000000a3c00000|100%| O|  |TAMS 0x00000000a3b00000, 0x00000000a3b00000| Untracked 
|  24|0x00000000a3c00000, 0x00000000a3d00000, 0x00000000a3d00000|100%| O|  |TAMS 0x00000000a3c00000, 0x00000000a3c00000| Untracked 
|  25|0x00000000a3d00000, 0x00000000a3dc3600, 0x00000000a3e00000| 76%| O|  |TAMS 0x00000000a3d00000, 0x00000000a3d00000| Untracked 
|  26|0x00000000a3e00000, 0x00000000a3e00000, 0x00000000a3f00000|  0%| F|  |TAMS 0x00000000a3e00000, 0x00000000a3e00000| Untracked 
|  27|0x00000000a3f00000, 0x00000000a3f00000, 0x00000000a4000000|  0%| F|  |TAMS 0x00000000a3f00000, 0x00000000a3f00000| Untracked 
|  28|0x00000000a4000000, 0x00000000a4000000, 0x00000000a4100000|  0%| F|  |TAMS 0x00000000a4000000, 0x00000000a4000000| Untracked 
|  29|0x00000000a4100000, 0x00000000a4100000, 0x00000000a4200000|  0%| F|  |TAMS 0x00000000a4100000, 0x00000000a4100000| Untracked 
|  30|0x00000000a4200000, 0x00000000a4200000, 0x00000000a4300000|  0%| F|  |TAMS 0x00000000a4200000, 0x00000000a4200000| Untracked 
|  31|0x00000000a4300000, 0x00000000a4300000, 0x00000000a4400000|  0%| F|  |TAMS 0x00000000a4300000, 0x00000000a4300000| Untracked 
|  32|0x00000000a4400000, 0x00000000a4400000, 0x00000000a4500000|  0%| F|  |TAMS 0x00000000a4400000, 0x00000000a4400000| Untracked 
|  33|0x00000000a4500000, 0x00000000a4500000, 0x00000000a4600000|  0%| F|  |TAMS 0x00000000a4500000, 0x00000000a4500000| Untracked 
|  34|0x00000000a4600000, 0x00000000a4600000, 0x00000000a4700000|  0%| F|  |TAMS 0x00000000a4600000, 0x00000000a4600000| Untracked 
|  35|0x00000000a4700000, 0x00000000a4700000, 0x00000000a4800000|  0%| F|  |TAMS 0x00000000a4700000, 0x00000000a4700000| Untracked 
|  36|0x00000000a4800000, 0x00000000a4800000, 0x00000000a4900000|  0%| F|  |TAMS 0x00000000a4800000, 0x00000000a4800000| Untracked 
|  37|0x00000000a4900000, 0x00000000a495c558, 0x00000000a4a00000| 36%| S|CS|TAMS 0x00000000a4900000, 0x00000000a4900000| Complete 
|  38|0x00000000a4a00000, 0x00000000a4b00000, 0x00000000a4b00000|100%| S|CS|TAMS 0x00000000a4a00000, 0x00000000a4a00000| Complete 
|  39|0x00000000a4b00000, 0x00000000a4b00000, 0x00000000a4c00000|  0%| F|  |TAMS 0x00000000a4b00000, 0x00000000a4b00000| Untracked 
|  40|0x00000000a4c00000, 0x00000000a4c00000, 0x00000000a4d00000|  0%| F|  |TAMS 0x00000000a4c00000, 0x00000000a4c00000| Untracked 
|  41|0x00000000a4d00000, 0x00000000a4d00000, 0x00000000a4e00000|  0%| F|  |TAMS 0x00000000a4d00000, 0x00000000a4d00000| Untracked 
|  42|0x00000000a4e00000, 0x00000000a4e00000, 0x00000000a4f00000|  0%| F|  |TAMS 0x00000000a4e00000, 0x00000000a4e00000| Untracked 
|  43|0x00000000a4f00000, 0x00000000a4f00000, 0x00000000a5000000|  0%| F|  |TAMS 0x00000000a4f00000, 0x00000000a4f00000| Untracked 
|  44|0x00000000a5000000, 0x00000000a5000000, 0x00000000a5100000|  0%| F|  |TAMS 0x00000000a5000000, 0x00000000a5000000| Untracked 
|  45|0x00000000a5100000, 0x00000000a5100000, 0x00000000a5200000|  0%| F|  |TAMS 0x00000000a5100000, 0x00000000a5100000| Untracked 
|  46|0x00000000a5200000, 0x00000000a5200000, 0x00000000a5300000|  0%| F|  |TAMS 0x00000000a5200000, 0x00000000a5200000| Untracked 
|  47|0x00000000a5300000, 0x00000000a5300000, 0x00000000a5400000|  0%| F|  |TAMS 0x00000000a5300000, 0x00000000a5300000| Untracked 
|  48|0x00000000a5400000, 0x00000000a5400000, 0x00000000a5500000|  0%| F|  |TAMS 0x00000000a5400000, 0x00000000a5400000| Untracked 
|  49|0x00000000a5500000, 0x00000000a5500000, 0x00000000a5600000|  0%| F|  |TAMS 0x00000000a5500000, 0x00000000a5500000| Untracked 
|  50|0x00000000a5600000, 0x00000000a5600000, 0x00000000a5700000|  0%| F|  |TAMS 0x00000000a5600000, 0x00000000a5600000| Untracked 
|  51|0x00000000a5700000, 0x00000000a5700000, 0x00000000a5800000|  0%| F|  |TAMS 0x00000000a5700000, 0x00000000a5700000| Untracked 
|  52|0x00000000a5800000, 0x00000000a5800000, 0x00000000a5900000|  0%| F|  |TAMS 0x00000000a5800000, 0x00000000a5800000| Untracked 
|  53|0x00000000a5900000, 0x00000000a5900000, 0x00000000a5a00000|  0%| F|  |TAMS 0x00000000a5900000, 0x00000000a5900000| Untracked 
|  54|0x00000000a5a00000, 0x00000000a5a66b88, 0x00000000a5b00000| 40%| E|  |TAMS 0x00000000a5a00000, 0x00000000a5a00000| Complete 
|  55|0x00000000a5b00000, 0x00000000a5c00000, 0x00000000a5c00000|100%| E|CS|TAMS 0x00000000a5b00000, 0x00000000a5b00000| Complete 
|  85|0x00000000a7900000, 0x00000000a7a00000, 0x00000000a7a00000|100%| E|CS|TAMS 0x00000000a7900000, 0x00000000a7900000| Complete 
|  86|0x00000000a7a00000, 0x00000000a7b00000, 0x00000000a7b00000|100%| E|CS|TAMS 0x00000000a7a00000, 0x00000000a7a00000| Complete 
|  87|0x00000000a7b00000, 0x00000000a7c00000, 0x00000000a7c00000|100%| E|  |TAMS 0x00000000a7b00000, 0x00000000a7b00000| Complete 
|  93|0x00000000a8100000, 0x00000000a8200000, 0x00000000a8200000|100%| E|CS|TAMS 0x00000000a8100000, 0x00000000a8100000| Complete 

Card table byte_map: [0x000001d27ba20000,0x000001d27bd10000] _byte_map_base: 0x000001d27b50e000

Marking Bits (Prev, Next): (CMBitMap*) 0x000001d262a6dbe0, (CMBitMap*) 0x000001d262a6dc20
 Prev Bits: [0x000001d27c000000, 0x000001d27d770000)
 Next Bits: [0x000001d27d770000, 0x000001d27eee0000)

Polling page: 0x000001d262ac0000

Metaspace:

Usage:
  Non-class:     41.70 MB used.
      Class:      6.50 MB used.
       Both:     48.20 MB used.

Virtual space:
  Non-class space:       64.00 MB reserved,      41.94 MB ( 66%) committed,  1 nodes.
      Class space:        1.00 GB reserved,       6.75 MB ( <1%) committed,  1 nodes.
             Both:        1.06 GB reserved,      48.69 MB (  4%) committed. 

Chunk freelists:
   Non-Class:  6.01 MB
       Class:  9.19 MB
        Both:  15.20 MB

MaxMetaspaceSize: unlimited
CompressedClassSpaceSize: 1.00 GB
Initial GC threshold: 21.00 MB
Current GC threshold: 58.88 MB
CDS: on
MetaspaceReclaimPolicy: balanced
 - commit_granule_bytes: 65536.
 - commit_granule_words: 8192.
 - virtual_space_node_default_size: 8388608.
 - enlarge_chunks_in_place: 1.
 - new_chunks_are_fully_committed: 0.
 - uncommit_free_chunks: 1.
 - use_allocation_guard: 0.
 - handle_deallocations: 1.


Internal statistics:

num_allocs_failed_limit: 8.
num_arena_births: 678.
num_arena_deaths: 0.
num_vsnodes_births: 2.
num_vsnodes_deaths: 0.
num_space_committed: 779.
num_space_uncommitted: 0.
num_chunks_returned_to_freelist: 8.
num_chunks_taken_from_freelist: 2362.
num_chunk_merges: 8.
num_chunk_splits: 1632.
num_chunks_enlarged: 1176.
num_inconsistent_stats: 0.

CodeHeap 'non-profiled nmethods': size=120000Kb used=2335Kb max_used=2335Kb free=117664Kb
 bounds [0x000001d273580000, 0x000001d2737f0000, 0x000001d27aab0000]
CodeHeap 'profiled nmethods': size=120000Kb used=9908Kb max_used=9908Kb free=110091Kb
 bounds [0x000001d26bab0000, 0x000001d26c460000, 0x000001d272fe0000]
CodeHeap 'non-nmethods': size=5760Kb used=1281Kb max_used=1304Kb free=4478Kb
 bounds [0x000001d272fe0000, 0x000001d273250000, 0x000001d273580000]
 total_blobs=5740 nmethods=5146 adapters=506
 compilation: enabled
              stopped_count=0, restarted_count=0
 full_count=0

Compilation events (20 events):
Event: 7.613 Thread 0x000001d27fbb6670 5107       3       java.security.MessageDigest$Delegate::engineUpdate (9 bytes)
Event: 7.613 Thread 0x000001d27fbb6670 nmethod 5107 0x000001d26c443090 code [0x000001d26c443240, 0x000001d26c443408]
Event: 7.615 Thread 0x000001d27fbb6670 5109       3       java.security.Provider$ServiceKey::equals (53 bytes)
Event: 7.615 Thread 0x000001d27fbb6670 nmethod 5109 0x000001d26c443510 code [0x000001d26c4436e0, 0x000001d26c443bb8]
Event: 7.630 Thread 0x000001d27fbb6670 5113       3       java.lang.StringUTF16::putChar (54 bytes)
Event: 7.630 Thread 0x000001d27fbb6670 nmethod 5113 0x000001d26c443d10 code [0x000001d26c443ea0, 0x000001d26c443ff8]
Event: 7.630 Thread 0x000001d24729eb20 5112   !   4       java.util.zip.InflaterInputStream::read (138 bytes)
Event: 7.631 Thread 0x000001d27fbb6670 5116       3       java.lang.ClassLoader::getSystemClassLoader (96 bytes)
Event: 7.632 Thread 0x000001d27fbb6670 nmethod 5116 0x000001d26c444110 code [0x000001d26c444380, 0x000001d26c444f88]
Event: 7.642 Thread 0x000001d27fb9dba0 nmethod 5104 0x000001d2737bc790 code [0x000001d2737bca80, 0x000001d2737bf440]
Event: 7.642 Thread 0x000001d27fb9dba0 5111       4       java.util.WeakHashMap::remove (131 bytes)
Event: 7.646 Thread 0x000001d27fb9dba0 nmethod 5111 0x000001d2737c0110 code [0x000001d2737c02c0, 0x000001d2737c07b8]
Event: 7.646 Thread 0x000001d27fb9dba0 5108       4       jdk.internal.loader.BuiltinClassLoader::findLoadedModule (33 bytes)
Event: 7.651 Thread 0x000001d24729eb20 nmethod 5112 0x000001d2737c0b10 code [0x000001d2737c0d80, 0x000001d2737c3400]
Event: 7.651 Thread 0x000001d24729eb20 5110   !   4       jdk.internal.loader.BuiltinClassLoader::loadClassOrNull (143 bytes)
Event: 7.655 Thread 0x000001d27fb9dba0 nmethod 5108 0x000001d2737c4810 code [0x000001d2737c49e0, 0x000001d2737c5498]
Event: 7.655 Thread 0x000001d27fb9dba0 5114       4       java.lang.StringUTF16::putChar (54 bytes)
Event: 7.655 Thread 0x000001d27fb9dba0 nmethod 5114 0x000001d2737c5b10 code [0x000001d2737c5c80, 0x000001d2737c5d58]
Event: 7.655 Thread 0x000001d27fb9dba0 5117       4       jdk.internal.org.objectweb.asm.ByteVector::putInt (74 bytes)
Event: 7.656 Thread 0x000001d27fb9dba0 nmethod 5117 0x000001d2737c5e10 code [0x000001d2737c5f80, 0x000001d2737c60d8]

GC Heap History (20 events):
Event: 1.566 GC heap before
{Heap before GC invocations=2 (full 0):
 garbage-first heap   total 96256K, used 46751K [0x00000000a2400000, 0x0000000100000000)
  region size 1024K, 38 young (38912K), 2 survivors (2048K)
 Metaspace       used 19968K, committed 20416K, reserved 1114112K
  class space    used 2604K, committed 2816K, reserved 1048576K
}
Event: 1.571 GC heap after
{Heap after GC invocations=3 (full 0):
 garbage-first heap   total 96256K, used 13405K [0x00000000a2400000, 0x0000000100000000)
  region size 1024K, 5 young (5120K), 5 survivors (5120K)
 Metaspace       used 19968K, committed 20416K, reserved 1114112K
  class space    used 2604K, committed 2816K, reserved 1048576K
}
Event: 1.624 GC heap before
{Heap before GC invocations=3 (full 0):
 garbage-first heap   total 96256K, used 18525K [0x00000000a2400000, 0x0000000100000000)
  region size 1024K, 11 young (11264K), 5 survivors (5120K)
 Metaspace       used 21129K, committed 21504K, reserved 1114112K
  class space    used 2722K, committed 2944K, reserved 1048576K
}
Event: 1.631 GC heap after
{Heap after GC invocations=4 (full 0):
 garbage-first heap   total 96256K, used 13797K [0x00000000a2400000, 0x0000000100000000)
  region size 1024K, 3 young (3072K), 3 survivors (3072K)
 Metaspace       used 21129K, committed 21504K, reserved 1114112K
  class space    used 2722K, committed 2944K, reserved 1048576K
}
Event: 2.034 GC heap before
{Heap before GC invocations=5 (full 0):
 garbage-first heap   total 51200K, used 39397K [0x00000000a2400000, 0x0000000100000000)
  region size 1024K, 30 young (30720K), 3 survivors (3072K)
 Metaspace       used 24907K, committed 25280K, reserved 1114112K
  class space    used 3229K, committed 3392K, reserved 1048576K
}
Event: 2.039 GC heap after
{Heap after GC invocations=6 (full 0):
 garbage-first heap   total 51200K, used 16842K [0x00000000a2400000, 0x0000000100000000)
  region size 1024K, 4 young (4096K), 4 survivors (4096K)
 Metaspace       used 24907K, committed 25280K, reserved 1114112K
  class space    used 3229K, committed 3392K, reserved 1048576K
}
Event: 2.399 GC heap before
{Heap before GC invocations=6 (full 0):
 garbage-first heap   total 51200K, used 35274K [0x00000000a2400000, 0x0000000100000000)
  region size 1024K, 22 young (22528K), 4 survivors (4096K)
 Metaspace       used 25926K, committed 26304K, reserved 1114112K
  class space    used 3344K, committed 3520K, reserved 1048576K
}
Event: 2.403 GC heap after
{Heap after GC invocations=7 (full 0):
 garbage-first heap   total 51200K, used 18323K [0x00000000a2400000, 0x0000000100000000)
  region size 1024K, 2 young (2048K), 2 survivors (2048K)
 Metaspace       used 25926K, committed 26304K, reserved 1114112K
  class space    used 3344K, committed 3520K, reserved 1048576K
}
Event: 2.820 GC heap before
{Heap before GC invocations=7 (full 0):
 garbage-first heap   total 51200K, used 36755K [0x00000000a2400000, 0x0000000100000000)
  region size 1024K, 20 young (20480K), 2 survivors (2048K)
 Metaspace       used 28392K, committed 28800K, reserved 1114112K
  class space    used 3675K, committed 3840K, reserved 1048576K
}
Event: 2.823 GC heap after
{Heap after GC invocations=8 (full 0):
 garbage-first heap   total 61440K, used 19480K [0x00000000a2400000, 0x0000000100000000)
  region size 1024K, 3 young (3072K), 3 survivors (3072K)
 Metaspace       used 28392K, committed 28800K, reserved 1114112K
  class space    used 3675K, committed 3840K, reserved 1048576K
}
Event: 3.400 GC heap before
{Heap before GC invocations=8 (full 0):
 garbage-first heap   total 61440K, used 45080K [0x00000000a2400000, 0x0000000100000000)
  region size 1024K, 28 young (28672K), 3 survivors (3072K)
 Metaspace       used 31018K, committed 31424K, reserved 1114112K
  class space    used 4062K, committed 4224K, reserved 1048576K
}
Event: 3.404 GC heap after
{Heap after GC invocations=9 (full 0):
 garbage-first heap   total 61440K, used 21186K [0x00000000a2400000, 0x0000000100000000)
  region size 1024K, 3 young (3072K), 3 survivors (3072K)
 Metaspace       used 31018K, committed 31424K, reserved 1114112K
  class space    used 4062K, committed 4224K, reserved 1048576K
}
Event: 4.026 GC heap before
{Heap before GC invocations=9 (full 0):
 garbage-first heap   total 61440K, used 45762K [0x00000000a2400000, 0x0000000100000000)
  region size 1024K, 27 young (27648K), 3 survivors (3072K)
 Metaspace       used 35093K, committed 35584K, reserved 1114112K
  class space    used 4647K, committed 4864K, reserved 1048576K
}
Event: 4.031 GC heap after
{Heap after GC invocations=10 (full 0):
 garbage-first heap   total 61440K, used 23668K [0x00000000a2400000, 0x0000000100000000)
  region size 1024K, 4 young (4096K), 4 survivors (4096K)
 Metaspace       used 35093K, committed 35584K, reserved 1114112K
  class space    used 4647K, committed 4864K, reserved 1048576K
}
Event: 4.153 GC heap before
{Heap before GC invocations=10 (full 0):
 garbage-first heap   total 61440K, used 31860K [0x00000000a2400000, 0x0000000100000000)
  region size 1024K, 13 young (13312K), 4 survivors (4096K)
 Metaspace       used 35643K, committed 36096K, reserved 1114112K
  class space    used 4694K, committed 4928K, reserved 1048576K
}
Event: 4.157 GC heap after
{Heap after GC invocations=11 (full 0):
 garbage-first heap   total 61440K, used 24466K [0x00000000a2400000, 0x0000000100000000)
  region size 1024K, 1 young (1024K), 1 survivors (1024K)
 Metaspace       used 35643K, committed 36096K, reserved 1114112K
  class space    used 4694K, committed 4928K, reserved 1048576K
}
Event: 4.830 GC heap before
{Heap before GC invocations=12 (full 0):
 garbage-first heap   total 61440K, used 45970K [0x00000000a2400000, 0x0000000100000000)
  region size 1024K, 23 young (23552K), 1 survivors (1024K)
 Metaspace       used 39695K, committed 40192K, reserved 1114112K
  class space    used 5295K, committed 5504K, reserved 1048576K
}
Event: 4.834 GC heap after
{Heap after GC invocations=13 (full 0):
 garbage-first heap   total 61440K, used 25912K [0x00000000a2400000, 0x0000000100000000)
  region size 1024K, 3 young (3072K), 3 survivors (3072K)
 Metaspace       used 39695K, committed 40192K, reserved 1114112K
  class space    used 5295K, committed 5504K, reserved 1048576K
}
Event: 5.942 GC heap before
{Heap before GC invocations=13 (full 0):
 garbage-first heap   total 61440K, used 47416K [0x00000000a2400000, 0x0000000100000000)
  region size 1024K, 24 young (24576K), 3 survivors (3072K)
 Metaspace       used 45336K, committed 45824K, reserved 1114112K
  class space    used 6166K, committed 6400K, reserved 1048576K
}
Event: 5.946 GC heap after
{Heap after GC invocations=14 (full 0):
 garbage-first heap   total 61440K, used 27235K [0x00000000a2400000, 0x0000000100000000)
  region size 1024K, 2 young (2048K), 2 survivors (2048K)
 Metaspace       used 45336K, committed 45824K, reserved 1114112K
  class space    used 6166K, committed 6400K, reserved 1048576K
}

Deoptimization events (20 events):
Event: 7.126 Thread 0x000001d248138a70 Uncommon trap: trap_request=0xffffffd6 fr.pc=0x000001d2737afdb8 relative=0x0000000000000378
Event: 7.126 Thread 0x000001d248138a70 Uncommon trap: reason=array_check action=maybe_recompile pc=0x000001d2737afdb8 method=java.util.AbstractCollection.toArray([Ljava/lang/Object;)[Ljava/lang/Object; @ 116 c2
Event: 7.126 Thread 0x000001d248138a70 DEOPT PACKING pc=0x000001d2737afdb8 sp=0x00000071269fda50
Event: 7.126 Thread 0x000001d248138a70 DEOPT UNPACKING pc=0x000001d2730323a3 sp=0x00000071269fd9f0 mode 2
Event: 7.126 Thread 0x000001d248138a70 Uncommon trap: trap_request=0xffffffd6 fr.pc=0x000001d2737afdb8 relative=0x0000000000000378
Event: 7.126 Thread 0x000001d248138a70 Uncommon trap: reason=array_check action=maybe_recompile pc=0x000001d2737afdb8 method=java.util.AbstractCollection.toArray([Ljava/lang/Object;)[Ljava/lang/Object; @ 116 c2
Event: 7.126 Thread 0x000001d248138a70 DEOPT PACKING pc=0x000001d2737afdb8 sp=0x00000071269fda50
Event: 7.126 Thread 0x000001d248138a70 DEOPT UNPACKING pc=0x000001d2730323a3 sp=0x00000071269fd9f0 mode 2
Event: 7.352 Thread 0x000001d24813ade0 Uncommon trap: trap_request=0xffffff45 fr.pc=0x000001d2736b2808 relative=0x00000000000001e8
Event: 7.352 Thread 0x000001d24813ade0 Uncommon trap: reason=unstable_if action=reinterpret pc=0x000001d2736b2808 method=java.lang.invoke.VarHandle.getTypesAndInvokers()Ljava/lang/invoke/VarHandle$TypesAndInvokers; @ 6 c2
Event: 7.352 Thread 0x000001d24813ade0 DEOPT PACKING pc=0x000001d2736b2808 sp=0x00000071274fbb60
Event: 7.352 Thread 0x000001d24813ade0 DEOPT UNPACKING pc=0x000001d2730323a3 sp=0x00000071274fba60 mode 2
Event: 7.398 Thread 0x000001d24813ade0 Uncommon trap: trap_request=0xffffff45 fr.pc=0x000001d2737a69b4 relative=0x0000000000000094
Event: 7.398 Thread 0x000001d24813ade0 Uncommon trap: reason=unstable_if action=reinterpret pc=0x000001d2737a69b4 method=java.lang.CharacterDataLatin1.digit(II)I @ 7 c2
Event: 7.398 Thread 0x000001d24813ade0 DEOPT PACKING pc=0x000001d2737a69b4 sp=0x00000071274fb930
Event: 7.398 Thread 0x000001d24813ade0 DEOPT UNPACKING pc=0x000001d2730323a3 sp=0x00000071274fb8b0 mode 2
Event: 7.630 Thread 0x000001d24813ade0 Uncommon trap: trap_request=0xffffff45 fr.pc=0x000001d273701ce8 relative=0x00000000000003c8
Event: 7.630 Thread 0x000001d24813ade0 Uncommon trap: reason=unstable_if action=reinterpret pc=0x000001d273701ce8 method=java.lang.StringUTF16.compress([CII)[B @ 13 c2
Event: 7.630 Thread 0x000001d24813ade0 DEOPT PACKING pc=0x000001d273701ce8 sp=0x00000071274fa6b0
Event: 7.630 Thread 0x000001d24813ade0 DEOPT UNPACKING pc=0x000001d2730323a3 sp=0x00000071274fa5f0 mode 2

Classes unloaded (0 events):
No events

Classes redefined (0 events):
No events

Internal exceptions (20 events):
Event: 7.129 Thread 0x000001d248138a70 Exception <a 'java/lang/ClassNotFoundException'{0x00000000a7ac7200}: org/springframework/context/support/LiveBeansView> (0x00000000a7ac7200) 
thrown [s\open\src\hotspot\share\classfile\systemDictionary.cpp, line 256]
Event: 7.129 Thread 0x000001d248138a70 Exception <a 'java/lang/ClassNotFoundException'{0x00000000a7ac75a8}: org/springframework/context/support/LiveBeansView> (0x00000000a7ac75a8) 
thrown [s\open\src\hotspot\share\classfile\systemDictionary.cpp, line 256]
Event: 7.130 Thread 0x000001d248138a70 Exception <a 'java/lang/ClassNotFoundException'{0x00000000a7ac7968}: org/springframework/context/support/LiveBeansView> (0x00000000a7ac7968) 
thrown [s\open\src\hotspot\share\classfile\systemDictionary.cpp, line 256]
Event: 7.130 Thread 0x000001d248138a70 Exception <a 'java/lang/ClassNotFoundException'{0x00000000a7ac7f98}: org/springframework/context/support/LiveBeansView> (0x00000000a7ac7f98) 
thrown [s\open\src\hotspot\share\classfile\systemDictionary.cpp, line 256]
Event: 7.130 Thread 0x000001d248138a70 Exception <a 'java/lang/ClassNotFoundException'{0x00000000a7ac8348}: org/springframework/context/support/LiveBeansView> (0x00000000a7ac8348) 
thrown [s\open\src\hotspot\share\classfile\systemDictionary.cpp, line 256]
Event: 7.130 Thread 0x000001d248138a70 Exception <a 'java/lang/ClassNotFoundException'{0x00000000a7ac8710}: org/springframework/context/support/LiveBeansView> (0x00000000a7ac8710) 
thrown [s\open\src\hotspot\share\classfile\systemDictionary.cpp, line 256]
Event: 7.130 Thread 0x000001d248138a70 Exception <a 'java/lang/ClassNotFoundException'{0x00000000a7ac8ad0}: org/springframework/context/support/LiveBeansView> (0x00000000a7ac8ad0) 
thrown [s\open\src\hotspot\share\classfile\systemDictionary.cpp, line 256]
Event: 7.130 Thread 0x000001d248138a70 Exception <a 'java/lang/ClassNotFoundException'{0x00000000a7ac8e90}: org/springframework/context/support/LiveBeansView> (0x00000000a7ac8e90) 
thrown [s\open\src\hotspot\share\classfile\systemDictionary.cpp, line 256]
Event: 7.130 Thread 0x000001d248138a70 Exception <a 'java/lang/ClassNotFoundException'{0x00000000a7ac9250}: org/springframework/context/support/LiveBeansView> (0x00000000a7ac9250) 
thrown [s\open\src\hotspot\share\classfile\systemDictionary.cpp, line 256]
Event: 7.130 Thread 0x000001d248138a70 Exception <a 'java/lang/ClassNotFoundException'{0x00000000a7ac95f0}: org/springframework/context/support/LiveBeansView> (0x00000000a7ac95f0) 
thrown [s\open\src\hotspot\share\classfile\systemDictionary.cpp, line 256]
Event: 7.130 Thread 0x000001d248138a70 Exception <a 'java/lang/ClassNotFoundException'{0x00000000a7ac99a8}: org/springframework/context/support/LiveBeansView> (0x00000000a7ac99a8) 
thrown [s\open\src\hotspot\share\classfile\systemDictionary.cpp, line 256]
Event: 7.130 Thread 0x000001d248138a70 Exception <a 'java/lang/ClassNotFoundException'{0x00000000a7ac9d50}: org/springframework/context/support/LiveBeansView> (0x00000000a7ac9d50) 
thrown [s\open\src\hotspot\share\classfile\systemDictionary.cpp, line 256]
Event: 7.132 Thread 0x000001d248138a70 Exception <a 'java/lang/ClassNotFoundException'{0x00000000a7914f60}: org/springframework/context/support/LiveBeansView> (0x00000000a7914f60) 
thrown [s\open\src\hotspot\share\classfile\systemDictionary.cpp, line 256]
Event: 7.132 Thread 0x000001d248138a70 Exception <a 'java/lang/ClassNotFoundException'{0x00000000a7915328}: org/springframework/context/support/LiveBeansView> (0x00000000a7915328) 
thrown [s\open\src\hotspot\share\classfile\systemDictionary.cpp, line 256]
Event: 7.132 Thread 0x000001d248138a70 Exception <a 'java/lang/ClassNotFoundException'{0x00000000a79156d8}: org/springframework/context/support/LiveBeansView> (0x00000000a79156d8) 
thrown [s\open\src\hotspot\share\classfile\systemDictionary.cpp, line 256]
Event: 7.132 Thread 0x000001d248138a70 Exception <a 'java/lang/ClassNotFoundException'{0x00000000a7915a88}: org/springframework/context/support/LiveBeansView> (0x00000000a7915a88) 
thrown [s\open\src\hotspot\share\classfile\systemDictionary.cpp, line 256]
Event: 7.133 Thread 0x000001d248138a70 Exception <a 'java/lang/reflect/InvocationTargetException'{0x00000000a79194a8}> (0x00000000a79194a8) 
thrown [s\open\src\hotspot\share\runtime\reflection.cpp, line 1121]
Event: 7.352 Thread 0x000001d24813ade0 Implicit null exception at 0x000001d2736b2668 to 0x000001d2736b27e8
Event: 7.631 Thread 0x000001d24813ade0 Exception <a 'java/lang/NoSuchMethodError'{0x00000000a5baf390}: 'int java.lang.invoke.DirectMethodHandle$Holder.invokeInterface(java.lang.Object, java.lang.Object, int)'> (0x00000000a5baf390) 
thrown [s\open\src\hotspot\share\interpreter\linkResolver.cpp, line 759]
Event: 7.631 Thread 0x000001d24813ade0 Exception <a 'java/lang/IncompatibleClassChangeError'{0x00000000a5bb2c18}: Found class java.lang.Object, but interface was expected> (0x00000000a5bb2c18) 
thrown [s\open\src\hotspot\share\interpreter\linkResolver.cpp, line 826]

VM Operations (20 events):
Event: 5.834 Executing VM operation: Cleanup
Event: 5.834 Executing VM operation: Cleanup done
Event: 5.920 Executing VM operation: HandshakeAllThreads
Event: 5.920 Executing VM operation: HandshakeAllThreads done
Event: 5.932 Executing VM operation: HandshakeAllThreads
Event: 5.932 Executing VM operation: HandshakeAllThreads done
Event: 5.941 Executing VM operation: G1CollectForAllocation
Event: 5.946 Executing VM operation: G1CollectForAllocation done
Event: 5.952 Executing VM operation: HandshakeAllThreads
Event: 5.952 Executing VM operation: HandshakeAllThreads done
Event: 6.965 Executing VM operation: Cleanup
Event: 6.996 Executing VM operation: Cleanup done
Event: 7.084 Executing VM operation: HandshakeAllThreads
Event: 7.084 Executing VM operation: HandshakeAllThreads done
Event: 7.370 Executing VM operation: HandshakeAllThreads
Event: 7.370 Executing VM operation: HandshakeAllThreads done
Event: 7.629 Executing VM operation: HandshakeAllThreads
Event: 7.629 Executing VM operation: HandshakeAllThreads done
Event: 8.639 Executing VM operation: Cleanup
Event: 8.640 Executing VM operation: Cleanup done

Events (20 events):
Event: 7.628 loading class jdk/internal/icu/util/CodePointTrie$Fast16 done
Event: 7.628 loading class jdk/internal/icu/util/CodePointTrie$Type
Event: 7.628 loading class jdk/internal/icu/util/CodePointTrie$Type done
Event: 7.628 loading class jdk/internal/icu/util/CodePointTrie$ValueWidth
Event: 7.628 loading class jdk/internal/icu/util/CodePointTrie$ValueWidth done
Event: 7.628 loading class java/nio/ByteBufferAsCharBufferB
Event: 7.629 loading class java/nio/ByteBufferAsCharBufferB done
Event: 7.629 loading class jdk/internal/icu/util/CodePointTrie$1
Event: 7.629 loading class jdk/internal/icu/util/CodePointTrie$1 done
Event: 7.629 loading class jdk/internal/icu/util/CodePointTrie$Data16
Event: 7.630 loading class jdk/internal/icu/util/CodePointTrie$Data
Event: 7.630 loading class jdk/internal/icu/util/CodePointTrie$Data done
Event: 7.630 loading class jdk/internal/icu/util/CodePointTrie$Data16 done
Event: 7.630 Thread 0x000001d24729eb20 Thread added: 0x000001d24729eb20
Event: 7.630 loading class jdk/internal/icu/impl/Norm2AllModes$ComposeNormalizer2
Event: 7.631 loading class jdk/internal/icu/impl/Norm2AllModes$Normalizer2WithImpl
Event: 7.631 loading class jdk/internal/icu/impl/Norm2AllModes$Normalizer2WithImpl done
Event: 7.631 loading class jdk/internal/icu/impl/Norm2AllModes$ComposeNormalizer2 done
Event: 7.631 loading class jdk/internal/icu/impl/Norm2AllModes$DecomposeNormalizer2
Event: 7.631 loading class jdk/internal/icu/impl/Norm2AllModes$DecomposeNormalizer2 done


Dynamic libraries:
0x00007ff6e83c0000 - 0x00007ff6e83d0000 	C:\Program Files\Java\jdk-17\bin\java.exe
0x00007ffe410a0000 - 0x00007ffe41309000 	C:\WINDOWS\SYSTEM32\ntdll.dll
0x00007ffe3fbb0000 - 0x00007ffe3fc79000 	C:\WINDOWS\System32\KERNEL32.DLL
0x00007ffe3e420000 - 0x00007ffe3e813000 	C:\WINDOWS\System32\KERNELBASE.dll
0x00007ffe3e850000 - 0x00007ffe3e99b000 	C:\WINDOWS\System32\ucrtbase.dll
0x00007ffdf53a0000 - 0x00007ffdf53b9000 	C:\Program Files\Java\jdk-17\bin\jli.dll
0x00007ffdf4f80000 - 0x00007ffdf4f9b000 	C:\Program Files\Java\jdk-17\bin\VCRUNTIME140.dll
0x00007ffe3f420000 - 0x00007ffe3f4d4000 	C:\WINDOWS\System32\ADVAPI32.dll
0x00007ffe3ee80000 - 0x00007ffe3ef29000 	C:\WINDOWS\System32\msvcrt.dll
0x00007ffe40390000 - 0x00007ffe40436000 	C:\WINDOWS\System32\sechost.dll
0x00007ffe40440000 - 0x00007ffe40558000 	C:\WINDOWS\System32\RPCRT4.dll
0x00007ffe40190000 - 0x00007ffe40354000 	C:\WINDOWS\System32\USER32.dll
0x00007ffe20900000 - 0x00007ffe20b93000 	C:\WINDOWS\WinSxS\amd64_microsoft.windows.common-controls_6595b64144ccf1df_6.0.26100.5074_none_3e0d6f78e32fd63f\COMCTL32.dll
0x00007ffe3e820000 - 0x00007ffe3e847000 	C:\WINDOWS\System32\win32u.dll
0x00007ffe40360000 - 0x00007ffe4038b000 	C:\WINDOWS\System32\GDI32.dll
0x00007ffe3e2f0000 - 0x00007ffe3e41d000 	C:\WINDOWS\System32\gdi32full.dll
0x00007ffe3ec90000 - 0x00007ffe3ed33000 	C:\WINDOWS\System32\msvcp_win.dll
0x00007ffe36ce0000 - 0x00007ffe36ceb000 	C:\WINDOWS\SYSTEM32\VERSION.dll
0x00007ffe3f340000 - 0x00007ffe3f36f000 	C:\WINDOWS\System32\IMM32.DLL
0x00007ffe30260000 - 0x00007ffe3026c000 	C:\Program Files\Java\jdk-17\bin\vcruntime140_1.dll
0x00007ffdd8970000 - 0x00007ffdd89fe000 	C:\Program Files\Java\jdk-17\bin\msvcp140.dll
0x00007ffd8fec0000 - 0x00007ffd90aa0000 	C:\Program Files\Java\jdk-17\bin\server\jvm.dll
0x00007ffe3fea0000 - 0x00007ffe3fea8000 	C:\WINDOWS\System32\PSAPI.DLL
0x00007ffe36ca0000 - 0x00007ffe36cd5000 	C:\WINDOWS\SYSTEM32\WINMM.dll
0x00007ffe1a6e0000 - 0x00007ffe1a6ea000 	C:\WINDOWS\SYSTEM32\WSOCK32.dll
0x00007ffe3f3a0000 - 0x00007ffe3f414000 	C:\WINDOWS\System32\WS2_32.dll
0x00007ffe3cfe0000 - 0x00007ffe3cffb000 	C:\WINDOWS\SYSTEM32\kernel.appcore.dll
0x00007ffe30210000 - 0x00007ffe3021a000 	C:\Program Files\Java\jdk-17\bin\jimage.dll
0x00007ffe27c90000 - 0x00007ffe27ed2000 	C:\WINDOWS\SYSTEM32\DBGHELP.DLL
0x00007ffe3efc0000 - 0x00007ffe3f33b000 	C:\WINDOWS\System32\combase.dll
0x00007ffe3f4e0000 - 0x00007ffe3f5b7000 	C:\WINDOWS\System32\OLEAUT32.dll
0x00007ffe09900000 - 0x00007ffe0993d000 	C:\WINDOWS\SYSTEM32\dbgcore.DLL
0x00007ffe3ed40000 - 0x00007ffe3edd9000 	C:\WINDOWS\System32\bcryptPrimitives.dll
0x00007ffdf0c30000 - 0x00007ffdf0c55000 	C:\Program Files\Java\jdk-17\bin\java.dll
0x00007ffdc5130000 - 0x00007ffdc5207000 	C:\Program Files\Java\jdk-17\bin\jsvml.dll
0x00007ffe40910000 - 0x00007ffe4105d000 	C:\WINDOWS\System32\SHELL32.dll
0x00007ffe3e9a0000 - 0x00007ffe3eb0c000 	C:\WINDOWS\System32\wintypes.dll
0x00007ffe3be70000 - 0x00007ffe3c6c9000 	C:\WINDOWS\SYSTEM32\windows.storage.dll
0x00007ffe3f620000 - 0x00007ffe3f710000 	C:\WINDOWS\System32\SHCORE.dll
0x00007ffe3fec0000 - 0x00007ffe3ff22000 	C:\WINDOWS\System32\shlwapi.dll
0x00007ffe3e150000 - 0x00007ffe3e179000 	C:\WINDOWS\SYSTEM32\profapi.dll
0x00007ffdf2d70000 - 0x00007ffdf2d89000 	C:\Program Files\Java\jdk-17\bin\net.dll
0x00007ffe33c10000 - 0x00007ffe33d2f000 	C:\WINDOWS\SYSTEM32\WINHTTP.dll
0x00007ffe3d590000 - 0x00007ffe3d5fb000 	C:\WINDOWS\system32\mswsock.dll
0x00007ffdf2300000 - 0x00007ffdf2316000 	C:\Program Files\Java\jdk-17\bin\nio.dll
0x00007ffdf4f60000 - 0x00007ffdf4f78000 	C:\Program Files\Java\jdk-17\bin\zip.dll
0x00007ffe2eb10000 - 0x00007ffe2eb1a000 	C:\Program Files\Java\jdk-17\bin\management.dll
0x00007ffe2ea60000 - 0x00007ffe2ea6b000 	C:\Program Files\Java\jdk-17\bin\management_ext.dll
0x00007ffe0f8f0000 - 0x00007ffe0f908000 	C:\WINDOWS\system32\napinsp.dll
0x00007ffe3ca60000 - 0x00007ffe3cb86000 	C:\WINDOWS\SYSTEM32\DNSAPI.dll
0x00007ffe3c9d0000 - 0x00007ffe3ca04000 	C:\WINDOWS\SYSTEM32\IPHLPAPI.DLL
0x00007ffe3feb0000 - 0x00007ffe3feba000 	C:\WINDOWS\System32\NSI.dll
0x00007ffe0f750000 - 0x00007ffe0f762000 	C:\WINDOWS\System32\winrnr.dll
0x00007ffe0f3b0000 - 0x00007ffe0f3d8000 	C:\WINDOWS\system32\nlansp_c.dll
0x00007ffe33e70000 - 0x00007ffe33e86000 	C:\WINDOWS\system32\wshbth.dll
0x00007ffe264a0000 - 0x00007ffe264ab000 	C:\Windows\System32\rasadhlp.dll
0x00007ffe325f0000 - 0x00007ffe32676000 	C:\WINDOWS\System32\fwpuclnt.dll
0x00007ffe3d830000 - 0x00007ffe3d84b000 	C:\WINDOWS\SYSTEM32\CRYPTSP.dll
0x00007ffe3cf40000 - 0x00007ffe3cf7b000 	C:\WINDOWS\system32\rsaenh.dll
0x00007ffe3d630000 - 0x00007ffe3d65b000 	C:\WINDOWS\SYSTEM32\USERENV.dll
0x00007ffe3e120000 - 0x00007ffe3e146000 	C:\WINDOWS\SYSTEM32\bcrypt.dll
0x00007ffe3d850000 - 0x00007ffe3d85c000 	C:\WINDOWS\SYSTEM32\CRYPTBASE.dll
0x00007ffe33f30000 - 0x00007ffe33f4e000 	C:\WINDOWS\SYSTEM32\dhcpcsvc6.DLL
0x00007ffe33eb0000 - 0x00007ffe33ed3000 	C:\WINDOWS\SYSTEM32\dhcpcsvc.DLL
0x00007ffe30100000 - 0x00007ffe30110000 	C:\Program Files\Java\jdk-17\bin\verify.dll
0x00007ffe2dfd0000 - 0x00007ffe2dfde000 	C:\Program Files\Java\jdk-17\bin\sunmscapi.dll
0x00007ffe3eb10000 - 0x00007ffe3ec87000 	C:\WINDOWS\System32\CRYPT32.dll
0x00007ffe3da50000 - 0x00007ffe3da80000 	C:\WINDOWS\SYSTEM32\ncrypt.dll
0x00007ffe3da00000 - 0x00007ffe3da3f000 	C:\WINDOWS\SYSTEM32\NTASN1.dll

dbghelp: loaded successfully - version: 4.0.5 - missing functions: none
symbol engine: initialized successfully - sym options: 0x614 - pdb path: .;C:\Program Files\Java\jdk-17\bin;C:\WINDOWS\SYSTEM32;C:\WINDOWS\WinSxS\amd64_microsoft.windows.common-controls_6595b64144ccf1df_6.0.26100.5074_none_3e0d6f78e32fd63f;C:\Program Files\Java\jdk-17\bin\server

VM Arguments:
jvm_args: -XX:+ShowCodeDetailsInExceptionMessages -Dspring.jmx.enabled=true -Dmanagement.endpoints.jmx.exposure.include=* -Dspring.application.admin.enabled=true -Dspring.boot.project.name=farmconnect-backend -Djava.rmi.server.hostname=localhost -Dcom.sun.management.jmxremote.port=45557 -Dcom.sun.management.jmxremote.authenticate=false -Dcom.sun.management.jmxremote.ssl=false 
java_command: com.farmconnect.farmconnectbackend.FarmconnectBackendApplication
java_class_path (initial): C:\Users\adity\StudioProjects\farmconnect-backend\target\classes;C:\Users\adity\.m2\repository\com\cloudinary\cloudinary-http44\1.32.2\cloudinary-http44-1.32.2.jar;C:\Users\adity\.m2\repository\com\cloudinary\cloudinary-core\1.32.2\cloudinary-core-1.32.2.jar;C:\Users\adity\.m2\repository\org\apache\commons\commons-lang3\3.17.0\commons-lang3-3.17.0.jar;C:\Users\adity\.m2\repository\org\apache\httpcomponents\httpclient\4.4\httpclient-4.4.jar;C:\Users\adity\.m2\repository\org\apache\httpcomponents\httpcore\4.4.16\httpcore-4.4.16.jar;C:\Users\adity\.m2\repository\commons-logging\commons-logging\1.2\commons-logging-1.2.jar;C:\Users\adity\.m2\repository\commons-codec\commons-codec\1.18.0\commons-codec-1.18.0.jar;C:\Users\adity\.m2\repository\org\apache\httpcomponents\httpmime\4.4\httpmime-4.4.jar;C:\Users\adity\.m2\repository\org\springframework\boot\spring-boot-starter-actuator\3.5.3\spring-boot-starter-actuator-3.5.3.jar;C:\Users\adity\.m2\repository\org\springframework\boot\spring-boot-starter\3.5.3\spring-boot-starter-3.5.3.jar;C:\Users\adity\.m2\repository\org\springframework\boot\spring-boot-starter-logging\3.5.3\spring-boot-starter-logging-3.5.3.jar;C:\Users\adity\.m2\repository\ch\qos\logback\logback-classic\1.5.18\logback-classic-1.5.18.jar;C:\Users\adity\.m2\repository\ch\qos\logback\logback-core\1.5.18\logback-core-1.5.18.jar;C:\Users\adity\.m2\repository\org\apache\logging\log4j\log4j-to-slf4j\2.24.3\log4j-to-slf4j-2.24.3.jar;C:\Users\adity\.m2\repository\org\apache\logging\log4j\log4j-api\2.24.3\log4j-api-2.24.3.jar;C:\Users\adity\.m2\repository\org\slf4j\jul-to-slf4j\2.0.17\jul-to-slf4j-2.0.17.jar;C:\Users\adity\.m2\repository\jakarta\annotation\jakarta.annotation-api\2.1.1\jakarta.annotation-api-2.1.1.jar;C:\Users\adity\.m2\repository\org\yaml\snakeyaml\2.4\snakeyaml-2.4.jar;C:\Users\adity\.m2\repository\org\springframework\boot\spring-boot-actuator-autoconfigure\3.5.3\spring-boot-actuator-autoconfigure-3.5.3.jar;C:\Users\adity\
Launcher Type: SUN_STANDARD

[Global flags]
     intx CICompilerCount                          = 4                                         {product} {ergonomic}
     uint ConcGCThreads                            = 3                                         {product} {ergonomic}
     uint G1ConcRefinementThreads                  = 10                                        {product} {ergonomic}
   size_t G1HeapRegionSize                         = 1048576                                   {product} {ergonomic}
    uintx GCDrainStackTargetSize                   = 64                                        {product} {ergonomic}
   size_t InitialHeapSize                          = 98566144                                  {product} {ergonomic}
     bool ManagementServer                         = true                                      {product} {command line}
   size_t MarkStackSize                            = 4194304                                   {product} {ergonomic}
   size_t MaxHeapSize                              = 1572864000                                {product} {ergonomic}
   size_t MaxNewSize                               = 943718400                                 {product} {ergonomic}
   size_t MinHeapDeltaBytes                        = 1048576                                   {product} {ergonomic}
   size_t MinHeapSize                              = 8388608                                   {product} {ergonomic}
    uintx NonNMethodCodeHeapSize                   = 5839372                                {pd product} {ergonomic}
    uintx NonProfiledCodeHeapSize                  = 122909434                              {pd product} {ergonomic}
    uintx ProfiledCodeHeapSize                     = 122909434                              {pd product} {ergonomic}
    uintx ReservedCodeCacheSize                    = 251658240                              {pd product} {ergonomic}
     bool SegmentedCodeCache                       = true                                      {product} {ergonomic}
     bool ShowCodeDetailsInExceptionMessages       = true                                   {manageable} {command line}
   size_t SoftMaxHeapSize                          = 1572864000                             {manageable} {ergonomic}
     bool UseCompressedClassPointers               = true                           {product lp64_product} {ergonomic}
     bool UseCompressedOops                        = true                           {product lp64_product} {ergonomic}
     bool UseG1GC                                  = true                                      {product} {ergonomic}
     bool UseLargePagesIndividualAllocation        = false                                  {pd product} {ergonomic}

Logging:
Log output configuration:
 #0: stdout all=warning uptime,level,tags
 #1: stderr all=off uptime,level,tags

Environment Variables:
JAVA_HOME=C:\Program Files\Java\jdk-17
PATH=C:\ProgramData\anaconda3;C:\ProgramData\anaconda3\Library\mingw-w64\bin;C:\ProgramData\anaconda3\Library\usr\bin;C:\ProgramData\anaconda3\Library\bin;C:\ProgramData\anaconda3\Scripts;C:\ProgramData\anaconda3\bin;C:\src\flutter\bin\cache\dart-sdk\bin;C:\app\adity\product\21c\dbhomeXE\bin;C:\WINDOWS\system32;C:\WINDOWS;C:\WINDOWS\System32\Wbem;C:\WINDOWS\System32\WindowsPowerShell\v1.0;C:\WINDOWS\System32\OpenSSH;C:\Program Files\Apache\maven\bin;C:\Program Files\Java\jdk-17\bin;C:\Program Files\nodejs;C:\ProgramData\chocolatey\bin;C:\Users\adity\AppData\Roaming\npm;C:\Program Files\Git\cmd;C:\Program Files\Git\bin;C:\Program Files\dotnet;C:\ProgramData\anaconda3;C:\ProgramData\anaconda3\Scripts;C:\ProgramData\anaconda3\Library\bin;C:\Program Files\GitHub CLI;C:\Program Files\MongoDB\Server\8.0\bin;c:\Users\adity\AppData\Local\Programs\cursor\resources\app\bin;C:\php-8.3.23;C:\Users\adity\kotlin-compiler-2.2.0\kotlinc\bin;C:\Users\adity\AppData\Local\Android\Sdk\platform-tools;C:\Program Files\PostgreSQL\17\bin;.;C:\Program Files\Docker\Docker\resources\bin;C:\ProgramData\anaconda3\condabin;C:\WINDOWS\system32;C:\WINDOWS;C:\WINDOWS\System32\Wbem;C:\WINDOWS\System32\WindowsPowerShell\v1.0;C:\WINDOWS\System32\OpenSSH;C:\Program Files\Apache\maven\bin;C:\Program Files\Java\jdk-17\bin;C:\Program Files\nodejs;C:\ProgramData\chocolatey\bin;C:\Users\adity\AppData\Roaming\npm;C:\Program Files\Git\cmd;C:\Program Files\Git\bin;C:\Program Files\dotnet;C:\ProgramData\anaconda3;C:\ProgramData\anaconda3\Scripts;C:\ProgramData\anaconda3\Library\bin;C:\Program Files\GitHub CLI;C:\Program Files\MongoDB\Server\8.0\bin;C:\Users\adity\AppData\Local\Programs\Python\Python313\Scripts;C:\Users\adity\AppData\Local\Programs\Python\Python313;C:\Users\adity\AppData\Local\Programs\Python\Launcher;C:\Users\adity\AppData\Local\Programs\Microsoft VS Code\bin;C:\Users\adity\.foundry\bin;C:\src\flutter\bin;C:\Users\adity\.dotnet\tools;C:\Users\adity\AppData\Loca;C:\Users\adity\AppData\Local\Muse Hu
USERNAME=adity
LANG=en_US.UTF-8
OS=Windows_NT
PROCESSOR_IDENTIFIER=AMD64 Family 25 Model 80 Stepping 0, AuthenticAMD



---------------  S Y S T E M  ---------------

OS:
 Windows 11 , 64 bit Build 26100 (10.0.26100.5074)
OS uptime: 0 days 1:18 hours
Hyper-V role detected

CPU: total 12 (initial active 12) (12 cores per cpu, 2 threads per core) family 25 model 80 stepping 0 microcode 0xa50000c, cx8, cmov, fxsr, ht, mmx, 3dnowpref, sse, sse2, sse3, ssse3, sse4a, sse4.1, sse4.2, popcnt, lzcnt, tsc, tscinvbit, avx, avx2, aes, erms, clmul, bmi1, bmi2, adx, sha, fma, vzeroupper, clflush, clflushopt, hv

Memory: 4k page, system-wide physical 5996M (398M free)
TotalPageFile size 24428M (AvailPageFile size 22M)
current process WorkingSet (physical memory assigned to process): 217M, peak: 217M
current process commit charge ("private bytes"): 257M, peak: 259M

vm_info: Java HotSpot(TM) 64-Bit Server VM (17.0.12+8-LTS-286) for windows-amd64 JRE (17.0.12+8-LTS-286), built on Jun  5 2024 06:46:59 by "mach5one" with MS VC++ 17.6 (VS2022)

END.
